#
# A fatal error has been detected by the Java Runtime Environment:
#
#  SIGBUS (0x7) at pc=0x00007f1d98e402ed, pid=9025, tid=0x00007f1d1f8fc700
#
# JRE version: OpenJDK Runtime Environment (8.0_144-b01) (build 1.8.0_144-b01)
# Java VM: OpenJDK 64-Bit Server VM (25.144-b01 mixed mode linux-amd64 compressed oops)
# Problematic frame:
# C  [libzip.so+0x52ed]
#
# Failed to write core dump. Core dumps have been disabled. To enable core dumping, try "ulimit -c unlimited" before starting Java again
#
# If you would like to submit a bug report, please visit:
#   http://bugreport.java.com/bugreport/crash.jsp
# The crash happened outside the Java Virtual Machine in native code.
# See problematic frame for where to report the bug.
#

---------------  T H R E A D  ---------------

Current thread (0x00007f1d14565800):  JavaThread "myScheduler-3" [_thread_in_native, id=9294, stack(0x00007f1d1f7fc000,0x00007f1d1f8fd000)]

siginfo: si_signo: 7 (SIGBUS), si_code: 2 (BUS_ADRERR), si_addr: 0x00007f1da4044194

Registers:
RAX=0x00007f1d0401fd70, RBX=0x00007f1da024a860, RCX=0x0000000000000000, RDX=0x00007f1d0401fd70
RSP=0x00007f1d1f8f8b40, RBP=0x00007f1d1f8f8ba0, RSI=0x00007f1d04000038, RDI=0x00007f1d04000020
R8 =0x0000000000000003, R9 =0x0000000000000048, R10=0x0000000000000005, R11=0x00007f1da5cc14a0
R12=0x00007f1da024b3c8, R13=0x00007f1da4044177, R14=0x00007f1d0401fd70, R15=0x00007f1da024a860
RIP=0x00007f1d98e402ed, EFLAGS=0x0000000000010206, CSGSFS=0x0000000000000033, ERR=0x0000000000000004
  TRAPNO=0x000000000000000e

Top of Stack: (sp=0x00007f1d1f8f8b40)
0x00007f1d1f8f8b40:   00007f1d1f8f9918 00007f1d1f8f991c
0x00007f1d1f8f8b50:   00007f1d1f8f9910 000000001f8f9914
0x00007f1d1f8f8b60:   00007f1d14565800 00007f1da53df2be
0x00007f1d1f8f8b70:   0000000000000016 00007f1da024b3c0
0x00007f1d1f8f8b80:   000000000f9d8395 00007f1d1f8f8c25
0x00007f1d1f8f8b90:   00007f1d2c6862e0 00007f1da024a860
0x00007f1d1f8f8ba0:   00007f1d1f8f8bf0 00007f1d98e41114
0x00007f1d1f8f8bb0:   00007f1d1f8f8c10 000000160125ec00
0x00007f1d1f8f8bc0:   00007f1d1f8f8bf0 0000000000000016
0x00007f1d1f8f8bd0:   00007f1d14565a58 00007f1d1f8f9068
0x00007f1d1f8f8be0:   00007f1d1f8f9090 0000000000000001
0x00007f1d1f8f8bf0:   00007f1d1f8f9050 00007f1d98e3ecfd
0x00007f1d1f8f8c00:   00007f1d1f8f8c10 00007f1da024a860
0x00007f1d1f8f8c10:   464e492d4154454d 7473616d7365722f
0x00007f1d1f8f8c20:   00006c6d782e7265 0000000000000000
0x00007f1d1f8f8c30:   00000000f56b6000 00007f1d14565800
0x00007f1d1f8f8c40:   00007f1d1f8f8c70 00007f1da55c3523
0x00007f1d1f8f8c50:   00007f1d14565800 00007f1d8c853604
0x00007f1d1f8f8c60:   00007f1d1f8f9770 00007f1d1f8f9774
0x00007f1d1f8f8c70:   00007f1d1f8f92f0 00007f1da54b6ab6
0x00007f1d1f8f8c80:   00000000f55b5578 00007f1d00000000
0x00007f1d1f8f8c90:   0000000000000004 00000000f04fecf0
0x00007f1d1f8f8ca0:   00007f1d1f8f9780 0000000000000004
0x00007f1d1f8f8cb0:   0000000000000000 00007f1d1f8f9340
0x00007f1d1f8f8cc0:   00007f1da5ef70a0 00007f1da5cbff60
0x00007f1d1f8f8cd0:   00007f1d1f8f8cf0 00007f1da553728e
0x00007f1d1f8f8ce0:   00007f1d1f8f8d00 00007f1d1f8f8d30
0x00007f1d1f8f8cf0:   00007f1d1f8f8d20 00007f1da5538a7e
0x00007f1d1f8f8d00:   00007f1d1f8f8d20 00007f1d1f8f8d30
0x00007f1d1f8f8d10:   00007f1d884821a8 00007f1d8848218b
0x00007f1d1f8f8d20:   00007f1d1f8f8d70 00007f1da4eb2b01
0x00007f1d1f8f8d30:   00007f1da5a9ad50 00007f1d8836fe60 

Instructions: (pc=0x00007f1d98e402ed)
0x00007f1d98e402cd:   73 48 48 8b 7b 10 b9 a0 00 00 00 49 8b 14 24 e8
0x00007f1d98e402dd:   8f fe ff ff 49 89 c5 4d 85 ed 0f 84 e3 04 00 00
0x00007f1d98e402ed:   45 0f b6 55 1d 41 0f b6 45 1c 45 31 e4 41 0f b6
0x00007f1d98e402fd:   55 0d 41 0f b6 75 0e 45 0f b6 7d 1f 41 c1 e2 08 

Register to memory mapping:

RAX=0x00007f1d0401fd70 is an unknown value
RBX=0x00007f1da024a860 is an unknown value
RCX=0x0000000000000000 is an unknown value
RDX=0x00007f1d0401fd70 is an unknown value
RSP=0x00007f1d1f8f8b40 is pointing into the stack for thread: 0x00007f1d14565800
RBP=0x00007f1d1f8f8ba0 is pointing into the stack for thread: 0x00007f1d14565800
RSI=0x00007f1d04000038 is an unknown value
RDI=0x00007f1d04000020 is an unknown value
R8 =0x0000000000000003 is an unknown value
R9 =0x0000000000000048 is an unknown value
R10=0x0000000000000005 is an unknown value
R11=0x00007f1da5cc14a0: <offset 0x18d4a0> in /lib64/libc.so.6 at 0x00007f1da5b34000
R12=0x00007f1da024b3c8 is an unknown value
R13=0x00007f1da4044177 is an unknown value
R14=0x00007f1d0401fd70 is an unknown value
R15=0x00007f1da024a860 is an unknown value


Stack: [0x00007f1d1f7fc000,0x00007f1d1f8fd000],  sp=0x00007f1d1f8f8b40,  free space=1010k
Native frames: (J=compiled Java code, j=interpreted, Vv=VM code, C=native code)
C  [libzip.so+0x52ed]
C  [libzip.so+0x6114]
C  [libzip.so+0x3cfd]  Java_java_util_zip_ZipFile_getEntry+0xfd
J 988  java.util.zip.ZipFile.getEntry(J[BZ)J (0 bytes) @ 0x00007f1d8a1e354e [0x00007f1d8a1e3480+0xce]
J 3929 C2 sun.misc.URLClassPath$JarLoader.getResource(Ljava/lang/String;Z)Lsun/misc/Resource; (85 bytes) @ 0x00007f1d8a5e3c7c [0x00007f1d8a5e3640+0x63c]
J 4120 C2 sun.misc.URLClassPath.findResource(Ljava/lang/String;Z)Ljava/net/URL; (47 bytes) @ 0x00007f1d8a6e9cfc [0x00007f1d8a6e99e0+0x31c]
J 2605 C2 java.net.URLClassLoader$2.run()Ljava/lang/Object; (5 bytes) @ 0x00007f1d8a011d38 [0x00007f1d8a011ce0+0x58]
v  ~StubRoutines::call_stub
V  [libjvm.so+0x66f77a]
V  [libjvm.so+0x6c0b3d]  JVM_DoPrivileged+0x55d
J 1109  java.security.AccessController.doPrivileged(Ljava/security/PrivilegedAction;Ljava/security/AccessControlContext;)Ljava/lang/Object; (0 bytes) @ 0x00007f1d8a238915 [0x00007f1d8a238840+0xd5]
J 3499 C2 java.lang.ClassLoader.getResource(Ljava/lang/String;)Ljava/net/URL; (36 bytes) @ 0x00007f1d8aaf0594 [0x00007f1d8aaf0400+0x194]
J 5600 C1 java.net.URLClassLoader.getResourceAsStream(Ljava/lang/String;)Ljava/io/InputStream; (137 bytes) @ 0x00007f1d8aff659c [0x00007f1d8aff6480+0x11c]
J 2553 C1 org.springframework.core.io.ClassPathResource.getInputStream()Ljava/io/InputStream; (88 bytes) @ 0x00007f1d8a76079c [0x00007f1d8a75fc40+0xb5c]
J 14019 C1 com.antruak.idm.batch.helper.ResourceDispatcher.getResMaster()Lcom/antruak/idm/batch/request/ResMaster; (33 bytes) @ 0x00007f1d8bc0a06c [0x00007f1d8bc09ea0+0x1cc]
j  com.antruak.idm.batch.process.ResourceProcessorDb.getResMaster()Lcom/antruak/idm/batch/request/ResMaster;+6
J 13510 C1 com.antruak.idm.batch.process.ResourceProcessorDb$$FastClassBySpringCGLIB$$d17a90ac.invoke(ILjava/lang/Object;[Ljava/lang/Object;)Ljava/lang/Object; (148 bytes) @ 0x00007f1d8c2d7dd4 [0x00007f1d8c2d7660+0x774]
J 11802 C1 org.springframework.cglib.proxy.MethodProxy.invoke(Ljava/lang/Object;[Ljava/lang/Object;)Ljava/lang/Object; (72 bytes) @ 0x00007f1d8ae9bc2c [0x00007f1d8ae9bac0+0x16c]
J 11351 C1 org.springframework.aop.framework.CglibAopProxy$DynamicAdvisedInterceptor.intercept(Ljava/lang/Object;Ljava/lang/reflect/Method;[Ljava/lang/Object;Lorg/springframework/cglib/proxy/MethodProxy;)Ljava/lang/Object; (192 bytes) @ 0x00007f1d8c08681c [0x00007f1d8c085da0+0xa7c]
j  com.antruak.idm.batch.process.ResourceProcessorDb$$EnhancerBySpringCGLIB$$ec2d1a77.getResMaster()Lcom/antruak/idm/batch/request/ResMaster;+31
j  com.antruak.banc.batch.tools.HubServiceListener.targetMgm(Ljava/lang/String;Ljava/util/Properties;Ljava/lang/String;Ljavax/jms/Destination;)Ljava/util/Map;+125
j  sun.reflect.GeneratedMethodAccessor155.invoke(Ljava/lang/Object;[Ljava/lang/Object;)Ljava/lang/Object;+64
J 9683 C2 java.lang.reflect.Method.invoke(Ljava/lang/Object;[Ljava/lang/Object;)Ljava/lang/Object; (62 bytes) @ 0x00007f1d8bafbd94 [0x00007f1d8bafbce0+0xb4]
J 9636 C1 org.springframework.aop.support.AopUtils.invokeJoinpointUsingReflection(Ljava/lang/Object;Ljava/lang/reflect/Method;[Ljava/lang/Object;)Ljava/lang/Object; (94 bytes) @ 0x00007f1d8bad88ec [0x00007f1d8bad87c0+0x12c]
j  org.springframework.aop.framework.ReflectiveMethodInvocation.invokeJoinpoint()Ljava/lang/Object;+12
J 11349 C1 org.springframework.aop.framework.ReflectiveMethodInvocation.proceed()Ljava/lang/Object; (107 bytes) @ 0x00007f1d8c08567c [0x00007f1d8c084da0+0x8dc]
j  com.ryantenney.metrics.spring.MeteredMethodInterceptor.invoke(Lorg/aopalliance/intercept/MethodInvocation;Lcom/codahale/metrics/Meter;Lcom/codahale/metrics/annotation/Metered;)Ljava/lang/Object;+5
j  com.ryantenney.metrics.spring.MeteredMethodInterceptor.invoke(Lorg/aopalliance/intercept/MethodInvocation;Ljava/lang/Object;Ljava/lang/annotation/Annotation;)Ljava/lang/Object;+10
J 12980 C1 com.ryantenney.metrics.spring.AbstractMetricMethodInterceptor.invoke(Lorg/aopalliance/intercept/MethodInvocation;)Ljava/lang/Object; (47 bytes) @ 0x00007f1d8c5d8bb4 [0x00007f1d8c5d8620+0x594]
J 11349 C1 org.springframework.aop.framework.ReflectiveMethodInvocation.proceed()Ljava/lang/Object; (107 bytes) @ 0x00007f1d8c0855c4 [0x00007f1d8c084da0+0x824]
J 13938 C1 com.ryantenney.metrics.spring.TimedMethodInterceptor.invoke(Lorg/aopalliance/intercept/MethodInvocation;Ljava/lang/Object;Ljava/lang/annotation/Annotation;)Ljava/lang/Object; (14 bytes) @ 0x00007f1d8b14db8c [0x00007f1d8b14d580+0x60c]
J 12980 C1 com.ryantenney.metrics.spring.AbstractMetricMethodInterceptor.invoke(Lorg/aopalliance/intercept/MethodInvocation;)Ljava/lang/Object; (47 bytes) @ 0x00007f1d8c5d8bb4 [0x00007f1d8c5d8620+0x594]
J 11349 C1 org.springframework.aop.framework.ReflectiveMethodInvocation.proceed()Ljava/lang/Object; (107 bytes) @ 0x00007f1d8c0855c4 [0x00007f1d8c084da0+0x824]
J 9635 C1 org.springframework.aop.framework.JdkDynamicAopProxy.invoke(Ljava/lang/Object;Ljava/lang/reflect/Method;[Ljava/lang/Object;)Ljava/lang/Object; (574 bytes) @ 0x00007f1d8bad3384 [0x00007f1d8bad22a0+0x10e4]
j  com.sun.proxy.$Proxy155.targetMgm(Ljava/lang/String;Ljava/util/Properties;Ljava/lang/String;Ljavax/jms/Destination;)Ljava/util/Map;+29
j  com.antruak.idm.frontend.FrontEndBatchCP.provisionOnline()V+238
j  com.antruak.idm.frontend.FrontEndBatchCP.scheduler()V+395
j  com.antruak.idm.frontend.FrontEndBatchCP$$FastClassBySpringCGLIB$$efa2127c.invoke(ILjava/lang/Object;[Ljava/lang/Object;)Ljava/lang/Object;+104
J 11802 C1 org.springframework.cglib.proxy.MethodProxy.invoke(Ljava/lang/Object;[Ljava/lang/Object;)Ljava/lang/Object; (72 bytes) @ 0x00007f1d8ae9bc2c [0x00007f1d8ae9bac0+0x16c]
J 11351 C1 org.springframework.aop.framework.CglibAopProxy$DynamicAdvisedInterceptor.intercept(Ljava/lang/Object;Ljava/lang/reflect/Method;[Ljava/lang/Object;Lorg/springframework/cglib/proxy/MethodProxy;)Ljava/lang/Object; (192 bytes) @ 0x00007f1d8c08681c [0x00007f1d8c085da0+0xa7c]
j  com.antruak.idm.frontend.FrontEndBatchCP$$EnhancerBySpringCGLIB$$253b41e7.scheduler()V+31
j  com.antruak.banc.batch.tools.FrontEndBridgeImpl.scheduler()V+278
J 11923 C1 com.antruak.banc.batch.tools.FrontEndBridgeImpl$$FastClassBySpringCGLIB$$6c8c155.invoke(ILjava/lang/Object;[Ljava/lang/Object;)Ljava/lang/Object; (170 bytes) @ 0x00007f1d8c25a754 [0x00007f1d8c2598e0+0xe74]
J 11802 C1 org.springframework.cglib.proxy.MethodProxy.invoke(Ljava/lang/Object;[Ljava/lang/Object;)Ljava/lang/Object; (72 bytes) @ 0x00007f1d8ae9bc2c [0x00007f1d8ae9bac0+0x16c]
J 11351 C1 org.springframework.aop.framework.CglibAopProxy$DynamicAdvisedInterceptor.intercept(Ljava/lang/Object;Ljava/lang/reflect/Method;[Ljava/lang/Object;Lorg/springframework/cglib/proxy/MethodProxy;)Ljava/lang/Object; (192 bytes) @ 0x00007f1d8c08681c [0x00007f1d8c085da0+0xa7c]
j  com.antruak.banc.batch.tools.FrontEndBridgeImpl$$EnhancerBySpringCGLIB$$6822de12.scheduler()V+31
j  sun.reflect.GeneratedMethodAccessor156.invoke(Ljava/lang/Object;[Ljava/lang/Object;)Ljava/lang/Object;+36
J 9683 C2 java.lang.reflect.Method.invoke(Ljava/lang/Object;[Ljava/lang/Object;)Ljava/lang/Object; (62 bytes) @ 0x00007f1d8bafbd94 [0x00007f1d8bafbce0+0xb4]
j  org.springframework.scheduling.support.ScheduledMethodRunnable.run()V+19
j  org.springframework.scheduling.support.DelegatingErrorHandlingRunnable.run()V+4
J 13853 C1 java.util.concurrent.Executors$RunnableAdapter.call()Ljava/lang/Object; (14 bytes) @ 0x00007f1d8bbde60c [0x00007f1d8bbde500+0x10c]
J 13852 C1 java.util.concurrent.FutureTask.runAndReset()Z (128 bytes) @ 0x00007f1d8bb2be2c [0x00007f1d8bb2bbc0+0x26c]
J 13430 C1 java.util.concurrent.ScheduledThreadPoolExecutor$ScheduledFutureTask.run()V (59 bytes) @ 0x00007f1d8bb28b14 [0x00007f1d8bb285e0+0x534]
j  java.util.concurrent.ThreadPoolExecutor.runWorker(Ljava/util/concurrent/ThreadPoolExecutor$Worker;)V+95
j  java.util.concurrent.ThreadPoolExecutor$Worker.run()V+5
j  java.lang.Thread.run()V+11
v  ~StubRoutines::call_stub
V  [libjvm.so+0x66f77a]
V  [libjvm.so+0x66cc14]
V  [libjvm.so+0x66d229]
V  [libjvm.so+0x6b1f91]
V  [libjvm.so+0xa564b2]
V  [libjvm.so+0x8a9df2]
C  [libpthread.so.0+0x7e25]  start_thread+0xc5

Java frames: (J=compiled Java code, j=interpreted, Vv=VM code)
J 988  java.util.zip.ZipFile.getEntry(J[BZ)J (0 bytes) @ 0x00007f1d8a1e34d8 [0x00007f1d8a1e3480+0x58]
J 3929 C2 sun.misc.URLClassPath$JarLoader.getResource(Ljava/lang/String;Z)Lsun/misc/Resource; (85 bytes) @ 0x00007f1d8a5e3c7c [0x00007f1d8a5e3640+0x63c]
J 4120 C2 sun.misc.URLClassPath.findResource(Ljava/lang/String;Z)Ljava/net/URL; (47 bytes) @ 0x00007f1d8a6e9cfc [0x00007f1d8a6e99e0+0x31c]
J 2605 C2 java.net.URLClassLoader$2.run()Ljava/lang/Object; (5 bytes) @ 0x00007f1d8a011d38 [0x00007f1d8a011ce0+0x58]
v  ~StubRoutines::call_stub
J 1109  java.security.AccessController.doPrivileged(Ljava/security/PrivilegedAction;Ljava/security/AccessControlContext;)Ljava/lang/Object; (0 bytes) @ 0x00007f1d8a2388a3 [0x00007f1d8a238840+0x63]
J 3499 C2 java.lang.ClassLoader.getResource(Ljava/lang/String;)Ljava/net/URL; (36 bytes) @ 0x00007f1d8aaf0594 [0x00007f1d8aaf0400+0x194]
J 5600 C1 java.net.URLClassLoader.getResourceAsStream(Ljava/lang/String;)Ljava/io/InputStream; (137 bytes) @ 0x00007f1d8aff659c [0x00007f1d8aff6480+0x11c]
J 2553 C1 org.springframework.core.io.ClassPathResource.getInputStream()Ljava/io/InputStream; (88 bytes) @ 0x00007f1d8a76079c [0x00007f1d8a75fc40+0xb5c]
J 14019 C1 com.antruak.idm.batch.helper.ResourceDispatcher.getResMaster()Lcom/antruak/idm/batch/request/ResMaster; (33 bytes) @ 0x00007f1d8bc0a06c [0x00007f1d8bc09ea0+0x1cc]
j  com.antruak.idm.batch.process.ResourceProcessorDb.getResMaster()Lcom/antruak/idm/batch/request/ResMaster;+6
J 13510 C1 com.antruak.idm.batch.process.ResourceProcessorDb$$FastClassBySpringCGLIB$$d17a90ac.invoke(ILjava/lang/Object;[Ljava/lang/Object;)Ljava/lang/Object; (148 bytes) @ 0x00007f1d8c2d7dd4 [0x00007f1d8c2d7660+0x774]
J 11802 C1 org.springframework.cglib.proxy.MethodProxy.invoke(Ljava/lang/Object;[Ljava/lang/Object;)Ljava/lang/Object; (72 bytes) @ 0x00007f1d8ae9bc2c [0x00007f1d8ae9bac0+0x16c]
J 11351 C1 org.springframework.aop.framework.CglibAopProxy$DynamicAdvisedInterceptor.intercept(Ljava/lang/Object;Ljava/lang/reflect/Method;[Ljava/lang/Object;Lorg/springframework/cglib/proxy/MethodProxy;)Ljava/lang/Object; (192 bytes) @ 0x00007f1d8c08681c [0x00007f1d8c085da0+0xa7c]
j  com.antruak.idm.batch.process.ResourceProcessorDb$$EnhancerBySpringCGLIB$$ec2d1a77.getResMaster()Lcom/antruak/idm/batch/request/ResMaster;+31
j  com.antruak.banc.batch.tools.HubServiceListener.targetMgm(Ljava/lang/String;Ljava/util/Properties;Ljava/lang/String;Ljavax/jms/Destination;)Ljava/util/Map;+125
j  sun.reflect.GeneratedMethodAccessor155.invoke(Ljava/lang/Object;[Ljava/lang/Object;)Ljava/lang/Object;+64
J 9683 C2 java.lang.reflect.Method.invoke(Ljava/lang/Object;[Ljava/lang/Object;)Ljava/lang/Object; (62 bytes) @ 0x00007f1d8bafbd94 [0x00007f1d8bafbce0+0xb4]
J 9636 C1 org.springframework.aop.support.AopUtils.invokeJoinpointUsingReflection(Ljava/lang/Object;Ljava/lang/reflect/Method;[Ljava/lang/Object;)Ljava/lang/Object; (94 bytes) @ 0x00007f1d8bad88ec [0x00007f1d8bad87c0+0x12c]
j  org.springframework.aop.framework.ReflectiveMethodInvocation.invokeJoinpoint()Ljava/lang/Object;+12
J 11349 C1 org.springframework.aop.framework.ReflectiveMethodInvocation.proceed()Ljava/lang/Object; (107 bytes) @ 0x00007f1d8c08567c [0x00007f1d8c084da0+0x8dc]
j  com.ryantenney.metrics.spring.MeteredMethodInterceptor.invoke(Lorg/aopalliance/intercept/MethodInvocation;Lcom/codahale/metrics/Meter;Lcom/codahale/metrics/annotation/Metered;)Ljava/lang/Object;+5
j  com.ryantenney.metrics.spring.MeteredMethodInterceptor.invoke(Lorg/aopalliance/intercept/MethodInvocation;Ljava/lang/Object;Ljava/lang/annotation/Annotation;)Ljava/lang/Object;+10
J 12980 C1 com.ryantenney.metrics.spring.AbstractMetricMethodInterceptor.invoke(Lorg/aopalliance/intercept/MethodInvocation;)Ljava/lang/Object; (47 bytes) @ 0x00007f1d8c5d8bb4 [0x00007f1d8c5d8620+0x594]
J 11349 C1 org.springframework.aop.framework.ReflectiveMethodInvocation.proceed()Ljava/lang/Object; (107 bytes) @ 0x00007f1d8c0855c4 [0x00007f1d8c084da0+0x824]
J 13938 C1 com.ryantenney.metrics.spring.TimedMethodInterceptor.invoke(Lorg/aopalliance/intercept/MethodInvocation;Ljava/lang/Object;Ljava/lang/annotation/Annotation;)Ljava/lang/Object; (14 bytes) @ 0x00007f1d8b14db8c [0x00007f1d8b14d580+0x60c]
J 12980 C1 com.ryantenney.metrics.spring.AbstractMetricMethodInterceptor.invoke(Lorg/aopalliance/intercept/MethodInvocation;)Ljava/lang/Object; (47 bytes) @ 0x00007f1d8c5d8bb4 [0x00007f1d8c5d8620+0x594]
J 11349 C1 org.springframework.aop.framework.ReflectiveMethodInvocation.proceed()Ljava/lang/Object; (107 bytes) @ 0x00007f1d8c0855c4 [0x00007f1d8c084da0+0x824]
J 9635 C1 org.springframework.aop.framework.JdkDynamicAopProxy.invoke(Ljava/lang/Object;Ljava/lang/reflect/Method;[Ljava/lang/Object;)Ljava/lang/Object; (574 bytes) @ 0x00007f1d8bad3384 [0x00007f1d8bad22a0+0x10e4]
j  com.sun.proxy.$Proxy155.targetMgm(Ljava/lang/String;Ljava/util/Properties;Ljava/lang/String;Ljavax/jms/Destination;)Ljava/util/Map;+29
j  com.antruak.idm.frontend.FrontEndBatchCP.provisionOnline()V+238
j  com.antruak.idm.frontend.FrontEndBatchCP.scheduler()V+395
j  com.antruak.idm.frontend.FrontEndBatchCP$$FastClassBySpringCGLIB$$efa2127c.invoke(ILjava/lang/Object;[Ljava/lang/Object;)Ljava/lang/Object;+104
J 11802 C1 org.springframework.cglib.proxy.MethodProxy.invoke(Ljava/lang/Object;[Ljava/lang/Object;)Ljava/lang/Object; (72 bytes) @ 0x00007f1d8ae9bc2c [0x00007f1d8ae9bac0+0x16c]
J 11351 C1 org.springframework.aop.framework.CglibAopProxy$DynamicAdvisedInterceptor.intercept(Ljava/lang/Object;Ljava/lang/reflect/Method;[Ljava/lang/Object;Lorg/springframework/cglib/proxy/MethodProxy;)Ljava/lang/Object; (192 bytes) @ 0x00007f1d8c08681c [0x00007f1d8c085da0+0xa7c]
j  com.antruak.idm.frontend.FrontEndBatchCP$$EnhancerBySpringCGLIB$$253b41e7.scheduler()V+31
j  com.antruak.banc.batch.tools.FrontEndBridgeImpl.scheduler()V+278
J 11923 C1 com.antruak.banc.batch.tools.FrontEndBridgeImpl$$FastClassBySpringCGLIB$$6c8c155.invoke(ILjava/lang/Object;[Ljava/lang/Object;)Ljava/lang/Object; (170 bytes) @ 0x00007f1d8c25a754 [0x00007f1d8c2598e0+0xe74]
J 11802 C1 org.springframework.cglib.proxy.MethodProxy.invoke(Ljava/lang/Object;[Ljava/lang/Object;)Ljava/lang/Object; (72 bytes) @ 0x00007f1d8ae9bc2c [0x00007f1d8ae9bac0+0x16c]
J 11351 C1 org.springframework.aop.framework.CglibAopProxy$DynamicAdvisedInterceptor.intercept(Ljava/lang/Object;Ljava/lang/reflect/Method;[Ljava/lang/Object;Lorg/springframework/cglib/proxy/MethodProxy;)Ljava/lang/Object; (192 bytes) @ 0x00007f1d8c08681c [0x00007f1d8c085da0+0xa7c]
j  com.antruak.banc.batch.tools.FrontEndBridgeImpl$$EnhancerBySpringCGLIB$$6822de12.scheduler()V+31
j  sun.reflect.GeneratedMethodAccessor156.invoke(Ljava/lang/Object;[Ljava/lang/Object;)Ljava/lang/Object;+36
J 9683 C2 java.lang.reflect.Method.invoke(Ljava/lang/Object;[Ljava/lang/Object;)Ljava/lang/Object; (62 bytes) @ 0x00007f1d8bafbd94 [0x00007f1d8bafbce0+0xb4]
j  org.springframework.scheduling.support.ScheduledMethodRunnable.run()V+19
j  org.springframework.scheduling.support.DelegatingErrorHandlingRunnable.run()V+4
J 13853 C1 java.util.concurrent.Executors$RunnableAdapter.call()Ljava/lang/Object; (14 bytes) @ 0x00007f1d8bbde60c [0x00007f1d8bbde500+0x10c]
J 13852 C1 java.util.concurrent.FutureTask.runAndReset()Z (128 bytes) @ 0x00007f1d8bb2be2c [0x00007f1d8bb2bbc0+0x26c]
J 13430 C1 java.util.concurrent.ScheduledThreadPoolExecutor$ScheduledFutureTask.run()V (59 bytes) @ 0x00007f1d8bb28b14 [0x00007f1d8bb285e0+0x534]
j  java.util.concurrent.ThreadPoolExecutor.runWorker(Ljava/util/concurrent/ThreadPoolExecutor$Worker;)V+95
j  java.util.concurrent.ThreadPoolExecutor$Worker.run()V+5
j  java.lang.Thread.run()V+11
v  ~StubRoutines::call_stub

---------------  P R O C E S S  ---------------

Java Threads: ( => current thread )
  0x00007f1d10011000 JavaThread "ActiveMQ InactivityMonitor Worker" daemon [_thread_blocked, id=15606, stack(0x00007f1d1d6e7000,0x00007f1d1d7e8000)]
  0x00007f1d38089000 JavaThread "myScheduler-5" [_thread_blocked, id=9480, stack(0x00007f1d1d0e5000,0x00007f1d1d1e6000)]
  0x00007f1d14566000 JavaThread "myScheduler-4" [_thread_blocked, id=9404, stack(0x00007f1d1d5e6000,0x00007f1d1d6e7000)]
=>0x00007f1d14565800 JavaThread "myScheduler-3" [_thread_in_native, id=9294, stack(0x00007f1d1f7fc000,0x00007f1d1f8fd000)]
  0x00007f1d14253800 JavaThread "myScheduler-2" [_thread_blocked, id=9238, stack(0x00007f1d35854000,0x00007f1d35955000)]
  0x00007f1d14386800 JavaThread "Thread-9" daemon [_thread_in_native, id=9235, stack(0x00007f1d37bfe000,0x00007f1d37cff000)]
  0x00007f1da000c800 JavaThread "DestroyJavaVM" [_thread_blocked, id=9040, stack(0x00007f1da6843000,0x00007f1da6943000)]
  0x00007f1da2ac2000 JavaThread "http-nio-12004-AsyncTimeout" daemon [_thread_blocked, id=9178, stack(0x00007f1d1dbe8000,0x00007f1d1dce9000)]
  0x00007f1da2943800 JavaThread "http-nio-12004-Acceptor-0" daemon [_thread_in_native, id=9177, stack(0x00007f1d1dce9000,0x00007f1d1ddea000)]
  0x00007f1da2941000 JavaThread "http-nio-12004-ClientPoller-1" daemon [_thread_in_native, id=9176, stack(0x00007f1d1ddea000,0x00007f1d1deeb000)]
  0x00007f1da2940000 JavaThread "http-nio-12004-ClientPoller-0" daemon [_thread_in_native, id=9175, stack(0x00007f1d1deeb000,0x00007f1d1dfec000)]
  0x00007f1da292d800 JavaThread "http-nio-12004-exec-10" daemon [_thread_blocked, id=9174, stack(0x00007f1d1dfec000,0x00007f1d1e0ed000)]
  0x00007f1da292b800 JavaThread "http-nio-12004-exec-9" daemon [_thread_blocked, id=9173, stack(0x00007f1d1e0ed000,0x00007f1d1e1ee000)]
  0x00007f1da2929000 JavaThread "http-nio-12004-exec-8" daemon [_thread_blocked, id=9172, stack(0x00007f1d1e1ee000,0x00007f1d1e2ef000)]
  0x00007f1da2927000 JavaThread "http-nio-12004-exec-7" daemon [_thread_blocked, id=9171, stack(0x00007f1d1e2ef000,0x00007f1d1e3f0000)]
  0x00007f1da2925000 JavaThread "http-nio-12004-exec-6" daemon [_thread_blocked, id=9170, stack(0x00007f1d1e3f0000,0x00007f1d1e4f1000)]
  0x00007f1da2923000 JavaThread "http-nio-12004-exec-5" daemon [_thread_blocked, id=9169, stack(0x00007f1d1e4f1000,0x00007f1d1e5f2000)]
  0x00007f1da2921000 JavaThread "http-nio-12004-exec-4" daemon [_thread_blocked, id=9168, stack(0x00007f1d1e5f2000,0x00007f1d1e6f3000)]
  0x00007f1da291f000 JavaThread "http-nio-12004-exec-3" daemon [_thread_blocked, id=9167, stack(0x00007f1d1e6f3000,0x00007f1d1e7f4000)]
  0x00007f1da291d000 JavaThread "http-nio-12004-exec-2" daemon [_thread_blocked, id=9166, stack(0x00007f1d1e7f4000,0x00007f1d1e8f5000)]
  0x00007f1da2a48000 JavaThread "http-nio-12004-exec-1" daemon [_thread_in_native, id=9165, stack(0x00007f1d1e8f5000,0x00007f1d1e9f6000)]
  0x00007f1da2af7800 JavaThread "NioBlockingSelector.BlockPoller-1" daemon [_thread_in_native, id=9164, stack(0x00007f1d1e9f6000,0x00007f1d1eaf7000)]
  0x00007f1da28bc800 JavaThread "metrics-graphite-reporter-1-thread-1" daemon [_thread_blocked, id=9163, stack(0x00007f1d1eaf7000,0x00007f1d1ebf8000)]
  0x00007f1da28c3000 JavaThread "myScheduler-1" [_thread_blocked, id=9161, stack(0x00007f1d1ebf8000,0x00007f1d1ecf9000)]
  0x00007f1da0aef800 JavaThread "CoreHeartBeat" [_thread_blocked, id=9128, stack(0x00007f1d1f0f9000,0x00007f1d1f1fa000)]
  0x00007f1da21a2800 JavaThread "Thread-5" [_thread_in_native, id=9124, stack(0x00007f1d1f1fa000,0x00007f1d1f2fb000)]
  0x00007f1da046e000 JavaThread "Thread-4" [_thread_blocked, id=9123, stack(0x00007f1d1f6fb000,0x00007f1d1f7fc000)]
  0x00007f1d14010800 JavaThread "ActiveMQ InactivityMonitor WriteCheckTimer" daemon [_thread_blocked, id=9121, stack(0x00007f1d1f8fd000,0x00007f1d1f9fe000)]
  0x00007f1d14002800 JavaThread "ActiveMQ InactivityMonitor ReadCheckTimer" daemon [_thread_blocked, id=9120, stack(0x00007f1d1f9fe000,0x00007f1d1faff000)]
  0x00007f1da113c000 JavaThread "ActiveMQ Transport: tcp:///10.45.40.2:12002@49312" [_thread_in_native, id=9118, stack(0x00007f1d1faff000,0x00007f1d1fc00000)]
  0x00007f1da1743000 JavaThread "MySQL Statement Cancellation Timer" daemon [_thread_blocked, id=9117, stack(0x00007f1d34ac5000,0x00007f1d34bc6000)]
  0x00007f1da1cb7000 JavaThread "container-0" [_thread_blocked, id=9116, stack(0x00007f1d34fc6000,0x00007f1d350c7000)]
  0x00007f1da1cb6000 JavaThread "ContainerBackgroundProcessor[StandardEngine[Tomcat]]" daemon [_thread_blocked, id=9115, stack(0x00007f1d35753000,0x00007f1d35854000)]
  0x00007f1da1657800 JavaThread "Log4j2-Log4j2Scheduled-1" daemon [_thread_blocked, id=9060, stack(0x00007f1d37cff000,0x00007f1d37e00000)]
  0x00007f1da0322800 JavaThread "RMI TCP Accept-0" daemon [_thread_in_native, id=9058, stack(0x00007f1d78ab9000,0x00007f1d78bba000)]
  0x00007f1da02fa000 JavaThread "RMI TCP Accept-12007" daemon [_thread_in_native, id=9057, stack(0x00007f1d78bba000,0x00007f1d78cbb000)]
  0x00007f1da0198800 JavaThread "Service Thread" daemon [_thread_blocked, id=9056, stack(0x00007f1d792f0000,0x00007f1d793f1000)]
  0x00007f1da0184800 JavaThread "C1 CompilerThread2" daemon [_thread_blocked, id=9055, stack(0x00007f1d793f2000,0x00007f1d794f2000)]
  0x00007f1da0182800 JavaThread "C2 CompilerThread1" daemon [_thread_blocked, id=9054, stack(0x00007f1d794f3000,0x00007f1d795f3000)]
  0x00007f1da0180000 JavaThread "C2 CompilerThread0" daemon [_thread_blocked, id=9053, stack(0x00007f1d795f4000,0x00007f1d796f4000)]
  0x00007f1da017e000 JavaThread "JDWP Event Helper Thread" daemon [_thread_blocked, id=9052, stack(0x00007f1d796f4000,0x00007f1d797f5000)]
  0x00007f1da017a000 JavaThread "JDWP Transport Listener: dt_socket" daemon [_thread_in_native, id=9051, stack(0x00007f1d797f5000,0x00007f1d798f6000)]
  0x00007f1da0163000 JavaThread "Signal Dispatcher" daemon [_thread_blocked, id=9050, stack(0x00007f1d79afb000,0x00007f1d79bfc000)]
  0x00007f1da0161000 JavaThread "Surrogate Locker Thread (Concurrent GC)" daemon [_thread_blocked, id=9049, stack(0x00007f1d79bfc000,0x00007f1d79cfd000)]
  0x00007f1da0138000 JavaThread "Finalizer" daemon [_thread_blocked, id=9048, stack(0x00007f1d79cfd000,0x00007f1d79dfe000)]
  0x00007f1da0133800 JavaThread "Reference Handler" daemon [_thread_blocked, id=9047, stack(0x00007f1d79dfe000,0x00007f1d79eff000)]

Other Threads:
  0x00007f1da0129800 VMThread [stack: 0x00007f1d79f00000,0x00007f1d7a000000] [id=9046]
  0x00007f1da0324800 WatcherThread [stack: 0x00007f1d789b9000,0x00007f1d78ab9000] [id=9059]

VM state:not at safepoint (normal execution)

VM Mutex/Monitor currently owned by a thread: None

Heap:
 par new generation   total 18432K, used 6846K [0x00000000f0000000, 0x00000000f1400000, 0x00000000f5550000)
  eden space 16384K,  32% used [0x00000000f0000000, 0x00000000f0532348, 0x00000000f1000000)
  from space 2048K,  74% used [0x00000000f1200000, 0x00000000f137d600, 0x00000000f1400000)
  to   space 2048K,   0% used [0x00000000f1000000, 0x00000000f1000000, 0x00000000f1200000)
 concurrent mark-sweep generation total 78420K, used 52470K [0x00000000f5550000, 0x00000000fa1e5000, 0x0000000100000000)
 Metaspace       used 83063K, capacity 83990K, committed 84908K, reserved 1124352K
  class space    used 9620K, capacity 9799K, committed 9956K, reserved 1048576K

Card table byte_map: [0x00007f1da67c1000,0x00007f1da6842000] byte_map_base: 0x00007f1da6041000

Marking Bits: (CMSBitMap*) 0x00007f1da0064b18
 Bits: [0x00007f1d890c9000, 0x00007f1d89373c00)

Mod Union Table: (CMSBitMap*) 0x00007f1da0064bd8
 Bits: [0x00007f1da6951000, 0x00007f1da695bab0)

Polling page: 0x00007f1da6965000

CodeCache: size=245760Kb used=43133Kb max_used=43484Kb free=202626Kb
 bounds [0x00007f1d89e3b000, 0x00007f1d8c90b000, 0x00007f1d98e3b000]
 total_blobs=11828 nmethods=11171 adapters=578
 compilation: enabled

Compilation events (10 events):
Event: 3004.103 Thread 0x00007f1da0180000 14104       4       org.hibernate.internal.SessionImpl::getFlushMode (9 bytes)
Event: 3004.105 Thread 0x00007f1da0180000 nmethod 14104 0x00007f1d8c04bed0 code [0x00007f1d8c04c040, 0x00007f1d8c04c1f8]
Event: 3004.566 Thread 0x00007f1da0182800 14105       4       org.apache.catalina.mapper.Mapper::internalMapExactWrapper (105 bytes)
Event: 3004.570 Thread 0x00007f1da0180000 14106       4       org.apache.catalina.mapper.Mapper::internalMapWrapper (918 bytes)
Event: 3004.575 Thread 0x00007f1da0182800 nmethod 14105 0x00007f1d8b39ee90 code [0x00007f1d8b39f020, 0x00007f1d8b39f898]
Event: 3004.645 Thread 0x00007f1da0180000 nmethod 14106 0x00007f1d8c075150 code [0x00007f1d8c0754e0, 0x00007f1d8c079818]
Event: 3018.931 Thread 0x00007f1da0182800 14107   !   4       org.apache.catalina.core.StandardContext::unbind (87 bytes)
Event: 3018.933 Thread 0x00007f1da0182800 nmethod 14107 0x00007f1d8b39ead0 code [0x00007f1d8b39ec20, 0x00007f1d8b39ed58]
Event: 3028.290 Thread 0x00007f1da0180000 14108       4       java.util.TreeMap$Values::iterator (19 bytes)
Event: 3028.292 Thread 0x00007f1da0180000 nmethod 14108 0x00007f1d8c0488d0 code [0x00007f1d8c048a40, 0x00007f1d8c048bf8]

GC Heap History (10 events):
Event: 2970.122 GC heap before
{Heap before GC invocations=432 (full 7):
 par new generation   total 18432K, used 18116K [0x00000000f0000000, 0x00000000f1400000, 0x00000000f5550000)
  eden space 16384K, 100% used [0x00000000f0000000, 0x00000000f1000000, 0x00000000f1000000)
  from space 2048K,  84% used [0x00000000f1000000, 0x00000000f11b10c8, 0x00000000f1200000)
  to   space 2048K,   0% used [0x00000000f1200000, 0x00000000f1200000, 0x00000000f1400000)
 concurrent mark-sweep generation total 78420K, used 51899K [0x00000000f5550000, 0x00000000fa1e5000, 0x0000000100000000)
 Metaspace       used 83063K, capacity 83990K, committed 84908K, reserved 1124352K
  class space    used 9620K, capacity 9799K, committed 9956K, reserved 1048576K
Event: 2970.125 GC heap after
Heap after GC invocations=433 (full 7):
 par new generation   total 18432K, used 1385K [0x00000000f0000000, 0x00000000f1400000, 0x00000000f5550000)
  eden space 16384K,   0% used [0x00000000f0000000, 0x00000000f0000000, 0x00000000f1000000)
  from space 2048K,  67% used [0x00000000f1200000, 0x00000000f135a518, 0x00000000f1400000)
  to   space 2048K,   0% used [0x00000000f1000000, 0x00000000f1000000, 0x00000000f1200000)
 concurrent mark-sweep generation total 78420K, used 51949K [0x00000000f5550000, 0x00000000fa1e5000, 0x0000000100000000)
 Metaspace       used 83063K, capacity 83990K, committed 84908K, reserved 1124352K
  class space    used 9620K, capacity 9799K, committed 9956K, reserved 1048576K
}
Event: 2984.181 GC heap before
{Heap before GC invocations=433 (full 7):
 par new generation   total 18432K, used 17769K [0x00000000f0000000, 0x00000000f1400000, 0x00000000f5550000)
  eden space 16384K, 100% used [0x00000000f0000000, 0x00000000f1000000, 0x00000000f1000000)
  from space 2048K,  67% used [0x00000000f1200000, 0x00000000f135a518, 0x00000000f1400000)
  to   space 2048K,   0% used [0x00000000f1000000, 0x00000000f1000000, 0x00000000f1200000)
 concurrent mark-sweep generation total 78420K, used 51949K [0x00000000f5550000, 0x00000000fa1e5000, 0x0000000100000000)
 Metaspace       used 83063K, capacity 83990K, committed 84908K, reserved 1124352K
  class space    used 9620K, capacity 9799K, committed 9956K, reserved 1048576K
Event: 2984.186 GC heap after
Heap after GC invocations=434 (full 7):
 par new generation   total 18432K, used 1842K [0x00000000f0000000, 0x00000000f1400000, 0x00000000f5550000)
  eden space 16384K,   0% used [0x00000000f0000000, 0x00000000f0000000, 0x00000000f1000000)
  from space 2048K,  89% used [0x00000000f1000000, 0x00000000f11cc838, 0x00000000f1200000)
  to   space 2048K,   0% used [0x00000000f1200000, 0x00000000f1200000, 0x00000000f1400000)
 concurrent mark-sweep generation total 78420K, used 52338K [0x00000000f5550000, 0x00000000fa1e5000, 0x0000000100000000)
 Metaspace       used 83063K, capacity 83990K, committed 84908K, reserved 1124352K
  class space    used 9620K, capacity 9799K, committed 9956K, reserved 1048576K
}
Event: 3003.278 GC heap before
{Heap before GC invocations=434 (full 7):
 par new generation   total 18432K, used 18226K [0x00000000f0000000, 0x00000000f1400000, 0x00000000f5550000)
  eden space 16384K, 100% used [0x00000000f0000000, 0x00000000f1000000, 0x00000000f1000000)
  from space 2048K,  89% used [0x00000000f1000000, 0x00000000f11cc838, 0x00000000f1200000)
  to   space 2048K,   0% used [0x00000000f1200000, 0x00000000f1200000, 0x00000000f1400000)
 concurrent mark-sweep generation total 78420K, used 52338K [0x00000000f5550000, 0x00000000fa1e5000, 0x0000000100000000)
 Metaspace       used 83063K, capacity 83990K, committed 84908K, reserved 1124352K
  class space    used 9620K, capacity 9799K, committed 9956K, reserved 1048576K
Event: 3003.281 GC heap after
Heap after GC invocations=435 (full 7):
 par new generation   total 18432K, used 1486K [0x00000000f0000000, 0x00000000f1400000, 0x00000000f5550000)
  eden space 16384K,   0% used [0x00000000f0000000, 0x00000000f0000000, 0x00000000f1000000)
  from space 2048K,  72% used [0x00000000f1200000, 0x00000000f1373810, 0x00000000f1400000)
  to   space 2048K,   0% used [0x00000000f1000000, 0x00000000f1000000, 0x00000000f1200000)
 concurrent mark-sweep generation total 78420K, used 52351K [0x00000000f5550000, 0x00000000fa1e5000, 0x0000000100000000)
 Metaspace       used 83063K, capacity 83990K, committed 84908K, reserved 1124352K
  class space    used 9620K, capacity 9799K, committed 9956K, reserved 1048576K
}
Event: 3015.161 GC heap before
{Heap before GC invocations=435 (full 7):
 par new generation   total 18432K, used 17860K [0x00000000f0000000, 0x00000000f1400000, 0x00000000f5550000)
  eden space 16384K,  99% used [0x00000000f0000000, 0x00000000f0ffd9d8, 0x00000000f1000000)
  from space 2048K,  72% used [0x00000000f1200000, 0x00000000f1373810, 0x00000000f1400000)
  to   space 2048K,   0% used [0x00000000f1000000, 0x00000000f1000000, 0x00000000f1200000)
 concurrent mark-sweep generation total 78420K, used 52351K [0x00000000f5550000, 0x00000000fa1e5000, 0x0000000100000000)
 Metaspace       used 83063K, capacity 83990K, committed 84908K, reserved 1124352K
  class space    used 9620K, capacity 9799K, committed 9956K, reserved 1048576K
Event: 3015.165 GC heap after
Heap after GC invocations=436 (full 7):
 par new generation   total 18432K, used 1689K [0x00000000f0000000, 0x00000000f1400000, 0x00000000f5550000)
  eden space 16384K,   0% used [0x00000000f0000000, 0x00000000f0000000, 0x00000000f1000000)
  from space 2048K,  82% used [0x00000000f1000000, 0x00000000f11a6768, 0x00000000f1200000)
  to   space 2048K,   0% used [0x00000000f1200000, 0x00000000f1200000, 0x00000000f1400000)
 concurrent mark-sweep generation total 78420K, used 52455K [0x00000000f5550000, 0x00000000fa1e5000, 0x0000000100000000)
 Metaspace       used 83063K, capacity 83990K, committed 84908K, reserved 1124352K
  class space    used 9620K, capacity 9799K, committed 9956K, reserved 1048576K
}
Event: 3034.493 GC heap before
{Heap before GC invocations=436 (full 7):
 par new generation   total 18432K, used 18073K [0x00000000f0000000, 0x00000000f1400000, 0x00000000f5550000)
  eden space 16384K, 100% used [0x00000000f0000000, 0x00000000f1000000, 0x00000000f1000000)
  from space 2048K,  82% used [0x00000000f1000000, 0x00000000f11a6768, 0x00000000f1200000)
  to   space 2048K,   0% used [0x00000000f1200000, 0x00000000f1200000, 0x00000000f1400000)
 concurrent mark-sweep generation total 78420K, used 52455K [0x00000000f5550000, 0x00000000fa1e5000, 0x0000000100000000)
 Metaspace       used 83063K, capacity 83990K, committed 84908K, reserved 1124352K
  class space    used 9620K, capacity 9799K, committed 9956K, reserved 1048576K
Event: 3034.497 GC heap after
Heap after GC invocations=437 (full 7):
 par new generation   total 18432K, used 1525K [0x00000000f0000000, 0x00000000f1400000, 0x00000000f5550000)
  eden space 16384K,   0% used [0x00000000f0000000, 0x00000000f0000000, 0x00000000f1000000)
  from space 2048K,  74% used [0x00000000f1200000, 0x00000000f137d600, 0x00000000f1400000)
  to   space 2048K,   0% used [0x00000000f1000000, 0x00000000f1000000, 0x00000000f1200000)
 concurrent mark-sweep generation total 78420K, used 52470K [0x00000000f5550000, 0x00000000fa1e5000, 0x0000000100000000)
 Metaspace       used 83063K, capacity 83990K, committed 84908K, reserved 1124352K
  class space    used 9620K, capacity 9799K, committed 9956K, reserved 1048576K
}

Deoptimization events (10 events):
Event: 702.881 Thread 0x00007f1da2927000 Uncommon trap: reason=unstable_if action=reinterpret pc=0x00007f1d8c3bb448 method=org.apache.coyote.http11.Http11InputBuffer.parseRequestLine(Z)Z @ 4
Event: 994.206 Thread 0x00007f1d14565800 Uncommon trap: reason=speculate_class_check action=maybe_recompile pc=0x00007f1d8c531ce8 method=java.nio.charset.CharsetDecoder.replaceWith(Ljava/lang/String;)Ljava/nio/charset/CharsetDecoder; @ 63
Event: 994.782 Thread 0x00007f1d14565800 Uncommon trap: reason=speculate_class_check action=maybe_recompile pc=0x00007f1d8c531ce8 method=java.nio.charset.CharsetDecoder.replaceWith(Ljava/lang/String;)Ljava/nio/charset/CharsetDecoder; @ 63
Event: 1002.833 Thread 0x00007f1da2929000 Uncommon trap: reason=unstable_if action=reinterpret pc=0x00007f1d8c0ceb50 method=org.apache.coyote.http11.Http11InputBuffer.parseHeader()Lorg/apache/coyote/http11/Http11InputBuffer$HeaderParseStatus; @ 9
Event: 1219.377 Thread 0x00007f1da292d800 Uncommon trap: reason=null_check action=make_not_entrant pc=0x00007f1d8c55508c method=org.apache.tomcat.util.net.NioBlockingSelector.write(Ljava/nio/ByteBuffer;Lorg/apache/tomcat/util/net/NioChannel;J)I @ 38
Event: 2261.488 Thread 0x00007f1da291f000 Uncommon trap: reason=unstable_if action=reinterpret pc=0x00007f1d8a634d48 method=org.springframework.util.ConcurrentReferenceHashMap$Segment.restructureIfNecessary(Z)V @ 33
Event: 2839.813 Thread 0x00007f1da292b800 Uncommon trap: reason=unstable_if action=reinterpret pc=0x00007f1d8c2e1d3c method=java.util.concurrent.locks.ReentrantReadWriteLock$Sync.tryReleaseShared(I)Z @ 130
Event: 2839.813 Thread 0x00007f1da292b800 Uncommon trap: reason=unstable_if action=reinterpret pc=0x00007f1d8a910f68 method=java.util.concurrent.locks.ReentrantReadWriteLock$Sync.tryAcquireShared(I)I @ 60
Event: 2839.818 Thread 0x00007f1da292b800 Uncommon trap: reason=unstable_if action=reinterpret pc=0x00007f1d8c7e0ee4 method=org.apache.tomcat.util.http.FastHttpDateFormat.getCurrentDate()Ljava/lang/String; @ 31
Event: 2874.127 Thread 0x00007f1da291f000 Uncommon trap: reason=unstable_if action=reinterpret pc=0x00007f1d8c552140 method=java.util.concurrent.locks.ReentrantReadWriteLock$Sync.tryReleaseShared(I)Z @ 130

Internal exceptions (10 events):
Event: 2963.754 Thread 0x00007f1da21a2800 Exception <a 'java/net/SocketTimeoutException': Read timed out> (0x00000000f0ac4338) thrown at [/builddir/build/BUILD/java-1.8.0-openjdk-1.8.0.144-0.b01.el7_4.x86_64/openjdk/hotspot/src/share/vm/prims/jni.cpp, line 736]
Event: 2973.760 Thread 0x00007f1da21a2800 Exception <a 'java/net/SocketTimeoutException': Read timed out> (0x00000000f07dea78) thrown at [/builddir/build/BUILD/java-1.8.0-openjdk-1.8.0.144-0.b01.el7_4.x86_64/openjdk/hotspot/src/share/vm/prims/jni.cpp, line 736]
Event: 2983.764 Thread 0x00007f1da21a2800 Exception <a 'java/net/SocketTimeoutException': Read timed out> (0x00000000f0f02928) thrown at [/builddir/build/BUILD/java-1.8.0-openjdk-1.8.0.144-0.b01.el7_4.x86_64/openjdk/hotspot/src/share/vm/prims/jni.cpp, line 736]
Event: 2984.186 Thread 0x00007f1da0138000 Exception <a 'java/net/SocketException': Socket closed> (0x00000000f0005d50) thrown at [/builddir/build/BUILD/java-1.8.0-openjdk-1.8.0.144-0.b01.el7_4.x86_64/openjdk/hotspot/src/share/vm/prims/jni.cpp, line 736]
Event: 2993.771 Thread 0x00007f1da21a2800 Exception <a 'java/net/SocketTimeoutException': Read timed out> (0x00000000f08d1688) thrown at [/builddir/build/BUILD/java-1.8.0-openjdk-1.8.0.144-0.b01.el7_4.x86_64/openjdk/hotspot/src/share/vm/prims/jni.cpp, line 736]
Event: 3003.773 Thread 0x00007f1da21a2800 Exception <a 'java/net/SocketTimeoutException': Read timed out> (0x00000000f01d88a8) thrown at [/builddir/build/BUILD/java-1.8.0-openjdk-1.8.0.144-0.b01.el7_4.x86_64/openjdk/hotspot/src/share/vm/prims/jni.cpp, line 736]
Event: 3013.783 Thread 0x00007f1da21a2800 Exception <a 'java/net/SocketTimeoutException': Read timed out> (0x00000000f0d8fb18) thrown at [/builddir/build/BUILD/java-1.8.0-openjdk-1.8.0.144-0.b01.el7_4.x86_64/openjdk/hotspot/src/share/vm/prims/jni.cpp, line 736]
Event: 3015.165 Thread 0x00007f1da0138000 Exception <a 'java/net/SocketException': Socket closed> (0x00000000f0056b60) thrown at [/builddir/build/BUILD/java-1.8.0-openjdk-1.8.0.144-0.b01.el7_4.x86_64/openjdk/hotspot/src/share/vm/prims/jni.cpp, line 736]
Event: 3023.793 Thread 0x00007f1da21a2800 Exception <a 'java/net/SocketTimeoutException': Read timed out> (0x00000000f06dbfd0) thrown at [/builddir/build/BUILD/java-1.8.0-openjdk-1.8.0.144-0.b01.el7_4.x86_64/openjdk/hotspot/src/share/vm/prims/jni.cpp, line 736]
Event: 3033.797 Thread 0x00007f1da21a2800 Exception <a 'java/net/SocketTimeoutException': Read timed out> (0x00000000f0efd900) thrown at [/builddir/build/BUILD/java-1.8.0-openjdk-1.8.0.144-0.b01.el7_4.x86_64/openjdk/hotspot/src/share/vm/prims/jni.cpp, line 736]

Events (10 events):
Event: 3036.114 Thread 0x00007f1d14565800 DEOPT PACKING pc=0x00007f1d8c853604 sp=0x00007f1d1f8fa550
Event: 3036.114 Thread 0x00007f1d14565800 DEOPT UNPACKING pc=0x00007f1d89e82373 sp=0x00007f1d1f8fa288 mode 1
Event: 3036.128 Thread 0x00007f1d14565800 DEOPT PACKING pc=0x00007f1d8c853604 sp=0x00007f1d1f8fa5a0
Event: 3036.128 Thread 0x00007f1d14565800 DEOPT UNPACKING pc=0x00007f1d89e82373 sp=0x00007f1d1f8fa2d8 mode 1
Event: 3036.151 Thread 0x00007f1d14565800 DEOPT PACKING pc=0x00007f1d8c853604 sp=0x00007f1d1f8fa5a0
Event: 3036.151 Thread 0x00007f1d14565800 DEOPT UNPACKING pc=0x00007f1d89e82373 sp=0x00007f1d1f8fa2d8 mode 1
Event: 3036.164 Thread 0x00007f1d14565800 DEOPT PACKING pc=0x00007f1d8c853604 sp=0x00007f1d1f8fa5a0
Event: 3036.164 Thread 0x00007f1d14565800 DEOPT UNPACKING pc=0x00007f1d89e82373 sp=0x00007f1d1f8fa2d8 mode 1
Event: 3036.179 Thread 0x00007f1d14565800 DEOPT PACKING pc=0x00007f1d8c853604 sp=0x00007f1d1f8f9970
Event: 3036.179 Thread 0x00007f1d14565800 DEOPT UNPACKING pc=0x00007f1d89e82373 sp=0x00007f1d1f8f96a8 mode 1


Dynamic libraries:
00400000-00401000 r-xp 00000000 fd:00 3314255                            /usr/lib/jvm/java-1.8.0-openjdk-1.8.0.144-0.b01.el7_4.x86_64/jre/bin/java
00600000-00601000 r--p 00000000 fd:00 3314255                            /usr/lib/jvm/java-1.8.0-openjdk-1.8.0.144-0.b01.el7_4.x86_64/jre/bin/java
00601000-00602000 rw-p 00001000 fd:00 3314255                            /usr/lib/jvm/java-1.8.0-openjdk-1.8.0.144-0.b01.el7_4.x86_64/jre/bin/java
00df4000-00e15000 rw-p 00000000 00:00 0                                  [heap]
f0000000-f1400000 rw-p 00000000 00:00 0 
f1400000-f5550000 ---p 00000000 00:00 0 
f5550000-fa1e5000 rw-p 00000000 00:00 0 
fa1e5000-100000000 ---p 00000000 00:00 0 
100000000-1009b9000 rw-p 00000000 00:00 0 
1009b9000-140000000 ---p 00000000 00:00 0 
7f1cfc000000-7f1cfcfd8000 rw-p 00000000 00:00 0 
7f1cfcfd8000-7f1d00000000 ---p 00000000 00:00 0 
7f1d04000000-7f1d04095000 rw-p 00000000 00:00 0 
7f1d04095000-7f1d08000000 ---p 00000000 00:00 0 
7f1d08000000-7f1d08041000 rw-p 00000000 00:00 0 
7f1d08041000-7f1d0c000000 ---p 00000000 00:00 0 
7f1d0c000000-7f1d0c021000 rw-p 00000000 00:00 0 
7f1d0c021000-7f1d10000000 ---p 00000000 00:00 0 
7f1d10000000-7f1d10021000 rw-p 00000000 00:00 0 
7f1d10021000-7f1d14000000 ---p 00000000 00:00 0 
7f1d14000000-7f1d14603000 rw-p 00000000 00:00 0 
7f1d14603000-7f1d18000000 ---p 00000000 00:00 0 
7f1d18000000-7f1d18021000 rw-p 00000000 00:00 0 
7f1d18021000-7f1d1c000000 ---p 00000000 00:00 0 
7f1d1cde4000-7f1d1cf24000 rw-p 00000000 00:00 0 
7f1d1cf24000-7f1d1cfe7000 ---p 00000000 00:00 0 
7f1d1cfe7000-7f1d1d0e5000 rw-p 00000000 00:00 0 
7f1d1d0e5000-7f1d1d0e8000 ---p 00000000 00:00 0 
7f1d1d0e8000-7f1d1d3e6000 rw-p 00000000 00:00 0                          [stack:9480]
7f1d1d3e6000-7f1d1d5e6000 rw-p 00000000 00:00 0 
7f1d1d5e6000-7f1d1d5e9000 ---p 00000000 00:00 0 
7f1d1d5e9000-7f1d1d6e7000 rw-p 00000000 00:00 0                          [stack:9404]
7f1d1d6e7000-7f1d1d6ea000 ---p 00000000 00:00 0 
7f1d1d6ea000-7f1d1d9e8000 rw-p 00000000 00:00 0                          [stack:15606]
7f1d1d9e8000-7f1d1dbe8000 rw-p 00000000 00:00 0 
7f1d1dbe8000-7f1d1dbeb000 ---p 00000000 00:00 0 
7f1d1dbeb000-7f1d1dce9000 rw-p 00000000 00:00 0                          [stack:9178]
7f1d1dce9000-7f1d1dcec000 ---p 00000000 00:00 0 
7f1d1dcec000-7f1d1ddea000 rw-p 00000000 00:00 0                          [stack:9177]
7f1d1ddea000-7f1d1dded000 ---p 00000000 00:00 0 
7f1d1dded000-7f1d1deeb000 rw-p 00000000 00:00 0                          [stack:9176]
7f1d1deeb000-7f1d1deee000 ---p 00000000 00:00 0 
7f1d1deee000-7f1d1dfec000 rw-p 00000000 00:00 0                          [stack:9175]
7f1d1dfec000-7f1d1dfef000 ---p 00000000 00:00 0 
7f1d1dfef000-7f1d1e0ed000 rw-p 00000000 00:00 0                          [stack:9174]
7f1d1e0ed000-7f1d1e0f0000 ---p 00000000 00:00 0 
7f1d1e0f0000-7f1d1e1ee000 rw-p 00000000 00:00 0                          [stack:9173]
7f1d1e1ee000-7f1d1e1f1000 ---p 00000000 00:00 0 
7f1d1e1f1000-7f1d1e2ef000 rw-p 00000000 00:00 0                          [stack:9172]
7f1d1e2ef000-7f1d1e2f2000 ---p 00000000 00:00 0 
7f1d1e2f2000-7f1d1e3f0000 rw-p 00000000 00:00 0                          [stack:9171]
7f1d1e3f0000-7f1d1e3f3000 ---p 00000000 00:00 0 
7f1d1e3f3000-7f1d1e4f1000 rw-p 00000000 00:00 0                          [stack:9170]
7f1d1e4f1000-7f1d1e4f4000 ---p 00000000 00:00 0 
7f1d1e4f4000-7f1d1e5f2000 rw-p 00000000 00:00 0                          [stack:9169]
7f1d1e5f2000-7f1d1e5f5000 ---p 00000000 00:00 0 
7f1d1e5f5000-7f1d1e6f3000 rw-p 00000000 00:00 0                          [stack:9168]
7f1d1e6f3000-7f1d1e6f6000 ---p 00000000 00:00 0 
7f1d1e6f6000-7f1d1e7f4000 rw-p 00000000 00:00 0                          [stack:9167]
7f1d1e7f4000-7f1d1e7f7000 ---p 00000000 00:00 0 
7f1d1e7f7000-7f1d1e8f5000 rw-p 00000000 00:00 0                          [stack:9166]
7f1d1e8f5000-7f1d1e8f8000 ---p 00000000 00:00 0 
7f1d1e8f8000-7f1d1e9f6000 rw-p 00000000 00:00 0                          [stack:9165]
7f1d1e9f6000-7f1d1e9f9000 ---p 00000000 00:00 0 
7f1d1e9f9000-7f1d1eaf7000 rw-p 00000000 00:00 0                          [stack:9164]
7f1d1eaf7000-7f1d1eafa000 ---p 00000000 00:00 0 
7f1d1eafa000-7f1d1ebf8000 rw-p 00000000 00:00 0                          [stack:9163]
7f1d1ebf8000-7f1d1ebfb000 ---p 00000000 00:00 0 
7f1d1ebfb000-7f1d1eef9000 rw-p 00000000 00:00 0                          [stack:9161]
7f1d1eef9000-7f1d1f0f9000 rw-p 00000000 00:00 0 
7f1d1f0f9000-7f1d1f0fc000 ---p 00000000 00:00 0 
7f1d1f0fc000-7f1d1f1fa000 rw-p 00000000 00:00 0                          [stack:9128]
7f1d1f1fa000-7f1d1f1fd000 ---p 00000000 00:00 0 
7f1d1f1fd000-7f1d1f4fb000 rw-p 00000000 00:00 0                          [stack:9124]
7f1d1f4fb000-7f1d1f6fb000 rw-p 00000000 00:00 0 
7f1d1f6fb000-7f1d1f6fe000 ---p 00000000 00:00 0 
7f1d1f6fe000-7f1d1f7fc000 rw-p 00000000 00:00 0                          [stack:9123]
7f1d1f7fc000-7f1d1f7ff000 ---p 00000000 00:00 0 
7f1d1f7ff000-7f1d1f8fd000 rw-p 00000000 00:00 0                          [stack:9294]
7f1d1f8fd000-7f1d1f900000 ---p 00000000 00:00 0 
7f1d1f900000-7f1d1f9fe000 rw-p 00000000 00:00 0                          [stack:9121]
7f1d1f9fe000-7f1d1fa01000 ---p 00000000 00:00 0 
7f1d1fa01000-7f1d1faff000 rw-p 00000000 00:00 0                          [stack:9120]
7f1d1faff000-7f1d1fb02000 ---p 00000000 00:00 0 
7f1d1fb02000-7f1d1fe00000 rw-p 00000000 00:00 0                          [stack:9118]
7f1d1fe00000-7f1d20000000 rw-p 00000000 00:00 0 
7f1d20000000-7f1d20414000 rw-p 00000000 00:00 0 
7f1d20414000-7f1d24000000 ---p 00000000 00:00 0 
7f1d24000000-7f1d24021000 rw-p 00000000 00:00 0 
7f1d24021000-7f1d28000000 ---p 00000000 00:00 0 
7f1d28000000-7f1d28339000 rw-p 00000000 00:00 0 
7f1d28339000-7f1d2c000000 ---p 00000000 00:00 0 
7f1d2c000000-7f1d2cbab000 rw-p 00000000 00:00 0 
7f1d2cbab000-7f1d30000000 ---p 00000000 00:00 0 
7f1d30000000-7f1d30082000 rw-p 00000000 00:00 0 
7f1d30082000-7f1d34000000 ---p 00000000 00:00 0 
7f1d340c5000-7f1d342c5000 rw-p 00000000 00:00 0 
7f1d342c5000-7f1d344c5000 rw-p 00000000 00:00 0 
7f1d344c5000-7f1d346c5000 rw-p 00000000 00:00 0 
7f1d346c5000-7f1d348c5000 rw-p 00000000 00:00 0 
7f1d348c5000-7f1d34ac5000 rw-p 00000000 00:00 0 
7f1d34ac5000-7f1d34ac8000 ---p 00000000 00:00 0 
7f1d34ac8000-7f1d34dc6000 rw-p 00000000 00:00 0                          [stack:9117]
7f1d34dc6000-7f1d34fc6000 rw-p 00000000 00:00 0 
7f1d34fc6000-7f1d34fc9000 ---p 00000000 00:00 0 
7f1d34fc9000-7f1d352c7000 rw-p 00000000 00:00 0                          [stack:9116]
7f1d352c7000-7f1d354c7000 rw-p 00000000 00:00 0 
7f1d354c7000-7f1d356b9000 rw-p 00000000 00:00 0 
7f1d356b9000-7f1d356c7000 ---p 00000000 00:00 0 
7f1d35753000-7f1d35756000 ---p 00000000 00:00 0 
7f1d35756000-7f1d35854000 rw-p 00000000 00:00 0                          [stack:9115]
7f1d35854000-7f1d35857000 ---p 00000000 00:00 0 
7f1d35857000-7f1d35b55000 rw-p 00000000 00:00 0                          [stack:9238]
7f1d35b55000-7f1d35bd8000 r-xp 00000000 fd:00 1236790                    /usr/lib64/libfreeblpriv3.so
7f1d35bd8000-7f1d35dd7000 ---p 00083000 fd:00 1236790                    /usr/lib64/libfreeblpriv3.so
7f1d35dd7000-7f1d35dd9000 r--p 00082000 fd:00 1236790                    /usr/lib64/libfreeblpriv3.so
7f1d35dd9000-7f1d35dda000 rw-p 00084000 fd:00 1236790                    /usr/lib64/libfreeblpriv3.so
7f1d35dda000-7f1d35dde000 rw-p 00000000 00:00 0 
7f1d35dde000-7f1d35e18000 r-xp 00000000 fd:00 1236783                    /usr/lib64/libnspr4.so
7f1d35e18000-7f1d36017000 ---p 0003a000 fd:00 1236783                    /usr/lib64/libnspr4.so
7f1d36017000-7f1d36018000 r--p 00039000 fd:00 1236783                    /usr/lib64/libnspr4.so
7f1d36018000-7f1d3601a000 rw-p 0003a000 fd:00 1236783                    /usr/lib64/libnspr4.so
7f1d3601a000-7f1d3601c000 rw-p 00000000 00:00 0 
7f1d3601c000-7f1d36020000 r-xp 00000000 fd:00 1236784                    /usr/lib64/libplc4.so
7f1d36020000-7f1d3621f000 ---p 00004000 fd:00 1236784                    /usr/lib64/libplc4.so
7f1d3621f000-7f1d36220000 r--p 00003000 fd:00 1236784                    /usr/lib64/libplc4.so
7f1d36220000-7f1d36221000 rw-p 00004000 fd:00 1236784                    /usr/lib64/libplc4.so
7f1d36221000-7f1d36224000 r-xp 00000000 fd:00 1236785                    /usr/lib64/libplds4.so
7f1d36224000-7f1d36423000 ---p 00003000 fd:00 1236785                    /usr/lib64/libplds4.so
7f1d36423000-7f1d36424000 r--p 00002000 fd:00 1236785                    /usr/lib64/libplds4.so
7f1d36424000-7f1d36425000 rw-p 00003000 fd:00 1236785                    /usr/lib64/libplds4.so
7f1d36425000-7f1d3644d000 r-xp 00000000 fd:00 1236786                    /usr/lib64/libnssutil3.so
7f1d3644d000-7f1d3664c000 ---p 00028000 fd:00 1236786                    /usr/lib64/libnssutil3.so
7f1d3664c000-7f1d36653000 r--p 00027000 fd:00 1236786                    /usr/lib64/libnssutil3.so
7f1d36653000-7f1d36654000 rw-p 0002e000 fd:00 1236786                    /usr/lib64/libnssutil3.so
7f1d36654000-7f1d36775000 r-xp 00000000 fd:00 97993                      /usr/lib64/libnss3.so
7f1d36775000-7f1d36975000 ---p 00121000 fd:00 97993                      /usr/lib64/libnss3.so
7f1d36975000-7f1d3697a000 r--p 00121000 fd:00 97993                      /usr/lib64/libnss3.so
7f1d3697a000-7f1d3697c000 rw-p 00126000 fd:00 97993                      /usr/lib64/libnss3.so
7f1d3697c000-7f1d3697e000 rw-p 00000000 00:00 0 
7f1d3697e000-7f1d369a2000 r-xp 00000000 fd:00 599667                     /usr/lib64/libsmime3.so
7f1d369a2000-7f1d36ba1000 ---p 00024000 fd:00 599667                     /usr/lib64/libsmime3.so
7f1d36ba1000-7f1d36ba4000 r--p 00023000 fd:00 599667                     /usr/lib64/libsmime3.so
7f1d36ba4000-7f1d36ba5000 rw-p 00026000 fd:00 599667                     /usr/lib64/libsmime3.so
7f1d36ba5000-7f1d36bec000 r-xp 00000000 fd:00 599669                     /usr/lib64/libssl3.so
7f1d36bec000-7f1d36deb000 ---p 00047000 fd:00 599669                     /usr/lib64/libssl3.so
7f1d36deb000-7f1d36def000 r--p 00046000 fd:00 599669                     /usr/lib64/libssl3.so
7f1d36def000-7f1d36df0000 rw-p 0004a000 fd:00 599669                     /usr/lib64/libssl3.so
7f1d36df0000-7f1d36df1000 rw-p 00000000 00:00 0 
7f1d36df1000-7f1d36dfd000 r-xp 00000000 fd:00 17350604                   /usr/lib/jvm/java-1.8.0-openjdk-1.8.0.144-0.b01.el7_4.x86_64/jre/lib/amd64/libsunec.so
7f1d36dfd000-7f1d36ffc000 ---p 0000c000 fd:00 17350604                   /usr/lib/jvm/java-1.8.0-openjdk-1.8.0.144-0.b01.el7_4.x86_64/jre/lib/amd64/libsunec.so
7f1d36ffc000-7f1d36ffd000 r--p 0000b000 fd:00 17350604                   /usr/lib/jvm/java-1.8.0-openjdk-1.8.0.144-0.b01.el7_4.x86_64/jre/lib/amd64/libsunec.so
7f1d36ffd000-7f1d36ffe000 rw-p 0000c000 fd:00 17350604                   /usr/lib/jvm/java-1.8.0-openjdk-1.8.0.144-0.b01.el7_4.x86_64/jre/lib/amd64/libsunec.so
7f1d36ffe000-7f1d371fe000 rw-p 00000000 00:00 0 
7f1d371fe000-7f1d373fe000 rw-p 00000000 00:00 0 
7f1d373fe000-7f1d375fe000 rw-p 00000000 00:00 0 
7f1d375fe000-7f1d377fe000 rw-p 00000000 00:00 0 
7f1d377fe000-7f1d379fe000 rw-p 00000000 00:00 0 
7f1d379fe000-7f1d37bfe000 rw-p 00000000 00:00 0 
7f1d37bfe000-7f1d37c01000 ---p 00000000 00:00 0 
7f1d37c01000-7f1d37cff000 rw-p 00000000 00:00 0                          [stack:9235]
7f1d37cff000-7f1d37d02000 ---p 00000000 00:00 0 
7f1d37d02000-7f1d38000000 rw-p 00000000 00:00 0                          [stack:9060]
7f1d38000000-7f1d3858d000 rw-p 00000000 00:00 0 
7f1d3858d000-7f1d3c000000 ---p 00000000 00:00 0 
7f1d3c000000-7f1d3c070000 rw-p 00000000 00:00 0 
7f1d3c070000-7f1d40000000 ---p 00000000 00:00 0 
7f1d40000000-7f1d400f1000 rw-p 00000000 00:00 0 
7f1d400f1000-7f1d44000000 ---p 00000000 00:00 0 
7f1d44000000-7f1d440f3000 rw-p 00000000 00:00 0 
7f1d440f3000-7f1d48000000 ---p 00000000 00:00 0 
7f1d48000000-7f1d4ae4f000 rw-p 00000000 00:00 0 
7f1d4ae4f000-7f1d4c000000 ---p 00000000 00:00 0 
7f1d4c000000-7f1d4cf61000 rw-p 00000000 00:00 0 
7f1d4cf61000-7f1d50000000 ---p 00000000 00:00 0 
7f1d50000000-7f1d50021000 rw-p 00000000 00:00 0 
7f1d50021000-7f1d54000000 ---p 00000000 00:00 0 
7f1d54000000-7f1d57ffc000 rw-p 00000000 00:00 0 
7f1d57ffc000-7f1d58000000 ---p 00000000 00:00 0 
7f1d58000000-7f1d58067000 rw-p 00000000 00:00 0 
7f1d58067000-7f1d5c000000 ---p 00000000 00:00 0 
7f1d5c000000-7f1d5c076000 rw-p 00000000 00:00 0 
7f1d5c076000-7f1d60000000 ---p 00000000 00:00 0 
7f1d60000000-7f1d60043000 rw-p 00000000 00:00 0 
7f1d60043000-7f1d64000000 ---p 00000000 00:00 0 
7f1d64000000-7f1d64040000 rw-p 00000000 00:00 0 
7f1d64040000-7f1d68000000 ---p 00000000 00:00 0 
7f1d68000000-7f1d681d9000 rw-p 00000000 00:00 0 
7f1d681d9000-7f1d6c000000 ---p 00000000 00:00 0 
7f1d6c000000-7f1d6c021000 rw-p 00000000 00:00 0 
7f1d6c021000-7f1d70000000 ---p 00000000 00:00 0 
7f1d70000000-7f1d70066000 rw-p 00000000 00:00 0 
7f1d70066000-7f1d74000000 ---p 00000000 00:00 0 
7f1d74000000-7f1d74099000 rw-p 00000000 00:00 0 
7f1d74099000-7f1d78000000 ---p 00000000 00:00 0 
7f1d780ba000-7f1d782ba000 rw-p 00000000 00:00 0 
7f1d783b8000-7f1d785b8000 rw-p 00000000 00:00 0 
7f1d785b8000-7f1d787b8000 rw-p 00000000 00:00 0 
7f1d787b8000-7f1d789b8000 rw-p 00000000 00:00 0 
7f1d789b8000-7f1d789b9000 ---p 00000000 00:00 0 
7f1d789b9000-7f1d78ab9000 rw-p 00000000 00:00 0                          [stack:9059]
7f1d78ab9000-7f1d78abc000 ---p 00000000 00:00 0 
7f1d78abc000-7f1d78bba000 rw-p 00000000 00:00 0                          [stack:9058]
7f1d78bba000-7f1d78bbd000 ---p 00000000 00:00 0 
7f1d78bbd000-7f1d78cbb000 rw-p 00000000 00:00 0                          [stack:9057]
7f1d78cbb000-7f1d78ccd000 r-xp 00000000 fd:00 17350600                   /usr/lib/jvm/java-1.8.0-openjdk-1.8.0.144-0.b01.el7_4.x86_64/jre/lib/amd64/libnio.so
7f1d78ccd000-7f1d78ecc000 ---p 00012000 fd:00 17350600                   /usr/lib/jvm/java-1.8.0-openjdk-1.8.0.144-0.b01.el7_4.x86_64/jre/lib/amd64/libnio.so
7f1d78ecc000-7f1d78ecd000 r--p 00011000 fd:00 17350600                   /usr/lib/jvm/java-1.8.0-openjdk-1.8.0.144-0.b01.el7_4.x86_64/jre/lib/amd64/libnio.so
7f1d78ecd000-7f1d78ece000 rw-p 00012000 fd:00 17350600                   /usr/lib/jvm/java-1.8.0-openjdk-1.8.0.144-0.b01.el7_4.x86_64/jre/lib/amd64/libnio.so
7f1d78ece000-7f1d78ee5000 r-xp 00000000 fd:00 17350599                   /usr/lib/jvm/java-1.8.0-openjdk-1.8.0.144-0.b01.el7_4.x86_64/jre/lib/amd64/libnet.so
7f1d78ee5000-7f1d790e4000 ---p 00017000 fd:00 17350599                   /usr/lib/jvm/java-1.8.0-openjdk-1.8.0.144-0.b01.el7_4.x86_64/jre/lib/amd64/libnet.so
7f1d790e4000-7f1d790e5000 r--p 00016000 fd:00 17350599                   /usr/lib/jvm/java-1.8.0-openjdk-1.8.0.144-0.b01.el7_4.x86_64/jre/lib/amd64/libnet.so
7f1d790e5000-7f1d790e6000 rw-p 00017000 fd:00 17350599                   /usr/lib/jvm/java-1.8.0-openjdk-1.8.0.144-0.b01.el7_4.x86_64/jre/lib/amd64/libnet.so
7f1d790e6000-7f1d790ef000 r-xp 00000000 fd:00 17350597                   /usr/lib/jvm/java-1.8.0-openjdk-1.8.0.144-0.b01.el7_4.x86_64/jre/lib/amd64/libmanagement.so
7f1d790ef000-7f1d792ee000 ---p 00009000 fd:00 17350597                   /usr/lib/jvm/java-1.8.0-openjdk-1.8.0.144-0.b01.el7_4.x86_64/jre/lib/amd64/libmanagement.so
7f1d792ee000-7f1d792ef000 r--p 00008000 fd:00 17350597                   /usr/lib/jvm/java-1.8.0-openjdk-1.8.0.144-0.b01.el7_4.x86_64/jre/lib/amd64/libmanagement.so
7f1d792ef000-7f1d792f0000 rw-p 00009000 fd:00 17350597                   /usr/lib/jvm/java-1.8.0-openjdk-1.8.0.144-0.b01.el7_4.x86_64/jre/lib/amd64/libmanagement.so
7f1d792f0000-7f1d792f3000 ---p 00000000 00:00 0 
7f1d792f3000-7f1d793f1000 rw-p 00000000 00:00 0                          [stack:9056]
7f1d793f1000-7f1d793f5000 ---p 00000000 00:00 0 
7f1d793f5000-7f1d794f2000 rw-p 00000000 00:00 0                          [stack:9055]
7f1d794f2000-7f1d794f6000 ---p 00000000 00:00 0 
7f1d794f6000-7f1d795f3000 rw-p 00000000 00:00 0                          [stack:9054]
7f1d795f3000-7f1d795f7000 ---p 00000000 00:00 0 
7f1d795f7000-7f1d796f4000 rw-p 00000000 00:00 0                          [stack:9053]
7f1d796f4000-7f1d796f7000 ---p 00000000 00:00 0 
7f1d796f7000-7f1d797f5000 rw-p 00000000 00:00 0                          [stack:9052]
7f1d797f5000-7f1d797f8000 ---p 00000000 00:00 0 
7f1d797f8000-7f1d798f6000 rw-p 00000000 00:00 0                          [stack:9051]
7f1d798f6000-7f1d798fa000 r-xp 00000000 fd:00 17350581                   /usr/lib/jvm/java-1.8.0-openjdk-1.8.0.144-0.b01.el7_4.x86_64/jre/lib/amd64/libdt_socket.so
7f1d798fa000-7f1d79af9000 ---p 00004000 fd:00 17350581                   /usr/lib/jvm/java-1.8.0-openjdk-1.8.0.144-0.b01.el7_4.x86_64/jre/lib/amd64/libdt_socket.so
7f1d79af9000-7f1d79afa000 r--p 00003000 fd:00 17350581                   /usr/lib/jvm/java-1.8.0-openjdk-1.8.0.144-0.b01.el7_4.x86_64/jre/lib/amd64/libdt_socket.so
7f1d79afa000-7f1d79afb000 rw-p 00004000 fd:00 17350581                   /usr/lib/jvm/java-1.8.0-openjdk-1.8.0.144-0.b01.el7_4.x86_64/jre/lib/amd64/libdt_socket.so
7f1d79afb000-7f1d79afe000 ---p 00000000 00:00 0 
7f1d79afe000-7f1d79bfc000 rw-p 00000000 00:00 0                          [stack:9050]
7f1d79bfc000-7f1d79bff000 ---p 00000000 00:00 0 
7f1d79bff000-7f1d79cfd000 rw-p 00000000 00:00 0                          [stack:9049]
7f1d79cfd000-7f1d79d00000 ---p 00000000 00:00 0 
7f1d79d00000-7f1d79dfe000 rw-p 00000000 00:00 0                          [stack:9048]
7f1d79dfe000-7f1d79e01000 ---p 00000000 00:00 0 
7f1d79e01000-7f1d79eff000 rw-p 00000000 00:00 0                          [stack:9047]
7f1d79eff000-7f1d79f00000 ---p 00000000 00:00 0 
7f1d79f00000-7f1d7c000000 rw-p 00000000 00:00 0                          [stack:9046]
7f1d7c000000-7f1d7c0b7000 rw-p 00000000 00:00 0 
7f1d7c0b7000-7f1d80000000 ---p 00000000 00:00 0 
7f1d80000000-7f1d800b8000 rw-p 00000000 00:00 0 
7f1d800b8000-7f1d84000000 ---p 00000000 00:00 0 
7f1d84000000-7f1d840a9000 rw-p 00000000 00:00 0 
7f1d840a9000-7f1d88000000 ---p 00000000 00:00 0 
7f1d8809d000-7f1d880ae000 r--s 000cf000 fd:00 18025297                   /tmp/jar_cache8959674631616809101.tmp (deleted)
7f1d880ae000-7f1d880cc000 r--s 00231000 fd:00 17058522                   /tmp/jar_cache6003081882670962053.tmp (deleted)
7f1d880cc000-7f1d880d6000 r--s 0005c000 fd:00 18025290                   /tmp/jar_cache8248368449729734736.tmp (deleted)
7f1d880d6000-7f1d88124000 rw-p 00000000 00:00 0 
7f1d88124000-7f1d882f3000 r--s 043f2000 fd:00 2603555                    /usr/lib/jvm/java-1.8.0-openjdk-1.8.0.144-0.b01.el7_4.x86_64/jre/lib/rt.jar
7f1d882f3000-7f1d88bc4000 rw-p 00000000 00:00 0 
7f1d88bc4000-7f1d88bc5000 ---p 00000000 00:00 0 
7f1d88bc5000-7f1d89778000 rw-p 00000000 00:00 0                          [stack:9045]
7f1d89778000-7f1d89779000 ---p 00000000 00:00 0 
7f1d89779000-7f1d89879000 rw-p 00000000 00:00 0                          [stack:9044]
7f1d89879000-7f1d8987a000 ---p 00000000 00:00 0 
7f1d8987a000-7f1d8997a000 rw-p 00000000 00:00 0                          [stack:9043]
7f1d8997a000-7f1d8997b000 ---p 00000000 00:00 0 
7f1d8997b000-7f1d89b27000 rw-p 00000000 00:00 0                          [stack:9042]
7f1d89b27000-7f1d89e3b000 ---p 00000000 00:00 0 
7f1d89e3b000-7f1d8c90b000 rwxp 00000000 00:00 0 
7f1d8c90b000-7f1d98e3b000 ---p 00000000 00:00 0 
7f1d98e3b000-7f1d98e43000 r-xp 00000000 fd:00 17350607                   /usr/lib/jvm/java-1.8.0-openjdk-1.8.0.144-0.b01.el7_4.x86_64/jre/lib/amd64/libzip.so
7f1d98e43000-7f1d99042000 ---p 00008000 fd:00 17350607                   /usr/lib/jvm/java-1.8.0-openjdk-1.8.0.144-0.b01.el7_4.x86_64/jre/lib/amd64/libzip.so
7f1d99042000-7f1d99043000 r--p 00007000 fd:00 17350607                   /usr/lib/jvm/java-1.8.0-openjdk-1.8.0.144-0.b01.el7_4.x86_64/jre/lib/amd64/libzip.so
7f1d99043000-7f1d99044000 rw-p 00008000 fd:00 17350607                   /usr/lib/jvm/java-1.8.0-openjdk-1.8.0.144-0.b01.el7_4.x86_64/jre/lib/amd64/libzip.so
7f1d99044000-7f1d99050000 r-xp 00000000 fd:00 1236736                    /usr/lib64/libnss_files-2.17.so
7f1d99050000-7f1d9924f000 ---p 0000c000 fd:00 1236736                    /usr/lib64/libnss_files-2.17.so
7f1d9924f000-7f1d99250000 r--p 0000b000 fd:00 1236736                    /usr/lib64/libnss_files-2.17.so
7f1d99250000-7f1d99251000 rw-p 0000c000 fd:00 1236736                    /usr/lib64/libnss_files-2.17.so
7f1d99251000-7f1d99257000 rw-p 00000000 00:00 0 
7f1d99257000-7f1d9f780000 r--p 00000000 fd:00 16803011                   /usr/lib/locale/locale-archive
7f1d9f780000-7f1d9f782000 r-xp 00000000 fd:00 17350601                   /usr/lib/jvm/java-1.8.0-openjdk-1.8.0.144-0.b01.el7_4.x86_64/jre/lib/amd64/libnpt.so
7f1d9f782000-7f1d9f982000 ---p 00002000 fd:00 17350601                   /usr/lib/jvm/java-1.8.0-openjdk-1.8.0.144-0.b01.el7_4.x86_64/jre/lib/amd64/libnpt.so
7f1d9f982000-7f1d9f983000 r--p 00002000 fd:00 17350601                   /usr/lib/jvm/java-1.8.0-openjdk-1.8.0.144-0.b01.el7_4.x86_64/jre/lib/amd64/libnpt.so
7f1d9f983000-7f1d9f984000 rw-p 00003000 fd:00 17350601                   /usr/lib/jvm/java-1.8.0-openjdk-1.8.0.144-0.b01.el7_4.x86_64/jre/lib/amd64/libnpt.so
7f1d9f984000-7f1d9f9bf000 r-xp 00000000 fd:00 17350592                   /usr/lib/jvm/java-1.8.0-openjdk-1.8.0.144-0.b01.el7_4.x86_64/jre/lib/amd64/libjdwp.so
7f1d9f9bf000-7f1d9fbbf000 ---p 0003b000 fd:00 17350592                   /usr/lib/jvm/java-1.8.0-openjdk-1.8.0.144-0.b01.el7_4.x86_64/jre/lib/amd64/libjdwp.so
7f1d9fbbf000-7f1d9fbc0000 r--p 0003b000 fd:00 17350592                   /usr/lib/jvm/java-1.8.0-openjdk-1.8.0.144-0.b01.el7_4.x86_64/jre/lib/amd64/libjdwp.so
7f1d9fbc0000-7f1d9fbc1000 rw-p 0003c000 fd:00 17350592                   /usr/lib/jvm/java-1.8.0-openjdk-1.8.0.144-0.b01.el7_4.x86_64/jre/lib/amd64/libjdwp.so
7f1d9fbc1000-7f1d9fbee000 r-xp 00000000 fd:00 17350589                   /usr/lib/jvm/java-1.8.0-openjdk-1.8.0.144-0.b01.el7_4.x86_64/jre/lib/amd64/libjava.so
7f1d9fbee000-7f1d9fdee000 ---p 0002d000 fd:00 17350589                   /usr/lib/jvm/java-1.8.0-openjdk-1.8.0.144-0.b01.el7_4.x86_64/jre/lib/amd64/libjava.so
7f1d9fdee000-7f1d9fdef000 r--p 0002d000 fd:00 17350589                   /usr/lib/jvm/java-1.8.0-openjdk-1.8.0.144-0.b01.el7_4.x86_64/jre/lib/amd64/libjava.so
7f1d9fdef000-7f1d9fdf1000 rw-p 0002e000 fd:00 17350589                   /usr/lib/jvm/java-1.8.0-openjdk-1.8.0.144-0.b01.el7_4.x86_64/jre/lib/amd64/libjava.so
7f1d9fdf1000-7f1d9fdfe000 r-xp 00000000 fd:00 17350606                   /usr/lib/jvm/java-1.8.0-openjdk-1.8.0.144-0.b01.el7_4.x86_64/jre/lib/amd64/libverify.so
7f1d9fdfe000-7f1d9fffd000 ---p 0000d000 fd:00 17350606                   /usr/lib/jvm/java-1.8.0-openjdk-1.8.0.144-0.b01.el7_4.x86_64/jre/lib/amd64/libverify.so
7f1d9fffd000-7f1d9ffff000 r--p 0000c000 fd:00 17350606                   /usr/lib/jvm/java-1.8.0-openjdk-1.8.0.144-0.b01.el7_4.x86_64/jre/lib/amd64/libverify.so
7f1d9ffff000-7f1da0000000 rw-p 0000e000 fd:00 17350606                   /usr/lib/jvm/java-1.8.0-openjdk-1.8.0.144-0.b01.el7_4.x86_64/jre/lib/amd64/libverify.so
7f1da0000000-7f1da2b9f000 rw-p 00000000 00:00 0 
7f1da2b9f000-7f1da4000000 ---p 00000000 00:00 0 
7f1da4005000-7f1da4006000 rw-p 00000000 00:00 0 
7f1da4006000-7f1da400b000 r--s 00309000 fd:00 1230308                    /usr/lib/jvm/java-1.8.0-openjdk-1.8.0.144-0.b01.el7_4.x86_64/jre/lib/charsets.jar
7f1da400b000-7f1da4011000 r--s 00043000 fd:00 33837246                   /usr/lib/jvm/java-1.8.0-openjdk-1.8.0.144-0.b01.el7_4.x86_64/jre/lib/ext/sunjce_provider.jar
7f1da4011000-7f1da4024000 r--s 00346000 fd:00 2603554                    /usr/lib/jvm/java-1.8.0-openjdk-1.8.0.144-0.b01.el7_4.x86_64/jre/lib/resources.jar
7f1da4024000-7f1da403f000 r--s 001d6000 fd:00 33755071                   /usr/lib/jvm/java-1.8.0-openjdk-1.8.0.144-0.b01.el7_4.x86_64/jre/lib/ext/nashorn.jar
7f1da403f000-7f1da4049000 r--s 03d41000 fd:00 18025282                   /var/lib/cas/cashub/main-banc-dispacher-0.0.1-SNAPSHOT-spring-boot.jar
7f1da4049000-7f1da404a000 ---p 00000000 00:00 0 
7f1da404a000-7f1da414a000 rw-p 00000000 00:00 0                          [stack:9041]
7f1da414a000-7f1da4151000 r-xp 00000000 fd:00 1236742                    /usr/lib64/librt-2.17.so
7f1da4151000-7f1da4350000 ---p 00007000 fd:00 1236742                    /usr/lib64/librt-2.17.so
7f1da4350000-7f1da4351000 r--p 00006000 fd:00 1236742                    /usr/lib64/librt-2.17.so
7f1da4351000-7f1da4352000 rw-p 00007000 fd:00 1236742                    /usr/lib64/librt-2.17.so
7f1da4352000-7f1da4367000 r-xp 00000000 fd:00 480939                     /usr/lib64/libgcc_s-4.8.5-20150702.so.1
7f1da4367000-7f1da4566000 ---p 00015000 fd:00 480939                     /usr/lib64/libgcc_s-4.8.5-20150702.so.1
7f1da4566000-7f1da4567000 r--p 00014000 fd:00 480939                     /usr/lib64/libgcc_s-4.8.5-20150702.so.1
7f1da4567000-7f1da4568000 rw-p 00015000 fd:00 480939                     /usr/lib64/libgcc_s-4.8.5-20150702.so.1
7f1da4568000-7f1da4669000 r-xp 00000000 fd:00 1235373                    /usr/lib64/libm-2.17.so
7f1da4669000-7f1da4868000 ---p 00101000 fd:00 1235373                    /usr/lib64/libm-2.17.so
7f1da4868000-7f1da4869000 r--p 00100000 fd:00 1235373                    /usr/lib64/libm-2.17.so
7f1da4869000-7f1da486a000 rw-p 00101000 fd:00 1235373                    /usr/lib64/libm-2.17.so
7f1da486a000-7f1da4953000 r-xp 00000000 fd:00 219268                     /usr/lib64/libstdc++.so.6.0.19
7f1da4953000-7f1da4b52000 ---p 000e9000 fd:00 219268                     /usr/lib64/libstdc++.so.6.0.19
7f1da4b52000-7f1da4b5a000 r--p 000e8000 fd:00 219268                     /usr/lib64/libstdc++.so.6.0.19
7f1da4b5a000-7f1da4b5c000 rw-p 000f0000 fd:00 219268                     /usr/lib64/libstdc++.so.6.0.19
7f1da4b5c000-7f1da4b71000 rw-p 00000000 00:00 0 
7f1da4b71000-7f1da582e000 r-xp 00000000 fd:00 2603529                    /usr/lib/jvm/java-1.8.0-openjdk-1.8.0.144-0.b01.el7_4.x86_64/jre/lib/amd64/server/libjvm.so
7f1da582e000-7f1da5a2d000 ---p 00cbd000 fd:00 2603529                    /usr/lib/jvm/java-1.8.0-openjdk-1.8.0.144-0.b01.el7_4.x86_64/jre/lib/amd64/server/libjvm.so
7f1da5a2d000-7f1da5ad8000 r--p 00cbc000 fd:00 2603529                    /usr/lib/jvm/java-1.8.0-openjdk-1.8.0.144-0.b01.el7_4.x86_64/jre/lib/amd64/server/libjvm.so
7f1da5ad8000-7f1da5b01000 rw-p 00d67000 fd:00 2603529                    /usr/lib/jvm/java-1.8.0-openjdk-1.8.0.144-0.b01.el7_4.x86_64/jre/lib/amd64/server/libjvm.so
7f1da5b01000-7f1da5b34000 rw-p 00000000 00:00 0 
7f1da5b34000-7f1da5cf7000 r-xp 00000000 fd:00 59005                      /usr/lib64/libc-2.17.so
7f1da5cf7000-7f1da5ef6000 ---p 001c3000 fd:00 59005                      /usr/lib64/libc-2.17.so
7f1da5ef6000-7f1da5efa000 r--p 001c2000 fd:00 59005                      /usr/lib64/libc-2.17.so
7f1da5efa000-7f1da5efc000 rw-p 001c6000 fd:00 59005                      /usr/lib64/libc-2.17.so
7f1da5efc000-7f1da5f01000 rw-p 00000000 00:00 0 
7f1da5f01000-7f1da5f03000 r-xp 00000000 fd:00 1235371                    /usr/lib64/libdl-2.17.so
7f1da5f03000-7f1da6103000 ---p 00002000 fd:00 1235371                    /usr/lib64/libdl-2.17.so
7f1da6103000-7f1da6104000 r--p 00002000 fd:00 1235371                    /usr/lib64/libdl-2.17.so
7f1da6104000-7f1da6105000 rw-p 00003000 fd:00 1235371                    /usr/lib64/libdl-2.17.so
7f1da6105000-7f1da6113000 r-xp 00000000 fd:00 50583498                   /usr/lib/jvm/java-1.8.0-openjdk-1.8.0.144-0.b01.el7_4.x86_64/jre/lib/amd64/jli/libjli.so
7f1da6113000-7f1da6312000 ---p 0000e000 fd:00 50583498                   /usr/lib/jvm/java-1.8.0-openjdk-1.8.0.144-0.b01.el7_4.x86_64/jre/lib/amd64/jli/libjli.so
7f1da6312000-7f1da6313000 r--p 0000d000 fd:00 50583498                   /usr/lib/jvm/java-1.8.0-openjdk-1.8.0.144-0.b01.el7_4.x86_64/jre/lib/amd64/jli/libjli.so
7f1da6313000-7f1da6314000 rw-p 0000e000 fd:00 50583498                   /usr/lib/jvm/java-1.8.0-openjdk-1.8.0.144-0.b01.el7_4.x86_64/jre/lib/amd64/jli/libjli.so
7f1da6314000-7f1da6329000 r-xp 00000000 fd:00 81032                      /usr/lib64/libz.so.1.2.7
7f1da6329000-7f1da6528000 ---p 00015000 fd:00 81032                      /usr/lib64/libz.so.1.2.7
7f1da6528000-7f1da6529000 r--p 00014000 fd:00 81032                      /usr/lib64/libz.so.1.2.7
7f1da6529000-7f1da652a000 rw-p 00015000 fd:00 81032                      /usr/lib64/libz.so.1.2.7
7f1da652a000-7f1da6541000 r-xp 00000000 fd:00 59031                      /usr/lib64/libpthread-2.17.so
7f1da6541000-7f1da6740000 ---p 00017000 fd:00 59031                      /usr/lib64/libpthread-2.17.so
7f1da6740000-7f1da6741000 r--p 00016000 fd:00 59031                      /usr/lib64/libpthread-2.17.so
7f1da6741000-7f1da6742000 rw-p 00017000 fd:00 59031                      /usr/lib64/libpthread-2.17.so
7f1da6742000-7f1da6746000 rw-p 00000000 00:00 0 
7f1da6746000-7f1da6768000 r-xp 00000000 fd:00 735553                     /usr/lib64/ld-2.17.so
7f1da6768000-7f1da676a000 rw-p 00000000 00:00 0 
7f1da676a000-7f1da676b000 r--s 00007000 fd:00 33837245                   /usr/lib/jvm/java-1.8.0-openjdk-1.8.0.144-0.b01.el7_4.x86_64/jre/lib/ext/sunec.jar
7f1da676b000-7f1da6792000 rw-p 00000000 00:00 0 
7f1da6792000-7f1da67c1000 ---p 00000000 00:00 0 
7f1da67c1000-7f1da67cb000 rw-p 00000000 00:00 0 
7f1da67cb000-7f1da67eb000 ---p 00000000 00:00 0 
7f1da67eb000-7f1da6812000 rw-p 00000000 00:00 0 
7f1da6812000-7f1da6841000 ---p 00000000 00:00 0 
7f1da6841000-7f1da6842000 rw-p 00000000 00:00 0 
7f1da6842000-7f1da6846000 ---p 00000000 00:00 0 
7f1da6846000-7f1da6948000 rw-p 00000000 00:00 0                          [stack:9040]
7f1da6948000-7f1da694b000 r--s 00018000 fd:00 2603544                    /usr/lib/jvm/java-1.8.0-openjdk-1.8.0.144-0.b01.el7_4.x86_64/jre/lib/jce.jar
7f1da694b000-7f1da6950000 r--s 000b3000 fd:00 2603546                    /usr/lib/jvm/java-1.8.0-openjdk-1.8.0.144-0.b01.el7_4.x86_64/jre/lib/jsse.jar
7f1da6950000-7f1da695c000 rw-p 00000000 00:00 0 
7f1da695c000-7f1da6964000 rw-s 00000000 fd:00 40114939                   /tmp/hsperfdata_casadmin/9025
7f1da6964000-7f1da6965000 rw-p 00000000 00:00 0 
7f1da6965000-7f1da6966000 r--p 00000000 00:00 0 
7f1da6966000-7f1da6967000 rw-p 00000000 00:00 0 
7f1da6967000-7f1da6968000 r--p 00021000 fd:00 735553                     /usr/lib64/ld-2.17.so
7f1da6968000-7f1da6969000 rw-p 00022000 fd:00 735553                     /usr/lib64/ld-2.17.so
7f1da6969000-7f1da696a000 rw-p 00000000 00:00 0 
7fff4b4bf000-7fff4b4e0000 rw-p 00000000 00:00 0                          [stack]
7fff4b572000-7fff4b574000 r-xp 00000000 00:00 0                          [vdso]
ffffffffff600000-ffffffffff601000 r-xp 00000000 00:00 0                  [vsyscall]

VM Arguments:
jvm_args: -Djava.awt.headless=true -Xmx256m -XX:+UseConcMarkSweepGC -Djava.awt.headless=true -Xmx256m -XX:+UseConcMarkSweepGC -Dlogging.config=/etc/default/casconfig/cas-hub/log4j2.xml -Xdebug -Xrunjdwp:transport=dt_socket,address=12005,server=y,suspend=n -ea -Djava.net.preferIPv4Stack=true -Dcom.sun.management.jmxremote.authenticate=false -Dcom.sun.management.jmxremote.ssl=false -Dcom.sun.management.jmxremote=true -Dcom.sun.management.jmxremote.rmi.port=12007 -Dcom.sun.management.jmxremote.local.only=false -Djava.rmi.server.hostname=10.45.250.6 -Dcom.sun.management.jmxremote.port=12007 -Dcasmain.properties.filepath=file:/etc/default/casconfig/cas-gen/mq-base0.properties,file:/etc/default/casconfig/cas-gen/db-base0.properties,file:/etc/default/casconfig/cas-hub/hub-base0.properties -Dport=12004 -ea 
java_command: main-banc-dispacher-0.0.1-SNAPSHOT-spring-boot.jar
java_class_path (initial): main-banc-dispacher-0.0.1-SNAPSHOT-spring-boot.jar
Launcher Type: SUN_STANDARD

Environment Variables:
PATH=/usr/local/sbin:/usr/local/bin:/usr/sbin:/usr/bin
SHELL=/bin/bash

Signal Handlers:
SIGSEGV: [libjvm.so+0xaada50], sa_mask[0]=11111111011111111101111111111110, sa_flags=SA_RESTART|SA_SIGINFO
SIGBUS: [libjvm.so+0xaada50], sa_mask[0]=11111111011111111101111111111110, sa_flags=SA_RESTART|SA_SIGINFO
SIGFPE: [libjvm.so+0x8a8280], sa_mask[0]=11111111011111111101111111111110, sa_flags=SA_RESTART|SA_SIGINFO
SIGPIPE: SIG_IGN, sa_mask[0]=00000000000000000000000000000000, sa_flags=none
SIGXFSZ: [libjvm.so+0x8a8280], sa_mask[0]=11111111011111111101111111111110, sa_flags=SA_RESTART|SA_SIGINFO
SIGILL: [libjvm.so+0x8a8280], sa_mask[0]=11111111011111111101111111111110, sa_flags=SA_RESTART|SA_SIGINFO
SIGUSR1: SIG_DFL, sa_mask[0]=00000000000000000000000000000000, sa_flags=none
SIGUSR2: [libjvm.so+0x8a8130], sa_mask[0]=00000000000000000000000000000000, sa_flags=SA_RESTART|SA_SIGINFO
SIGHUP: [libjvm.so+0x8a8340], sa_mask[0]=11111111011111111101111111111110, sa_flags=SA_RESTART|SA_SIGINFO
SIGINT: [libjvm.so+0x8a8340], sa_mask[0]=11111111011111111101111111111110, sa_flags=SA_RESTART|SA_SIGINFO
SIGTERM: [libjvm.so+0x8a8340], sa_mask[0]=11111111011111111101111111111110, sa_flags=SA_RESTART|SA_SIGINFO
SIGQUIT: [libjvm.so+0x8a8340], sa_mask[0]=11111111011111111101111111111110, sa_flags=SA_RESTART|SA_SIGINFO


---------------  S Y S T E M  ---------------

OS:CentOS Linux release 7.3.1611 (Core) 

uname:Linux 3.10.0-514.el7.x86_64 #1 SMP Tue Nov 22 16:42:41 UTC 2016 x86_64
libc:glibc 2.17 NPTL 2.17 
rlimit: STACK 8192k, CORE 0k, NPROC 15012, NOFILE 4096, AS infinity
load average:0.09 0.05 0.05

/proc/meminfo:
MemTotal:        3874068 kB
MemFree:          161576 kB
MemAvailable:     300492 kB
Buffers:               0 kB
Cached:           467616 kB
SwapCached:        65288 kB
Active:          2307888 kB
Inactive:        1034412 kB
Active(anon):    2197652 kB
Inactive(anon):   855408 kB
Active(file):     110236 kB
Inactive(file):   179004 kB
Unevictable:           0 kB
Mlocked:               0 kB
SwapTotal:       2097148 kB
SwapFree:         532628 kB
Dirty:              1236 kB
Writeback:             0 kB
AnonPages:       2810488 kB
Mapped:            43760 kB
Shmem:            178212 kB
Slab:             190216 kB
SReclaimable:     108756 kB
SUnreclaim:        81460 kB
KernelStack:       16416 kB
PageTables:        64056 kB
NFS_Unstable:          0 kB
Bounce:                0 kB
WritebackTmp:          0 kB
CommitLimit:     4034180 kB
Committed_AS:    9353000 kB
VmallocTotal:   34359738367 kB
VmallocUsed:      171280 kB
VmallocChunk:   34359326716 kB
HardwareCorrupted:     0 kB
AnonHugePages:   1994752 kB
HugePages_Total:       0
HugePages_Free:        0
HugePages_Rsvd:        0
HugePages_Surp:        0
Hugepagesize:       2048 kB
DirectMap4k:      161664 kB
DirectMap2M:     4032512 kB
DirectMap1G:     2097152 kB


CPU:total 4 (initial active 4) (2 cores per cpu, 1 threads per core) family 6 model 79 stepping 1, cmov, cx8, fxsr, mmx, sse, sse2, sse3, ssse3, sse4.1, sse4.2, popcnt, avx, aes, clmul, erms, 3dnowpref, tsc, tscinvbit

/proc/cpuinfo:
processor	: 0
vendor_id	: GenuineIntel
cpu family	: 6
model		: 79
model name	: Intel(R) Xeon(R) CPU E5-2680 v4 @ 2.40GHz
stepping	: 1
microcode	: 0xb00002a
cpu MHz		: 2399.648
cache size	: 35840 KB
physical id	: 0
siblings	: 2
core id		: 0
cpu cores	: 2
apicid		: 0
initial apicid	: 0
fpu		: yes
fpu_exception	: yes
cpuid level	: 20
wp		: yes
flags		: fpu vme de pse tsc msr pae mce cx8 apic sep mtrr pge mca cmov pat pse36 clflush dts mmx fxsr sse sse2 ss ht syscall nx pdpe1gb rdtscp lm constant_tsc arch_perfmon pebs bts nopl xtopology tsc_reliable nonstop_tsc pni pclmulqdq ssse3 fma cx16 pcid sse4_1 sse4_2 x2apic movbe popcnt aes xsave avx f16c rdrand hypervisor lahf_lm 3dnowprefetch arat fsgsbase smep
bogomips	: 4799.99
clflush size	: 64
cache_alignment	: 64
address sizes	: 40 bits physical, 48 bits virtual
power management:

processor	: 1
vendor_id	: GenuineIntel
cpu family	: 6
model		: 79
model name	: Intel(R) Xeon(R) CPU E5-2680 v4 @ 2.40GHz
stepping	: 1
microcode	: 0xb00002a
cpu MHz		: 2399.648
cache size	: 35840 KB
physical id	: 0
siblings	: 2
core id		: 1
cpu cores	: 2
apicid		: 1
initial apicid	: 1
fpu		: yes
fpu_exception	: yes
cpuid level	: 20
wp		: yes
flags		: fpu vme de pse tsc msr pae mce cx8 apic sep mtrr pge mca cmov pat pse36 clflush dts mmx fxsr sse sse2 ss ht syscall nx pdpe1gb rdtscp lm constant_tsc arch_perfmon pebs bts nopl xtopology tsc_reliable nonstop_tsc pni pclmulqdq ssse3 fma cx16 pcid sse4_1 sse4_2 x2apic movbe popcnt aes xsave avx f16c rdrand hypervisor lahf_lm 3dnowprefetch arat fsgsbase smep
bogomips	: 4799.99
clflush size	: 64
cache_alignment	: 64
address sizes	: 40 bits physical, 48 bits virtual
power management:

processor	: 2
vendor_id	: GenuineIntel
cpu family	: 6
model		: 79
model name	: Intel(R) Xeon(R) CPU E5-2680 v4 @ 2.40GHz
stepping	: 1
microcode	: 0xb00002a
cpu MHz		: 2399.648
cache size	: 35840 KB
physical id	: 1
siblings	: 2
core id		: 0
cpu cores	: 2
apicid		: 2
initial apicid	: 2
fpu		: yes
fpu_exception	: yes
cpuid level	: 20
wp		: yes
flags		: fpu vme de pse tsc msr pae mce cx8 apic sep mtrr pge mca cmov pat pse36 clflush dts mmx fxsr sse sse2 ss ht syscall nx pdpe1gb rdtscp lm constant_tsc arch_perfmon pebs bts nopl xtopology tsc_reliable nonstop_tsc pni pclmulqdq ssse3 fma cx16 pcid sse4_1 sse4_2 x2apic movbe popcnt aes xsave avx f16c rdrand hypervisor lahf_lm 3dnowprefetch arat fsgsbase smep
bogomips	: 4799.99
clflush size	: 64
cache_alignment	: 64
address sizes	: 40 bits physical, 48 bits virtual
power management:

processor	: 3
vendor_id	: GenuineIntel
cpu family	: 6
model		: 79
model name	: Intel(R) Xeon(R) CPU E5-2680 v4 @ 2.40GHz
stepping	: 1
microcode	: 0xb00002a
cpu MHz		: 2399.648
cache size	: 35840 KB
physical id	: 1
siblings	: 2
core id		: 1
cpu cores	: 2
apicid		: 3
initial apicid	: 3
fpu		: yes
fpu_exception	: yes
cpuid level	: 20
wp		: yes
flags		: fpu vme de pse tsc msr pae mce cx8 apic sep mtrr pge mca cmov pat pse36 clflush dts mmx fxsr sse sse2 ss ht syscall nx pdpe1gb rdtscp lm constant_tsc arch_perfmon pebs bts nopl xtopology tsc_reliable nonstop_tsc pni pclmulqdq ssse3 fma cx16 pcid sse4_1 sse4_2 x2apic movbe popcnt aes xsave avx f16c rdrand hypervisor lahf_lm 3dnowprefetch arat fsgsbase smep
bogomips	: 4799.99
clflush size	: 64
cache_alignment	: 64
address sizes	: 40 bits physical, 48 bits virtual
power management:



Memory: 4k page, physical 3874068k(161576k free), swap 2097148k(532628k free)

vm_info: OpenJDK 64-Bit Server VM (25.144-b01) for linux-amd64 JRE (1.8.0_144-b01), built on Sep  6 2017 14:53:02 by "mockbuild" with gcc 4.8.5 20150623 (Red Hat 4.8.5-16)

time: Wed Nov 21 20:50:14 2018
elapsed time: 3036 seconds (0d 0h 50m 36s)

