#
# A fatal error has been detected by the Java Runtime Environment:
#
#  SIGBUS (0x7) at pc=0x00007f70a6e3d2ed, pid=5023, tid=0x00007f70234fc700
#
# JRE version: OpenJDK Runtime Environment (8.0_144-b01) (build 1.8.0_144-b01)
# Java VM: OpenJDK 64-Bit Server VM (25.144-b01 mixed mode linux-amd64 compressed oops)
# Problematic frame:
# C  [libzip.so+0x52ed]
#
# Failed to write core dump. Core dumps have been disabled. To enable core dumping, try "ulimit -c unlimited" before starting Java again
#
# If you would like to submit a bug report, please visit:
#   http://bugreport.java.com/bugreport/crash.jsp
# The crash happened outside the Java Virtual Machine in native code.
# See problematic frame for where to report the bug.
#

---------------  T H R E A D  ---------------

Current thread (0x00007f70180df000):  JavaThread "myScheduler-3" [_thread_in_native, id=5596, stack(0x00007f70233fc000,0x00007f70234fd000)]

siginfo: si_signo: 7 (SIGBUS), si_code: 2 (BUS_ADRERR), si_addr: 0x00007f70a40b2ffb

Registers:
RAX=0x00007f700801d730, RBX=0x00007f70a02a26f0, RCX=0x0000000000000000, RDX=0x00007f700801d730
RSP=0x00007f70234f8670, RBP=0x00007f70234f86d0, RSI=0x000000003401000c, RDI=0x0000000000000000
R8 =0x0000000000200000, R9 =0x0000000000000048, R10=0x0000000000000005, R11=0x00007f70a964b4a0
R12=0x00007f70a02a3258, R13=0x00007f70a40b2fde, R14=0x00007f700801d730, R15=0x00007f70a02a26f0
RIP=0x00007f70a6e3d2ed, EFLAGS=0x0000000000010206, CSGSFS=0x0000000000000033, ERR=0x0000000000000004
  TRAPNO=0x000000000000000e

Top of Stack: (sp=0x00007f70234f8670)
0x00007f70234f8670:   00000000f12005b0 00007f708c5965b4
0x00007f70234f8680:   00000000f12005f0 00000000f1204030
0x00007f70234f8690:   00007f70180df000 00007f70a8d692be
0x00007f70234f86a0:   0000000000000016 00007f70a02a3250
0x00007f70234f86b0:   000000000f9d8395 00007f70234f8755
0x00007f70234f86c0:   00007f7034005bd0 00007f70a02a26f0
0x00007f70234f86d0:   00007f70234f8720 00007f70a6e3e114
0x00007f70234f86e0:   00007f70234f8740 0000001601263400
0x00007f70234f86f0:   00007f70234f8720 0000000000000016
0x00007f70234f8700:   00007f70180df258 00007f70234f8b98
0x00007f70234f8710:   00007f70234f8bc0 0000000000000001
0x00007f70234f8720:   00007f70234f8b80 00007f70a6e3bcfd
0x00007f70234f8730:   00007f70234f8740 00007f70a02a26f0
0x00007f70234f8740:   464e492d4154454d 7473616d7365722f
0x00007f70234f8750:   00006c6d782e7265 00007f70ffffffff
0x00007f70234f8760:   0000000000000000 00007f70a0006a30
0x00007f70234f8770:   0000000000000000 00007f7000000047
0x00007f70234f8780:   00000000f1204050 00007f70a0006a30
0x00007f70234f8790:   00007f70a0006b2f 0000000000000000
0x00007f70234f87a0:   0000000000000000 0000000000000000
0x00007f70234f87b0:   0000000000000000 00000000f1204050
0x00007f70234f87c0:   00000004180df000 0000000000000000
0x00007f70234f87d0:   00000000f57a0000 0000000000000000
0x00007f70234f87e0:   00000000f5e8b518 0000000000000000
0x00007f70234f87f0:   00000000f12004d0 0000000023830ca0
0x00007f70234f8800:   0000000023830da0 00000000ffffffff
0x00007f70234f8810:   0000000000000000 00007f7023834b30
0x00007f70234f8820:   0000000000000000 00007f7000000027
0x00007f70234f8830:   00000000f1204050 00007f708b227b14
0x00007f70234f8840:   f5dde2d804d50da7 00000000f000c0b0
0x00007f70234f8850:   00000000212b1ca0 00000000f5dde2d8
0x00007f70234f8860:   000000002382a248 00000000f1204050 

Instructions: (pc=0x00007f70a6e3d2ed)
0x00007f70a6e3d2cd:   73 48 48 8b 7b 10 b9 a0 00 00 00 49 8b 14 24 e8
0x00007f70a6e3d2dd:   8f fe ff ff 49 89 c5 4d 85 ed 0f 84 e3 04 00 00
0x00007f70a6e3d2ed:   45 0f b6 55 1d 41 0f b6 45 1c 45 31 e4 41 0f b6
0x00007f70a6e3d2fd:   55 0d 41 0f b6 75 0e 45 0f b6 7d 1f 41 c1 e2 08 

Register to memory mapping:

RAX=0x00007f700801d730 is an unknown value
RBX=0x00007f70a02a26f0 is an unknown value
RCX=0x0000000000000000 is an unknown value
RDX=0x00007f700801d730 is an unknown value
RSP=0x00007f70234f8670 is pointing into the stack for thread: 0x00007f70180df000
RBP=0x00007f70234f86d0 is pointing into the stack for thread: 0x00007f70180df000
RSI=0x000000003401000c is an unknown value
RDI=0x0000000000000000 is an unknown value
R8 =0x0000000000200000 is an unknown value
R9 =0x0000000000000048 is an unknown value
R10=0x0000000000000005 is an unknown value
R11=0x00007f70a964b4a0: <offset 0x18d4a0> in /lib64/libc.so.6 at 0x00007f70a94be000
R12=0x00007f70a02a3258 is an unknown value
R13=0x00007f70a40b2fde is an unknown value
R14=0x00007f700801d730 is an unknown value
R15=0x00007f70a02a26f0 is an unknown value


Stack: [0x00007f70233fc000,0x00007f70234fd000],  sp=0x00007f70234f8670,  free space=1009k
Native frames: (J=compiled Java code, j=interpreted, Vv=VM code, C=native code)
C  [libzip.so+0x52ed]
C  [libzip.so+0x6114]
C  [libzip.so+0x3cfd]  Java_java_util_zip_ZipFile_getEntry+0xfd
J 996  java.util.zip.ZipFile.getEntry(J[BZ)J (0 bytes) @ 0x00007f708ae79ace [0x00007f708ae79a00+0xce]
J 5206 C2 java.util.zip.ZipFile.getEntry(Ljava/lang/String;)Ljava/util/zip/ZipEntry; (101 bytes) @ 0x00007f708b22a0f4 [0x00007f708b22a020+0xd4]
J 2372 C2 sun.misc.URLClassPath.findResource(Ljava/lang/String;Z)Ljava/net/URL; (47 bytes) @ 0x00007f708ae42aa8 [0x00007f708ae427e0+0x2c8]
J 2586 C2 java.net.URLClassLoader$2.run()Ljava/lang/Object; (5 bytes) @ 0x00007f708ae49bb8 [0x00007f708ae49b60+0x58]
v  ~StubRoutines::call_stub
V  [libjvm.so+0x66f77a]
V  [libjvm.so+0x6c0b3d]  JVM_DoPrivileged+0x55d
J 1126  java.security.AccessController.doPrivileged(Ljava/security/PrivilegedAction;Ljava/security/AccessControlContext;)Ljava/lang/Object; (0 bytes) @ 0x00007f708aed9dd5 [0x00007f708aed9d00+0xd5]
J 3470 C2 java.net.URLClassLoader.findResource(Ljava/lang/String;)Ljava/net/URL; (37 bytes) @ 0x00007f708b6ee418 [0x00007f708b6ee380+0x98]
J 4207 C1 java.lang.ClassLoader.getResource(Ljava/lang/String;)Ljava/net/URL; (36 bytes) @ 0x00007f708aec134c [0x00007f708aec0ea0+0x4ac]
J 4207 C1 java.lang.ClassLoader.getResource(Ljava/lang/String;)Ljava/net/URL; (36 bytes) @ 0x00007f708aec0ff4 [0x00007f708aec0ea0+0x154]
J 5627 C1 java.net.URLClassLoader.getResourceAsStream(Ljava/lang/String;)Ljava/io/InputStream; (137 bytes) @ 0x00007f708bc2155c [0x00007f708bc21440+0x11c]
J 2531 C1 org.springframework.core.io.ClassPathResource.getInputStream()Ljava/io/InputStream; (88 bytes) @ 0x00007f708aee019c [0x00007f708aedf640+0xb5c]
j  com.antruak.idm.batch.helper.ResourceDispatcher.getResMaster()Lcom/antruak/idm/batch/request/ResMaster;+9
j  com.antruak.idm.batch.process.ResourceProcessorDb.getResMaster()Lcom/antruak/idm/batch/request/ResMaster;+6
j  com.antruak.idm.batch.process.ResourceProcessorDb$$FastClassBySpringCGLIB$$d17a90ac.invoke(ILjava/lang/Object;[Ljava/lang/Object;)Ljava/lang/Object;+61
J 11210 C1 org.springframework.cglib.proxy.MethodProxy.invoke(Ljava/lang/Object;[Ljava/lang/Object;)Ljava/lang/Object; (72 bytes) @ 0x00007f708cd37dec [0x00007f708cd37c80+0x16c]
J 11208 C1 org.springframework.aop.framework.CglibAopProxy$DynamicAdvisedInterceptor.intercept(Ljava/lang/Object;Ljava/lang/reflect/Method;[Ljava/lang/Object;Lorg/springframework/cglib/proxy/MethodProxy;)Ljava/lang/Object; (192 bytes) @ 0x00007f708cd3129c [0x00007f708cd30820+0xa7c]
j  com.antruak.idm.batch.process.ResourceProcessorDb$$EnhancerBySpringCGLIB$$14dff02d.getResMaster()Lcom/antruak/idm/batch/request/ResMaster;+31
j  com.antruak.banc.batch.tools.HubServiceListener.targetMgm(Ljava/lang/String;Ljava/util/Properties;Ljava/lang/String;Ljavax/jms/Destination;)Ljava/util/Map;+125
j  sun.reflect.GeneratedMethodAccessor162.invoke(Ljava/lang/Object;[Ljava/lang/Object;)Ljava/lang/Object;+64
J 9381 C2 java.lang.reflect.Method.invoke(Ljava/lang/Object;[Ljava/lang/Object;)Ljava/lang/Object; (62 bytes) @ 0x00007f708bf0e6d4 [0x00007f708bf0e620+0xb4]
J 10705 C1 org.springframework.aop.support.AopUtils.invokeJoinpointUsingReflection(Ljava/lang/Object;Ljava/lang/reflect/Method;[Ljava/lang/Object;)Ljava/lang/Object; (94 bytes) @ 0x00007f708cb86b6c [0x00007f708cb86a40+0x12c]
j  org.springframework.aop.framework.ReflectiveMethodInvocation.invokeJoinpoint()Ljava/lang/Object;+12
j  org.springframework.aop.framework.ReflectiveMethodInvocation.proceed()Ljava/lang/Object;+19
j  com.ryantenney.metrics.spring.MeteredMethodInterceptor.invoke(Lorg/aopalliance/intercept/MethodInvocation;Lcom/codahale/metrics/Meter;Lcom/codahale/metrics/annotation/Metered;)Ljava/lang/Object;+5
j  com.ryantenney.metrics.spring.MeteredMethodInterceptor.invoke(Lorg/aopalliance/intercept/MethodInvocation;Ljava/lang/Object;Ljava/lang/annotation/Annotation;)Ljava/lang/Object;+10
j  com.ryantenney.metrics.spring.AbstractMetricMethodInterceptor.invoke(Lorg/aopalliance/intercept/MethodInvocation;)Ljava/lang/Object;+36
j  org.springframework.aop.framework.ReflectiveMethodInvocation.proceed()Ljava/lang/Object;+101
j  com.ryantenney.metrics.spring.TimedMethodInterceptor.invoke(Lorg/aopalliance/intercept/MethodInvocation;Lcom/codahale/metrics/Timer;Lcom/codahale/metrics/annotation/Timed;)Ljava/lang/Object;+7
j  com.ryantenney.metrics.spring.TimedMethodInterceptor.invoke(Lorg/aopalliance/intercept/MethodInvocation;Ljava/lang/Object;Ljava/lang/annotation/Annotation;)Ljava/lang/Object;+10
j  com.ryantenney.metrics.spring.AbstractMetricMethodInterceptor.invoke(Lorg/aopalliance/intercept/MethodInvocation;)Ljava/lang/Object;+36
j  org.springframework.aop.framework.ReflectiveMethodInvocation.proceed()Ljava/lang/Object;+101
J 10704 C1 org.springframework.aop.framework.JdkDynamicAopProxy.invoke(Ljava/lang/Object;Ljava/lang/reflect/Method;[Ljava/lang/Object;)Ljava/lang/Object; (574 bytes) @ 0x00007f708cb81604 [0x00007f708cb80520+0x10e4]
j  com.sun.proxy.$Proxy155.targetMgm(Ljava/lang/String;Ljava/util/Properties;Ljava/lang/String;Ljavax/jms/Destination;)Ljava/util/Map;+29
j  com.antruak.idm.frontend.FrontEndBatchCP.provisionOnline()V+238
j  com.antruak.idm.frontend.FrontEndBatchCP.scheduler()V+395
j  com.antruak.idm.frontend.FrontEndBatchCP$$FastClassBySpringCGLIB$$efa2127c.invoke(ILjava/lang/Object;[Ljava/lang/Object;)Ljava/lang/Object;+104
J 11210 C1 org.springframework.cglib.proxy.MethodProxy.invoke(Ljava/lang/Object;[Ljava/lang/Object;)Ljava/lang/Object; (72 bytes) @ 0x00007f708cd37dec [0x00007f708cd37c80+0x16c]
J 11208 C1 org.springframework.aop.framework.CglibAopProxy$DynamicAdvisedInterceptor.intercept(Ljava/lang/Object;Ljava/lang/reflect/Method;[Ljava/lang/Object;Lorg/springframework/cglib/proxy/MethodProxy;)Ljava/lang/Object; (192 bytes) @ 0x00007f708cd3129c [0x00007f708cd30820+0xa7c]
j  com.antruak.idm.frontend.FrontEndBatchCP$$EnhancerBySpringCGLIB$$4dee179d.scheduler()V+31
j  com.antruak.banc.batch.tools.FrontEndBridgeImpl.scheduler()V+278
j  com.antruak.banc.batch.tools.FrontEndBridgeImpl$$FastClassBySpringCGLIB$$6c8c155.invoke(ILjava/lang/Object;[Ljava/lang/Object;)Ljava/lang/Object;+56
J 11210 C1 org.springframework.cglib.proxy.MethodProxy.invoke(Ljava/lang/Object;[Ljava/lang/Object;)Ljava/lang/Object; (72 bytes) @ 0x00007f708cd37dec [0x00007f708cd37c80+0x16c]
J 11208 C1 org.springframework.aop.framework.CglibAopProxy$DynamicAdvisedInterceptor.intercept(Ljava/lang/Object;Ljava/lang/reflect/Method;[Ljava/lang/Object;Lorg/springframework/cglib/proxy/MethodProxy;)Ljava/lang/Object; (192 bytes) @ 0x00007f708cd3129c [0x00007f708cd30820+0xa7c]
j  com.antruak.banc.batch.tools.FrontEndBridgeImpl$$EnhancerBySpringCGLIB$$90d5b3c8.scheduler()V+31
v  ~StubRoutines::call_stub
V  [libjvm.so+0x66f77a]
V  [libjvm.so+0x92b6a0]
V  [libjvm.so+0x92c043]
V  [libjvm.so+0x6bd7c3]  JVM_InvokeMethod+0x193
J 1984  sun.reflect.NativeMethodAccessorImpl.invoke0(Ljava/lang/reflect/Method;Ljava/lang/Object;[Ljava/lang/Object;)Ljava/lang/Object; (0 bytes) @ 0x00007f708b21b6ad [0x00007f708b21b5c0+0xed]
J 1983 C1 sun.reflect.NativeMethodAccessorImpl.invoke(Ljava/lang/Object;[Ljava/lang/Object;)Ljava/lang/Object; (104 bytes) @ 0x00007f708b21e54c [0x00007f708b21d380+0x11cc]
J 9381 C2 java.lang.reflect.Method.invoke(Ljava/lang/Object;[Ljava/lang/Object;)Ljava/lang/Object; (62 bytes) @ 0x00007f708bf0e6d4 [0x00007f708bf0e620+0xb4]
j  org.springframework.scheduling.support.ScheduledMethodRunnable.run()V+19
j  org.springframework.scheduling.support.DelegatingErrorHandlingRunnable.run()V+4
j  java.util.concurrent.Executors$RunnableAdapter.call()Ljava/lang/Object;+4
j  java.util.concurrent.FutureTask.runAndReset()Z+47
j  java.util.concurrent.ScheduledThreadPoolExecutor$ScheduledFutureTask.access$301(Ljava/util/concurrent/ScheduledThreadPoolExecutor$ScheduledFutureTask;)Z+1
j  java.util.concurrent.ScheduledThreadPoolExecutor$ScheduledFutureTask.run()V+37
j  java.util.concurrent.ThreadPoolExecutor.runWorker(Ljava/util/concurrent/ThreadPoolExecutor$Worker;)V+95
j  java.util.concurrent.ThreadPoolExecutor$Worker.run()V+5
j  java.lang.Thread.run()V+11
v  ~StubRoutines::call_stub
V  [libjvm.so+0x66f77a]
V  [libjvm.so+0x66cc14]
V  [libjvm.so+0x66d229]
V  [libjvm.so+0x6b1f91]
V  [libjvm.so+0xa564b2]
V  [libjvm.so+0x8a9df2]
C  [libpthread.so.0+0x7e25]  start_thread+0xc5

Java frames: (J=compiled Java code, j=interpreted, Vv=VM code)
J 996  java.util.zip.ZipFile.getEntry(J[BZ)J (0 bytes) @ 0x00007f708ae79a58 [0x00007f708ae79a00+0x58]
J 5206 C2 java.util.zip.ZipFile.getEntry(Ljava/lang/String;)Ljava/util/zip/ZipEntry; (101 bytes) @ 0x00007f708b22a0f4 [0x00007f708b22a020+0xd4]
J 2372 C2 sun.misc.URLClassPath.findResource(Ljava/lang/String;Z)Ljava/net/URL; (47 bytes) @ 0x00007f708ae42aa8 [0x00007f708ae427e0+0x2c8]
J 2586 C2 java.net.URLClassLoader$2.run()Ljava/lang/Object; (5 bytes) @ 0x00007f708ae49bb8 [0x00007f708ae49b60+0x58]
v  ~StubRoutines::call_stub
J 1126  java.security.AccessController.doPrivileged(Ljava/security/PrivilegedAction;Ljava/security/AccessControlContext;)Ljava/lang/Object; (0 bytes) @ 0x00007f708aed9d63 [0x00007f708aed9d00+0x63]
J 3470 C2 java.net.URLClassLoader.findResource(Ljava/lang/String;)Ljava/net/URL; (37 bytes) @ 0x00007f708b6ee418 [0x00007f708b6ee380+0x98]
J 4207 C1 java.lang.ClassLoader.getResource(Ljava/lang/String;)Ljava/net/URL; (36 bytes) @ 0x00007f708aec134c [0x00007f708aec0ea0+0x4ac]
J 4207 C1 java.lang.ClassLoader.getResource(Ljava/lang/String;)Ljava/net/URL; (36 bytes) @ 0x00007f708aec0ff4 [0x00007f708aec0ea0+0x154]
J 5627 C1 java.net.URLClassLoader.getResourceAsStream(Ljava/lang/String;)Ljava/io/InputStream; (137 bytes) @ 0x00007f708bc2155c [0x00007f708bc21440+0x11c]
J 2531 C1 org.springframework.core.io.ClassPathResource.getInputStream()Ljava/io/InputStream; (88 bytes) @ 0x00007f708aee019c [0x00007f708aedf640+0xb5c]
j  com.antruak.idm.batch.helper.ResourceDispatcher.getResMaster()Lcom/antruak/idm/batch/request/ResMaster;+9
j  com.antruak.idm.batch.process.ResourceProcessorDb.getResMaster()Lcom/antruak/idm/batch/request/ResMaster;+6
j  com.antruak.idm.batch.process.ResourceProcessorDb$$FastClassBySpringCGLIB$$d17a90ac.invoke(ILjava/lang/Object;[Ljava/lang/Object;)Ljava/lang/Object;+61
J 11210 C1 org.springframework.cglib.proxy.MethodProxy.invoke(Ljava/lang/Object;[Ljava/lang/Object;)Ljava/lang/Object; (72 bytes) @ 0x00007f708cd37dec [0x00007f708cd37c80+0x16c]
J 11208 C1 org.springframework.aop.framework.CglibAopProxy$DynamicAdvisedInterceptor.intercept(Ljava/lang/Object;Ljava/lang/reflect/Method;[Ljava/lang/Object;Lorg/springframework/cglib/proxy/MethodProxy;)Ljava/lang/Object; (192 bytes) @ 0x00007f708cd3129c [0x00007f708cd30820+0xa7c]
j  com.antruak.idm.batch.process.ResourceProcessorDb$$EnhancerBySpringCGLIB$$14dff02d.getResMaster()Lcom/antruak/idm/batch/request/ResMaster;+31
j  com.antruak.banc.batch.tools.HubServiceListener.targetMgm(Ljava/lang/String;Ljava/util/Properties;Ljava/lang/String;Ljavax/jms/Destination;)Ljava/util/Map;+125
j  sun.reflect.GeneratedMethodAccessor162.invoke(Ljava/lang/Object;[Ljava/lang/Object;)Ljava/lang/Object;+64
J 9381 C2 java.lang.reflect.Method.invoke(Ljava/lang/Object;[Ljava/lang/Object;)Ljava/lang/Object; (62 bytes) @ 0x00007f708bf0e6d4 [0x00007f708bf0e620+0xb4]
J 10705 C1 org.springframework.aop.support.AopUtils.invokeJoinpointUsingReflection(Ljava/lang/Object;Ljava/lang/reflect/Method;[Ljava/lang/Object;)Ljava/lang/Object; (94 bytes) @ 0x00007f708cb86b6c [0x00007f708cb86a40+0x12c]
j  org.springframework.aop.framework.ReflectiveMethodInvocation.invokeJoinpoint()Ljava/lang/Object;+12
j  org.springframework.aop.framework.ReflectiveMethodInvocation.proceed()Ljava/lang/Object;+19
j  com.ryantenney.metrics.spring.MeteredMethodInterceptor.invoke(Lorg/aopalliance/intercept/MethodInvocation;Lcom/codahale/metrics/Meter;Lcom/codahale/metrics/annotation/Metered;)Ljava/lang/Object;+5
j  com.ryantenney.metrics.spring.MeteredMethodInterceptor.invoke(Lorg/aopalliance/intercept/MethodInvocation;Ljava/lang/Object;Ljava/lang/annotation/Annotation;)Ljava/lang/Object;+10
j  com.ryantenney.metrics.spring.AbstractMetricMethodInterceptor.invoke(Lorg/aopalliance/intercept/MethodInvocation;)Ljava/lang/Object;+36
j  org.springframework.aop.framework.ReflectiveMethodInvocation.proceed()Ljava/lang/Object;+101
j  com.ryantenney.metrics.spring.TimedMethodInterceptor.invoke(Lorg/aopalliance/intercept/MethodInvocation;Lcom/codahale/metrics/Timer;Lcom/codahale/metrics/annotation/Timed;)Ljava/lang/Object;+7
j  com.ryantenney.metrics.spring.TimedMethodInterceptor.invoke(Lorg/aopalliance/intercept/MethodInvocation;Ljava/lang/Object;Ljava/lang/annotation/Annotation;)Ljava/lang/Object;+10
j  com.ryantenney.metrics.spring.AbstractMetricMethodInterceptor.invoke(Lorg/aopalliance/intercept/MethodInvocation;)Ljava/lang/Object;+36
j  org.springframework.aop.framework.ReflectiveMethodInvocation.proceed()Ljava/lang/Object;+101
J 10704 C1 org.springframework.aop.framework.JdkDynamicAopProxy.invoke(Ljava/lang/Object;Ljava/lang/reflect/Method;[Ljava/lang/Object;)Ljava/lang/Object; (574 bytes) @ 0x00007f708cb81604 [0x00007f708cb80520+0x10e4]
j  com.sun.proxy.$Proxy155.targetMgm(Ljava/lang/String;Ljava/util/Properties;Ljava/lang/String;Ljavax/jms/Destination;)Ljava/util/Map;+29
j  com.antruak.idm.frontend.FrontEndBatchCP.provisionOnline()V+238
j  com.antruak.idm.frontend.FrontEndBatchCP.scheduler()V+395
j  com.antruak.idm.frontend.FrontEndBatchCP$$FastClassBySpringCGLIB$$efa2127c.invoke(ILjava/lang/Object;[Ljava/lang/Object;)Ljava/lang/Object;+104
J 11210 C1 org.springframework.cglib.proxy.MethodProxy.invoke(Ljava/lang/Object;[Ljava/lang/Object;)Ljava/lang/Object; (72 bytes) @ 0x00007f708cd37dec [0x00007f708cd37c80+0x16c]
J 11208 C1 org.springframework.aop.framework.CglibAopProxy$DynamicAdvisedInterceptor.intercept(Ljava/lang/Object;Ljava/lang/reflect/Method;[Ljava/lang/Object;Lorg/springframework/cglib/proxy/MethodProxy;)Ljava/lang/Object; (192 bytes) @ 0x00007f708cd3129c [0x00007f708cd30820+0xa7c]
j  com.antruak.idm.frontend.FrontEndBatchCP$$EnhancerBySpringCGLIB$$4dee179d.scheduler()V+31
j  com.antruak.banc.batch.tools.FrontEndBridgeImpl.scheduler()V+278
j  com.antruak.banc.batch.tools.FrontEndBridgeImpl$$FastClassBySpringCGLIB$$6c8c155.invoke(ILjava/lang/Object;[Ljava/lang/Object;)Ljava/lang/Object;+56
J 11210 C1 org.springframework.cglib.proxy.MethodProxy.invoke(Ljava/lang/Object;[Ljava/lang/Object;)Ljava/lang/Object; (72 bytes) @ 0x00007f708cd37dec [0x00007f708cd37c80+0x16c]
J 11208 C1 org.springframework.aop.framework.CglibAopProxy$DynamicAdvisedInterceptor.intercept(Ljava/lang/Object;Ljava/lang/reflect/Method;[Ljava/lang/Object;Lorg/springframework/cglib/proxy/MethodProxy;)Ljava/lang/Object; (192 bytes) @ 0x00007f708cd3129c [0x00007f708cd30820+0xa7c]
j  com.antruak.banc.batch.tools.FrontEndBridgeImpl$$EnhancerBySpringCGLIB$$90d5b3c8.scheduler()V+31
v  ~StubRoutines::call_stub
J 1984  sun.reflect.NativeMethodAccessorImpl.invoke0(Ljava/lang/reflect/Method;Ljava/lang/Object;[Ljava/lang/Object;)Ljava/lang/Object; (0 bytes) @ 0x00007f708b21b637 [0x00007f708b21b5c0+0x77]
J 1983 C1 sun.reflect.NativeMethodAccessorImpl.invoke(Ljava/lang/Object;[Ljava/lang/Object;)Ljava/lang/Object; (104 bytes) @ 0x00007f708b21e54c [0x00007f708b21d380+0x11cc]
J 9381 C2 java.lang.reflect.Method.invoke(Ljava/lang/Object;[Ljava/lang/Object;)Ljava/lang/Object; (62 bytes) @ 0x00007f708bf0e6d4 [0x00007f708bf0e620+0xb4]
j  org.springframework.scheduling.support.ScheduledMethodRunnable.run()V+19
j  org.springframework.scheduling.support.DelegatingErrorHandlingRunnable.run()V+4
j  java.util.concurrent.Executors$RunnableAdapter.call()Ljava/lang/Object;+4
j  java.util.concurrent.FutureTask.runAndReset()Z+47
j  java.util.concurrent.ScheduledThreadPoolExecutor$ScheduledFutureTask.access$301(Ljava/util/concurrent/ScheduledThreadPoolExecutor$ScheduledFutureTask;)Z+1
j  java.util.concurrent.ScheduledThreadPoolExecutor$ScheduledFutureTask.run()V+37
j  java.util.concurrent.ThreadPoolExecutor.runWorker(Ljava/util/concurrent/ThreadPoolExecutor$Worker;)V+95
j  java.util.concurrent.ThreadPoolExecutor$Worker.run()V+5
j  java.lang.Thread.run()V+11
v  ~StubRoutines::call_stub

---------------  P R O C E S S  ---------------

Java Threads: ( => current thread )
  0x00007f701812e000 JavaThread "myScheduler-5" [_thread_blocked, id=6044, stack(0x00007f7020de6000,0x00007f7020ee7000)]
  0x00007f706800d000 JavaThread "myScheduler-4" [_thread_blocked, id=5886, stack(0x00007f70210e7000,0x00007f70211e8000)]
=>0x00007f70180df000 JavaThread "myScheduler-3" [_thread_in_native, id=5596, stack(0x00007f70233fc000,0x00007f70234fd000)]
  0x00007f7014002000 JavaThread "ActiveMQ InactivityMonitor Worker" daemon [_thread_blocked, id=5376, stack(0x00007f703914f000,0x00007f7039250000)]
  0x00007f70181ca800 JavaThread "myScheduler-2" [_thread_blocked, id=5314, stack(0x00007f703baff000,0x00007f703bc00000)]
  0x00007f70a000c800 JavaThread "DestroyJavaVM" [_thread_blocked, id=5024, stack(0x00007f70aa1cd000,0x00007f70aa2cd000)]
  0x00007f70a29aa000 JavaThread "http-nio-12004-AsyncTimeout" daemon [_thread_blocked, id=5219, stack(0x00007f70217e8000,0x00007f70218e9000)]
  0x00007f70a29a8800 JavaThread "http-nio-12004-Acceptor-0" daemon [_thread_in_native, id=5218, stack(0x00007f70218e9000,0x00007f70219ea000)]
  0x00007f70a29a2800 JavaThread "http-nio-12004-ClientPoller-1" daemon [_thread_in_native, id=5217, stack(0x00007f70219ea000,0x00007f7021aeb000)]
  0x00007f70a29a1000 JavaThread "http-nio-12004-ClientPoller-0" daemon [_thread_in_native, id=5216, stack(0x00007f7021aeb000,0x00007f7021bec000)]
  0x00007f70a2979800 JavaThread "http-nio-12004-exec-10" daemon [_thread_blocked, id=5215, stack(0x00007f7021bec000,0x00007f7021ced000)]
  0x00007f70a2977800 JavaThread "http-nio-12004-exec-9" daemon [_thread_blocked, id=5214, stack(0x00007f7021ced000,0x00007f7021dee000)]
  0x00007f70a2975800 JavaThread "http-nio-12004-exec-8" daemon [_thread_blocked, id=5213, stack(0x00007f7021dee000,0x00007f7021eef000)]
  0x00007f70a2973800 JavaThread "http-nio-12004-exec-7" daemon [_thread_in_native, id=5212, stack(0x00007f7021eef000,0x00007f7021ff0000)]
  0x00007f70a2972000 JavaThread "http-nio-12004-exec-6" daemon [_thread_blocked, id=5211, stack(0x00007f7021ff0000,0x00007f70220f1000)]
  0x00007f70a2e7f800 JavaThread "http-nio-12004-exec-5" daemon [_thread_blocked, id=5210, stack(0x00007f70220f1000,0x00007f70221f2000)]
  0x00007f70a2e7d800 JavaThread "http-nio-12004-exec-4" daemon [_thread_in_native, id=5209, stack(0x00007f70221f2000,0x00007f70222f3000)]
  0x00007f70a2e7b000 JavaThread "http-nio-12004-exec-3" daemon [_thread_blocked, id=5208, stack(0x00007f70222f3000,0x00007f70223f4000)]
  0x00007f70a2e79000 JavaThread "http-nio-12004-exec-2" daemon [_thread_blocked, id=5207, stack(0x00007f70223f4000,0x00007f70224f5000)]
  0x00007f70a2e78000 JavaThread "http-nio-12004-exec-1" daemon [_thread_blocked, id=5206, stack(0x00007f70224f5000,0x00007f70225f6000)]
  0x00007f70a29f4800 JavaThread "NioBlockingSelector.BlockPoller-1" daemon [_thread_in_native, id=5205, stack(0x00007f70225f6000,0x00007f70226f7000)]
  0x00007f70a1d5e800 JavaThread "metrics-graphite-reporter-1-thread-1" daemon [_thread_blocked, id=5204, stack(0x00007f70226f7000,0x00007f70227f8000)]
  0x00007f70a2fcd000 JavaThread "myScheduler-1" [_thread_blocked, id=5203, stack(0x00007f70227f8000,0x00007f70228f9000)]
  0x00007f70a1e93000 JavaThread "CoreHeartBeat" [_thread_blocked, id=5200, stack(0x00007f7022cf9000,0x00007f7022dfa000)]
  0x00007f70a14d2800 JavaThread "Thread-5" [_thread_in_native, id=5195, stack(0x00007f7022dfa000,0x00007f7022efb000)]
  0x00007f70a03e7800 JavaThread "Thread-4" [_thread_blocked, id=5194, stack(0x00007f70232fb000,0x00007f70233fc000)]
  0x00007f701801c000 JavaThread "ActiveMQ InactivityMonitor WriteCheckTimer" daemon [_thread_blocked, id=5191, stack(0x00007f70234fd000,0x00007f70235fe000)]
  0x00007f701801b000 JavaThread "ActiveMQ InactivityMonitor ReadCheckTimer" daemon [_thread_blocked, id=5190, stack(0x00007f70235fe000,0x00007f70236ff000)]
  0x00007f70a0d5d800 JavaThread "ActiveMQ Transport: tcp:///10.45.40.2:12002@57860" [_thread_in_native, id=5188, stack(0x00007f70236ff000,0x00007f7023800000)]
  0x00007f70a09a2800 JavaThread "MySQL Statement Cancellation Timer" daemon [_thread_blocked, id=5185, stack(0x00007f703864c000,0x00007f703874d000)]
  0x00007f70a1175800 JavaThread "container-0" [_thread_blocked, id=5184, stack(0x00007f7038b4d000,0x00007f7038c4e000)]
  0x00007f70a1174800 JavaThread "ContainerBackgroundProcessor[StandardEngine[Tomcat]]" daemon [_thread_blocked, id=5183, stack(0x00007f7038c4e000,0x00007f7038d4f000)]
  0x00007f70a1707800 JavaThread "Log4j2-Log4j2Scheduled-1" daemon [_thread_blocked, id=5058, stack(0x00007f70880a8000,0x00007f70881a9000)]
  0x00007f70a036a800 JavaThread "RMI TCP Accept-0" daemon [_thread_in_native, id=5056, stack(0x00007f70884aa000,0x00007f70885ab000)]
  0x00007f70a0341800 JavaThread "RMI TCP Accept-12007" daemon [_thread_in_native, id=5055, stack(0x00007f70885ab000,0x00007f70886ac000)]
  0x00007f70a0192000 JavaThread "Service Thread" daemon [_thread_blocked, id=5051, stack(0x00007f70a42c2000,0x00007f70a43c3000)]
  0x00007f70a0184800 JavaThread "C1 CompilerThread2" daemon [_thread_blocked, id=5050, stack(0x00007f70a43c4000,0x00007f70a44c4000)]
  0x00007f70a0182800 JavaThread "C2 CompilerThread1" daemon [_thread_blocked, id=5049, stack(0x00007f70a44c5000,0x00007f70a45c5000)]
  0x00007f70a0180000 JavaThread "C2 CompilerThread0" daemon [_thread_blocked, id=5048, stack(0x00007f70a45c6000,0x00007f70a46c6000)]
  0x00007f70a017e000 JavaThread "JDWP Event Helper Thread" daemon [_thread_blocked, id=5047, stack(0x00007f70a46c6000,0x00007f70a47c7000)]
  0x00007f70a017a000 JavaThread "JDWP Transport Listener: dt_socket" daemon [_thread_in_native, id=5046, stack(0x00007f70a47c7000,0x00007f70a48c8000)]
  0x00007f70a0163000 JavaThread "Signal Dispatcher" daemon [_thread_blocked, id=5045, stack(0x00007f70a4acd000,0x00007f70a4bce000)]
  0x00007f70a0161000 JavaThread "Surrogate Locker Thread (Concurrent GC)" daemon [_thread_blocked, id=5044, stack(0x00007f70a4bce000,0x00007f70a4ccf000)]
  0x00007f70a0138000 JavaThread "Finalizer" daemon [_thread_blocked, id=5039, stack(0x00007f70a4ccf000,0x00007f70a4dd0000)]
  0x00007f70a0133800 JavaThread "Reference Handler" daemon [_thread_blocked, id=5037, stack(0x00007f70a4dd0000,0x00007f70a4ed1000)]

Other Threads:
  0x00007f70a0129800 VMThread [stack: 0x00007f70a4ed2000,0x00007f70a4fd2000] [id=5035]
  0x00007f70a036c800 WatcherThread [stack: 0x00007f70883aa000,0x00007f70884aa000] [id=5057]

VM state:not at safepoint (normal execution)

VM Mutex/Monitor currently owned by a thread: None

Heap:
 par new generation   total 18432K, used 2508K [0x00000000f0000000, 0x00000000f1400000, 0x00000000f5550000)
  eden space 16384K,   5% used [0x00000000f0000000, 0x00000000f00cfa98, 0x00000000f1000000)
  from space 2048K,  81% used [0x00000000f1200000, 0x00000000f13a3728, 0x00000000f1400000)
  to   space 2048K,   0% used [0x00000000f1000000, 0x00000000f1000000, 0x00000000f1200000)
 concurrent mark-sweep generation total 78648K, used 49004K [0x00000000f5550000, 0x00000000fa21e000, 0x0000000100000000)
 Metaspace       used 80729K, capacity 81924K, committed 82072K, reserved 1122304K
  class space    used 9550K, capacity 9796K, committed 9880K, reserved 1048576K

Card table byte_map: [0x00007f70aa14b000,0x00007f70aa1cc000] byte_map_base: 0x00007f70a99cb000

Marking Bits: (CMSBitMap*) 0x00007f70a0064b18
 Bits: [0x00007f70a5fc5000, 0x00007f70a626fc00)

Mod Union Table: (CMSBitMap*) 0x00007f70a0064bd8
 Bits: [0x00007f70aa2db000, 0x00007f70aa2e5ab0)

Polling page: 0x00007f70aa2ef000

CodeCache: size=245760Kb used=35751Kb max_used=35760Kb free=210008Kb
 bounds [0x00007f708aad7000, 0x00007f708ce07000, 0x00007f7099ad7000]
 total_blobs=9948 nmethods=9301 adapters=567
 compilation: enabled

Compilation events (10 events):
Event: 218.779 Thread 0x00007f70a0180000 11443 % !   4       com.mysql.jdbc.PreparedStatement$ParseInfo::<init> @ 178 (1152 bytes)
Event: 218.852 Thread 0x00007f70a0182800 11444       4       java.net.URI$Parser::checkChars (44 bytes)
Event: 218.860 Thread 0x00007f70a0184800 11445       1       org.springframework.jdbc.core.PreparedStatementCreatorFactory::access$100 (5 bytes)
Event: 218.860 Thread 0x00007f70a0184800 nmethod 11445 0x00007f708c2265d0 code [0x00007f708c226720, 0x00007f708c226810]
Event: 218.863 Thread 0x00007f70a0182800 nmethod 11444 0x00007f708b29c090 code [0x00007f708b29c220, 0x00007f708b29cd08]
Event: 218.865 Thread 0x00007f70a0180000 nmethod 11443% 0x00007f708cdf3050 code [0x00007f708cdf3480, 0x00007f708cdf8670]
Event: 218.872 Thread 0x00007f70a0184800 11446       3       org.springframework.jdbc.core.StatementCreatorUtils::setParameterValueInternal (258 bytes)
Event: 218.875 Thread 0x00007f70a0184800 nmethod 11446 0x00007f708c567cd0 code [0x00007f708c568220, 0x00007f708c56b778]
Event: 218.885 Thread 0x00007f70a0184800 11447       3       org.springframework.jdbc.core.StatementCreatorUtils::isStringValue (24 bytes)
Event: 218.885 Thread 0x00007f70a0184800 nmethod 11447 0x00007f708c438e50 code [0x00007f708c438fe0, 0x00007f708c439338]

GC Heap History (10 events):
Event: 187.379 GC heap before
{Heap before GC invocations=264 (full 6):
 par new generation   total 18432K, used 17924K [0x00000000f0000000, 0x00000000f1400000, 0x00000000f5550000)
  eden space 16384K, 100% used [0x00000000f0000000, 0x00000000f1000000, 0x00000000f1000000)
  from space 2048K,  75% used [0x00000000f1000000, 0x00000000f1181360, 0x00000000f1200000)
  to   space 2048K,   0% used [0x00000000f1200000, 0x00000000f1200000, 0x00000000f1400000)
 concurrent mark-sweep generation total 78648K, used 48357K [0x00000000f5550000, 0x00000000fa21e000, 0x0000000100000000)
 Metaspace       used 80668K, capacity 81854K, committed 82072K, reserved 1122304K
  class space    used 9549K, capacity 9795K, committed 9880K, reserved 1048576K
Event: 187.383 GC heap after
Heap after GC invocations=265 (full 6):
 par new generation   total 18432K, used 1737K [0x00000000f0000000, 0x00000000f1400000, 0x00000000f5550000)
  eden space 16384K,   0% used [0x00000000f0000000, 0x00000000f0000000, 0x00000000f1000000)
  from space 2048K,  84% used [0x00000000f1200000, 0x00000000f13b2620, 0x00000000f1400000)
  to   space 2048K,   0% used [0x00000000f1000000, 0x00000000f1000000, 0x00000000f1200000)
 concurrent mark-sweep generation total 78648K, used 48415K [0x00000000f5550000, 0x00000000fa21e000, 0x0000000100000000)
 Metaspace       used 80668K, capacity 81854K, committed 82072K, reserved 1122304K
  class space    used 9549K, capacity 9795K, committed 9880K, reserved 1048576K
}
Event: 194.548 GC heap before
{Heap before GC invocations=265 (full 6):
 par new generation   total 18432K, used 18121K [0x00000000f0000000, 0x00000000f1400000, 0x00000000f5550000)
  eden space 16384K, 100% used [0x00000000f0000000, 0x00000000f1000000, 0x00000000f1000000)
  from space 2048K,  84% used [0x00000000f1200000, 0x00000000f13b2620, 0x00000000f1400000)
  to   space 2048K,   0% used [0x00000000f1000000, 0x00000000f1000000, 0x00000000f1200000)
 concurrent mark-sweep generation total 78648K, used 48415K [0x00000000f5550000, 0x00000000fa21e000, 0x0000000100000000)
 Metaspace       used 80686K, capacity 81860K, committed 82072K, reserved 1122304K
  class space    used 9550K, capacity 9796K, committed 9880K, reserved 1048576K
Event: 194.552 GC heap after
Heap after GC invocations=266 (full 6):
 par new generation   total 18432K, used 1838K [0x00000000f0000000, 0x00000000f1400000, 0x00000000f5550000)
  eden space 16384K,   0% used [0x00000000f0000000, 0x00000000f0000000, 0x00000000f1000000)
  from space 2048K,  89% used [0x00000000f1000000, 0x00000000f11cbaa8, 0x00000000f1200000)
  to   space 2048K,   0% used [0x00000000f1200000, 0x00000000f1200000, 0x00000000f1400000)
 concurrent mark-sweep generation total 78648K, used 48514K [0x00000000f5550000, 0x00000000fa21e000, 0x0000000100000000)
 Metaspace       used 80686K, capacity 81860K, committed 82072K, reserved 1122304K
  class space    used 9550K, capacity 9796K, committed 9880K, reserved 1048576K
}
Event: 202.598 GC heap before
{Heap before GC invocations=266 (full 6):
 par new generation   total 18432K, used 18222K [0x00000000f0000000, 0x00000000f1400000, 0x00000000f5550000)
  eden space 16384K, 100% used [0x00000000f0000000, 0x00000000f1000000, 0x00000000f1000000)
  from space 2048K,  89% used [0x00000000f1000000, 0x00000000f11cbaa8, 0x00000000f1200000)
  to   space 2048K,   0% used [0x00000000f1200000, 0x00000000f1200000, 0x00000000f1400000)
 concurrent mark-sweep generation total 78648K, used 48514K [0x00000000f5550000, 0x00000000fa21e000, 0x0000000100000000)
 Metaspace       used 80697K, capacity 81860K, committed 82072K, reserved 1122304K
  class space    used 9550K, capacity 9796K, committed 9880K, reserved 1048576K
Event: 202.601 GC heap after
Heap after GC invocations=267 (full 6):
 par new generation   total 18432K, used 1500K [0x00000000f0000000, 0x00000000f1400000, 0x00000000f5550000)
  eden space 16384K,   0% used [0x00000000f0000000, 0x00000000f0000000, 0x00000000f1000000)
  from space 2048K,  73% used [0x00000000f1200000, 0x00000000f1377380, 0x00000000f1400000)
  to   space 2048K,   0% used [0x00000000f1000000, 0x00000000f1000000, 0x00000000f1200000)
 concurrent mark-sweep generation total 78648K, used 48584K [0x00000000f5550000, 0x00000000fa21e000, 0x0000000100000000)
 Metaspace       used 80697K, capacity 81860K, committed 82072K, reserved 1122304K
  class space    used 9550K, capacity 9796K, committed 9880K, reserved 1048576K
}
Event: 212.377 GC heap before
{Heap before GC invocations=267 (full 6):
 par new generation   total 18432K, used 17877K [0x00000000f0000000, 0x00000000f1400000, 0x00000000f5550000)
  eden space 16384K,  99% used [0x00000000f0000000, 0x00000000f0ffe2d0, 0x00000000f1000000)
  from space 2048K,  73% used [0x00000000f1200000, 0x00000000f1377380, 0x00000000f1400000)
  to   space 2048K,   0% used [0x00000000f1000000, 0x00000000f1000000, 0x00000000f1200000)
 concurrent mark-sweep generation total 78648K, used 48584K [0x00000000f5550000, 0x00000000fa21e000, 0x0000000100000000)
 Metaspace       used 80718K, capacity 81860K, committed 82072K, reserved 1122304K
  class space    used 9550K, capacity 9796K, committed 9880K, reserved 1048576K
Event: 212.381 GC heap after
Heap after GC invocations=268 (full 6):
 par new generation   total 18432K, used 1548K [0x00000000f0000000, 0x00000000f1400000, 0x00000000f5550000)
  eden space 16384K,   0% used [0x00000000f0000000, 0x00000000f0000000, 0x00000000f1000000)
  from space 2048K,  75% used [0x00000000f1000000, 0x00000000f1183360, 0x00000000f1200000)
  to   space 2048K,   0% used [0x00000000f1200000, 0x00000000f1200000, 0x00000000f1400000)
 concurrent mark-sweep generation total 78648K, used 48975K [0x00000000f5550000, 0x00000000fa21e000, 0x0000000100000000)
 Metaspace       used 80718K, capacity 81860K, committed 82072K, reserved 1122304K
  class space    used 9550K, capacity 9796K, committed 9880K, reserved 1048576K
}
Event: 218.966 GC heap before
{Heap before GC invocations=268 (full 6):
 par new generation   total 18432K, used 17932K [0x00000000f0000000, 0x00000000f1400000, 0x00000000f5550000)
  eden space 16384K, 100% used [0x00000000f0000000, 0x00000000f1000000, 0x00000000f1000000)
  from space 2048K,  75% used [0x00000000f1000000, 0x00000000f1183360, 0x00000000f1200000)
  to   space 2048K,   0% used [0x00000000f1200000, 0x00000000f1200000, 0x00000000f1400000)
 concurrent mark-sweep generation total 78648K, used 48975K [0x00000000f5550000, 0x00000000fa21e000, 0x0000000100000000)
 Metaspace       used 80729K, capacity 81924K, committed 82072K, reserved 1122304K
  class space    used 9550K, capacity 9796K, committed 9880K, reserved 1048576K
Event: 218.970 GC heap after
Heap after GC invocations=269 (full 6):
 par new generation   total 18432K, used 1677K [0x00000000f0000000, 0x00000000f1400000, 0x00000000f5550000)
  eden space 16384K,   0% used [0x00000000f0000000, 0x00000000f0000000, 0x00000000f1000000)
  from space 2048K,  81% used [0x00000000f1200000, 0x00000000f13a3728, 0x00000000f1400000)
  to   space 2048K,   0% used [0x00000000f1000000, 0x00000000f1000000, 0x00000000f1200000)
 concurrent mark-sweep generation total 78648K, used 49004K [0x00000000f5550000, 0x00000000fa21e000, 0x0000000100000000)
 Metaspace       used 80729K, capacity 81924K, committed 82072K, reserved 1122304K
  class space    used 9550K, capacity 9796K, committed 9880K, reserved 1048576K
}

Deoptimization events (10 events):
Event: 52.189 Thread 0x00007f70a1d5e800 Uncommon trap: reason=bimorphic action=maybe_recompile pc=0x00007f708bf0bd0c method=java.util.Collections$UnmodifiableMap$UnmodifiableEntrySet$1.hasNext()Z @ 4
Event: 52.189 Thread 0x00007f70a1d5e800 Uncommon trap: reason=bimorphic action=maybe_recompile pc=0x00007f708bf0bd0c method=java.util.Collections$UnmodifiableMap$UnmodifiableEntrySet$1.hasNext()Z @ 4
Event: 64.209 Thread 0x00007f70a0138000 Uncommon trap: reason=unstable_if action=reinterpret pc=0x00007f708c8d7f18 method=java.net.AbstractPlainSocketImpl.isClosedOrPending()Z @ 11
Event: 92.015 Thread 0x00007f70181ca800 Uncommon trap: reason=bimorphic action=maybe_recompile pc=0x00007f708c6f42a4 method=java.lang.ThreadLocal.setInitialValue()Ljava/lang/Object; @ 31
Event: 114.241 Thread 0x00007f70a0133800 Uncommon trap: reason=unstable_if action=reinterpret pc=0x00007f708ac9eae8 method=java.lang.ref.Reference.tryHandlePending(Z)Z @ 20
Event: 114.778 Thread 0x00007f70a2e78000 Uncommon trap: reason=unstable_if action=reinterpret pc=0x00007f708ad1aabc method=java.nio.Buffer.position(I)Ljava/nio/Buffer; @ 33
Event: 142.489 Thread 0x00007f70a1d5e800 Uncommon trap: reason=predicate action=maybe_recompile pc=0x00007f708cbe9e18 method=java.util.TimSort.reverseRange([Ljava/lang/Object;II)V @ 8
Event: 154.921 Thread 0x00007f70180df000 Uncommon trap: reason=bimorphic action=maybe_recompile pc=0x00007f708c6f42a4 method=java.lang.ThreadLocal.setInitialValue()Ljava/lang/Object; @ 31
Event: 172.497 Thread 0x00007f70a1d5e800 Uncommon trap: reason=array_check action=maybe_recompile pc=0x00007f708c43bca0 method=java.util.TimSort.reverseRange([Ljava/lang/Object;II)V @ 20
Event: 202.517 Thread 0x00007f70a1d5e800 Uncommon trap: reason=array_check action=maybe_recompile pc=0x00007f708c43bca0 method=java.util.TimSort.reverseRange([Ljava/lang/Object;II)V @ 20

Internal exceptions (10 events):
Event: 167.585 Thread 0x00007f70a14d2800 Exception <a 'java/net/SocketTimeoutException': Read timed out> (0x00000000f0ca1240) thrown at [/builddir/build/BUILD/java-1.8.0-openjdk-1.8.0.144-0.b01.el7_4.x86_64/openjdk/hotspot/src/share/vm/prims/jni.cpp, line 736]
Event: 177.592 Thread 0x00007f70a14d2800 Exception <a 'java/net/SocketTimeoutException': Read timed out> (0x00000000f0d801c8) thrown at [/builddir/build/BUILD/java-1.8.0-openjdk-1.8.0.144-0.b01.el7_4.x86_64/openjdk/hotspot/src/share/vm/prims/jni.cpp, line 736]
Event: 187.602 Thread 0x00007f70a14d2800 Exception <a 'java/net/SocketTimeoutException': Read timed out> (0x00000000f03c3690) thrown at [/builddir/build/BUILD/java-1.8.0-openjdk-1.8.0.144-0.b01.el7_4.x86_64/openjdk/hotspot/src/share/vm/prims/jni.cpp, line 736]
Event: 194.552 Thread 0x00007f70a0138000 Exception <a 'java/net/SocketException': Socket closed> (0x00000000f0007080) thrown at [/builddir/build/BUILD/java-1.8.0-openjdk-1.8.0.144-0.b01.el7_4.x86_64/openjdk/hotspot/src/share/vm/prims/jni.cpp, line 736]
Event: 194.552 Thread 0x00007f70a0138000 Exception <a 'java/lang/reflect/InvocationTargetException'> (0x00000000f0007ff8) thrown at [/builddir/build/BUILD/java-1.8.0-openjdk-1.8.0.144-0.b01.el7_4.x86_64/openjdk/hotspot/src/share/vm/runtime/reflection.cpp, line 1092]
Event: 197.612 Thread 0x00007f70a14d2800 Exception <a 'java/net/SocketTimeoutException': Read timed out> (0x00000000f07fc410) thrown at [/builddir/build/BUILD/java-1.8.0-openjdk-1.8.0.144-0.b01.el7_4.x86_64/openjdk/hotspot/src/share/vm/prims/jni.cpp, line 736]
Event: 207.620 Thread 0x00007f70a14d2800 Exception <a 'java/net/SocketTimeoutException': Read timed out> (0x00000000f080bd78) thrown at [/builddir/build/BUILD/java-1.8.0-openjdk-1.8.0.144-0.b01.el7_4.x86_64/openjdk/hotspot/src/share/vm/prims/jni.cpp, line 736]
Event: 217.620 Thread 0x00007f70a14d2800 Exception <a 'java/net/SocketTimeoutException': Read timed out> (0x00000000f09614b0) thrown at [/builddir/build/BUILD/java-1.8.0-openjdk-1.8.0.144-0.b01.el7_4.x86_64/openjdk/hotspot/src/share/vm/prims/jni.cpp, line 736]
Event: 218.971 Thread 0x00007f70a0138000 Exception <a 'java/net/SocketException': Socket closed> (0x00000000f0015790) thrown at [/builddir/build/BUILD/java-1.8.0-openjdk-1.8.0.144-0.b01.el7_4.x86_64/openjdk/hotspot/src/share/vm/prims/jni.cpp, line 736]
Event: 218.971 Thread 0x00007f70a0138000 Exception <a 'java/lang/reflect/InvocationTargetException'> (0x00000000f0016748) thrown at [/builddir/build/BUILD/java-1.8.0-openjdk-1.8.0.144-0.b01.el7_4.x86_64/openjdk/hotspot/src/share/vm/runtime/reflection.cpp, line 1092]

Events (10 events):
Event: 218.971 Thread 0x00007f70a0138000 DEOPT PACKING pc=0x00007f708cd3b2fc sp=0x00007f70a4dce680
Event: 218.971 Thread 0x00007f70a0138000 DEOPT UNPACKING pc=0x00007f708ab1e373 sp=0x00007f70a4dce3e0 mode 1
Event: 218.971 Thread 0x00007f70a0138000 DEOPT PACKING pc=0x00007f708b21e54c sp=0x00007f70a4dce420
Event: 218.971 Thread 0x00007f70a0138000 DEOPT UNPACKING pc=0x00007f708ab1e373 sp=0x00007f70a4dce260 mode 1
Event: 218.971 Thread 0x00007f70a0138000 DEOPT PACKING pc=0x00007f708bf0e6d4 sp=0x00007f70a4dce570
Event: 218.971 Thread 0x00007f70a0138000 DEOPT UNPACKING pc=0x00007f708ab1e373 sp=0x00007f70a4dce270 mode 1
Event: 218.971 Thread 0x00007f70a0138000 DEOPT PACKING pc=0x00007f708c8fdc5c sp=0x00007f70a4dce700
Event: 218.971 Thread 0x00007f70a0138000 DEOPT UNPACKING pc=0x00007f708ab1e373 sp=0x00007f70a4dce558 mode 1
Event: 218.978 Thread 0x00007f70180df000 DEOPT PACKING pc=0x00007f708badde74 sp=0x00007f70234f8d10
Event: 218.978 Thread 0x00007f70180df000 DEOPT UNPACKING pc=0x00007f708ab1e373 sp=0x00007f70234f8ab0 mode 1


Dynamic libraries:
00400000-00401000 r-xp 00000000 fd:00 3314255                            /usr/lib/jvm/java-1.8.0-openjdk-1.8.0.144-0.b01.el7_4.x86_64/jre/bin/java
00600000-00601000 r--p 00000000 fd:00 3314255                            /usr/lib/jvm/java-1.8.0-openjdk-1.8.0.144-0.b01.el7_4.x86_64/jre/bin/java
00601000-00602000 rw-p 00001000 fd:00 3314255                            /usr/lib/jvm/java-1.8.0-openjdk-1.8.0.144-0.b01.el7_4.x86_64/jre/bin/java
01d69000-01d8a000 rw-p 00000000 00:00 0                                  [heap]
f0000000-f1400000 rw-p 00000000 00:00 0 
f1400000-f5550000 ---p 00000000 00:00 0 
f5550000-fa21e000 rw-p 00000000 00:00 0 
fa21e000-100000000 ---p 00000000 00:00 0 
100000000-1009a6000 rw-p 00000000 00:00 0 
1009a6000-140000000 ---p 00000000 00:00 0 
7f7000000000-7f700109a000 rw-p 00000000 00:00 0 
7f700109a000-7f7004000000 ---p 00000000 00:00 0 
7f7008000000-7f70080c2000 rw-p 00000000 00:00 0 
7f70080c2000-7f700c000000 ---p 00000000 00:00 0 
7f700c000000-7f700c05e000 rw-p 00000000 00:00 0 
7f700c05e000-7f7010000000 ---p 00000000 00:00 0 
7f7010000000-7f7010021000 rw-p 00000000 00:00 0 
7f7010021000-7f7014000000 ---p 00000000 00:00 0 
7f7014000000-7f7014021000 rw-p 00000000 00:00 0 
7f7014021000-7f7018000000 ---p 00000000 00:00 0 
7f7018000000-7f7018639000 rw-p 00000000 00:00 0 
7f7018639000-7f701c000000 ---p 00000000 00:00 0 
7f701c000000-7f701c021000 rw-p 00000000 00:00 0 
7f701c021000-7f7020000000 ---p 00000000 00:00 0 
7f7020de6000-7f7020de9000 ---p 00000000 00:00 0 
7f7020de9000-7f7020f67000 rw-p 00000000 00:00 0                          [stack:6044]
7f7020f67000-7f70210e7000 ---p 00000000 00:00 0 
7f70210e7000-7f70210ea000 ---p 00000000 00:00 0 
7f70210ea000-7f70213e8000 rw-p 00000000 00:00 0                          [stack:5886]
7f70213e8000-7f70215e8000 rw-p 00000000 00:00 0 
7f70215e8000-7f70217e8000 rw-p 00000000 00:00 0 
7f70217e8000-7f70217eb000 ---p 00000000 00:00 0 
7f70217eb000-7f70218e9000 rw-p 00000000 00:00 0                          [stack:5219]
7f70218e9000-7f70218ec000 ---p 00000000 00:00 0 
7f70218ec000-7f70219ea000 rw-p 00000000 00:00 0                          [stack:5218]
7f70219ea000-7f70219ed000 ---p 00000000 00:00 0 
7f70219ed000-7f7021aeb000 rw-p 00000000 00:00 0                          [stack:5217]
7f7021aeb000-7f7021aee000 ---p 00000000 00:00 0 
7f7021aee000-7f7021bec000 rw-p 00000000 00:00 0                          [stack:5216]
7f7021bec000-7f7021bef000 ---p 00000000 00:00 0 
7f7021bef000-7f7021ced000 rw-p 00000000 00:00 0                          [stack:5215]
7f7021ced000-7f7021cf0000 ---p 00000000 00:00 0 
7f7021cf0000-7f7021dee000 rw-p 00000000 00:00 0                          [stack:5214]
7f7021dee000-7f7021df1000 ---p 00000000 00:00 0 
7f7021df1000-7f7021eef000 rw-p 00000000 00:00 0                          [stack:5213]
7f7021eef000-7f7021ef2000 ---p 00000000 00:00 0 
7f7021ef2000-7f7021ff0000 rw-p 00000000 00:00 0                          [stack:5212]
7f7021ff0000-7f7021ff3000 ---p 00000000 00:00 0 
7f7021ff3000-7f70220f1000 rw-p 00000000 00:00 0                          [stack:5211]
7f70220f1000-7f70220f4000 ---p 00000000 00:00 0 
7f70220f4000-7f70221f2000 rw-p 00000000 00:00 0                          [stack:5210]
7f70221f2000-7f70221f5000 ---p 00000000 00:00 0 
7f70221f5000-7f70222f3000 rw-p 00000000 00:00 0                          [stack:5209]
7f70222f3000-7f70222f6000 ---p 00000000 00:00 0 
7f70222f6000-7f70223f4000 rw-p 00000000 00:00 0                          [stack:5208]
7f70223f4000-7f70223f7000 ---p 00000000 00:00 0 
7f70223f7000-7f70224f5000 rw-p 00000000 00:00 0                          [stack:5207]
7f70224f5000-7f70224f8000 ---p 00000000 00:00 0 
7f70224f8000-7f70225f6000 rw-p 00000000 00:00 0                          [stack:5206]
7f70225f6000-7f70225f9000 ---p 00000000 00:00 0 
7f70225f9000-7f70226f7000 rw-p 00000000 00:00 0                          [stack:5205]
7f70226f7000-7f70226fa000 ---p 00000000 00:00 0 
7f70226fa000-7f70227f8000 rw-p 00000000 00:00 0                          [stack:5204]
7f70227f8000-7f70227fb000 ---p 00000000 00:00 0 
7f70227fb000-7f7022af9000 rw-p 00000000 00:00 0                          [stack:5203]
7f7022af9000-7f7022cf9000 rw-p 00000000 00:00 0 
7f7022cf9000-7f7022cfc000 ---p 00000000 00:00 0 
7f7022cfc000-7f7022dfa000 rw-p 00000000 00:00 0                          [stack:5200]
7f7022dfa000-7f7022dfd000 ---p 00000000 00:00 0 
7f7022dfd000-7f70230fb000 rw-p 00000000 00:00 0                          [stack:5195]
7f70230fb000-7f70232fb000 rw-p 00000000 00:00 0 
7f70232fb000-7f70232fe000 ---p 00000000 00:00 0 
7f70232fe000-7f70233fc000 rw-p 00000000 00:00 0                          [stack:5194]
7f70233fc000-7f70233ff000 ---p 00000000 00:00 0 
7f70233ff000-7f70234fd000 rw-p 00000000 00:00 0                          [stack:5596]
7f70234fd000-7f7023500000 ---p 00000000 00:00 0 
7f7023500000-7f70235fe000 rw-p 00000000 00:00 0                          [stack:5191]
7f70235fe000-7f7023601000 ---p 00000000 00:00 0 
7f7023601000-7f70236ff000 rw-p 00000000 00:00 0                          [stack:5190]
7f70236ff000-7f7023702000 ---p 00000000 00:00 0 
7f7023702000-7f7023a00000 rw-p 00000000 00:00 0                          [stack:5188]
7f7023a00000-7f7023c00000 rw-p 00000000 00:00 0 
7f7023c00000-7f7023e00000 rw-p 00000000 00:00 0 
7f7023e00000-7f7024000000 rw-p 00000000 00:00 0 
7f7024000000-7f70244a2000 rw-p 00000000 00:00 0 
7f70244a2000-7f7028000000 ---p 00000000 00:00 0 
7f7028000000-7f7028021000 rw-p 00000000 00:00 0 
7f7028021000-7f702c000000 ---p 00000000 00:00 0 
7f702c000000-7f702c2b9000 rw-p 00000000 00:00 0 
7f702c2b9000-7f7030000000 ---p 00000000 00:00 0 
7f7030000000-7f7030aff000 rw-p 00000000 00:00 0 
7f7030aff000-7f7034000000 ---p 00000000 00:00 0 
7f7034000000-7f7034091000 rw-p 00000000 00:00 0 
7f7034091000-7f7038000000 ---p 00000000 00:00 0 
7f703804c000-7f703824c000 rw-p 00000000 00:00 0 
7f703824c000-7f703844c000 rw-p 00000000 00:00 0 
7f703844c000-7f703864c000 rw-p 00000000 00:00 0 
7f703864c000-7f703864f000 ---p 00000000 00:00 0 
7f703864f000-7f703894d000 rw-p 00000000 00:00 0                          [stack:5185]
7f703894d000-7f7038b4d000 rw-p 00000000 00:00 0 
7f7038b4d000-7f7038b50000 ---p 00000000 00:00 0 
7f7038b50000-7f7038c4e000 rw-p 00000000 00:00 0                          [stack:5184]
7f7038c4e000-7f7038c51000 ---p 00000000 00:00 0 
7f7038c51000-7f7038f4f000 rw-p 00000000 00:00 0                          [stack:5183]
7f7038f4f000-7f703914f000 rw-p 00000000 00:00 0 
7f703914f000-7f7039152000 ---p 00000000 00:00 0 
7f7039152000-7f7039450000 rw-p 00000000 00:00 0                          [stack:5376]
7f7039450000-7f7039650000 rw-p 00000000 00:00 0 
7f7039650000-7f70396d3000 r-xp 00000000 fd:00 1236790                    /usr/lib64/libfreeblpriv3.so
7f70396d3000-7f70398d2000 ---p 00083000 fd:00 1236790                    /usr/lib64/libfreeblpriv3.so
7f70398d2000-7f70398d4000 r--p 00082000 fd:00 1236790                    /usr/lib64/libfreeblpriv3.so
7f70398d4000-7f70398d5000 rw-p 00084000 fd:00 1236790                    /usr/lib64/libfreeblpriv3.so
7f70398d5000-7f70398d9000 rw-p 00000000 00:00 0 
7f70398d9000-7f7039913000 r-xp 00000000 fd:00 1236783                    /usr/lib64/libnspr4.so
7f7039913000-7f7039b12000 ---p 0003a000 fd:00 1236783                    /usr/lib64/libnspr4.so
7f7039b12000-7f7039b13000 r--p 00039000 fd:00 1236783                    /usr/lib64/libnspr4.so
7f7039b13000-7f7039b15000 rw-p 0003a000 fd:00 1236783                    /usr/lib64/libnspr4.so
7f7039b15000-7f7039b17000 rw-p 00000000 00:00 0 
7f7039b17000-7f7039b1b000 r-xp 00000000 fd:00 1236784                    /usr/lib64/libplc4.so
7f7039b1b000-7f7039d1a000 ---p 00004000 fd:00 1236784                    /usr/lib64/libplc4.so
7f7039d1a000-7f7039d1b000 r--p 00003000 fd:00 1236784                    /usr/lib64/libplc4.so
7f7039d1b000-7f7039d1c000 rw-p 00004000 fd:00 1236784                    /usr/lib64/libplc4.so
7f7039d1c000-7f7039d44000 r-xp 00000000 fd:00 1236786                    /usr/lib64/libnssutil3.so
7f7039d44000-7f7039f43000 ---p 00028000 fd:00 1236786                    /usr/lib64/libnssutil3.so
7f7039f43000-7f7039f4a000 r--p 00027000 fd:00 1236786                    /usr/lib64/libnssutil3.so
7f7039f4a000-7f7039f4b000 rw-p 0002e000 fd:00 1236786                    /usr/lib64/libnssutil3.so
7f7039f4b000-7f703a06c000 r-xp 00000000 fd:00 97993                      /usr/lib64/libnss3.so
7f703a06c000-7f703a26c000 ---p 00121000 fd:00 97993                      /usr/lib64/libnss3.so
7f703a26c000-7f703a271000 r--p 00121000 fd:00 97993                      /usr/lib64/libnss3.so
7f703a271000-7f703a273000 rw-p 00126000 fd:00 97993                      /usr/lib64/libnss3.so
7f703a273000-7f703a275000 rw-p 00000000 00:00 0 
7f703a275000-7f703a299000 r-xp 00000000 fd:00 599667                     /usr/lib64/libsmime3.so
7f703a299000-7f703a498000 ---p 00024000 fd:00 599667                     /usr/lib64/libsmime3.so
7f703a498000-7f703a49b000 r--p 00023000 fd:00 599667                     /usr/lib64/libsmime3.so
7f703a49b000-7f703a49c000 rw-p 00026000 fd:00 599667                     /usr/lib64/libsmime3.so
7f703a49c000-7f703a4e3000 r-xp 00000000 fd:00 599669                     /usr/lib64/libssl3.so
7f703a4e3000-7f703a6e2000 ---p 00047000 fd:00 599669                     /usr/lib64/libssl3.so
7f703a6e2000-7f703a6e6000 r--p 00046000 fd:00 599669                     /usr/lib64/libssl3.so
7f703a6e6000-7f703a6e7000 rw-p 0004a000 fd:00 599669                     /usr/lib64/libssl3.so
7f703a6e7000-7f703a8e8000 rw-p 00000000 00:00 0 
7f703a8ed000-7f703a8f0000 r-xp 00000000 fd:00 1236785                    /usr/lib64/libplds4.so
7f703a8f0000-7f703aaef000 ---p 00003000 fd:00 1236785                    /usr/lib64/libplds4.so
7f703aaef000-7f703aaf0000 r--p 00002000 fd:00 1236785                    /usr/lib64/libplds4.so
7f703aaf0000-7f703aaf1000 rw-p 00003000 fd:00 1236785                    /usr/lib64/libplds4.so
7f703aaf1000-7f703aafd000 r-xp 00000000 fd:00 17350604                   /usr/lib/jvm/java-1.8.0-openjdk-1.8.0.144-0.b01.el7_4.x86_64/jre/lib/amd64/libsunec.so
7f703aafd000-7f703acfc000 ---p 0000c000 fd:00 17350604                   /usr/lib/jvm/java-1.8.0-openjdk-1.8.0.144-0.b01.el7_4.x86_64/jre/lib/amd64/libsunec.so
7f703acfc000-7f703acfd000 r--p 0000b000 fd:00 17350604                   /usr/lib/jvm/java-1.8.0-openjdk-1.8.0.144-0.b01.el7_4.x86_64/jre/lib/amd64/libsunec.so
7f703acfd000-7f703acfe000 rw-p 0000c000 fd:00 17350604                   /usr/lib/jvm/java-1.8.0-openjdk-1.8.0.144-0.b01.el7_4.x86_64/jre/lib/amd64/libsunec.so
7f703acfe000-7f703aefe000 rw-p 00000000 00:00 0 
7f703aefe000-7f703b0fe000 rw-p 00000000 00:00 0 
7f703b0fe000-7f703b2fe000 rw-p 00000000 00:00 0 
7f703b2fe000-7f703b4fe000 rw-p 00000000 00:00 0 
7f703b4fe000-7f703b6fe000 rw-p 00000000 00:00 0 
7f703b6fe000-7f703b8fe000 rw-p 00000000 00:00 0 
7f703b8fe000-7f703bafe000 rw-p 00000000 00:00 0 
7f703baff000-7f703bb02000 ---p 00000000 00:00 0 
7f703bb02000-7f703be00000 rw-p 00000000 00:00 0                          [stack:5314]
7f703be00000-7f703c000000 rw-p 00000000 00:00 0 
7f703c000000-7f703c097000 rw-p 00000000 00:00 0 
7f703c097000-7f7040000000 ---p 00000000 00:00 0 
7f7040000000-7f704002f000 rw-p 00000000 00:00 0 
7f704002f000-7f7044000000 ---p 00000000 00:00 0 
7f7044000000-7f704407b000 rw-p 00000000 00:00 0 
7f704407b000-7f7048000000 ---p 00000000 00:00 0 
7f7048000000-7f7048021000 rw-p 00000000 00:00 0 
7f7048021000-7f704c000000 ---p 00000000 00:00 0 
7f704c000000-7f704fffc000 rw-p 00000000 00:00 0 
7f704fffc000-7f7050000000 ---p 00000000 00:00 0 
7f7050000000-7f70510b2000 rw-p 00000000 00:00 0 
7f70510b2000-7f7054000000 ---p 00000000 00:00 0 
7f7054000000-7f7054021000 rw-p 00000000 00:00 0 
7f7054021000-7f7058000000 ---p 00000000 00:00 0 
7f7058000000-7f705b369000 rw-p 00000000 00:00 0 
7f705b369000-7f705c000000 ---p 00000000 00:00 0 
7f705c000000-7f705c021000 rw-p 00000000 00:00 0 
7f705c021000-7f7060000000 ---p 00000000 00:00 0 
7f7060000000-7f706004c000 rw-p 00000000 00:00 0 
7f706004c000-7f7064000000 ---p 00000000 00:00 0 
7f7064000000-7f7064021000 rw-p 00000000 00:00 0 
7f7064021000-7f7068000000 ---p 00000000 00:00 0 
7f7068000000-7f7068043000 rw-p 00000000 00:00 0 
7f7068043000-7f706c000000 ---p 00000000 00:00 0 
7f706c000000-7f706c06f000 rw-p 00000000 00:00 0 
7f706c06f000-7f7070000000 ---p 00000000 00:00 0 
7f7070000000-7f7070021000 rw-p 00000000 00:00 0 
7f7070021000-7f7074000000 ---p 00000000 00:00 0 
7f7074000000-7f7074089000 rw-p 00000000 00:00 0 
7f7074089000-7f7078000000 ---p 00000000 00:00 0 
7f7078000000-7f7078021000 rw-p 00000000 00:00 0 
7f7078021000-7f707c000000 ---p 00000000 00:00 0 
7f707c000000-7f707c05e000 rw-p 00000000 00:00 0 
7f707c05e000-7f7080000000 ---p 00000000 00:00 0 
7f7080000000-7f7080050000 rw-p 00000000 00:00 0 
7f7080050000-7f7084000000 ---p 00000000 00:00 0 
7f7084000000-7f708406c000 rw-p 00000000 00:00 0 
7f708406c000-7f7088000000 ---p 00000000 00:00 0 
7f70880a8000-7f70880ab000 ---p 00000000 00:00 0 
7f70880ab000-7f70883a9000 rw-p 00000000 00:00 0                          [stack:5058]
7f70883a9000-7f70883aa000 ---p 00000000 00:00 0 
7f70883aa000-7f70884aa000 rw-p 00000000 00:00 0                          [stack:5057]
7f70884aa000-7f70884ad000 ---p 00000000 00:00 0 
7f70884ad000-7f70885ab000 rw-p 00000000 00:00 0                          [stack:5056]
7f70885ab000-7f70885ae000 ---p 00000000 00:00 0 
7f70885ae000-7f70886ac000 rw-p 00000000 00:00 0                          [stack:5055]
7f70886ac000-7f70886be000 r-xp 00000000 fd:00 17350600                   /usr/lib/jvm/java-1.8.0-openjdk-1.8.0.144-0.b01.el7_4.x86_64/jre/lib/amd64/libnio.so
7f70886be000-7f70888bd000 ---p 00012000 fd:00 17350600                   /usr/lib/jvm/java-1.8.0-openjdk-1.8.0.144-0.b01.el7_4.x86_64/jre/lib/amd64/libnio.so
7f70888bd000-7f70888be000 r--p 00011000 fd:00 17350600                   /usr/lib/jvm/java-1.8.0-openjdk-1.8.0.144-0.b01.el7_4.x86_64/jre/lib/amd64/libnio.so
7f70888be000-7f70888bf000 rw-p 00012000 fd:00 17350600                   /usr/lib/jvm/java-1.8.0-openjdk-1.8.0.144-0.b01.el7_4.x86_64/jre/lib/amd64/libnio.so
7f70888bf000-7f70888d6000 r-xp 00000000 fd:00 17350599                   /usr/lib/jvm/java-1.8.0-openjdk-1.8.0.144-0.b01.el7_4.x86_64/jre/lib/amd64/libnet.so
7f70888d6000-7f7088ad5000 ---p 00017000 fd:00 17350599                   /usr/lib/jvm/java-1.8.0-openjdk-1.8.0.144-0.b01.el7_4.x86_64/jre/lib/amd64/libnet.so
7f7088ad5000-7f7088ad6000 r--p 00016000 fd:00 17350599                   /usr/lib/jvm/java-1.8.0-openjdk-1.8.0.144-0.b01.el7_4.x86_64/jre/lib/amd64/libnet.so
7f7088ad6000-7f7088ad7000 rw-p 00017000 fd:00 17350599                   /usr/lib/jvm/java-1.8.0-openjdk-1.8.0.144-0.b01.el7_4.x86_64/jre/lib/amd64/libnet.so
7f7088ad7000-7f708aad7000 rw-p 00000000 00:00 0 
7f708aad7000-7f708ce07000 rwxp 00000000 00:00 0 
7f708ce07000-7f7099ad7000 ---p 00000000 00:00 0 
7f7099ad7000-7f70a0000000 r--p 00000000 fd:00 16803011                   /usr/lib/locale/locale-archive
7f70a0000000-7f70a3052000 rw-p 00000000 00:00 0 
7f70a3052000-7f70a4000000 ---p 00000000 00:00 0 
7f70a403b000-7f70a403c000 rw-p 00000000 00:00 0 
7f70a403c000-7f70a404d000 r--s 000cf000 fd:00 17058136                   /tmp/jar_cache1603712241627860712.tmp (deleted)
7f70a404d000-7f70a406b000 r--s 00231000 fd:00 17058135                   /tmp/jar_cache6408648631547444930.tmp (deleted)
7f70a406b000-7f70a4075000 r--s 0005c000 fd:00 18025290                   /tmp/jar_cache165565041302841852.tmp (deleted)
7f70a4075000-7f70a407a000 r--s 00309000 fd:00 1230308                    /usr/lib/jvm/java-1.8.0-openjdk-1.8.0.144-0.b01.el7_4.x86_64/jre/lib/charsets.jar
7f70a407a000-7f70a4080000 r--s 00043000 fd:00 33837246                   /usr/lib/jvm/java-1.8.0-openjdk-1.8.0.144-0.b01.el7_4.x86_64/jre/lib/ext/sunjce_provider.jar
7f70a4080000-7f70a4093000 r--s 00346000 fd:00 2603554                    /usr/lib/jvm/java-1.8.0-openjdk-1.8.0.144-0.b01.el7_4.x86_64/jre/lib/resources.jar
7f70a4093000-7f70a40ae000 r--s 001d6000 fd:00 33755071                   /usr/lib/jvm/java-1.8.0-openjdk-1.8.0.144-0.b01.el7_4.x86_64/jre/lib/ext/nashorn.jar
7f70a40ae000-7f70a40b8000 r--s 03d41000 fd:00 18025282                   /var/lib/cas/cashub/main-banc-dispacher-0.0.1-SNAPSHOT-spring-boot.jar
7f70a40b8000-7f70a40c1000 r-xp 00000000 fd:00 17350597                   /usr/lib/jvm/java-1.8.0-openjdk-1.8.0.144-0.b01.el7_4.x86_64/jre/lib/amd64/libmanagement.so
7f70a40c1000-7f70a42c0000 ---p 00009000 fd:00 17350597                   /usr/lib/jvm/java-1.8.0-openjdk-1.8.0.144-0.b01.el7_4.x86_64/jre/lib/amd64/libmanagement.so
7f70a42c0000-7f70a42c1000 r--p 00008000 fd:00 17350597                   /usr/lib/jvm/java-1.8.0-openjdk-1.8.0.144-0.b01.el7_4.x86_64/jre/lib/amd64/libmanagement.so
7f70a42c1000-7f70a42c2000 rw-p 00009000 fd:00 17350597                   /usr/lib/jvm/java-1.8.0-openjdk-1.8.0.144-0.b01.el7_4.x86_64/jre/lib/amd64/libmanagement.so
7f70a42c2000-7f70a42c5000 ---p 00000000 00:00 0 
7f70a42c5000-7f70a43c3000 rw-p 00000000 00:00 0                          [stack:5051]
7f70a43c3000-7f70a43c7000 ---p 00000000 00:00 0 
7f70a43c7000-7f70a44c4000 rw-p 00000000 00:00 0                          [stack:5050]
7f70a44c4000-7f70a44c8000 ---p 00000000 00:00 0 
7f70a44c8000-7f70a45c5000 rw-p 00000000 00:00 0                          [stack:5049]
7f70a45c5000-7f70a45c9000 ---p 00000000 00:00 0 
7f70a45c9000-7f70a46c6000 rw-p 00000000 00:00 0                          [stack:5048]
7f70a46c6000-7f70a46c9000 ---p 00000000 00:00 0 
7f70a46c9000-7f70a47c7000 rw-p 00000000 00:00 0                          [stack:5047]
7f70a47c7000-7f70a47ca000 ---p 00000000 00:00 0 
7f70a47ca000-7f70a48c8000 rw-p 00000000 00:00 0                          [stack:5046]
7f70a48c8000-7f70a48cc000 r-xp 00000000 fd:00 17350581                   /usr/lib/jvm/java-1.8.0-openjdk-1.8.0.144-0.b01.el7_4.x86_64/jre/lib/amd64/libdt_socket.so
7f70a48cc000-7f70a4acb000 ---p 00004000 fd:00 17350581                   /usr/lib/jvm/java-1.8.0-openjdk-1.8.0.144-0.b01.el7_4.x86_64/jre/lib/amd64/libdt_socket.so
7f70a4acb000-7f70a4acc000 r--p 00003000 fd:00 17350581                   /usr/lib/jvm/java-1.8.0-openjdk-1.8.0.144-0.b01.el7_4.x86_64/jre/lib/amd64/libdt_socket.so
7f70a4acc000-7f70a4acd000 rw-p 00004000 fd:00 17350581                   /usr/lib/jvm/java-1.8.0-openjdk-1.8.0.144-0.b01.el7_4.x86_64/jre/lib/amd64/libdt_socket.so
7f70a4acd000-7f70a4ad0000 ---p 00000000 00:00 0 
7f70a4ad0000-7f70a4bce000 rw-p 00000000 00:00 0                          [stack:5045]
7f70a4bce000-7f70a4bd1000 ---p 00000000 00:00 0 
7f70a4bd1000-7f70a4ccf000 rw-p 00000000 00:00 0                          [stack:5044]
7f70a4ccf000-7f70a4cd2000 ---p 00000000 00:00 0 
7f70a4cd2000-7f70a4dd0000 rw-p 00000000 00:00 0                          [stack:5039]
7f70a4dd0000-7f70a4dd3000 ---p 00000000 00:00 0 
7f70a4dd3000-7f70a4ed1000 rw-p 00000000 00:00 0                          [stack:5037]
7f70a4ed1000-7f70a4ed2000 ---p 00000000 00:00 0 
7f70a4ed2000-7f70a5020000 rw-p 00000000 00:00 0                          [stack:5035]
7f70a5020000-7f70a51ef000 r--s 043f2000 fd:00 2603555                    /usr/lib/jvm/java-1.8.0-openjdk-1.8.0.144-0.b01.el7_4.x86_64/jre/lib/rt.jar
7f70a51ef000-7f70a5ac0000 rw-p 00000000 00:00 0 
7f70a5ac0000-7f70a5ac1000 ---p 00000000 00:00 0 
7f70a5ac1000-7f70a6674000 rw-p 00000000 00:00 0                          [stack:5032]
7f70a6674000-7f70a6675000 ---p 00000000 00:00 0 
7f70a6675000-7f70a6775000 rw-p 00000000 00:00 0                          [stack:5031]
7f70a6775000-7f70a6776000 ---p 00000000 00:00 0 
7f70a6776000-7f70a6876000 rw-p 00000000 00:00 0                          [stack:5030]
7f70a6876000-7f70a6877000 ---p 00000000 00:00 0 
7f70a6877000-7f70a6977000 rw-p 00000000 00:00 0                          [stack:5029]
7f70a6977000-7f70a6978000 ---p 00000000 00:00 0 
7f70a6978000-7f70a6b05000 rw-p 00000000 00:00 0                          [stack:5028]
7f70a6b05000-7f70a6e38000 ---p 00000000 00:00 0 
7f70a6e38000-7f70a6e40000 r-xp 00000000 fd:00 17350607                   /usr/lib/jvm/java-1.8.0-openjdk-1.8.0.144-0.b01.el7_4.x86_64/jre/lib/amd64/libzip.so
7f70a6e40000-7f70a703f000 ---p 00008000 fd:00 17350607                   /usr/lib/jvm/java-1.8.0-openjdk-1.8.0.144-0.b01.el7_4.x86_64/jre/lib/amd64/libzip.so
7f70a703f000-7f70a7040000 r--p 00007000 fd:00 17350607                   /usr/lib/jvm/java-1.8.0-openjdk-1.8.0.144-0.b01.el7_4.x86_64/jre/lib/amd64/libzip.so
7f70a7040000-7f70a7041000 rw-p 00008000 fd:00 17350607                   /usr/lib/jvm/java-1.8.0-openjdk-1.8.0.144-0.b01.el7_4.x86_64/jre/lib/amd64/libzip.so
7f70a7041000-7f70a704d000 r-xp 00000000 fd:00 1236736                    /usr/lib64/libnss_files-2.17.so
7f70a704d000-7f70a724c000 ---p 0000c000 fd:00 1236736                    /usr/lib64/libnss_files-2.17.so
7f70a724c000-7f70a724d000 r--p 0000b000 fd:00 1236736                    /usr/lib64/libnss_files-2.17.so
7f70a724d000-7f70a724e000 rw-p 0000c000 fd:00 1236736                    /usr/lib64/libnss_files-2.17.so
7f70a724e000-7f70a7254000 rw-p 00000000 00:00 0 
7f70a7254000-7f70a7256000 r-xp 00000000 fd:00 17350601                   /usr/lib/jvm/java-1.8.0-openjdk-1.8.0.144-0.b01.el7_4.x86_64/jre/lib/amd64/libnpt.so
7f70a7256000-7f70a7456000 ---p 00002000 fd:00 17350601                   /usr/lib/jvm/java-1.8.0-openjdk-1.8.0.144-0.b01.el7_4.x86_64/jre/lib/amd64/libnpt.so
7f70a7456000-7f70a7457000 r--p 00002000 fd:00 17350601                   /usr/lib/jvm/java-1.8.0-openjdk-1.8.0.144-0.b01.el7_4.x86_64/jre/lib/amd64/libnpt.so
7f70a7457000-7f70a7458000 rw-p 00003000 fd:00 17350601                   /usr/lib/jvm/java-1.8.0-openjdk-1.8.0.144-0.b01.el7_4.x86_64/jre/lib/amd64/libnpt.so
7f70a7458000-7f70a7493000 r-xp 00000000 fd:00 17350592                   /usr/lib/jvm/java-1.8.0-openjdk-1.8.0.144-0.b01.el7_4.x86_64/jre/lib/amd64/libjdwp.so
7f70a7493000-7f70a7693000 ---p 0003b000 fd:00 17350592                   /usr/lib/jvm/java-1.8.0-openjdk-1.8.0.144-0.b01.el7_4.x86_64/jre/lib/amd64/libjdwp.so
7f70a7693000-7f70a7694000 r--p 0003b000 fd:00 17350592                   /usr/lib/jvm/java-1.8.0-openjdk-1.8.0.144-0.b01.el7_4.x86_64/jre/lib/amd64/libjdwp.so
7f70a7694000-7f70a7695000 rw-p 0003c000 fd:00 17350592                   /usr/lib/jvm/java-1.8.0-openjdk-1.8.0.144-0.b01.el7_4.x86_64/jre/lib/amd64/libjdwp.so
7f70a7695000-7f70a76c2000 r-xp 00000000 fd:00 17350589                   /usr/lib/jvm/java-1.8.0-openjdk-1.8.0.144-0.b01.el7_4.x86_64/jre/lib/amd64/libjava.so
7f70a76c2000-7f70a78c2000 ---p 0002d000 fd:00 17350589                   /usr/lib/jvm/java-1.8.0-openjdk-1.8.0.144-0.b01.el7_4.x86_64/jre/lib/amd64/libjava.so
7f70a78c2000-7f70a78c3000 r--p 0002d000 fd:00 17350589                   /usr/lib/jvm/java-1.8.0-openjdk-1.8.0.144-0.b01.el7_4.x86_64/jre/lib/amd64/libjava.so
7f70a78c3000-7f70a78c5000 rw-p 0002e000 fd:00 17350589                   /usr/lib/jvm/java-1.8.0-openjdk-1.8.0.144-0.b01.el7_4.x86_64/jre/lib/amd64/libjava.so
7f70a78c5000-7f70a78d2000 r-xp 00000000 fd:00 17350606                   /usr/lib/jvm/java-1.8.0-openjdk-1.8.0.144-0.b01.el7_4.x86_64/jre/lib/amd64/libverify.so
7f70a78d2000-7f70a7ad1000 ---p 0000d000 fd:00 17350606                   /usr/lib/jvm/java-1.8.0-openjdk-1.8.0.144-0.b01.el7_4.x86_64/jre/lib/amd64/libverify.so
7f70a7ad1000-7f70a7ad3000 r--p 0000c000 fd:00 17350606                   /usr/lib/jvm/java-1.8.0-openjdk-1.8.0.144-0.b01.el7_4.x86_64/jre/lib/amd64/libverify.so
7f70a7ad3000-7f70a7ad4000 rw-p 0000e000 fd:00 17350606                   /usr/lib/jvm/java-1.8.0-openjdk-1.8.0.144-0.b01.el7_4.x86_64/jre/lib/amd64/libverify.so
7f70a7ad4000-7f70a7adb000 r-xp 00000000 fd:00 1236742                    /usr/lib64/librt-2.17.so
7f70a7adb000-7f70a7cda000 ---p 00007000 fd:00 1236742                    /usr/lib64/librt-2.17.so
7f70a7cda000-7f70a7cdb000 r--p 00006000 fd:00 1236742                    /usr/lib64/librt-2.17.so
7f70a7cdb000-7f70a7cdc000 rw-p 00007000 fd:00 1236742                    /usr/lib64/librt-2.17.so
7f70a7cdc000-7f70a7cf1000 r-xp 00000000 fd:00 480939                     /usr/lib64/libgcc_s-4.8.5-20150702.so.1
7f70a7cf1000-7f70a7ef0000 ---p 00015000 fd:00 480939                     /usr/lib64/libgcc_s-4.8.5-20150702.so.1
7f70a7ef0000-7f70a7ef1000 r--p 00014000 fd:00 480939                     /usr/lib64/libgcc_s-4.8.5-20150702.so.1
7f70a7ef1000-7f70a7ef2000 rw-p 00015000 fd:00 480939                     /usr/lib64/libgcc_s-4.8.5-20150702.so.1
7f70a7ef2000-7f70a7ff3000 r-xp 00000000 fd:00 1235373                    /usr/lib64/libm-2.17.so
7f70a7ff3000-7f70a81f2000 ---p 00101000 fd:00 1235373                    /usr/lib64/libm-2.17.so
7f70a81f2000-7f70a81f3000 r--p 00100000 fd:00 1235373                    /usr/lib64/libm-2.17.so
7f70a81f3000-7f70a81f4000 rw-p 00101000 fd:00 1235373                    /usr/lib64/libm-2.17.so
7f70a81f4000-7f70a82dd000 r-xp 00000000 fd:00 219268                     /usr/lib64/libstdc++.so.6.0.19
7f70a82dd000-7f70a84dc000 ---p 000e9000 fd:00 219268                     /usr/lib64/libstdc++.so.6.0.19
7f70a84dc000-7f70a84e4000 r--p 000e8000 fd:00 219268                     /usr/lib64/libstdc++.so.6.0.19
7f70a84e4000-7f70a84e6000 rw-p 000f0000 fd:00 219268                     /usr/lib64/libstdc++.so.6.0.19
7f70a84e6000-7f70a84fb000 rw-p 00000000 00:00 0 
7f70a84fb000-7f70a91b8000 r-xp 00000000 fd:00 2603529                    /usr/lib/jvm/java-1.8.0-openjdk-1.8.0.144-0.b01.el7_4.x86_64/jre/lib/amd64/server/libjvm.so
7f70a91b8000-7f70a93b7000 ---p 00cbd000 fd:00 2603529                    /usr/lib/jvm/java-1.8.0-openjdk-1.8.0.144-0.b01.el7_4.x86_64/jre/lib/amd64/server/libjvm.so
7f70a93b7000-7f70a9462000 r--p 00cbc000 fd:00 2603529                    /usr/lib/jvm/java-1.8.0-openjdk-1.8.0.144-0.b01.el7_4.x86_64/jre/lib/amd64/server/libjvm.so
7f70a9462000-7f70a948b000 rw-p 00d67000 fd:00 2603529                    /usr/lib/jvm/java-1.8.0-openjdk-1.8.0.144-0.b01.el7_4.x86_64/jre/lib/amd64/server/libjvm.so
7f70a948b000-7f70a94be000 rw-p 00000000 00:00 0 
7f70a94be000-7f70a9681000 r-xp 00000000 fd:00 59005                      /usr/lib64/libc-2.17.so
7f70a9681000-7f70a9880000 ---p 001c3000 fd:00 59005                      /usr/lib64/libc-2.17.so
7f70a9880000-7f70a9884000 r--p 001c2000 fd:00 59005                      /usr/lib64/libc-2.17.so
7f70a9884000-7f70a9886000 rw-p 001c6000 fd:00 59005                      /usr/lib64/libc-2.17.so
7f70a9886000-7f70a988b000 rw-p 00000000 00:00 0 
7f70a988b000-7f70a988d000 r-xp 00000000 fd:00 1235371                    /usr/lib64/libdl-2.17.so
7f70a988d000-7f70a9a8d000 ---p 00002000 fd:00 1235371                    /usr/lib64/libdl-2.17.so
7f70a9a8d000-7f70a9a8e000 r--p 00002000 fd:00 1235371                    /usr/lib64/libdl-2.17.so
7f70a9a8e000-7f70a9a8f000 rw-p 00003000 fd:00 1235371                    /usr/lib64/libdl-2.17.so
7f70a9a8f000-7f70a9a9d000 r-xp 00000000 fd:00 50583498                   /usr/lib/jvm/java-1.8.0-openjdk-1.8.0.144-0.b01.el7_4.x86_64/jre/lib/amd64/jli/libjli.so
7f70a9a9d000-7f70a9c9c000 ---p 0000e000 fd:00 50583498                   /usr/lib/jvm/java-1.8.0-openjdk-1.8.0.144-0.b01.el7_4.x86_64/jre/lib/amd64/jli/libjli.so
7f70a9c9c000-7f70a9c9d000 r--p 0000d000 fd:00 50583498                   /usr/lib/jvm/java-1.8.0-openjdk-1.8.0.144-0.b01.el7_4.x86_64/jre/lib/amd64/jli/libjli.so
7f70a9c9d000-7f70a9c9e000 rw-p 0000e000 fd:00 50583498                   /usr/lib/jvm/java-1.8.0-openjdk-1.8.0.144-0.b01.el7_4.x86_64/jre/lib/amd64/jli/libjli.so
7f70a9c9e000-7f70a9cb3000 r-xp 00000000 fd:00 81032                      /usr/lib64/libz.so.1.2.7
7f70a9cb3000-7f70a9eb2000 ---p 00015000 fd:00 81032                      /usr/lib64/libz.so.1.2.7
7f70a9eb2000-7f70a9eb3000 r--p 00014000 fd:00 81032                      /usr/lib64/libz.so.1.2.7
7f70a9eb3000-7f70a9eb4000 rw-p 00015000 fd:00 81032                      /usr/lib64/libz.so.1.2.7
7f70a9eb4000-7f70a9ecb000 r-xp 00000000 fd:00 59031                      /usr/lib64/libpthread-2.17.so
7f70a9ecb000-7f70aa0ca000 ---p 00017000 fd:00 59031                      /usr/lib64/libpthread-2.17.so
7f70aa0ca000-7f70aa0cb000 r--p 00016000 fd:00 59031                      /usr/lib64/libpthread-2.17.so
7f70aa0cb000-7f70aa0cc000 rw-p 00017000 fd:00 59031                      /usr/lib64/libpthread-2.17.so
7f70aa0cc000-7f70aa0d0000 rw-p 00000000 00:00 0 
7f70aa0d0000-7f70aa0f2000 r-xp 00000000 fd:00 735553                     /usr/lib64/ld-2.17.so
7f70aa0f2000-7f70aa0f4000 rw-p 00000000 00:00 0 
7f70aa0f4000-7f70aa0f5000 r--s 00007000 fd:00 33837245                   /usr/lib/jvm/java-1.8.0-openjdk-1.8.0.144-0.b01.el7_4.x86_64/jre/lib/ext/sunec.jar
7f70aa0f5000-7f70aa11c000 rw-p 00000000 00:00 0 
7f70aa11c000-7f70aa14b000 ---p 00000000 00:00 0 
7f70aa14b000-7f70aa155000 rw-p 00000000 00:00 0 
7f70aa155000-7f70aa175000 ---p 00000000 00:00 0 
7f70aa175000-7f70aa19d000 rw-p 00000000 00:00 0 
7f70aa19d000-7f70aa1cb000 ---p 00000000 00:00 0 
7f70aa1cb000-7f70aa1cc000 rw-p 00000000 00:00 0 
7f70aa1cc000-7f70aa1d0000 ---p 00000000 00:00 0 
7f70aa1d0000-7f70aa2d2000 rw-p 00000000 00:00 0                          [stack:5024]
7f70aa2d2000-7f70aa2d5000 r--s 00018000 fd:00 2603544                    /usr/lib/jvm/java-1.8.0-openjdk-1.8.0.144-0.b01.el7_4.x86_64/jre/lib/jce.jar
7f70aa2d5000-7f70aa2da000 r--s 000b3000 fd:00 2603546                    /usr/lib/jvm/java-1.8.0-openjdk-1.8.0.144-0.b01.el7_4.x86_64/jre/lib/jsse.jar
7f70aa2da000-7f70aa2e6000 rw-p 00000000 00:00 0 
7f70aa2e6000-7f70aa2ee000 rw-s 00000000 fd:00 33685724                   /tmp/hsperfdata_casadmin/5023
7f70aa2ee000-7f70aa2ef000 rw-p 00000000 00:00 0 
7f70aa2ef000-7f70aa2f0000 r--p 00000000 00:00 0 
7f70aa2f0000-7f70aa2f1000 rw-p 00000000 00:00 0 
7f70aa2f1000-7f70aa2f2000 r--p 00021000 fd:00 735553                     /usr/lib64/ld-2.17.so
7f70aa2f2000-7f70aa2f3000 rw-p 00022000 fd:00 735553                     /usr/lib64/ld-2.17.so
7f70aa2f3000-7f70aa2f4000 rw-p 00000000 00:00 0 
7ffd1b298000-7ffd1b2b9000 rw-p 00000000 00:00 0                          [stack]
7ffd1b2bb000-7ffd1b2bd000 r-xp 00000000 00:00 0                          [vdso]
ffffffffff600000-ffffffffff601000 r-xp 00000000 00:00 0                  [vsyscall]

VM Arguments:
jvm_args: -Djava.awt.headless=true -Xmx256m -XX:+UseConcMarkSweepGC -Djava.awt.headless=true -Xmx256m -XX:+UseConcMarkSweepGC -Dlogging.config=/etc/default/casconfig/cas-hub/log4j2.xml -Xdebug -Xrunjdwp:transport=dt_socket,address=12005,server=y,suspend=n -ea -Djava.net.preferIPv4Stack=true -Dcom.sun.management.jmxremote.authenticate=false -Dcom.sun.management.jmxremote.ssl=false -Dcom.sun.management.jmxremote=true -Dcom.sun.management.jmxremote.rmi.port=12007 -Dcom.sun.management.jmxremote.local.only=false -Djava.rmi.server.hostname=10.45.250.6 -Dcom.sun.management.jmxremote.port=12007 -Dcasmain.properties.filepath=file:/etc/default/casconfig/cas-gen/mq-base0.properties,file:/etc/default/casconfig/cas-gen/db-base0.properties,file:/etc/default/casconfig/cas-hub/hub-base0.properties -Dport=12004 -ea 
java_command: main-banc-dispacher-0.0.1-SNAPSHOT-spring-boot.jar
java_class_path (initial): main-banc-dispacher-0.0.1-SNAPSHOT-spring-boot.jar
Launcher Type: SUN_STANDARD

Environment Variables:
PATH=/usr/local/sbin:/usr/local/bin:/usr/sbin:/usr/bin
SHELL=/bin/bash

Signal Handlers:
SIGSEGV: [libjvm.so+0xaada50], sa_mask[0]=11111111011111111101111111111110, sa_flags=SA_RESTART|SA_SIGINFO
SIGBUS: [libjvm.so+0xaada50], sa_mask[0]=11111111011111111101111111111110, sa_flags=SA_RESTART|SA_SIGINFO
SIGFPE: [libjvm.so+0x8a8280], sa_mask[0]=11111111011111111101111111111110, sa_flags=SA_RESTART|SA_SIGINFO
SIGPIPE: SIG_IGN, sa_mask[0]=00000000000000000000000000000000, sa_flags=none
SIGXFSZ: [libjvm.so+0x8a8280], sa_mask[0]=11111111011111111101111111111110, sa_flags=SA_RESTART|SA_SIGINFO
SIGILL: [libjvm.so+0x8a8280], sa_mask[0]=11111111011111111101111111111110, sa_flags=SA_RESTART|SA_SIGINFO
SIGUSR1: SIG_DFL, sa_mask[0]=00000000000000000000000000000000, sa_flags=none
SIGUSR2: [libjvm.so+0x8a8130], sa_mask[0]=00000000000000000000000000000000, sa_flags=SA_RESTART|SA_SIGINFO
SIGHUP: [libjvm.so+0x8a8340], sa_mask[0]=11111111011111111101111111111110, sa_flags=SA_RESTART|SA_SIGINFO
SIGINT: [libjvm.so+0x8a8340], sa_mask[0]=11111111011111111101111111111110, sa_flags=SA_RESTART|SA_SIGINFO
SIGTERM: [libjvm.so+0x8a8340], sa_mask[0]=11111111011111111101111111111110, sa_flags=SA_RESTART|SA_SIGINFO
SIGQUIT: [libjvm.so+0x8a8340], sa_mask[0]=11111111011111111101111111111110, sa_flags=SA_RESTART|SA_SIGINFO


---------------  S Y S T E M  ---------------

OS:CentOS Linux release 7.3.1611 (Core) 

uname:Linux 3.10.0-514.el7.x86_64 #1 SMP Tue Nov 22 16:42:41 UTC 2016 x86_64
libc:glibc 2.17 NPTL 2.17 
rlimit: STACK 8192k, CORE 0k, NPROC 15012, NOFILE 4096, AS infinity
load average:0.22 0.25 0.19

/proc/meminfo:
MemTotal:        3874068 kB
MemFree:          247564 kB
MemAvailable:     333336 kB
Buffers:               0 kB
Cached:           429792 kB
SwapCached:        63812 kB
Active:          2271932 kB
Inactive:         982572 kB
Active(anon):    2146624 kB
Inactive(anon):   872640 kB
Active(file):     125308 kB
Inactive(file):   109932 kB
Unevictable:           0 kB
Mlocked:               0 kB
SwapTotal:       2097148 kB
SwapFree:        1048756 kB
Dirty:              2224 kB
Writeback:             0 kB
AnonPages:       2773288 kB
Mapped:            53116 kB
Shmem:            194328 kB
Slab:             192404 kB
SReclaimable:     110468 kB
SUnreclaim:        81936 kB
KernelStack:       16416 kB
PageTables:        62560 kB
NFS_Unstable:          0 kB
Bounce:                0 kB
WritebackTmp:          0 kB
CommitLimit:     4034180 kB
Committed_AS:    8939680 kB
VmallocTotal:   34359738367 kB
VmallocUsed:      171280 kB
VmallocChunk:   34359326716 kB
HardwareCorrupted:     0 kB
AnonHugePages:   1914880 kB
HugePages_Total:       0
HugePages_Free:        0
HugePages_Rsvd:        0
HugePages_Surp:        0
Hugepagesize:       2048 kB
DirectMap4k:      161664 kB
DirectMap2M:     4032512 kB
DirectMap1G:     2097152 kB


CPU:total 4 (initial active 4) (2 cores per cpu, 1 threads per core) family 6 model 79 stepping 1, cmov, cx8, fxsr, mmx, sse, sse2, sse3, ssse3, sse4.1, sse4.2, popcnt, avx, aes, clmul, erms, 3dnowpref, tsc, tscinvbit

/proc/cpuinfo:
processor	: 0
vendor_id	: GenuineIntel
cpu family	: 6
model		: 79
model name	: Intel(R) Xeon(R) CPU E5-2680 v4 @ 2.40GHz
stepping	: 1
microcode	: 0xb00002a
cpu MHz		: 2399.648
cache size	: 35840 KB
physical id	: 0
siblings	: 2
core id		: 0
cpu cores	: 2
apicid		: 0
initial apicid	: 0
fpu		: yes
fpu_exception	: yes
cpuid level	: 20
wp		: yes
flags		: fpu vme de pse tsc msr pae mce cx8 apic sep mtrr pge mca cmov pat pse36 clflush dts mmx fxsr sse sse2 ss ht syscall nx pdpe1gb rdtscp lm constant_tsc arch_perfmon pebs bts nopl xtopology tsc_reliable nonstop_tsc pni pclmulqdq ssse3 fma cx16 pcid sse4_1 sse4_2 x2apic movbe popcnt aes xsave avx f16c rdrand hypervisor lahf_lm 3dnowprefetch arat fsgsbase smep
bogomips	: 4799.99
clflush size	: 64
cache_alignment	: 64
address sizes	: 40 bits physical, 48 bits virtual
power management:

processor	: 1
vendor_id	: GenuineIntel
cpu family	: 6
model		: 79
model name	: Intel(R) Xeon(R) CPU E5-2680 v4 @ 2.40GHz
stepping	: 1
microcode	: 0xb00002a
cpu MHz		: 2399.648
cache size	: 35840 KB
physical id	: 0
siblings	: 2
core id		: 1
cpu cores	: 2
apicid		: 1
initial apicid	: 1
fpu		: yes
fpu_exception	: yes
cpuid level	: 20
wp		: yes
flags		: fpu vme de pse tsc msr pae mce cx8 apic sep mtrr pge mca cmov pat pse36 clflush dts mmx fxsr sse sse2 ss ht syscall nx pdpe1gb rdtscp lm constant_tsc arch_perfmon pebs bts nopl xtopology tsc_reliable nonstop_tsc pni pclmulqdq ssse3 fma cx16 pcid sse4_1 sse4_2 x2apic movbe popcnt aes xsave avx f16c rdrand hypervisor lahf_lm 3dnowprefetch arat fsgsbase smep
bogomips	: 4799.99
clflush size	: 64
cache_alignment	: 64
address sizes	: 40 bits physical, 48 bits virtual
power management:

processor	: 2
vendor_id	: GenuineIntel
cpu family	: 6
model		: 79
model name	: Intel(R) Xeon(R) CPU E5-2680 v4 @ 2.40GHz
stepping	: 1
microcode	: 0xb00002a
cpu MHz		: 2399.648
cache size	: 35840 KB
physical id	: 1
siblings	: 2
core id		: 0
cpu cores	: 2
apicid		: 2
initial apicid	: 2
fpu		: yes
fpu_exception	: yes
cpuid level	: 20
wp		: yes
flags		: fpu vme de pse tsc msr pae mce cx8 apic sep mtrr pge mca cmov pat pse36 clflush dts mmx fxsr sse sse2 ss ht syscall nx pdpe1gb rdtscp lm constant_tsc arch_perfmon pebs bts nopl xtopology tsc_reliable nonstop_tsc pni pclmulqdq ssse3 fma cx16 pcid sse4_1 sse4_2 x2apic movbe popcnt aes xsave avx f16c rdrand hypervisor lahf_lm 3dnowprefetch arat fsgsbase smep
bogomips	: 4799.99
clflush size	: 64
cache_alignment	: 64
address sizes	: 40 bits physical, 48 bits virtual
power management:

processor	: 3
vendor_id	: GenuineIntel
cpu family	: 6
model		: 79
model name	: Intel(R) Xeon(R) CPU E5-2680 v4 @ 2.40GHz
stepping	: 1
microcode	: 0xb00002a
cpu MHz		: 2399.648
cache size	: 35840 KB
physical id	: 1
siblings	: 2
core id		: 1
cpu cores	: 2
apicid		: 3
initial apicid	: 3
fpu		: yes
fpu_exception	: yes
cpuid level	: 20
wp		: yes
flags		: fpu vme de pse tsc msr pae mce cx8 apic sep mtrr pge mca cmov pat pse36 clflush dts mmx fxsr sse sse2 ss ht syscall nx pdpe1gb rdtscp lm constant_tsc arch_perfmon pebs bts nopl xtopology tsc_reliable nonstop_tsc pni pclmulqdq ssse3 fma cx16 pcid sse4_1 sse4_2 x2apic movbe popcnt aes xsave avx f16c rdrand hypervisor lahf_lm 3dnowprefetch arat fsgsbase smep
bogomips	: 4799.99
clflush size	: 64
cache_alignment	: 64
address sizes	: 40 bits physical, 48 bits virtual
power management:



Memory: 4k page, physical 3874068k(247564k free), swap 2097148k(1048756k free)

vm_info: OpenJDK 64-Bit Server VM (25.144-b01) for linux-amd64 JRE (1.8.0_144-b01), built on Sep  6 2017 14:53:02 by "mockbuild" with gcc 4.8.5 20150623 (Red Hat 4.8.5-16)

time: Wed Nov  7 16:19:18 2018
elapsed time: 219 seconds (0d 0h 3m 39s)

