#
# A fatal error has been detected by the Java Runtime Environment:
#
#  SIGSEGV (0xb) at pc=0x00007f3846af94cb, pid=11585, tid=0x00007f37c1fec700
#
# JRE version: OpenJDK Runtime Environment (8.0_144-b01) (build 1.8.0_144-b01)
# Java VM: OpenJDK 64-Bit Server VM (25.144-b01 mixed mode linux-amd64 compressed oops)
# Problematic frame:
# C  [libc.so.6+0x1554cb]  __memcpy_ssse3_back+0x112b
#
# Failed to write core dump. Core dumps have been disabled. To enable core dumping, try "ulimit -c unlimited" before starting Java again
#
# If you would like to submit a bug report, please visit:
#   http://bugreport.java.com/bugreport/crash.jsp
# The crash happened outside the Java Virtual Machine in native code.
# See problematic frame for where to report the bug.
#

---------------  T H R E A D  ---------------

Current thread (0x00007f37a401c800):  JavaThread "ActiveMQ Session Task-229" [_thread_in_native, id=24512, stack(0x00007f37c1eec000,0x00007f37c1fed000)]

siginfo: si_signo: 11 (SIGSEGV), si_code: 2 (SEGV_ACCERR), si_addr: 0x00007f384401b000

Registers:
RAX=0x00007f3808050cb0, RBX=0x00007f38402aa8e0, RCX=0x0000000000008000, RDX=0x0000000000001170
RSP=0x00007f37c1fe98c8, RBP=0x00007f37c1fe9930, RSI=0x00007f384401affb, RDI=0x00007f3808054740
R8 =0x00007f3808050cb0, R9 =0x00007f3846af94c0, R10=0x00007f3808050cb0, R11=0x00007f3846b316e0
R12=0x0000000000004d00, R13=0x00007f3844016374, R14=0x00007f3808005730, R15=0x00000000000004c9
RIP=0x00007f3846af94cb, EFLAGS=0x0000000000010202, CSGSFS=0x0000000000000033, ERR=0x0000000000000004
  TRAPNO=0x000000000000000e

Top of Stack: (sp=0x00007f37c1fe98c8)
0x00007f37c1fe98c8:   00007f3844323549 00007f380803ac30
0x00007f37c1fe98d8:   0000000000000000 00007f38440170a2
0x00007f37c1fe98e8:   00000000004da5e4 00007f380803ac30
0x00007f37c1fe98f8:   0000000000000d00 0000000000000016
0x00007f37c1fe9908:   00007f38402ab440 000000000f9d8395
0x00007f37c1fe9918:   00007f37c1fe99b5 00007f37dc01c0b0
0x00007f37c1fe9928:   00007f38402aa8e0 00007f37c1fe9980
0x00007f37c1fe9938:   00007f3844324114 00007f37c1fe99a0
0x00007f37c1fe9948:   0000001601faec00 00007f37c1fe9980
0x00007f37c1fe9958:   0000000000000016 00007f37a401ca58
0x00007f37c1fe9968:   00007f37c1fe9df8 00007f37c1fe9e20
0x00007f37c1fe9978:   0000000000000001 00007f37c1fe9de0
0x00007f37c1fe9988:   00007f3844321cfd 00007f37c1fe99a0
0x00007f37c1fe9998:   00007f38402aa8e0 464e492d4154454d
0x00007f37c1fe99a8:   7473616d7365722f 00006c6d782e7265
0x00007f37c1fe99b8:   0000000000000004 0000000000000000
0x00007f37c1fe99c8:   00007f37c1fea050 00007f3846d670a0
0x00007f37c1fe99d8:   00007f3846b2ff60 00007f37c1fe9a00
0x00007f37c1fe99e8:   00007f38463a728e 00007f37c1fe9a10
0x00007f37c1fe99f8:   00007f37c1fe9a40 00007f37c1fe9a30
0x00007f37c1fe9a08:   00007f38463a8a7e 00007f37c1fe9a30
0x00007f37c1fe9a18:   00007f37c1fe9a40 00007f38293201a8
0x00007f37c1fe9a28:   00007f382932018b 00007f37c1fe9a80
0x00007f37c1fe9a38:   00007f3845d22b01 00007f384690ad50
0x00007f37c1fe9a48:   00007f382920de60 0000000000000016
0x00007f37c1fe9a58:   000000000000000a 00007f3700000000
0x00007f37c1fe9a68:   0666ea90abfaec00 00007f3810131a40
0x00007f37c1fe9a78:   00007f38293201a8 00007f37c1fe9b50
0x00007f37c1fe9a88:   00007f384603e85a 00007f37c1fe9ba0
0x00007f37c1fe9a98:   00007f384631e5b9 00000000000083b0
0x00007f37c1fe9aa8:   00007f38196f5070 00007f38196f4f70
0x00007f37c1fe9ab8:   0000000000000004 00007f37c1fe9ae0 

Instructions: (pc=0x00007f3846af94cb)
0x00007f3846af94ab:   63 14 93 49 8d 14 13 ff e2 0f 0b 66 2e 0f 1f 84
0x00007f3846af94bb:   00 00 00 00 00 48 81 ea 80 00 00 00 0f 28 4e f5
0x00007f3846af94cb:   0f 28 56 05 0f 28 5e 15 0f 28 66 25 0f 28 6e 35
0x00007f3846af94db:   0f 28 76 45 0f 28 7e 55 44 0f 28 46 65 44 0f 28 

Register to memory mapping:

RAX=0x00007f3808050cb0 is an unknown value
RBX=0x00007f38402aa8e0 is an unknown value
RCX=0x0000000000008000 is an unknown value
RDX=0x0000000000001170 is an unknown value
RSP=0x00007f37c1fe98c8 is pointing into the stack for thread: 0x00007f37a401c800
RBP=0x00007f37c1fe9930 is pointing into the stack for thread: 0x00007f37a401c800
RSI=0x00007f384401affb is an unknown value
RDI=0x00007f3808054740 is an unknown value
R8 =0x00007f3808050cb0 is an unknown value
R9 =0x00007f3846af94c0: <offset 0x1554c0> in /lib64/libc.so.6 at 0x00007f38469a4000
R10=0x00007f3808050cb0 is an unknown value
R11=0x00007f3846b316e0: <offset 0x18d6e0> in /lib64/libc.so.6 at 0x00007f38469a4000
R12=0x0000000000004d00 is an unknown value
R13=0x00007f3844016374 is an unknown value
R14=0x00007f3808005730 is an unknown value
R15=0x00000000000004c9 is an unknown value


Stack: [0x00007f37c1eec000,0x00007f37c1fed000],  sp=0x00007f37c1fe98c8,  free space=1014k
Native frames: (J=compiled Java code, j=interpreted, Vv=VM code, C=native code)
C  [libc.so.6+0x1554cb]  __memcpy_ssse3_back+0x112b
C  [libzip.so+0x6114]
C  [libzip.so+0x3cfd]  Java_java_util_zip_ZipFile_getEntry+0xfd
J 980  java.util.zip.ZipFile.getEntry(J[BZ)J (0 bytes) @ 0x00007f382ae7c1ce [0x00007f382ae7c100+0xce]
J 4062 C2 sun.misc.URLClassPath$JarLoader.getResource(Ljava/lang/String;Z)Lsun/misc/Resource; (85 bytes) @ 0x00007f382b94427c [0x00007f382b943c40+0x63c]
J 4293 C2 sun.misc.URLClassPath.findResource(Ljava/lang/String;Z)Ljava/net/URL; (47 bytes) @ 0x00007f382b262280 [0x00007f382b261ee0+0x3a0]
J 2652 C2 java.net.URLClassLoader$2.run()Ljava/lang/Object; (5 bytes) @ 0x00007f382accddb8 [0x00007f382accdd60+0x58]
v  ~StubRoutines::call_stub
V  [libjvm.so+0x66f77a]
V  [libjvm.so+0x6c0b3d]  JVM_DoPrivileged+0x55d
J 1111  java.security.AccessController.doPrivileged(Ljava/security/PrivilegedAction;Ljava/security/AccessControlContext;)Ljava/lang/Object; (0 bytes) @ 0x00007f382aed3515 [0x00007f382aed3440+0xd5]
J 2650 C2 java.lang.ClassLoader.getResource(Ljava/lang/String;)Ljava/net/URL; (36 bytes) @ 0x00007f382ac4ae14 [0x00007f382ac4ac80+0x194]
J 5371 C1 java.net.URLClassLoader.getResourceAsStream(Ljava/lang/String;)Ljava/io/InputStream; (137 bytes) @ 0x00007f382bb6831c [0x00007f382bb68200+0x11c]
J 2542 C1 org.springframework.core.io.ClassPathResource.getInputStream()Ljava/io/InputStream; (88 bytes) @ 0x00007f382ac4675c [0x00007f382ac45c00+0xb5c]
J 21577 C1 com.antruak.idm.batch.process.ResourceProcessorDb.getResMaster()Lcom/antruak/idm/batch/request/ResMaster; (20 bytes) @ 0x00007f382ce1048c [0x00007f382ce10260+0x22c]
J 18528 C1 com.antruak.idm.batch.process.ResourceProcessorDb$$FastClassBySpringCGLIB$$d17a90ac.invoke(ILjava/lang/Object;[Ljava/lang/Object;)Ljava/lang/Object; (157 bytes) @ 0x00007f382cf06a8c [0x00007f382cf06240+0x84c]
J 19192 C2 org.springframework.aop.framework.CglibAopProxy$DynamicAdvisedInterceptor.intercept(Ljava/lang/Object;Ljava/lang/reflect/Method;[Ljava/lang/Object;Lorg/springframework/cglib/proxy/MethodProxy;)Ljava/lang/Object; (192 bytes) @ 0x00007f382d59025c [0x00007f382d5900e0+0x17c]
J 21576 C1 com.antruak.idm.batch.process.ResourceProcessorDb$$EnhancerBySpringCGLIB$$d08ed10b.getResMaster()Lcom/antruak/idm/batch/request/ResMaster; (55 bytes) @ 0x00007f382cdc458c [0x00007f382cdc4240+0x34c]
J 21841 C1 com.antruak.banc.batch.tools.HubServiceListener.targetMgm(Ljava/lang/String;Ljava/util/Properties;Ljava/lang/String;Ljavax/jms/Destination;)Ljava/util/Map; (743 bytes) @ 0x00007f382ecee3fc [0x00007f382eced740+0xcbc]
j  com.antruak.banc.batch.tools.HubServiceListener.onMessage(Ljavax/jms/Message;)V+164
J 21823 C1 org.apache.activemq.ActiveMQMessageConsumer.dispatch(Lorg/apache/activemq/command/MessageDispatch;)V (692 bytes) @ 0x00007f382ecdfa6c [0x00007f382ecded00+0xd6c]
J 22149 C2 org.apache.activemq.ActiveMQSessionExecutor.iterate()Z (81 bytes) @ 0x00007f382e0710d0 [0x00007f382e070a20+0x6b0]
J 21062 C1 org.apache.activemq.thread.PooledTaskRunner.runTask()V (277 bytes) @ 0x00007f382da1eb3c [0x00007f382da1e360+0x7dc]
J 21061 C1 org.apache.activemq.thread.PooledTaskRunner$1.run()V (71 bytes) @ 0x00007f382d48cbec [0x00007f382d48ca60+0x18c]
J 20425 C1 java.util.concurrent.ThreadPoolExecutor.runWorker(Ljava/util/concurrent/ThreadPoolExecutor$Worker;)V (225 bytes) @ 0x00007f382d58b4c4 [0x00007f382d58a4a0+0x1024]
J 21305 C1 java.util.concurrent.ThreadPoolExecutor$Worker.run()V (9 bytes) @ 0x00007f382cbbf104 [0x00007f382cbbf000+0x104]
J 21169 C1 java.lang.Thread.run()V (17 bytes) @ 0x00007f382ad80c4c [0x00007f382ad80b00+0x14c]
v  ~StubRoutines::call_stub
V  [libjvm.so+0x66f77a]
V  [libjvm.so+0x66cc14]
V  [libjvm.so+0x66d229]
V  [libjvm.so+0x6b1f91]
V  [libjvm.so+0xa564b2]
V  [libjvm.so+0x8a9df2]
C  [libpthread.so.0+0x7e25]  start_thread+0xc5

Java frames: (J=compiled Java code, j=interpreted, Vv=VM code)
J 980  java.util.zip.ZipFile.getEntry(J[BZ)J (0 bytes) @ 0x00007f382ae7c158 [0x00007f382ae7c100+0x58]
J 4062 C2 sun.misc.URLClassPath$JarLoader.getResource(Ljava/lang/String;Z)Lsun/misc/Resource; (85 bytes) @ 0x00007f382b94427c [0x00007f382b943c40+0x63c]
J 4293 C2 sun.misc.URLClassPath.findResource(Ljava/lang/String;Z)Ljava/net/URL; (47 bytes) @ 0x00007f382b262280 [0x00007f382b261ee0+0x3a0]
J 2652 C2 java.net.URLClassLoader$2.run()Ljava/lang/Object; (5 bytes) @ 0x00007f382accddb8 [0x00007f382accdd60+0x58]
v  ~StubRoutines::call_stub
J 1111  java.security.AccessController.doPrivileged(Ljava/security/PrivilegedAction;Ljava/security/AccessControlContext;)Ljava/lang/Object; (0 bytes) @ 0x00007f382aed34a3 [0x00007f382aed3440+0x63]
J 2650 C2 java.lang.ClassLoader.getResource(Ljava/lang/String;)Ljava/net/URL; (36 bytes) @ 0x00007f382ac4ae14 [0x00007f382ac4ac80+0x194]
J 5371 C1 java.net.URLClassLoader.getResourceAsStream(Ljava/lang/String;)Ljava/io/InputStream; (137 bytes) @ 0x00007f382bb6831c [0x00007f382bb68200+0x11c]
J 2542 C1 org.springframework.core.io.ClassPathResource.getInputStream()Ljava/io/InputStream; (88 bytes) @ 0x00007f382ac4675c [0x00007f382ac45c00+0xb5c]
J 21577 C1 com.antruak.idm.batch.process.ResourceProcessorDb.getResMaster()Lcom/antruak/idm/batch/request/ResMaster; (20 bytes) @ 0x00007f382ce1048c [0x00007f382ce10260+0x22c]
J 18528 C1 com.antruak.idm.batch.process.ResourceProcessorDb$$FastClassBySpringCGLIB$$d17a90ac.invoke(ILjava/lang/Object;[Ljava/lang/Object;)Ljava/lang/Object; (157 bytes) @ 0x00007f382cf06a8c [0x00007f382cf06240+0x84c]
J 19192 C2 org.springframework.aop.framework.CglibAopProxy$DynamicAdvisedInterceptor.intercept(Ljava/lang/Object;Ljava/lang/reflect/Method;[Ljava/lang/Object;Lorg/springframework/cglib/proxy/MethodProxy;)Ljava/lang/Object; (192 bytes) @ 0x00007f382d59025c [0x00007f382d5900e0+0x17c]
J 21576 C1 com.antruak.idm.batch.process.ResourceProcessorDb$$EnhancerBySpringCGLIB$$d08ed10b.getResMaster()Lcom/antruak/idm/batch/request/ResMaster; (55 bytes) @ 0x00007f382cdc458c [0x00007f382cdc4240+0x34c]
J 21841 C1 com.antruak.banc.batch.tools.HubServiceListener.targetMgm(Ljava/lang/String;Ljava/util/Properties;Ljava/lang/String;Ljavax/jms/Destination;)Ljava/util/Map; (743 bytes) @ 0x00007f382ecee3fc [0x00007f382eced740+0xcbc]
j  com.antruak.banc.batch.tools.HubServiceListener.onMessage(Ljavax/jms/Message;)V+164
J 21823 C1 org.apache.activemq.ActiveMQMessageConsumer.dispatch(Lorg/apache/activemq/command/MessageDispatch;)V (692 bytes) @ 0x00007f382ecdfa6c [0x00007f382ecded00+0xd6c]
J 22149 C2 org.apache.activemq.ActiveMQSessionExecutor.iterate()Z (81 bytes) @ 0x00007f382e0710d0 [0x00007f382e070a20+0x6b0]
J 21062 C1 org.apache.activemq.thread.PooledTaskRunner.runTask()V (277 bytes) @ 0x00007f382da1eb3c [0x00007f382da1e360+0x7dc]
J 21061 C1 org.apache.activemq.thread.PooledTaskRunner$1.run()V (71 bytes) @ 0x00007f382d48cbec [0x00007f382d48ca60+0x18c]
J 20425 C1 java.util.concurrent.ThreadPoolExecutor.runWorker(Ljava/util/concurrent/ThreadPoolExecutor$Worker;)V (225 bytes) @ 0x00007f382d58b4c4 [0x00007f382d58a4a0+0x1024]
J 21305 C1 java.util.concurrent.ThreadPoolExecutor$Worker.run()V (9 bytes) @ 0x00007f382cbbf104 [0x00007f382cbbf000+0x104]
J 21169 C1 java.lang.Thread.run()V (17 bytes) @ 0x00007f382ad80c4c [0x00007f382ad80b00+0x14c]
v  ~StubRoutines::call_stub

---------------  P R O C E S S  ---------------

Java Threads: ( => current thread )
=>0x00007f37a401c800 JavaThread "ActiveMQ Session Task-229" [_thread_in_native, id=24512, stack(0x00007f37c1eec000,0x00007f37c1fed000)]
  0x00007f37b8038000 JavaThread "Thread-71" daemon [_thread_in_native, id=24342, stack(0x00007f37a8de2000,0x00007f37a8ee3000)]
  0x00007f37a401a800 JavaThread "ActiveMQ InactivityMonitor Worker" daemon [_thread_blocked, id=22009, stack(0x00007f38180cc000,0x00007f38181cd000)]
  0x00007f37a400c000 JavaThread "Thread-69" daemon [_thread_in_native, id=19422, stack(0x00007f37a8fe4000,0x00007f37a90e5000)]
  0x00007f37d001c000 JavaThread "Thread-61" daemon [_thread_in_native, id=5899, stack(0x00007f37a8ee3000,0x00007f37a8fe4000)]
  0x00007f37e8011000 JavaThread "myExecutor-5" [_thread_blocked, id=30378, stack(0x00007f37a90e5000,0x00007f37a91e6000)]
  0x00007f37b0017000 JavaThread "myExecutor-4" [_thread_blocked, id=30132, stack(0x00007f37a91e6000,0x00007f37a92e7000)]
  0x00007f37b0016800 JavaThread "myExecutor-3" [_thread_blocked, id=30131, stack(0x00007f37a92e7000,0x00007f37a93e8000)]
  0x00007f37c80a1000 JavaThread "myExecutor-2" [_thread_blocked, id=29748, stack(0x00007f37a94e9000,0x00007f37a95ea000)]
  0x00007f37c8226800 JavaThread "myExecutor-1" [_thread_blocked, id=29747, stack(0x00007f37a98eb000,0x00007f37a99ec000)]
  0x00007f37c84f9800 JavaThread "myScheduler-5" [_thread_blocked, id=17779, stack(0x00007f37a99ec000,0x00007f37a9aed000)]
  0x00007f37a400a800 JavaThread "myScheduler-4" [_thread_blocked, id=17667, stack(0x00007f37a9aed000,0x00007f37a9bee000)]
  0x00007f37c8227000 JavaThread "myScheduler-3" [_thread_blocked, id=17309, stack(0x00007f37c04e6000,0x00007f37c05e7000)]
  0x00007f37c860e800 JavaThread "myScheduler-2" [_thread_blocked, id=17136, stack(0x00007f38189cf000,0x00007f3818ad0000)]
  0x00007f384000c800 JavaThread "DestroyJavaVM" [_thread_blocked, id=11588, stack(0x00007f38476b3000,0x00007f38477b3000)]
  0x00007f38422cd000 JavaThread "http-nio-12004-AsyncTimeout" daemon [_thread_blocked, id=11774, stack(0x00007f37aa7ee000,0x00007f37aa8ef000)]
  0x00007f38414bd000 JavaThread "http-nio-12004-Acceptor-0" daemon [_thread_in_native, id=11773, stack(0x00007f37aa8ef000,0x00007f37aa9f0000)]
  0x00007f38414bb000 JavaThread "http-nio-12004-ClientPoller-1" daemon [_thread_in_native, id=11772, stack(0x00007f37aa9f0000,0x00007f37aaaf1000)]
  0x00007f38427f5800 JavaThread "http-nio-12004-ClientPoller-0" daemon [_thread_in_native, id=11771, stack(0x00007f37aaaf1000,0x00007f37aabf2000)]
  0x00007f38427f2800 JavaThread "http-nio-12004-exec-10" daemon [_thread_in_native, id=11770, stack(0x00007f37aabf2000,0x00007f37aacf3000)]
  0x00007f38409d4800 JavaThread "http-nio-12004-exec-9" daemon [_thread_blocked, id=11769, stack(0x00007f37aacf3000,0x00007f37aadf4000)]
  0x00007f38409d2800 JavaThread "http-nio-12004-exec-8" daemon [_thread_blocked, id=11768, stack(0x00007f37aadf4000,0x00007f37aaef5000)]
  0x00007f38409d1000 JavaThread "http-nio-12004-exec-7" daemon [_thread_blocked, id=11767, stack(0x00007f37aaef5000,0x00007f37aaff6000)]
  0x00007f38415f6800 JavaThread "http-nio-12004-exec-6" daemon [_thread_blocked, id=11766, stack(0x00007f37aaff6000,0x00007f37ab0f7000)]
  0x00007f38415f4800 JavaThread "http-nio-12004-exec-5" daemon [_thread_blocked, id=11765, stack(0x00007f37ab0f7000,0x00007f37ab1f8000)]
  0x00007f38411ec000 JavaThread "http-nio-12004-exec-4" daemon [_thread_blocked, id=11764, stack(0x00007f37ab1f8000,0x00007f37ab2f9000)]
  0x00007f38411ea800 JavaThread "http-nio-12004-exec-3" daemon [_thread_in_native, id=11763, stack(0x00007f37ab2f9000,0x00007f37ab3fa000)]
  0x00007f3840ff6000 JavaThread "http-nio-12004-exec-2" daemon [_thread_blocked, id=11762, stack(0x00007f37ab3fa000,0x00007f37ab4fb000)]
  0x00007f38407ca000 JavaThread "http-nio-12004-exec-1" daemon [_thread_blocked, id=11761, stack(0x00007f37ab4fb000,0x00007f37ab5fc000)]
  0x00007f38404ef800 JavaThread "NioBlockingSelector.BlockPoller-1" daemon [_thread_in_native, id=11760, stack(0x00007f37ab5fc000,0x00007f37ab6fd000)]
  0x00007f38417c0000 JavaThread "metrics-graphite-reporter-1-thread-1" daemon [_thread_blocked, id=11759, stack(0x00007f37ab6fd000,0x00007f37ab7fe000)]
  0x00007f384165a000 JavaThread "myScheduler-1" [_thread_blocked, id=11758, stack(0x00007f37ab7fe000,0x00007f37ab8ff000)]
  0x00007f384253b000 JavaThread "CoreHeartBeat" [_thread_blocked, id=11757, stack(0x00007f37abcff000,0x00007f37abe00000)]
  0x00007f38415da000 JavaThread "Thread-6" [_thread_in_native, id=11755, stack(0x00007f37c00e4000,0x00007f37c01e5000)]
  0x00007f3841b0b000 JavaThread "Thread-5" [_thread_blocked, id=11754, stack(0x00007f37c01e5000,0x00007f37c02e6000)]
  0x00007f37a4010000 JavaThread "ActiveMQ InactivityMonitor WriteCheckTimer" daemon [_thread_blocked, id=11752, stack(0x00007f37c05e7000,0x00007f37c06e8000)]
  0x00007f37a400f800 JavaThread "ActiveMQ InactivityMonitor ReadCheckTimer" daemon [_thread_blocked, id=11751, stack(0x00007f37c06e8000,0x00007f37c07e9000)]
  0x00007f3841b0c800 JavaThread "ActiveMQ Transport: tcp:///10.45.40.2:12002@43960" [_thread_in_native, id=11749, stack(0x00007f37c07e9000,0x00007f37c08ea000)]
  0x00007f3841a32000 JavaThread "MySQL Statement Cancellation Timer" daemon [_thread_blocked, id=11721, stack(0x00007f37c16ea000,0x00007f37c17eb000)]
  0x00007f384189b800 JavaThread "container-0" [_thread_blocked, id=11720, stack(0x00007f37c19eb000,0x00007f37c1aec000)]
  0x00007f384189a800 JavaThread "ContainerBackgroundProcessor[StandardEngine[Tomcat]]" daemon [_thread_blocked, id=11719, stack(0x00007f37c2256000,0x00007f37c2357000)]
  0x00007f37c400e800 JavaThread "JMX server connection timeout 22" daemon [_thread_blocked, id=11621, stack(0x00007f38183cd000,0x00007f38184ce000)]
  0x00007f37dc002800 JavaThread "RMI TCP Connection(2)-10.45.250.6" daemon [_thread_in_native, id=11620, stack(0x00007f38184ce000,0x00007f38185cf000)]
  0x00007f37d000d800 JavaThread "RMI Scheduler(0)" daemon [_thread_blocked, id=11618, stack(0x00007f3818cd0000,0x00007f3818dd1000)]
  0x00007f3840cc1000 JavaThread "Log4j2-Log4j2Scheduled-1" daemon [_thread_blocked, id=11614, stack(0x00007f3818dd1000,0x00007f3818ed2000)]
  0x00007f3840362800 JavaThread "RMI TCP Accept-0" daemon [_thread_in_native, id=11612, stack(0x00007f38199d3000,0x00007f3819ad4000)]
  0x00007f3840339800 JavaThread "RMI TCP Accept-12007" daemon [_thread_in_native, id=11611, stack(0x00007f3819ad4000,0x00007f3819bd5000)]
  0x00007f3840192000 JavaThread "Service Thread" daemon [_thread_blocked, id=11610, stack(0x00007f3828264000,0x00007f3828365000)]
  0x00007f3840184800 JavaThread "C1 CompilerThread2" daemon [_thread_blocked, id=11609, stack(0x00007f3828366000,0x00007f3828466000)]
  0x00007f3840182800 JavaThread "C2 CompilerThread1" daemon [_thread_blocked, id=11608, stack(0x00007f3828467000,0x00007f3828567000)]
  0x00007f3840180000 JavaThread "C2 CompilerThread0" daemon [_thread_blocked, id=11607, stack(0x00007f3828568000,0x00007f3828668000)]
  0x00007f384017e000 JavaThread "JDWP Event Helper Thread" daemon [_thread_blocked, id=11606, stack(0x00007f3828668000,0x00007f3828769000)]
  0x00007f384017a000 JavaThread "JDWP Transport Listener: dt_socket" daemon [_thread_in_native, id=11605, stack(0x00007f3828769000,0x00007f382886a000)]
  0x00007f3840163000 JavaThread "Signal Dispatcher" daemon [_thread_blocked, id=11604, stack(0x00007f3828a6f000,0x00007f3828b70000)]
  0x00007f3840161000 JavaThread "Surrogate Locker Thread (Concurrent GC)" daemon [_thread_blocked, id=11603, stack(0x00007f3828b70000,0x00007f3828c71000)]
  0x00007f3840138000 JavaThread "Finalizer" daemon [_thread_blocked, id=11602, stack(0x00007f3828c71000,0x00007f3828d72000)]
  0x00007f3840133800 JavaThread "Reference Handler" daemon [_thread_blocked, id=11601, stack(0x00007f3828d72000,0x00007f3828e73000)]

Other Threads:
  0x00007f3840129800 VMThread [stack: 0x00007f3828e74000,0x00007f3828f74000] [id=11599]
  0x00007f3840364800 WatcherThread [stack: 0x00007f38198d3000,0x00007f38199d3000] [id=11613]

VM state:not at safepoint (normal execution)

VM Mutex/Monitor currently owned by a thread: None

Heap:
 par new generation   total 38080K, used 14511K [0x00000000f0000000, 0x00000000f2950000, 0x00000000f5550000)
  eden space 33856K,  30% used [0x00000000f0000000, 0x00000000f0a0bf18, 0x00000000f2110000)
  from space 4224K, 100% used [0x00000000f2530000, 0x00000000f2950000, 0x00000000f2950000)
  to   space 4224K,   0% used [0x00000000f2110000, 0x00000000f2110000, 0x00000000f2530000)
 concurrent mark-sweep generation total 104832K, used 91456K [0x00000000f5550000, 0x00000000fbbb0000, 0x0000000100000000)
 Metaspace       used 89085K, capacity 90482K, committed 90904K, reserved 1130496K
  class space    used 9884K, capacity 10179K, committed 10264K, reserved 1048576K

Card table byte_map: [0x00007f3847631000,0x00007f38476b2000] byte_map_base: 0x00007f3846eb1000

Marking Bits: (CMSBitMap*) 0x00007f3840064b18
 Bits: [0x00007f3829f67000, 0x00007f382a211c00)

Mod Union Table: (CMSBitMap*) 0x00007f3840064bd8
 Bits: [0x00007f38477c1000, 0x00007f38477cbab0)

Polling page: 0x00007f38477d5000

CodeCache: size=245760Kb used=68395Kb max_used=68409Kb free=177364Kb
 bounds [0x00007f382aad7000, 0x00007f382ee37000, 0x00007f3839ad7000]
 total_blobs=17224 nmethods=16561 adapters=583
 compilation: enabled

Compilation events (10 events):
Event: 45964.769 Thread 0x00007f3840180000 22298 % !   4       com.sun.jmx.remote.internal.ServerCommunicatorAdmin$Timeout::run @ 67 (448 bytes)
Event: 45964.778 Thread 0x00007f3840180000 nmethod 22298% 0x00007f382e3f6750 code [0x00007f382e3f6980, 0x00007f382e3f74d0]
Event: 46094.597 Thread 0x00007f3840184800 22299       3       org.apache.catalina.session.ManagerBase::findSessions (22 bytes)
Event: 46094.598 Thread 0x00007f3840184800 nmethod 22299 0x00007f382de4be50 code [0x00007f382de4bfe0, 0x00007f382de4c458]
Event: 46387.842 Thread 0x00007f3840180000 22300   !   4       org.apache.activemq.transport.AbstractInactivityMonitor::doOnewaySend (88 bytes)
Event: 46387.852 Thread 0x00007f3840180000 nmethod 22300 0x00007f382ee32d50 code [0x00007f382ee32f80, 0x00007f382ee34048]
Event: 46587.822 Thread 0x00007f3840182800 22301       4       org.apache.activemq.openwire.v9.BaseCommandMarshaller::tightUnmarshal (37 bytes)
Event: 46587.826 Thread 0x00007f3840182800 nmethod 22301 0x00007f382ee0fb90 code [0x00007f382ee0fd20, 0x00007f382ee10198]
Event: 46796.832 Thread 0x00007f3840180000 22302       4       org.joda.time.chrono.BasicGJChronology::getDaysInYearMonth (24 bytes)
Event: 46796.834 Thread 0x00007f3840180000 nmethod 22302 0x00007f382ae07090 code [0x00007f382ae071e0, 0x00007f382ae07318]

GC Heap History (10 events):
Event: 46682.471 GC heap before
{Heap before GC invocations=1540 (full 14):
 par new generation   total 38080K, used 38080K [0x00000000f0000000, 0x00000000f2950000, 0x00000000f5550000)
  eden space 33856K, 100% used [0x00000000f0000000, 0x00000000f2110000, 0x00000000f2110000)
  from space 4224K, 100% used [0x00000000f2110000, 0x00000000f2530000, 0x00000000f2530000)
  to   space 4224K,   0% used [0x00000000f2530000, 0x00000000f2530000, 0x00000000f2950000)
 concurrent mark-sweep generation total 104832K, used 89274K [0x00000000f5550000, 0x00000000fbbb0000, 0x0000000100000000)
 Metaspace       used 89085K, capacity 90482K, committed 90904K, reserved 1130496K
  class space    used 9884K, capacity 10179K, committed 10264K, reserved 1048576K
Event: 46682.481 GC heap after
Heap after GC invocations=1541 (full 14):
 par new generation   total 38080K, used 4224K [0x00000000f0000000, 0x00000000f2950000, 0x00000000f5550000)
  eden space 33856K,   0% used [0x00000000f0000000, 0x00000000f0000000, 0x00000000f2110000)
  from space 4224K, 100% used [0x00000000f2530000, 0x00000000f2950000, 0x00000000f2950000)
  to   space 4224K,   0% used [0x00000000f2110000, 0x00000000f2110000, 0x00000000f2530000)
 concurrent mark-sweep generation total 104832K, used 89853K [0x00000000f5550000, 0x00000000fbbb0000, 0x0000000100000000)
 Metaspace       used 89085K, capacity 90482K, committed 90904K, reserved 1130496K
  class space    used 9884K, capacity 10179K, committed 10264K, reserved 1048576K
}
Event: 46727.904 GC heap before
{Heap before GC invocations=1541 (full 14):
 par new generation   total 38080K, used 38070K [0x00000000f0000000, 0x00000000f2950000, 0x00000000f5550000)
  eden space 33856K,  99% used [0x00000000f0000000, 0x00000000f210d990, 0x00000000f2110000)
  from space 4224K, 100% used [0x00000000f2530000, 0x00000000f2950000, 0x00000000f2950000)
  to   space 4224K,   0% used [0x00000000f2110000, 0x00000000f2110000, 0x00000000f2530000)
 concurrent mark-sweep generation total 104832K, used 89853K [0x00000000f5550000, 0x00000000fbbb0000, 0x0000000100000000)
 Metaspace       used 89085K, capacity 90482K, committed 90904K, reserved 1130496K
  class space    used 9884K, capacity 10179K, committed 10264K, reserved 1048576K
Event: 46727.913 GC heap after
Heap after GC invocations=1542 (full 14):
 par new generation   total 38080K, used 4224K [0x00000000f0000000, 0x00000000f2950000, 0x00000000f5550000)
  eden space 33856K,   0% used [0x00000000f0000000, 0x00000000f0000000, 0x00000000f2110000)
  from space 4224K, 100% used [0x00000000f2110000, 0x00000000f2530000, 0x00000000f2530000)
  to   space 4224K,   0% used [0x00000000f2530000, 0x00000000f2530000, 0x00000000f2950000)
 concurrent mark-sweep generation total 104832K, used 90231K [0x00000000f5550000, 0x00000000fbbb0000, 0x0000000100000000)
 Metaspace       used 89085K, capacity 90482K, committed 90904K, reserved 1130496K
  class space    used 9884K, capacity 10179K, committed 10264K, reserved 1048576K
}
Event: 46768.921 GC heap before
{Heap before GC invocations=1542 (full 14):
 par new generation   total 38080K, used 38080K [0x00000000f0000000, 0x00000000f2950000, 0x00000000f5550000)
  eden space 33856K, 100% used [0x00000000f0000000, 0x00000000f2110000, 0x00000000f2110000)
  from space 4224K, 100% used [0x00000000f2110000, 0x00000000f2530000, 0x00000000f2530000)
  to   space 4224K,   0% used [0x00000000f2530000, 0x00000000f2530000, 0x00000000f2950000)
 concurrent mark-sweep generation total 104832K, used 90231K [0x00000000f5550000, 0x00000000fbbb0000, 0x0000000100000000)
 Metaspace       used 89085K, capacity 90482K, committed 90904K, reserved 1130496K
  class space    used 9884K, capacity 10179K, committed 10264K, reserved 1048576K
Event: 46768.930 GC heap after
Heap after GC invocations=1543 (full 14):
 par new generation   total 38080K, used 4224K [0x00000000f0000000, 0x00000000f2950000, 0x00000000f5550000)
  eden space 33856K,   0% used [0x00000000f0000000, 0x00000000f0000000, 0x00000000f2110000)
  from space 4224K, 100% used [0x00000000f2530000, 0x00000000f2950000, 0x00000000f2950000)
  to   space 4224K,   0% used [0x00000000f2110000, 0x00000000f2110000, 0x00000000f2530000)
 concurrent mark-sweep generation total 104832K, used 90574K [0x00000000f5550000, 0x00000000fbbb0000, 0x0000000100000000)
 Metaspace       used 89085K, capacity 90482K, committed 90904K, reserved 1130496K
  class space    used 9884K, capacity 10179K, committed 10264K, reserved 1048576K
}
Event: 46790.396 GC heap before
{Heap before GC invocations=1543 (full 14):
 par new generation   total 38080K, used 38080K [0x00000000f0000000, 0x00000000f2950000, 0x00000000f5550000)
  eden space 33856K, 100% used [0x00000000f0000000, 0x00000000f2110000, 0x00000000f2110000)
  from space 4224K, 100% used [0x00000000f2530000, 0x00000000f2950000, 0x00000000f2950000)
  to   space 4224K,   0% used [0x00000000f2110000, 0x00000000f2110000, 0x00000000f2530000)
 concurrent mark-sweep generation total 104832K, used 90574K [0x00000000f5550000, 0x00000000fbbb0000, 0x0000000100000000)
 Metaspace       used 89085K, capacity 90482K, committed 90904K, reserved 1130496K
  class space    used 9884K, capacity 10179K, committed 10264K, reserved 1048576K
Event: 46790.400 GC heap after
Heap after GC invocations=1544 (full 14):
 par new generation   total 38080K, used 1989K [0x00000000f0000000, 0x00000000f2950000, 0x00000000f5550000)
  eden space 33856K,   0% used [0x00000000f0000000, 0x00000000f0000000, 0x00000000f2110000)
  from space 4224K,  47% used [0x00000000f2110000, 0x00000000f2301680, 0x00000000f2530000)
  to   space 4224K,   0% used [0x00000000f2530000, 0x00000000f2530000, 0x00000000f2950000)
 concurrent mark-sweep generation total 104832K, used 90705K [0x00000000f5550000, 0x00000000fbbb0000, 0x0000000100000000)
 Metaspace       used 89085K, capacity 90482K, committed 90904K, reserved 1130496K
  class space    used 9884K, capacity 10179K, committed 10264K, reserved 1048576K
}
Event: 46842.785 GC heap before
{Heap before GC invocations=1544 (full 14):
 par new generation   total 38080K, used 35845K [0x00000000f0000000, 0x00000000f2950000, 0x00000000f5550000)
  eden space 33856K, 100% used [0x00000000f0000000, 0x00000000f2110000, 0x00000000f2110000)
  from space 4224K,  47% used [0x00000000f2110000, 0x00000000f2301680, 0x00000000f2530000)
  to   space 4224K,   0% used [0x00000000f2530000, 0x00000000f2530000, 0x00000000f2950000)
 concurrent mark-sweep generation total 104832K, used 90705K [0x00000000f5550000, 0x00000000fbbb0000, 0x0000000100000000)
 Metaspace       used 89085K, capacity 90482K, committed 90904K, reserved 1130496K
  class space    used 9884K, capacity 10179K, committed 10264K, reserved 1048576K
Event: 46842.796 GC heap after
Heap after GC invocations=1545 (full 14):
 par new generation   total 38080K, used 4224K [0x00000000f0000000, 0x00000000f2950000, 0x00000000f5550000)
  eden space 33856K,   0% used [0x00000000f0000000, 0x00000000f0000000, 0x00000000f2110000)
  from space 4224K, 100% used [0x00000000f2530000, 0x00000000f2950000, 0x00000000f2950000)
  to   space 4224K,   0% used [0x00000000f2110000, 0x00000000f2110000, 0x00000000f2530000)
 concurrent mark-sweep generation total 104832K, used 91456K [0x00000000f5550000, 0x00000000fbbb0000, 0x0000000100000000)
 Metaspace       used 89085K, capacity 90482K, committed 90904K, reserved 1130496K
  class space    used 9884K, capacity 10179K, committed 10264K, reserved 1048576K
}

Deoptimization events (10 events):
Event: 33159.686 Thread 0x00007f37c860e800 Uncommon trap: reason=bimorphic action=maybe_recompile pc=0x00007f382df04528 method=org.hibernate.persister.entity.AbstractEntityPersister.dehydrateId(Ljava/io/Serializable;Ljava/lang/Object;Ljava/sql/PreparedStatement;Lorg/hibernate/engine/spi/SessionImp
Event: 33822.458 Thread 0x00007f38409d4800 Uncommon trap: reason=unstable_if action=reinterpret pc=0x00007f382dc92ab8 method=sun.nio.ch.SocketChannelImpl.implCloseSelectableChannel()V @ 71
Event: 33822.458 Thread 0x00007f38427f5800 Uncommon trap: reason=unstable_if action=reinterpret pc=0x00007f382b1fc438 method=sun.nio.ch.SocketChannelImpl.kill()V @ 12
Event: 36024.755 Thread 0x00007f38417c0000 Uncommon trap: reason=unstable_if action=reinterpret pc=0x00007f382c155190 method=java.util.TimSort.gallopLeft(Ljava/lang/Object;[Ljava/lang/Object;IIILjava/util/Comparator;)I @ 198
Event: 38141.635 Thread 0x00007f37a400a800 Uncommon trap: reason=class_check action=maybe_recompile pc=0x00007f382de79d20 method=sun.reflect.NativeConstructorAccessorImpl.newInstance([Ljava/lang/Object;)Ljava/lang/Object; @ 68
Event: 38225.513 Thread 0x00007f37a400a800 Uncommon trap: reason=bimorphic action=maybe_recompile pc=0x00007f382df04528 method=org.hibernate.persister.entity.AbstractEntityPersister.dehydrateId(Ljava/io/Serializable;Ljava/lang/Object;Ljava/sql/PreparedStatement;Lorg/hibernate/engine/spi/SessionImp
Event: 38660.095 Thread 0x00007f37a401c800 Uncommon trap: reason=null_check action=make_not_entrant pc=0x00007f382d2822b8 method=com.sun.jndi.ldap.LdapCtx.<init>(Ljava/lang/String;Ljava/lang/String;ILjava/util/Hashtable;Z)V @ 200
Event: 39269.315 Thread 0x00007f37c84f9800 Uncommon trap: reason=null_check action=make_not_entrant pc=0x00007f382d1d2434 method=com.sun.jndi.ldap.LdapCtx.connect(Z)V @ 152
Event: 40037.119 Thread 0x00007f37c84f9800 Uncommon trap: reason=unstable_if action=reinterpret pc=0x00007f382d6b45a4 method=org.joda.time.tz.CachedDateTimeZone.getInfo(J)Lorg/joda/time/tz/CachedDateTimeZone$Info; @ 28
Event: 40037.119 Thread 0x00007f37c84f9800 Uncommon trap: reason=unstable_if action=reinterpret pc=0x00007f382d90dbd4 method=org.joda.time.chrono.BasicGJChronology.getMonthOfYear(JI)I @ 224

Internal exceptions (10 events):
Event: 46770.724 Thread 0x00007f37b8026000 Exception <a 'java/lang/InterruptedException': sleep interrupted> (0x00000000f13972b8) thrown at [/builddir/build/BUILD/java-1.8.0-openjdk-1.8.0.144-0.b01.el7_4.x86_64/openjdk/hotspot/src/share/vm/prims/jvm.cpp, line 3238]
Event: 46770.729 Thread 0x00007f37b8021800 Exception <a 'java/lang/InterruptedException': sleep interrupted> (0x00000000f1415530) thrown at [/builddir/build/BUILD/java-1.8.0-openjdk-1.8.0.144-0.b01.el7_4.x86_64/openjdk/hotspot/src/share/vm/prims/jvm.cpp, line 3238]
Event: 46770.736 Thread 0x00007f37b801d000 Exception <a 'java/lang/InterruptedException': sleep interrupted> (0x00000000f14c5b18) thrown at [/builddir/build/BUILD/java-1.8.0-openjdk-1.8.0.144-0.b01.el7_4.x86_64/openjdk/hotspot/src/share/vm/prims/jvm.cpp, line 3238]
Event: 46780.746 Thread 0x00007f38415da000 Exception <a 'java/net/SocketTimeoutException': Read timed out> (0x00000000f1521a58) thrown at [/builddir/build/BUILD/java-1.8.0-openjdk-1.8.0.144-0.b01.el7_4.x86_64/openjdk/hotspot/src/share/vm/prims/jni.cpp, line 736]
Event: 46790.756 Thread 0x00007f38415da000 Exception <a 'java/net/SocketTimeoutException': Read timed out> (0x00000000f00116e8) thrown at [/builddir/build/BUILD/java-1.8.0-openjdk-1.8.0.144-0.b01.el7_4.x86_64/openjdk/hotspot/src/share/vm/prims/jni.cpp, line 736]
Event: 46800.765 Thread 0x00007f38415da000 Exception <a 'java/net/SocketTimeoutException': Read timed out> (0x00000000f0011ef8) thrown at [/builddir/build/BUILD/java-1.8.0-openjdk-1.8.0.144-0.b01.el7_4.x86_64/openjdk/hotspot/src/share/vm/prims/jni.cpp, line 736]
Event: 46810.774 Thread 0x00007f38415da000 Exception <a 'java/net/SocketTimeoutException': Read timed out> (0x00000000f0012708) thrown at [/builddir/build/BUILD/java-1.8.0-openjdk-1.8.0.144-0.b01.el7_4.x86_64/openjdk/hotspot/src/share/vm/prims/jni.cpp, line 736]
Event: 46820.783 Thread 0x00007f38415da000 Exception <a 'java/net/SocketTimeoutException': Read timed out> (0x00000000f0012f18) thrown at [/builddir/build/BUILD/java-1.8.0-openjdk-1.8.0.144-0.b01.el7_4.x86_64/openjdk/hotspot/src/share/vm/prims/jni.cpp, line 736]
Event: 46830.789 Thread 0x00007f38415da000 Exception <a 'java/net/SocketTimeoutException': Read timed out> (0x00000000f0013728) thrown at [/builddir/build/BUILD/java-1.8.0-openjdk-1.8.0.144-0.b01.el7_4.x86_64/openjdk/hotspot/src/share/vm/prims/jni.cpp, line 736]
Event: 46840.797 Thread 0x00007f38415da000 Exception <a 'java/net/SocketTimeoutException': Read timed out> (0x00000000f0013f38) thrown at [/builddir/build/BUILD/java-1.8.0-openjdk-1.8.0.144-0.b01.el7_4.x86_64/openjdk/hotspot/src/share/vm/prims/jni.cpp, line 736]

Events (10 events):
Event: 46848.036 Thread 0x00007f37a400a800 DEOPT UNPACKING pc=0x00007f382ab1e373 sp=0x00007f37a9beb528 mode 1
Event: 46848.505 Thread 0x00007f38427f2800 DEOPT PACKING pc=0x00007f382db14670 sp=0x00007f37aacef290
Event: 46848.505 Thread 0x00007f38427f2800 DEOPT UNPACKING pc=0x00007f382ab1e373 sp=0x00007f37aaceefc8 mode 1
Event: 46849.071 Thread 0x00007f38427f2800 DEOPT PACKING pc=0x00007f382db14670 sp=0x00007f37aacef290
Event: 46849.071 Thread 0x00007f38427f2800 DEOPT UNPACKING pc=0x00007f382ab1e373 sp=0x00007f37aaceefc8 mode 1
Event: 46849.445 Thread 0x00007f38411ea800 DEOPT PACKING pc=0x00007f382db14670 sp=0x00007f37ab3f6290
Event: 46849.445 Thread 0x00007f38411ea800 DEOPT UNPACKING pc=0x00007f382ab1e373 sp=0x00007f37ab3f5fc8 mode 1
Event: 46849.568 Thread 0x00007f37a401c800 Thread added: 0x00007f37a401c800
Event: 46849.612 Thread 0x00007f37a401c800 DEOPT PACKING pc=0x00007f382db14670 sp=0x00007f37c1fea680
Event: 46849.612 Thread 0x00007f37a401c800 DEOPT UNPACKING pc=0x00007f382ab1e373 sp=0x00007f37c1fea3b8 mode 1


Dynamic libraries:
00400000-00401000 r-xp 00000000 fd:00 3314255                            /usr/lib/jvm/java-1.8.0-openjdk-1.8.0.144-0.b01.el7_4.x86_64/jre/bin/java
00600000-00601000 r--p 00000000 fd:00 3314255                            /usr/lib/jvm/java-1.8.0-openjdk-1.8.0.144-0.b01.el7_4.x86_64/jre/bin/java
00601000-00602000 rw-p 00001000 fd:00 3314255                            /usr/lib/jvm/java-1.8.0-openjdk-1.8.0.144-0.b01.el7_4.x86_64/jre/bin/java
0135f000-013c4000 rw-p 00000000 00:00 0                                  [heap]
f0000000-f2950000 rw-p 00000000 00:00 0 
f2950000-f5550000 ---p 00000000 00:00 0 
f5550000-fbbb0000 rw-p 00000000 00:00 0 
fbbb0000-100000000 ---p 00000000 00:00 0 
100000000-100a06000 rw-p 00000000 00:00 0 
100a06000-140000000 ---p 00000000 00:00 0 
7f379c000000-7f379e915000 rw-p 00000000 00:00 0 
7f379e915000-7f37a0000000 ---p 00000000 00:00 0 
7f37a0000000-7f37a3ffb000 rw-p 00000000 00:00 0 
7f37a3ffb000-7f37a4000000 ---p 00000000 00:00 0 
7f37a4000000-7f37a42dc000 rw-p 00000000 00:00 0 
7f37a42dc000-7f37a8000000 ---p 00000000 00:00 0 
7f37a8ae1000-7f37a8ae4000 ---p 00000000 00:00 0 
7f37a8ae4000-7f37a8ca2000 rw-p 00000000 00:00 0 
7f37a8ca2000-7f37a8de2000 ---p 00000000 00:00 0 
7f37a8de2000-7f37a8de5000 ---p 00000000 00:00 0 
7f37a8de5000-7f37a8ee3000 rw-p 00000000 00:00 0                          [stack:24342]
7f37a8ee3000-7f37a8ee6000 ---p 00000000 00:00 0 
7f37a8ee6000-7f37a8fe4000 rw-p 00000000 00:00 0                          [stack:5899]
7f37a8fe4000-7f37a8fe7000 ---p 00000000 00:00 0 
7f37a8fe7000-7f37a90e5000 rw-p 00000000 00:00 0                          [stack:19422]
7f37a90e5000-7f37a90e8000 ---p 00000000 00:00 0 
7f37a90e8000-7f37a91e6000 rw-p 00000000 00:00 0                          [stack:30378]
7f37a91e6000-7f37a91e9000 ---p 00000000 00:00 0 
7f37a91e9000-7f37a92e7000 rw-p 00000000 00:00 0                          [stack:30132]
7f37a92e7000-7f37a92ea000 ---p 00000000 00:00 0 
7f37a92ea000-7f37a93e8000 rw-p 00000000 00:00 0                          [stack:30131]
7f37a93e8000-7f37a93eb000 ---p 00000000 00:00 0 
7f37a93eb000-7f37a94e9000 rw-p 00000000 00:00 0 
7f37a94e9000-7f37a94ec000 ---p 00000000 00:00 0 
7f37a94ec000-7f37a97ea000 rw-p 00000000 00:00 0                          [stack:29748]
7f37a97ea000-7f37a97ed000 ---p 00000000 00:00 0 
7f37a97ed000-7f37a98eb000 rw-p 00000000 00:00 0 
7f37a98eb000-7f37a98ee000 ---p 00000000 00:00 0 
7f37a98ee000-7f37a99ec000 rw-p 00000000 00:00 0                          [stack:29747]
7f37a99ec000-7f37a99ef000 ---p 00000000 00:00 0 
7f37a99ef000-7f37a9aed000 rw-p 00000000 00:00 0                          [stack:17779]
7f37a9aed000-7f37a9af0000 ---p 00000000 00:00 0 
7f37a9af0000-7f37a9dee000 rw-p 00000000 00:00 0                          [stack:17667]
7f37a9dee000-7f37a9fee000 rw-p 00000000 00:00 0 
7f37a9fee000-7f37aa1ee000 rw-p 00000000 00:00 0 
7f37aa1ee000-7f37aa3ee000 rw-p 00000000 00:00 0 
7f37aa3ee000-7f37aa5ee000 rw-p 00000000 00:00 0 
7f37aa5ee000-7f37aa7ee000 rw-p 00000000 00:00 0 
7f37aa7ee000-7f37aa7f1000 ---p 00000000 00:00 0 
7f37aa7f1000-7f37aa8ef000 rw-p 00000000 00:00 0                          [stack:11774]
7f37aa8ef000-7f37aa8f2000 ---p 00000000 00:00 0 
7f37aa8f2000-7f37aa9f0000 rw-p 00000000 00:00 0                          [stack:11773]
7f37aa9f0000-7f37aa9f3000 ---p 00000000 00:00 0 
7f37aa9f3000-7f37aaaf1000 rw-p 00000000 00:00 0                          [stack:11772]
7f37aaaf1000-7f37aaaf4000 ---p 00000000 00:00 0 
7f37aaaf4000-7f37aabf2000 rw-p 00000000 00:00 0                          [stack:11771]
7f37aabf2000-7f37aabf5000 ---p 00000000 00:00 0 
7f37aabf5000-7f37aacf3000 rw-p 00000000 00:00 0                          [stack:11770]
7f37aacf3000-7f37aacf6000 ---p 00000000 00:00 0 
7f37aacf6000-7f37aadf4000 rw-p 00000000 00:00 0                          [stack:11769]
7f37aadf4000-7f37aadf7000 ---p 00000000 00:00 0 
7f37aadf7000-7f37aaef5000 rw-p 00000000 00:00 0                          [stack:11768]
7f37aaef5000-7f37aaef8000 ---p 00000000 00:00 0 
7f37aaef8000-7f37aaff6000 rw-p 00000000 00:00 0                          [stack:11767]
7f37aaff6000-7f37aaff9000 ---p 00000000 00:00 0 
7f37aaff9000-7f37ab0f7000 rw-p 00000000 00:00 0                          [stack:11766]
7f37ab0f7000-7f37ab0fa000 ---p 00000000 00:00 0 
7f37ab0fa000-7f37ab1f8000 rw-p 00000000 00:00 0                          [stack:11765]
7f37ab1f8000-7f37ab1fb000 ---p 00000000 00:00 0 
7f37ab1fb000-7f37ab2f9000 rw-p 00000000 00:00 0                          [stack:11764]
7f37ab2f9000-7f37ab2fc000 ---p 00000000 00:00 0 
7f37ab2fc000-7f37ab3fa000 rw-p 00000000 00:00 0                          [stack:11763]
7f37ab3fa000-7f37ab3fd000 ---p 00000000 00:00 0 
7f37ab3fd000-7f37ab4fb000 rw-p 00000000 00:00 0                          [stack:11762]
7f37ab4fb000-7f37ab4fe000 ---p 00000000 00:00 0 
7f37ab4fe000-7f37ab5fc000 rw-p 00000000 00:00 0                          [stack:11761]
7f37ab5fc000-7f37ab5ff000 ---p 00000000 00:00 0 
7f37ab5ff000-7f37ab6fd000 rw-p 00000000 00:00 0                          [stack:11760]
7f37ab6fd000-7f37ab700000 ---p 00000000 00:00 0 
7f37ab700000-7f37ab7fe000 rw-p 00000000 00:00 0                          [stack:11759]
7f37ab7fe000-7f37ab801000 ---p 00000000 00:00 0 
7f37ab801000-7f37abaff000 rw-p 00000000 00:00 0                          [stack:11758]
7f37abaff000-7f37abcff000 rw-p 00000000 00:00 0 
7f37abcff000-7f37abd02000 ---p 00000000 00:00 0 
7f37abd02000-7f37ac000000 rw-p 00000000 00:00 0                          [stack:11757]
7f37ac000000-7f37ac0e8000 rw-p 00000000 00:00 0 
7f37ac0e8000-7f37b0000000 ---p 00000000 00:00 0 
7f37b0000000-7f37b013a000 rw-p 00000000 00:00 0 
7f37b013a000-7f37b4000000 ---p 00000000 00:00 0 
7f37b4000000-7f37b5034000 rw-p 00000000 00:00 0 
7f37b5034000-7f37b8000000 ---p 00000000 00:00 0 
7f37b8000000-7f37b8281000 rw-p 00000000 00:00 0 
7f37b8281000-7f37bc000000 ---p 00000000 00:00 0 
7f37bc000000-7f37bc08e000 rw-p 00000000 00:00 0 
7f37bc08e000-7f37c0000000 ---p 00000000 00:00 0 
7f37c00e4000-7f37c00e7000 ---p 00000000 00:00 0 
7f37c00e7000-7f37c01e5000 rw-p 00000000 00:00 0                          [stack:11755]
7f37c01e5000-7f37c01e8000 ---p 00000000 00:00 0 
7f37c01e8000-7f37c04e6000 rw-p 00000000 00:00 0                          [stack:11754]
7f37c04e6000-7f37c04e9000 ---p 00000000 00:00 0 
7f37c04e9000-7f37c05e7000 rw-p 00000000 00:00 0                          [stack:17309]
7f37c05e7000-7f37c05ea000 ---p 00000000 00:00 0 
7f37c05ea000-7f37c06e8000 rw-p 00000000 00:00 0                          [stack:11752]
7f37c06e8000-7f37c06eb000 ---p 00000000 00:00 0 
7f37c06eb000-7f37c07e9000 rw-p 00000000 00:00 0                          [stack:11751]
7f37c07e9000-7f37c07ec000 ---p 00000000 00:00 0 
7f37c07ec000-7f37c0aea000 rw-p 00000000 00:00 0                          [stack:11749]
7f37c0aea000-7f37c0cea000 rw-p 00000000 00:00 0 
7f37c0cea000-7f37c0eea000 rw-p 00000000 00:00 0 
7f37c0eea000-7f37c10ea000 rw-p 00000000 00:00 0 
7f37c10ea000-7f37c12ea000 rw-p 00000000 00:00 0 
7f37c12ea000-7f37c14ea000 rw-p 00000000 00:00 0 
7f37c14ea000-7f37c16ea000 rw-p 00000000 00:00 0 
7f37c16ea000-7f37c16ed000 ---p 00000000 00:00 0 
7f37c16ed000-7f37c19eb000 rw-p 00000000 00:00 0                          [stack:11721]
7f37c19eb000-7f37c19ee000 ---p 00000000 00:00 0 
7f37c19ee000-7f37c1cec000 rw-p 00000000 00:00 0                          [stack:11720]
7f37c1cec000-7f37c1eec000 rw-p 00000000 00:00 0 
7f37c1eec000-7f37c1eef000 ---p 00000000 00:00 0 
7f37c1eef000-7f37c21ed000 rw-p 00000000 00:00 0                          [stack:24512]
7f37c2256000-7f37c2259000 ---p 00000000 00:00 0 
7f37c2259000-7f37c2557000 rw-p 00000000 00:00 0                          [stack:11719]
7f37c2557000-7f37c2757000 rw-p 00000000 00:00 0 
7f37c2757000-7f37c27da000 r-xp 00000000 fd:00 1236790                    /usr/lib64/libfreeblpriv3.so
7f37c27da000-7f37c29d9000 ---p 00083000 fd:00 1236790                    /usr/lib64/libfreeblpriv3.so
7f37c29d9000-7f37c29db000 r--p 00082000 fd:00 1236790                    /usr/lib64/libfreeblpriv3.so
7f37c29db000-7f37c29dc000 rw-p 00084000 fd:00 1236790                    /usr/lib64/libfreeblpriv3.so
7f37c29dc000-7f37c29e0000 rw-p 00000000 00:00 0 
7f37c29e0000-7f37c2a1a000 r-xp 00000000 fd:00 1236783                    /usr/lib64/libnspr4.so
7f37c2a1a000-7f37c2c19000 ---p 0003a000 fd:00 1236783                    /usr/lib64/libnspr4.so
7f37c2c19000-7f37c2c1a000 r--p 00039000 fd:00 1236783                    /usr/lib64/libnspr4.so
7f37c2c1a000-7f37c2c1c000 rw-p 0003a000 fd:00 1236783                    /usr/lib64/libnspr4.so
7f37c2c1c000-7f37c2c1e000 rw-p 00000000 00:00 0 
7f37c2c1e000-7f37c2c22000 r-xp 00000000 fd:00 1236784                    /usr/lib64/libplc4.so
7f37c2c22000-7f37c2e21000 ---p 00004000 fd:00 1236784                    /usr/lib64/libplc4.so
7f37c2e21000-7f37c2e22000 r--p 00003000 fd:00 1236784                    /usr/lib64/libplc4.so
7f37c2e22000-7f37c2e23000 rw-p 00004000 fd:00 1236784                    /usr/lib64/libplc4.so
7f37c2e23000-7f37c2e26000 r-xp 00000000 fd:00 1236785                    /usr/lib64/libplds4.so
7f37c2e26000-7f37c3025000 ---p 00003000 fd:00 1236785                    /usr/lib64/libplds4.so
7f37c3025000-7f37c3026000 r--p 00002000 fd:00 1236785                    /usr/lib64/libplds4.so
7f37c3026000-7f37c3027000 rw-p 00003000 fd:00 1236785                    /usr/lib64/libplds4.so
7f37c3027000-7f37c304f000 r-xp 00000000 fd:00 1236786                    /usr/lib64/libnssutil3.so
7f37c304f000-7f37c324e000 ---p 00028000 fd:00 1236786                    /usr/lib64/libnssutil3.so
7f37c324e000-7f37c3255000 r--p 00027000 fd:00 1236786                    /usr/lib64/libnssutil3.so
7f37c3255000-7f37c3256000 rw-p 0002e000 fd:00 1236786                    /usr/lib64/libnssutil3.so
7f37c3256000-7f37c3377000 r-xp 00000000 fd:00 97993                      /usr/lib64/libnss3.so
7f37c3377000-7f37c3577000 ---p 00121000 fd:00 97993                      /usr/lib64/libnss3.so
7f37c3577000-7f37c357c000 r--p 00121000 fd:00 97993                      /usr/lib64/libnss3.so
7f37c357c000-7f37c357e000 rw-p 00126000 fd:00 97993                      /usr/lib64/libnss3.so
7f37c357e000-7f37c3580000 rw-p 00000000 00:00 0 
7f37c3580000-7f37c35a4000 r-xp 00000000 fd:00 599667                     /usr/lib64/libsmime3.so
7f37c35a4000-7f37c37a3000 ---p 00024000 fd:00 599667                     /usr/lib64/libsmime3.so
7f37c37a3000-7f37c37a6000 r--p 00023000 fd:00 599667                     /usr/lib64/libsmime3.so
7f37c37a6000-7f37c37a7000 rw-p 00026000 fd:00 599667                     /usr/lib64/libsmime3.so
7f37c37a7000-7f37c37ee000 r-xp 00000000 fd:00 599669                     /usr/lib64/libssl3.so
7f37c37ee000-7f37c39ed000 ---p 00047000 fd:00 599669                     /usr/lib64/libssl3.so
7f37c39ed000-7f37c39f1000 r--p 00046000 fd:00 599669                     /usr/lib64/libssl3.so
7f37c39f1000-7f37c39f2000 rw-p 0004a000 fd:00 599669                     /usr/lib64/libssl3.so
7f37c39f2000-7f37c39f3000 rw-p 00000000 00:00 0 
7f37c39f3000-7f37c39ff000 r-xp 00000000 fd:00 17350604                   /usr/lib/jvm/java-1.8.0-openjdk-1.8.0.144-0.b01.el7_4.x86_64/jre/lib/amd64/libsunec.so
7f37c39ff000-7f37c3bfe000 ---p 0000c000 fd:00 17350604                   /usr/lib/jvm/java-1.8.0-openjdk-1.8.0.144-0.b01.el7_4.x86_64/jre/lib/amd64/libsunec.so
7f37c3bfe000-7f37c3bff000 r--p 0000b000 fd:00 17350604                   /usr/lib/jvm/java-1.8.0-openjdk-1.8.0.144-0.b01.el7_4.x86_64/jre/lib/amd64/libsunec.so
7f37c3bff000-7f37c3c00000 rw-p 0000c000 fd:00 17350604                   /usr/lib/jvm/java-1.8.0-openjdk-1.8.0.144-0.b01.el7_4.x86_64/jre/lib/amd64/libsunec.so
7f37c3c00000-7f37c3e00000 rw-p 00000000 00:00 0 
7f37c3e00000-7f37c4000000 rw-p 00000000 00:00 0 
7f37c4000000-7f37c412e000 rw-p 00000000 00:00 0 
7f37c412e000-7f37c8000000 ---p 00000000 00:00 0 
7f37c8000000-7f37c86bf000 rw-p 00000000 00:00 0 
7f37c86bf000-7f37cc000000 ---p 00000000 00:00 0 
7f37cc000000-7f37cc6be000 rw-p 00000000 00:00 0 
7f37cc6be000-7f37d0000000 ---p 00000000 00:00 0 
7f37d0000000-7f37d0096000 rw-p 00000000 00:00 0 
7f37d0096000-7f37d4000000 ---p 00000000 00:00 0 
7f37d4000000-7f37d40c4000 rw-p 00000000 00:00 0 
7f37d40c4000-7f37d8000000 ---p 00000000 00:00 0 
7f37d8000000-7f37d8080000 rw-p 00000000 00:00 0 
7f37d8080000-7f37dc000000 ---p 00000000 00:00 0 
7f37dc000000-7f37dc11c000 rw-p 00000000 00:00 0 
7f37dc11c000-7f37e0000000 ---p 00000000 00:00 0 
7f37e0000000-7f37e006e000 rw-p 00000000 00:00 0 
7f37e006e000-7f37e4000000 ---p 00000000 00:00 0 
7f37e4000000-7f37e5a1e000 rw-p 00000000 00:00 0 
7f37e5a1e000-7f37e8000000 ---p 00000000 00:00 0 
7f37e8000000-7f37e8076000 rw-p 00000000 00:00 0 
7f37e8076000-7f37ec000000 ---p 00000000 00:00 0 
7f37ec000000-7f37f0000000 rw-p 00000000 00:00 0 
7f37f0000000-7f37f3ffa000 rw-p 00000000 00:00 0 
7f37f3ffa000-7f37f4000000 ---p 00000000 00:00 0 
7f37f4000000-7f37f404a000 rw-p 00000000 00:00 0 
7f37f404a000-7f37f8000000 ---p 00000000 00:00 0 
7f37f8000000-7f37f8072000 rw-p 00000000 00:00 0 
7f37f8072000-7f37fc000000 ---p 00000000 00:00 0 
7f37fc000000-7f37fc075000 rw-p 00000000 00:00 0 
7f37fc075000-7f3800000000 ---p 00000000 00:00 0 
7f3800000000-7f380006b000 rw-p 00000000 00:00 0 
7f380006b000-7f3804000000 ---p 00000000 00:00 0 
7f3804000000-7f3804056000 rw-p 00000000 00:00 0 
7f3804056000-7f3808000000 ---p 00000000 00:00 0 
7f3808000000-7f38080c0000 rw-p 00000000 00:00 0 
7f38080c0000-7f380c000000 ---p 00000000 00:00 0 
7f380c000000-7f380c04a000 rw-p 00000000 00:00 0 
7f380c04a000-7f3810000000 ---p 00000000 00:00 0 
7f3810000000-7f381037a000 rw-p 00000000 00:00 0 
7f381037a000-7f3814000000 ---p 00000000 00:00 0 
7f3814000000-7f38140d2000 rw-p 00000000 00:00 0 
7f38140d2000-7f3818000000 ---p 00000000 00:00 0 
7f3818093000-7f3818094000 rw-p 00000000 00:00 0 
7f3818094000-7f381809d000 r--s 03d74000 fd:00 17995911                   /var/lib/cas/cashub/main-banc-dispacher-0.0.1-SNAPSHOT-spring-boot.jar
7f381809d000-7f38180ae000 r--s 000cf000 fd:00 19115452                   /tmp/jar_cache3271763477908809852.tmp (deleted)
7f38180ae000-7f38180cc000 r--s 00231000 fd:00 19115451                   /tmp/jar_cache8411412284966811789.tmp (deleted)
7f38180cc000-7f38180cf000 ---p 00000000 00:00 0 
7f38180cf000-7f38183cd000 rw-p 00000000 00:00 0                          [stack:22009]
7f38183cd000-7f38183d0000 ---p 00000000 00:00 0 
7f38183d0000-7f38184ce000 rw-p 00000000 00:00 0                          [stack:11621]
7f38184ce000-7f38184d1000 ---p 00000000 00:00 0 
7f38184d1000-7f38187cf000 rw-p 00000000 00:00 0                          [stack:11620]
7f38187cf000-7f38189cf000 rw-p 00000000 00:00 0 
7f38189cf000-7f38189d2000 ---p 00000000 00:00 0 
7f38189d2000-7f3818cd0000 rw-p 00000000 00:00 0                          [stack:17136]
7f3818cd0000-7f3818cd3000 ---p 00000000 00:00 0 
7f3818cd3000-7f3818dd1000 rw-p 00000000 00:00 0                          [stack:11618]
7f3818dd1000-7f3818dd4000 ---p 00000000 00:00 0 
7f3818dd4000-7f38190d2000 rw-p 00000000 00:00 0                          [stack:11614]
7f38190d2000-7f38192d2000 rw-p 00000000 00:00 0 
7f38192d2000-7f38194d2000 rw-p 00000000 00:00 0 
7f38194d2000-7f38196d2000 rw-p 00000000 00:00 0 
7f38196d2000-7f38198d2000 rw-p 00000000 00:00 0 
7f38198d2000-7f38198d3000 ---p 00000000 00:00 0 
7f38198d3000-7f38199d3000 rw-p 00000000 00:00 0                          [stack:11613]
7f38199d3000-7f38199d6000 ---p 00000000 00:00 0 
7f38199d6000-7f3819ad4000 rw-p 00000000 00:00 0                          [stack:11612]
7f3819ad4000-7f3819ad7000 ---p 00000000 00:00 0 
7f3819ad7000-7f3819bd5000 rw-p 00000000 00:00 0                          [stack:11611]
7f3819bd5000-7f3819be7000 r-xp 00000000 fd:00 17350600                   /usr/lib/jvm/java-1.8.0-openjdk-1.8.0.144-0.b01.el7_4.x86_64/jre/lib/amd64/libnio.so
7f3819be7000-7f3819de6000 ---p 00012000 fd:00 17350600                   /usr/lib/jvm/java-1.8.0-openjdk-1.8.0.144-0.b01.el7_4.x86_64/jre/lib/amd64/libnio.so
7f3819de6000-7f3819de7000 r--p 00011000 fd:00 17350600                   /usr/lib/jvm/java-1.8.0-openjdk-1.8.0.144-0.b01.el7_4.x86_64/jre/lib/amd64/libnio.so
7f3819de7000-7f3819de8000 rw-p 00012000 fd:00 17350600                   /usr/lib/jvm/java-1.8.0-openjdk-1.8.0.144-0.b01.el7_4.x86_64/jre/lib/amd64/libnio.so
7f3819de8000-7f3819dff000 r-xp 00000000 fd:00 17350599                   /usr/lib/jvm/java-1.8.0-openjdk-1.8.0.144-0.b01.el7_4.x86_64/jre/lib/amd64/libnet.so
7f3819dff000-7f3819ffe000 ---p 00017000 fd:00 17350599                   /usr/lib/jvm/java-1.8.0-openjdk-1.8.0.144-0.b01.el7_4.x86_64/jre/lib/amd64/libnet.so
7f3819ffe000-7f3819fff000 r--p 00016000 fd:00 17350599                   /usr/lib/jvm/java-1.8.0-openjdk-1.8.0.144-0.b01.el7_4.x86_64/jre/lib/amd64/libnet.so
7f3819fff000-7f381a000000 rw-p 00017000 fd:00 17350599                   /usr/lib/jvm/java-1.8.0-openjdk-1.8.0.144-0.b01.el7_4.x86_64/jre/lib/amd64/libnet.so
7f381a000000-7f381c000000 rw-p 00000000 00:00 0 
7f381c000000-7f381c135000 rw-p 00000000 00:00 0 
7f381c135000-7f3820000000 ---p 00000000 00:00 0 
7f3820000000-7f3820134000 rw-p 00000000 00:00 0 
7f3820134000-7f3824000000 ---p 00000000 00:00 0 
7f3824000000-7f38240b1000 rw-p 00000000 00:00 0 
7f38240b1000-7f3828000000 ---p 00000000 00:00 0 
7f3828000000-7f3828001000 rw-p 00000000 00:00 0 
7f3828001000-7f382800b000 r--s 0005c000 fd:00 19115449                   /tmp/jar_cache7913169988597916706.tmp (deleted)
7f382800b000-7f3828010000 r--s 00309000 fd:00 1230308                    /usr/lib/jvm/java-1.8.0-openjdk-1.8.0.144-0.b01.el7_4.x86_64/jre/lib/charsets.jar
7f3828010000-7f3828023000 r--s 00346000 fd:00 2603554                    /usr/lib/jvm/java-1.8.0-openjdk-1.8.0.144-0.b01.el7_4.x86_64/jre/lib/resources.jar
7f3828023000-7f382803f000 r--s 003b6000 fd:00 33839922                   /usr/lib/jvm/java-1.8.0-openjdk-1.8.0.144-0.b01.el7_4.x86_64/jre/lib/ext/cldrdata.jar
7f382803f000-7f382805a000 r--s 001d6000 fd:00 33755071                   /usr/lib/jvm/java-1.8.0-openjdk-1.8.0.144-0.b01.el7_4.x86_64/jre/lib/ext/nashorn.jar
7f382805a000-7f3828063000 r-xp 00000000 fd:00 17350597                   /usr/lib/jvm/java-1.8.0-openjdk-1.8.0.144-0.b01.el7_4.x86_64/jre/lib/amd64/libmanagement.so
7f3828063000-7f3828262000 ---p 00009000 fd:00 17350597                   /usr/lib/jvm/java-1.8.0-openjdk-1.8.0.144-0.b01.el7_4.x86_64/jre/lib/amd64/libmanagement.so
7f3828262000-7f3828263000 r--p 00008000 fd:00 17350597                   /usr/lib/jvm/java-1.8.0-openjdk-1.8.0.144-0.b01.el7_4.x86_64/jre/lib/amd64/libmanagement.so
7f3828263000-7f3828264000 rw-p 00009000 fd:00 17350597                   /usr/lib/jvm/java-1.8.0-openjdk-1.8.0.144-0.b01.el7_4.x86_64/jre/lib/amd64/libmanagement.so
7f3828264000-7f3828267000 ---p 00000000 00:00 0 
7f3828267000-7f3828365000 rw-p 00000000 00:00 0                          [stack:11610]
7f3828365000-7f3828369000 ---p 00000000 00:00 0 
7f3828369000-7f3828466000 rw-p 00000000 00:00 0                          [stack:11609]
7f3828466000-7f382846a000 ---p 00000000 00:00 0 
7f382846a000-7f3828567000 rw-p 00000000 00:00 0                          [stack:11608]
7f3828567000-7f382856b000 ---p 00000000 00:00 0 
7f382856b000-7f3828668000 rw-p 00000000 00:00 0                          [stack:11607]
7f3828668000-7f382866b000 ---p 00000000 00:00 0 
7f382866b000-7f3828769000 rw-p 00000000 00:00 0                          [stack:11606]
7f3828769000-7f382876c000 ---p 00000000 00:00 0 
7f382876c000-7f382886a000 rw-p 00000000 00:00 0                          [stack:11605]
7f382886a000-7f382886e000 r-xp 00000000 fd:00 17350581                   /usr/lib/jvm/java-1.8.0-openjdk-1.8.0.144-0.b01.el7_4.x86_64/jre/lib/amd64/libdt_socket.so
7f382886e000-7f3828a6d000 ---p 00004000 fd:00 17350581                   /usr/lib/jvm/java-1.8.0-openjdk-1.8.0.144-0.b01.el7_4.x86_64/jre/lib/amd64/libdt_socket.so
7f3828a6d000-7f3828a6e000 r--p 00003000 fd:00 17350581                   /usr/lib/jvm/java-1.8.0-openjdk-1.8.0.144-0.b01.el7_4.x86_64/jre/lib/amd64/libdt_socket.so
7f3828a6e000-7f3828a6f000 rw-p 00004000 fd:00 17350581                   /usr/lib/jvm/java-1.8.0-openjdk-1.8.0.144-0.b01.el7_4.x86_64/jre/lib/amd64/libdt_socket.so
7f3828a6f000-7f3828a72000 ---p 00000000 00:00 0 
7f3828a72000-7f3828b70000 rw-p 00000000 00:00 0                          [stack:11604]
7f3828b70000-7f3828b73000 ---p 00000000 00:00 0 
7f3828b73000-7f3828c71000 rw-p 00000000 00:00 0                          [stack:11603]
7f3828c71000-7f3828c74000 ---p 00000000 00:00 0 
7f3828c74000-7f3828d72000 rw-p 00000000 00:00 0                          [stack:11602]
7f3828d72000-7f3828d75000 ---p 00000000 00:00 0 
7f3828d75000-7f3828e73000 rw-p 00000000 00:00 0                          [stack:11601]
7f3828e73000-7f3828e74000 ---p 00000000 00:00 0 
7f3828e74000-7f3828fc2000 rw-p 00000000 00:00 0                          [stack:11599]
7f3828fc2000-7f3829191000 r--s 043f2000 fd:00 2603555                    /usr/lib/jvm/java-1.8.0-openjdk-1.8.0.144-0.b01.el7_4.x86_64/jre/lib/rt.jar
7f3829191000-7f3829a62000 rw-p 00000000 00:00 0 
7f3829a62000-7f3829a63000 ---p 00000000 00:00 0 
7f3829a63000-7f382a616000 rw-p 00000000 00:00 0                          [stack:11595]
7f382a616000-7f382a617000 ---p 00000000 00:00 0 
7f382a617000-7f382a825000 rw-p 00000000 00:00 0                          [stack:11594]
7f382a825000-7f382aad7000 ---p 00000000 00:00 0 
7f382aad7000-7f382ee37000 rwxp 00000000 00:00 0 
7f382ee37000-7f3839ad7000 ---p 00000000 00:00 0 
7f3839ad7000-7f3840000000 r--p 00000000 fd:00 16803011                   /usr/lib/locale/locale-archive
7f3840000000-7f3843d58000 rw-p 00000000 00:00 0 
7f3843d58000-7f3844000000 ---p 00000000 00:00 0 
7f3844000000-7f3844006000 r--s 00043000 fd:00 33837246                   /usr/lib/jvm/java-1.8.0-openjdk-1.8.0.144-0.b01.el7_4.x86_64/jre/lib/ext/sunjce_provider.jar
7f3844006000-7f3844011000 r--s 0011c000 fd:00 33755069                   /usr/lib/jvm/java-1.8.0-openjdk-1.8.0.144-0.b01.el7_4.x86_64/jre/lib/ext/localedata.jar
7f3844011000-7f384401b000 r--s 03d73000 fd:00 17995911                   /var/lib/cas/cashub/main-banc-dispacher-0.0.1-SNAPSHOT-spring-boot.jar
7f384401b000-7f384401c000 ---p 00000000 00:00 0 
7f384401c000-7f384411c000 rw-p 00000000 00:00 0                          [stack:11593]
7f384411c000-7f384411d000 ---p 00000000 00:00 0 
7f384411d000-7f384421d000 rw-p 00000000 00:00 0                          [stack:11591]
7f384421d000-7f384421e000 ---p 00000000 00:00 0 
7f384421e000-7f384431e000 rw-p 00000000 00:00 0                          [stack:11590]
7f384431e000-7f3844326000 r-xp 00000000 fd:00 17350607                   /usr/lib/jvm/java-1.8.0-openjdk-1.8.0.144-0.b01.el7_4.x86_64/jre/lib/amd64/libzip.so
7f3844326000-7f3844525000 ---p 00008000 fd:00 17350607                   /usr/lib/jvm/java-1.8.0-openjdk-1.8.0.144-0.b01.el7_4.x86_64/jre/lib/amd64/libzip.so
7f3844525000-7f3844526000 r--p 00007000 fd:00 17350607                   /usr/lib/jvm/java-1.8.0-openjdk-1.8.0.144-0.b01.el7_4.x86_64/jre/lib/amd64/libzip.so
7f3844526000-7f3844527000 rw-p 00008000 fd:00 17350607                   /usr/lib/jvm/java-1.8.0-openjdk-1.8.0.144-0.b01.el7_4.x86_64/jre/lib/amd64/libzip.so
7f3844527000-7f3844533000 r-xp 00000000 fd:00 1236736                    /usr/lib64/libnss_files-2.17.so
7f3844533000-7f3844732000 ---p 0000c000 fd:00 1236736                    /usr/lib64/libnss_files-2.17.so
7f3844732000-7f3844733000 r--p 0000b000 fd:00 1236736                    /usr/lib64/libnss_files-2.17.so
7f3844733000-7f3844734000 rw-p 0000c000 fd:00 1236736                    /usr/lib64/libnss_files-2.17.so
7f3844734000-7f384473a000 rw-p 00000000 00:00 0 
7f384473a000-7f384473c000 r-xp 00000000 fd:00 17350601                   /usr/lib/jvm/java-1.8.0-openjdk-1.8.0.144-0.b01.el7_4.x86_64/jre/lib/amd64/libnpt.so
7f384473c000-7f384493c000 ---p 00002000 fd:00 17350601                   /usr/lib/jvm/java-1.8.0-openjdk-1.8.0.144-0.b01.el7_4.x86_64/jre/lib/amd64/libnpt.so
7f384493c000-7f384493d000 r--p 00002000 fd:00 17350601                   /usr/lib/jvm/java-1.8.0-openjdk-1.8.0.144-0.b01.el7_4.x86_64/jre/lib/amd64/libnpt.so
7f384493d000-7f384493e000 rw-p 00003000 fd:00 17350601                   /usr/lib/jvm/java-1.8.0-openjdk-1.8.0.144-0.b01.el7_4.x86_64/jre/lib/amd64/libnpt.so
7f384493e000-7f3844979000 r-xp 00000000 fd:00 17350592                   /usr/lib/jvm/java-1.8.0-openjdk-1.8.0.144-0.b01.el7_4.x86_64/jre/lib/amd64/libjdwp.so
7f3844979000-7f3844b79000 ---p 0003b000 fd:00 17350592                   /usr/lib/jvm/java-1.8.0-openjdk-1.8.0.144-0.b01.el7_4.x86_64/jre/lib/amd64/libjdwp.so
7f3844b79000-7f3844b7a000 r--p 0003b000 fd:00 17350592                   /usr/lib/jvm/java-1.8.0-openjdk-1.8.0.144-0.b01.el7_4.x86_64/jre/lib/amd64/libjdwp.so
7f3844b7a000-7f3844b7b000 rw-p 0003c000 fd:00 17350592                   /usr/lib/jvm/java-1.8.0-openjdk-1.8.0.144-0.b01.el7_4.x86_64/jre/lib/amd64/libjdwp.so
7f3844b7b000-7f3844ba8000 r-xp 00000000 fd:00 17350589                   /usr/lib/jvm/java-1.8.0-openjdk-1.8.0.144-0.b01.el7_4.x86_64/jre/lib/amd64/libjava.so
7f3844ba8000-7f3844da8000 ---p 0002d000 fd:00 17350589                   /usr/lib/jvm/java-1.8.0-openjdk-1.8.0.144-0.b01.el7_4.x86_64/jre/lib/amd64/libjava.so
7f3844da8000-7f3844da9000 r--p 0002d000 fd:00 17350589                   /usr/lib/jvm/java-1.8.0-openjdk-1.8.0.144-0.b01.el7_4.x86_64/jre/lib/amd64/libjava.so
7f3844da9000-7f3844dab000 rw-p 0002e000 fd:00 17350589                   /usr/lib/jvm/java-1.8.0-openjdk-1.8.0.144-0.b01.el7_4.x86_64/jre/lib/amd64/libjava.so
7f3844dab000-7f3844db8000 r-xp 00000000 fd:00 17350606                   /usr/lib/jvm/java-1.8.0-openjdk-1.8.0.144-0.b01.el7_4.x86_64/jre/lib/amd64/libverify.so
7f3844db8000-7f3844fb7000 ---p 0000d000 fd:00 17350606                   /usr/lib/jvm/java-1.8.0-openjdk-1.8.0.144-0.b01.el7_4.x86_64/jre/lib/amd64/libverify.so
7f3844fb7000-7f3844fb9000 r--p 0000c000 fd:00 17350606                   /usr/lib/jvm/java-1.8.0-openjdk-1.8.0.144-0.b01.el7_4.x86_64/jre/lib/amd64/libverify.so
7f3844fb9000-7f3844fba000 rw-p 0000e000 fd:00 17350606                   /usr/lib/jvm/java-1.8.0-openjdk-1.8.0.144-0.b01.el7_4.x86_64/jre/lib/amd64/libverify.so
7f3844fba000-7f3844fc1000 r-xp 00000000 fd:00 1236742                    /usr/lib64/librt-2.17.so
7f3844fc1000-7f38451c0000 ---p 00007000 fd:00 1236742                    /usr/lib64/librt-2.17.so
7f38451c0000-7f38451c1000 r--p 00006000 fd:00 1236742                    /usr/lib64/librt-2.17.so
7f38451c1000-7f38451c2000 rw-p 00007000 fd:00 1236742                    /usr/lib64/librt-2.17.so
7f38451c2000-7f38451d7000 r-xp 00000000 fd:00 480939                     /usr/lib64/libgcc_s-4.8.5-20150702.so.1
7f38451d7000-7f38453d6000 ---p 00015000 fd:00 480939                     /usr/lib64/libgcc_s-4.8.5-20150702.so.1
7f38453d6000-7f38453d7000 r--p 00014000 fd:00 480939                     /usr/lib64/libgcc_s-4.8.5-20150702.so.1
7f38453d7000-7f38453d8000 rw-p 00015000 fd:00 480939                     /usr/lib64/libgcc_s-4.8.5-20150702.so.1
7f38453d8000-7f38454d9000 r-xp 00000000 fd:00 1235373                    /usr/lib64/libm-2.17.so
7f38454d9000-7f38456d8000 ---p 00101000 fd:00 1235373                    /usr/lib64/libm-2.17.so
7f38456d8000-7f38456d9000 r--p 00100000 fd:00 1235373                    /usr/lib64/libm-2.17.so
7f38456d9000-7f38456da000 rw-p 00101000 fd:00 1235373                    /usr/lib64/libm-2.17.so
7f38456da000-7f38457c3000 r-xp 00000000 fd:00 219268                     /usr/lib64/libstdc++.so.6.0.19
7f38457c3000-7f38459c2000 ---p 000e9000 fd:00 219268                     /usr/lib64/libstdc++.so.6.0.19
7f38459c2000-7f38459ca000 r--p 000e8000 fd:00 219268                     /usr/lib64/libstdc++.so.6.0.19
7f38459ca000-7f38459cc000 rw-p 000f0000 fd:00 219268                     /usr/lib64/libstdc++.so.6.0.19
7f38459cc000-7f38459e1000 rw-p 00000000 00:00 0 
7f38459e1000-7f384669e000 r-xp 00000000 fd:00 2603529                    /usr/lib/jvm/java-1.8.0-openjdk-1.8.0.144-0.b01.el7_4.x86_64/jre/lib/amd64/server/libjvm.so
7f384669e000-7f384689d000 ---p 00cbd000 fd:00 2603529                    /usr/lib/jvm/java-1.8.0-openjdk-1.8.0.144-0.b01.el7_4.x86_64/jre/lib/amd64/server/libjvm.so
7f384689d000-7f3846948000 r--p 00cbc000 fd:00 2603529                    /usr/lib/jvm/java-1.8.0-openjdk-1.8.0.144-0.b01.el7_4.x86_64/jre/lib/amd64/server/libjvm.so
7f3846948000-7f3846971000 rw-p 00d67000 fd:00 2603529                    /usr/lib/jvm/java-1.8.0-openjdk-1.8.0.144-0.b01.el7_4.x86_64/jre/lib/amd64/server/libjvm.so
7f3846971000-7f38469a4000 rw-p 00000000 00:00 0 
7f38469a4000-7f3846b67000 r-xp 00000000 fd:00 59005                      /usr/lib64/libc-2.17.so
7f3846b67000-7f3846d66000 ---p 001c3000 fd:00 59005                      /usr/lib64/libc-2.17.so
7f3846d66000-7f3846d6a000 r--p 001c2000 fd:00 59005                      /usr/lib64/libc-2.17.so
7f3846d6a000-7f3846d6c000 rw-p 001c6000 fd:00 59005                      /usr/lib64/libc-2.17.so
7f3846d6c000-7f3846d71000 rw-p 00000000 00:00 0 
7f3846d71000-7f3846d73000 r-xp 00000000 fd:00 1235371                    /usr/lib64/libdl-2.17.so
7f3846d73000-7f3846f73000 ---p 00002000 fd:00 1235371                    /usr/lib64/libdl-2.17.so
7f3846f73000-7f3846f74000 r--p 00002000 fd:00 1235371                    /usr/lib64/libdl-2.17.so
7f3846f74000-7f3846f75000 rw-p 00003000 fd:00 1235371                    /usr/lib64/libdl-2.17.so
7f3846f75000-7f3846f83000 r-xp 00000000 fd:00 50583498                   /usr/lib/jvm/java-1.8.0-openjdk-1.8.0.144-0.b01.el7_4.x86_64/jre/lib/amd64/jli/libjli.so
7f3846f83000-7f3847182000 ---p 0000e000 fd:00 50583498                   /usr/lib/jvm/java-1.8.0-openjdk-1.8.0.144-0.b01.el7_4.x86_64/jre/lib/amd64/jli/libjli.so
7f3847182000-7f3847183000 r--p 0000d000 fd:00 50583498                   /usr/lib/jvm/java-1.8.0-openjdk-1.8.0.144-0.b01.el7_4.x86_64/jre/lib/amd64/jli/libjli.so
7f3847183000-7f3847184000 rw-p 0000e000 fd:00 50583498                   /usr/lib/jvm/java-1.8.0-openjdk-1.8.0.144-0.b01.el7_4.x86_64/jre/lib/amd64/jli/libjli.so
7f3847184000-7f3847199000 r-xp 00000000 fd:00 81032                      /usr/lib64/libz.so.1.2.7
7f3847199000-7f3847398000 ---p 00015000 fd:00 81032                      /usr/lib64/libz.so.1.2.7
7f3847398000-7f3847399000 r--p 00014000 fd:00 81032                      /usr/lib64/libz.so.1.2.7
7f3847399000-7f384739a000 rw-p 00015000 fd:00 81032                      /usr/lib64/libz.so.1.2.7
7f384739a000-7f38473b1000 r-xp 00000000 fd:00 59031                      /usr/lib64/libpthread-2.17.so
7f38473b1000-7f38475b0000 ---p 00017000 fd:00 59031                      /usr/lib64/libpthread-2.17.so
7f38475b0000-7f38475b1000 r--p 00016000 fd:00 59031                      /usr/lib64/libpthread-2.17.so
7f38475b1000-7f38475b2000 rw-p 00017000 fd:00 59031                      /usr/lib64/libpthread-2.17.so
7f38475b2000-7f38475b6000 rw-p 00000000 00:00 0 
7f38475b6000-7f38475d8000 r-xp 00000000 fd:00 735553                     /usr/lib64/ld-2.17.so
7f38475d8000-7f38475da000 rw-p 00000000 00:00 0 
7f38475da000-7f38475db000 r--s 00007000 fd:00 33837245                   /usr/lib/jvm/java-1.8.0-openjdk-1.8.0.144-0.b01.el7_4.x86_64/jre/lib/ext/sunec.jar
7f38475db000-7f384760f000 rw-p 00000000 00:00 0 
7f384760f000-7f3847631000 ---p 00000000 00:00 0 
7f3847631000-7f3847646000 rw-p 00000000 00:00 0 
7f3847646000-7f384765b000 ---p 00000000 00:00 0 
7f384765b000-7f384768f000 rw-p 00000000 00:00 0 
7f384768f000-7f38476b1000 ---p 00000000 00:00 0 
7f38476b1000-7f38476b2000 rw-p 00000000 00:00 0 
7f38476b2000-7f38476b6000 ---p 00000000 00:00 0 
7f38476b6000-7f38477b8000 rw-p 00000000 00:00 0                          [stack:11588]
7f38477b8000-7f38477bb000 r--s 00018000 fd:00 2603544                    /usr/lib/jvm/java-1.8.0-openjdk-1.8.0.144-0.b01.el7_4.x86_64/jre/lib/jce.jar
7f38477bb000-7f38477c0000 r--s 000b3000 fd:00 2603546                    /usr/lib/jvm/java-1.8.0-openjdk-1.8.0.144-0.b01.el7_4.x86_64/jre/lib/jsse.jar
7f38477c0000-7f38477cc000 rw-p 00000000 00:00 0 
7f38477cc000-7f38477d4000 rw-s 00000000 fd:00 36208601                   /tmp/hsperfdata_casadmin/11585
7f38477d4000-7f38477d5000 rw-p 00000000 00:00 0 
7f38477d5000-7f38477d6000 r--p 00000000 00:00 0 
7f38477d6000-7f38477d7000 rw-p 00000000 00:00 0 
7f38477d7000-7f38477d8000 r--p 00021000 fd:00 735553                     /usr/lib64/ld-2.17.so
7f38477d8000-7f38477d9000 rw-p 00022000 fd:00 735553                     /usr/lib64/ld-2.17.so
7f38477d9000-7f38477da000 rw-p 00000000 00:00 0 
7fffbc7ca000-7fffbc7eb000 rw-p 00000000 00:00 0                          [stack]
7fffbc7ef000-7fffbc7f1000 r-xp 00000000 00:00 0                          [vdso]
ffffffffff600000-ffffffffff601000 r-xp 00000000 00:00 0                  [vsyscall]

VM Arguments:
jvm_args: -Djava.awt.headless=true -Xmx256m -XX:+UseConcMarkSweepGC -Djava.awt.headless=true -Xmx256m -XX:+UseConcMarkSweepGC -Dlogging.config=/etc/default/casconfig/cas-hub/log4j2.xml -Xdebug -Xrunjdwp:transport=dt_socket,address=12005,server=y,suspend=n -ea -Djava.net.preferIPv4Stack=true -Dcom.sun.management.jmxremote.authenticate=false -Dcom.sun.management.jmxremote.ssl=false -Dcom.sun.management.jmxremote=true -Dcom.sun.management.jmxremote.rmi.port=12007 -Dcom.sun.management.jmxremote.local.only=false -Djava.rmi.server.hostname=10.45.250.6 -Dcom.sun.management.jmxremote.port=12007 -Dcasmain.properties.filepath=file:/etc/default/casconfig/cas-gen/mq-base0.properties,file:/etc/default/casconfig/cas-gen/db-base0.properties,file:/etc/default/casconfig/cas-hub/hub-base0.properties -Dport=12004 -ea 
java_command: main-banc-dispacher-0.0.1-SNAPSHOT-spring-boot.jar
java_class_path (initial): main-banc-dispacher-0.0.1-SNAPSHOT-spring-boot.jar
Launcher Type: SUN_STANDARD

Environment Variables:
PATH=/usr/local/sbin:/usr/local/bin:/usr/sbin:/usr/bin
SHELL=/bin/bash

Signal Handlers:
SIGSEGV: [libjvm.so+0xaada50], sa_mask[0]=11111111011111111101111111111110, sa_flags=SA_RESTART|SA_SIGINFO
SIGBUS: [libjvm.so+0xaada50], sa_mask[0]=11111111011111111101111111111110, sa_flags=SA_RESTART|SA_SIGINFO
SIGFPE: [libjvm.so+0x8a8280], sa_mask[0]=11111111011111111101111111111110, sa_flags=SA_RESTART|SA_SIGINFO
SIGPIPE: SIG_IGN, sa_mask[0]=00000000000000000000000000000000, sa_flags=none
SIGXFSZ: [libjvm.so+0x8a8280], sa_mask[0]=11111111011111111101111111111110, sa_flags=SA_RESTART|SA_SIGINFO
SIGILL: [libjvm.so+0x8a8280], sa_mask[0]=11111111011111111101111111111110, sa_flags=SA_RESTART|SA_SIGINFO
SIGUSR1: SIG_DFL, sa_mask[0]=00000000000000000000000000000000, sa_flags=none
SIGUSR2: [libjvm.so+0x8a8130], sa_mask[0]=00000000000000000000000000000000, sa_flags=SA_RESTART|SA_SIGINFO
SIGHUP: [libjvm.so+0x8a8340], sa_mask[0]=11111111011111111101111111111110, sa_flags=SA_RESTART|SA_SIGINFO
SIGINT: [libjvm.so+0x8a8340], sa_mask[0]=11111111011111111101111111111110, sa_flags=SA_RESTART|SA_SIGINFO
SIGTERM: [libjvm.so+0x8a8340], sa_mask[0]=11111111011111111101111111111110, sa_flags=SA_RESTART|SA_SIGINFO
SIGQUIT: [libjvm.so+0x8a8340], sa_mask[0]=11111111011111111101111111111110, sa_flags=SA_RESTART|SA_SIGINFO


---------------  S Y S T E M  ---------------

OS:CentOS Linux release 7.3.1611 (Core) 

uname:Linux 3.10.0-514.el7.x86_64 #1 SMP Tue Nov 22 16:42:41 UTC 2016 x86_64
libc:glibc 2.17 NPTL 2.17 
rlimit: STACK 8192k, CORE 0k, NPROC 15012, NOFILE 4096, AS infinity
load average:0.00 0.02 0.05

/proc/meminfo:
MemTotal:        8068372 kB
MemFree:          568320 kB
MemAvailable:    5221928 kB
Buffers:               0 kB
Cached:          3983772 kB
SwapCached:        35264 kB
Active:          4702560 kB
Inactive:        1405732 kB
Active(anon):    1944996 kB
Inactive(anon):   366156 kB
Active(file):    2757564 kB
Inactive(file):  1039576 kB
Unevictable:           0 kB
Mlocked:               0 kB
SwapTotal:       2097148 kB
SwapFree:        1824884 kB
Dirty:               156 kB
Writeback:             0 kB
AnonPages:       2091276 kB
Mapped:           156920 kB
Shmem:            186632 kB
Slab:            1110084 kB
SReclaimable:     937892 kB
SUnreclaim:       172192 kB
KernelStack:       12896 kB
PageTables:        27224 kB
NFS_Unstable:          0 kB
Bounce:                0 kB
WritebackTmp:          0 kB
CommitLimit:     6131332 kB
Committed_AS:    3924316 kB
VmallocTotal:   34359738367 kB
VmallocUsed:      171184 kB
VmallocChunk:   34359326716 kB
HardwareCorrupted:     0 kB
AnonHugePages:   1681408 kB
HugePages_Total:       0
HugePages_Free:        0
HugePages_Rsvd:        0
HugePages_Surp:        0
Hugepagesize:       2048 kB
DirectMap4k:      169856 kB
DirectMap2M:     5072896 kB
DirectMap1G:     5242880 kB


CPU:total 4 (initial active 4) (2 cores per cpu, 1 threads per core) family 6 model 79 stepping 1, cmov, cx8, fxsr, mmx, sse, sse2, sse3, ssse3, sse4.1, sse4.2, popcnt, avx, aes, clmul, erms, 3dnowpref, tsc, tscinvbit

/proc/cpuinfo:
processor	: 0
vendor_id	: GenuineIntel
cpu family	: 6
model		: 79
model name	: Intel(R) Xeon(R) CPU E5-2680 v4 @ 2.40GHz
stepping	: 1
microcode	: 0xb00002a
cpu MHz		: 2399.648
cache size	: 35840 KB
physical id	: 0
siblings	: 2
core id		: 0
cpu cores	: 2
apicid		: 0
initial apicid	: 0
fpu		: yes
fpu_exception	: yes
cpuid level	: 20
wp		: yes
flags		: fpu vme de pse tsc msr pae mce cx8 apic sep mtrr pge mca cmov pat pse36 clflush dts mmx fxsr sse sse2 ss ht syscall nx pdpe1gb rdtscp lm constant_tsc arch_perfmon pebs bts nopl xtopology tsc_reliable nonstop_tsc pni pclmulqdq ssse3 fma cx16 pcid sse4_1 sse4_2 x2apic movbe popcnt aes xsave avx f16c rdrand hypervisor lahf_lm 3dnowprefetch arat fsgsbase smep
bogomips	: 4799.99
clflush size	: 64
cache_alignment	: 64
address sizes	: 40 bits physical, 48 bits virtual
power management:

processor	: 1
vendor_id	: GenuineIntel
cpu family	: 6
model		: 79
model name	: Intel(R) Xeon(R) CPU E5-2680 v4 @ 2.40GHz
stepping	: 1
microcode	: 0xb00002a
cpu MHz		: 2399.648
cache size	: 35840 KB
physical id	: 0
siblings	: 2
core id		: 1
cpu cores	: 2
apicid		: 1
initial apicid	: 1
fpu		: yes
fpu_exception	: yes
cpuid level	: 20
wp		: yes
flags		: fpu vme de pse tsc msr pae mce cx8 apic sep mtrr pge mca cmov pat pse36 clflush dts mmx fxsr sse sse2 ss ht syscall nx pdpe1gb rdtscp lm constant_tsc arch_perfmon pebs bts nopl xtopology tsc_reliable nonstop_tsc pni pclmulqdq ssse3 fma cx16 pcid sse4_1 sse4_2 x2apic movbe popcnt aes xsave avx f16c rdrand hypervisor lahf_lm 3dnowprefetch arat fsgsbase smep
bogomips	: 4799.99
clflush size	: 64
cache_alignment	: 64
address sizes	: 40 bits physical, 48 bits virtual
power management:

processor	: 2
vendor_id	: GenuineIntel
cpu family	: 6
model		: 79
model name	: Intel(R) Xeon(R) CPU E5-2680 v4 @ 2.40GHz
stepping	: 1
microcode	: 0xb00002a
cpu MHz		: 2399.648
cache size	: 35840 KB
physical id	: 1
siblings	: 2
core id		: 0
cpu cores	: 2
apicid		: 2
initial apicid	: 2
fpu		: yes
fpu_exception	: yes
cpuid level	: 20
wp		: yes
flags		: fpu vme de pse tsc msr pae mce cx8 apic sep mtrr pge mca cmov pat pse36 clflush dts mmx fxsr sse sse2 ss ht syscall nx pdpe1gb rdtscp lm constant_tsc arch_perfmon pebs bts nopl xtopology tsc_reliable nonstop_tsc pni pclmulqdq ssse3 fma cx16 pcid sse4_1 sse4_2 x2apic movbe popcnt aes xsave avx f16c rdrand hypervisor lahf_lm 3dnowprefetch arat fsgsbase smep
bogomips	: 4799.99
clflush size	: 64
cache_alignment	: 64
address sizes	: 40 bits physical, 48 bits virtual
power management:

processor	: 3
vendor_id	: GenuineIntel
cpu family	: 6
model		: 79
model name	: Intel(R) Xeon(R) CPU E5-2680 v4 @ 2.40GHz
stepping	: 1
microcode	: 0xb00002a
cpu MHz		: 2399.648
cache size	: 35840 KB
physical id	: 1
siblings	: 2
core id		: 1
cpu cores	: 2
apicid		: 3
initial apicid	: 3
fpu		: yes
fpu_exception	: yes
cpuid level	: 20
wp		: yes
flags		: fpu vme de pse tsc msr pae mce cx8 apic sep mtrr pge mca cmov pat pse36 clflush dts mmx fxsr sse sse2 ss ht syscall nx pdpe1gb rdtscp lm constant_tsc arch_perfmon pebs bts nopl xtopology tsc_reliable nonstop_tsc pni pclmulqdq ssse3 fma cx16 pcid sse4_1 sse4_2 x2apic movbe popcnt aes xsave avx f16c rdrand hypervisor lahf_lm 3dnowprefetch arat fsgsbase smep
bogomips	: 4799.99
clflush size	: 64
cache_alignment	: 64
address sizes	: 40 bits physical, 48 bits virtual
power management:



Memory: 4k page, physical 8068372k(568320k free), swap 2097148k(1824884k free)

vm_info: OpenJDK 64-Bit Server VM (25.144-b01) for linux-amd64 JRE (1.8.0_144-b01), built on Sep  6 2017 14:53:02 by "mockbuild" with gcc 4.8.5 20150623 (Red Hat 4.8.5-16)

time: Thu Aug  1 19:00:51 2019
elapsed time: 46849 seconds (0d 13h 0m 49s)

