#
# A fatal error has been detected by the Java Runtime Environment:
#
#  SIGSEGV (0xb) at pc=0x00007f0fb134004b, pid=19331, tid=0x00007f0f28be7700
#
# JRE version: OpenJDK Runtime Environment (8.0_144-b01) (build 1.8.0_144-b01)
# Java VM: OpenJDK 64-Bit Server VM (25.144-b01 mixed mode linux-amd64 compressed oops)
# Problematic frame:
# C  [libc.so.6+0x15504b]  __memcpy_ssse3_back+0xcab
#
# Failed to write core dump. Core dumps have been disabled. To enable core dumping, try "ulimit -c unlimited" before starting Java again
#
# If you would like to submit a bug report, please visit:
#   http://bugreport.java.com/bugreport/crash.jsp
# The crash happened outside the Java Virtual Machine in native code.
# See problematic frame for where to report the bug.
#

---------------  T H R E A D  ---------------

Current thread (0x00007f0f2004e800):  JavaThread "myScheduler-4" [_thread_in_native, id=19991, stack(0x00007f0f28ae7000,0x00007f0f28be8000)]

siginfo: si_signo: 11 (SIGSEGV), si_code: 2 (SEGV_ACCERR), si_addr: 0x00007f0fac0f0000

Registers:
RAX=0x00007f0f3003c220, RBX=0x00007f0fa8292820, RCX=0x0000000000008000, RDX=0x0000000000001bd3
RSP=0x00007f0f28be4888, RBP=0x00007f0f28be48f0, RSI=0x00007f0fac0efff8, RDI=0x00007f0f30040db0
R8 =0x00007f0f3003c220, R9 =0x00007f0fb1340040, R10=0x0000000000006863, R11=0x00007f0fb13786e0
R12=0x000000006944514d, R13=0x00007f0fac0eb43a, R14=0x00007f0f300e9ad0, R15=0x0000000000007265
RIP=0x00007f0fb134004b, EFLAGS=0x0000000000010202, CSGSFS=0x0000000000000033, ERR=0x0000000000000004
  TRAPNO=0x000000000000000e

Top of Stack: (sp=0x00007f0f28be4888)
0x00007f0f28be4888:   00007f0faeb6a465 00000a6469000064
0x00007f0f28be4898:   0000000074617073 00007f0f00006863
0x00007f0f28be48a8:   000000002e630000 00000000c020c601
0x00007f0f28be48b8:   0000000000006863 0000000000000016
0x00007f0f28be48c8:   00007f0fa8293380 000000000f9d8395
0x00007f0f28be48d8:   00007f0f28be4975 00007f0f4c0037e0
0x00007f0f28be48e8:   00007f0fa8292820 00007f0f28be4940
0x00007f0f28be48f8:   00007f0faeb6b114 00007f0f28be4960
0x00007f0f28be4908:   0000001601d9ff00 00007f0f28be4940
0x00007f0f28be4918:   0000000000000016 00007f0f2004ea58
0x00007f0f28be4928:   00007f0f28be4db8 00007f0f28be4de0
0x00007f0f28be4938:   0000000000000001 00007f0f28be4da0
0x00007f0f28be4948:   00007f0faeb68cfd 00007f0f28be4960
0x00007f0f28be4958:   00007f0fa8292820 464e492d4154454d
0x00007f0f28be4968:   7473616d7365722f 00006c6d782e7265
0x00007f0f28be4978:   00007f0f28be4af0 00007f0f2b97ddc8
0x00007f0f28be4988:   00007f0f28be4a30 00007f0f28be4a60
0x00007f0f28be4998:   00007f0fb0897a93 00007f0f00000001
0x00007f0f28be49a8:   00007f0f00000000 00007f0f28be4a00
0x00007f0f28be49b8:   00007f0f28be4c30 0000000c28be4a00
0x00007f0f28be49c8:   00007f0f92b1c3e0 00007f0f00000001
0x00007f0f28be49d8:   00007f0f20038c38 00007f0f300b22f0
0x00007f0f28be49e8:   00007f0f2004e800 0000000000000000
0x00007f0f28be49f8:   00007f0f20038dc0 0000000000000000
0x00007f0f28be4a08:   00007f0f20038c40 00007f0f20038d08
0x00007f0f28be4a18:   00000000000000d8 00007f0f28be6b90
0x00007f0f28be4a28:   00007f0f964394cc 00007f0f2004e800
0x00007f0f28be4a38:   00007f0f300054d0 00007f0f2b97ddc8
0x00007f0f28be4a48:   00000000f1e2e5e8 00007f0f28be5280
0x00007f0f28be4a58:   00007f0f92ec534f 00007f0f28be4a70
0x00007f0f28be4a68:   0000000000000400 0000000002282d0a
0x00007f0f28be4a78:   0100000000000000 00007f0f28be4a70 

Instructions: (pc=0x00007f0fb134004b)
0x00007f0fb134002b:   63 14 93 49 8d 14 13 ff e2 0f 0b 66 2e 0f 1f 84
0x00007f0fb134003b:   00 00 00 00 00 48 81 ea 80 00 00 00 0f 28 4e f8
0x00007f0fb134004b:   0f 28 56 08 0f 28 5e 18 0f 28 66 28 0f 28 6e 38
0x00007f0fb134005b:   0f 28 76 48 0f 28 7e 58 44 0f 28 46 68 44 0f 28 

Register to memory mapping:

RAX=0x00007f0f3003c220 is an unknown value
RBX=0x00007f0fa8292820 is an unknown value
RCX=0x0000000000008000 is an unknown value
RDX=0x0000000000001bd3 is an unknown value
RSP=0x00007f0f28be4888 is pointing into the stack for thread: 0x00007f0f2004e800
RBP=0x00007f0f28be48f0 is pointing into the stack for thread: 0x00007f0f2004e800
RSI=0x00007f0fac0efff8 is an unknown value
RDI=0x00007f0f30040db0 is an unknown value
R8 =0x00007f0f3003c220 is an unknown value
R9 =0x00007f0fb1340040: <offset 0x155040> in /lib64/libc.so.6 at 0x00007f0fb11eb000
R10=0x0000000000006863 is an unknown value
R11=0x00007f0fb13786e0: <offset 0x18d6e0> in /lib64/libc.so.6 at 0x00007f0fb11eb000
R12=0x000000006944514d is an unknown value
R13=0x00007f0fac0eb43a is an unknown value
R14=0x00007f0f300e9ad0 is an unknown value
R15=0x0000000000007265 is an unknown value


Stack: [0x00007f0f28ae7000,0x00007f0f28be8000],  sp=0x00007f0f28be4888,  free space=1014k
Native frames: (J=compiled Java code, j=interpreted, Vv=VM code, C=native code)
C  [libc.so.6+0x15504b]  __memcpy_ssse3_back+0xcab
C  [libzip.so+0x6114]
C  [libzip.so+0x3cfd]  Java_java_util_zip_ZipFile_getEntry+0xfd
J 978  java.util.zip.ZipFile.getEntry(J[BZ)J (0 bytes) @ 0x00007f0f92e6face [0x00007f0f92e6fa00+0xce]
J 3992 C2 sun.misc.URLClassPath$JarLoader.getResource(Ljava/lang/String;Z)Lsun/misc/Resource; (85 bytes) @ 0x00007f0f9392effc [0x00007f0f9392e9c0+0x63c]
J 2129 C2 sun.misc.URLClassPath.findResource(Ljava/lang/String;Z)Ljava/net/URL; (47 bytes) @ 0x00007f0f932e19a8 [0x00007f0f932e1600+0x3a8]
J 2590 C2 java.net.URLClassLoader$2.run()Ljava/lang/Object; (5 bytes) @ 0x00007f0f92d0c538 [0x00007f0f92d0c4e0+0x58]
v  ~StubRoutines::call_stub
V  [libjvm.so+0x66f77a]
V  [libjvm.so+0x6c0b3d]  JVM_DoPrivileged+0x55d
J 1104  java.security.AccessController.doPrivileged(Ljava/security/PrivilegedAction;Ljava/security/AccessControlContext;)Ljava/lang/Object; (0 bytes) @ 0x00007f0f92ed8f55 [0x00007f0f92ed8e80+0xd5]
J 19085 C2 java.lang.ClassLoader.getResource(Ljava/lang/String;)Ljava/net/URL; (36 bytes) @ 0x00007f0f93fb9ac0 [0x00007f0f93fb9900+0x1c0]
J 5644 C1 java.net.URLClassLoader.getResourceAsStream(Ljava/lang/String;)Ljava/io/InputStream; (137 bytes) @ 0x00007f0f93cc3f9c [0x00007f0f93cc3e80+0x11c]
J 2536 C1 org.springframework.core.io.ClassPathResource.getInputStream()Ljava/io/InputStream; (88 bytes) @ 0x00007f0f92c4571c [0x00007f0f92c44bc0+0xb5c]
J 17907 C1 com.antruak.idm.batch.helper.ResourceDispatcher.readXml(Ljava/lang/Long;Ljava/lang/String;)Ljava/util/List; (532 bytes) @ 0x00007f0f960c8a74 [0x00007f0f960c86a0+0x3d4]
J 18154 C1 com.antruak.idm.batch.process.ResourceProcessorDb.createResources()V (234 bytes) @ 0x00007f0f944b9164 [0x00007f0f944b8140+0x1024]
J 16961 C1 com.antruak.idm.batch.process.ResourceProcessorDb$$FastClassBySpringCGLIB$$d17a90ac.invoke(ILjava/lang/Object;[Ljava/lang/Object;)Ljava/lang/Object; (157 bytes) @ 0x00007f0f951745cc [0x00007f0f95173d80+0x84c]
J 20875 C2 org.springframework.cglib.proxy.MethodProxy.invoke(Ljava/lang/Object;[Ljava/lang/Object;)Ljava/lang/Object; (72 bytes) @ 0x00007f0f9698a2e0 [0x00007f0f9698a260+0x80]
J 18747 C2 org.springframework.aop.framework.ReflectiveMethodInvocation.proceed()Ljava/lang/Object; (107 bytes) @ 0x00007f0f96287134 [0x00007f0f96286f60+0x1d4]
J 21805 C2 org.springframework.transaction.interceptor.TransactionInterceptor.invoke(Lorg/aopalliance/intercept/MethodInvocation;)Ljava/lang/Object; (44 bytes) @ 0x00007f0f96d7f814 [0x00007f0f96d7e020+0x17f4]
J 18747 C2 org.springframework.aop.framework.ReflectiveMethodInvocation.proceed()Ljava/lang/Object; (107 bytes) @ 0x00007f0f962871d0 [0x00007f0f96286f60+0x270]
J 21176 C2 org.springframework.aop.framework.CglibAopProxy$DynamicAdvisedInterceptor.intercept(Ljava/lang/Object;Ljava/lang/reflect/Method;[Ljava/lang/Object;Lorg/springframework/cglib/proxy/MethodProxy;)Ljava/lang/Object; (192 bytes) @ 0x00007f0f96a795f0 [0x00007f0f96a793a0+0x250]
J 20594 C1 com.antruak.idm.batch.process.ResourceProcessorDb$$EnhancerBySpringCGLIB$$53cce5fd.createResources()V (52 bytes) @ 0x00007f0f94fe4534 [0x00007f0f94fe4360+0x1d4]
J 21782 C2 com.antruak.banc.batch.tools.FrontEndBridgeImpl$$FastClassBySpringCGLIB$$6c8c155.invoke(ILjava/lang/Object;[Ljava/lang/Object;)Ljava/lang/Object; (170 bytes) @ 0x00007f0f95853528 [0x00007f0f958532c0+0x268]
J 21176 C2 org.springframework.aop.framework.CglibAopProxy$DynamicAdvisedInterceptor.intercept(Ljava/lang/Object;Ljava/lang/reflect/Method;[Ljava/lang/Object;Lorg/springframework/cglib/proxy/MethodProxy;)Ljava/lang/Object; (192 bytes) @ 0x00007f0f96a79690 [0x00007f0f96a793a0+0x2f0]
J 21439 C1 com.antruak.banc.batch.tools.FrontEndBridgeImpl$$EnhancerBySpringCGLIB$$cfc2a998.scheduler()V (52 bytes) @ 0x00007f0f95c259b4 [0x00007f0f95c257e0+0x1d4]
J 20757 C1 sun.reflect.GeneratedMethodAccessor155.invoke(Ljava/lang/Object;[Ljava/lang/Object;)Ljava/lang/Object; (62 bytes) @ 0x00007f0f95161304 [0x00007f0f95161060+0x2a4]
J 8814 C2 java.lang.reflect.Method.invoke(Ljava/lang/Object;[Ljava/lang/Object;)Ljava/lang/Object; (62 bytes) @ 0x00007f0f946c0594 [0x00007f0f946c04e0+0xb4]
J 20586 C1 org.springframework.scheduling.support.ScheduledMethodRunnable.run()V (48 bytes) @ 0x00007f0f9504aa54 [0x00007f0f9504a8a0+0x1b4]
J 20585 C1 org.springframework.scheduling.support.DelegatingErrorHandlingRunnable.run()V (41 bytes) @ 0x00007f0f93724bcc [0x00007f0f93724ac0+0x10c]
J 15325 C1 java.util.concurrent.Executors$RunnableAdapter.call()Ljava/lang/Object; (14 bytes) @ 0x00007f0f9534b1cc [0x00007f0f9534b0c0+0x10c]
J 15324 C1 java.util.concurrent.FutureTask.runAndReset()Z (128 bytes) @ 0x00007f0f93b7262c [0x00007f0f93b723c0+0x26c]
J 14039 C1 java.util.concurrent.ScheduledThreadPoolExecutor$ScheduledFutureTask.run()V (59 bytes) @ 0x00007f0f9547e814 [0x00007f0f9547e2e0+0x534]
j  java.util.concurrent.ThreadPoolExecutor.runWorker(Ljava/util/concurrent/ThreadPoolExecutor$Worker;)V+95
j  java.util.concurrent.ThreadPoolExecutor$Worker.run()V+5
j  java.lang.Thread.run()V+11
v  ~StubRoutines::call_stub
V  [libjvm.so+0x66f77a]
V  [libjvm.so+0x66cc14]
V  [libjvm.so+0x66d229]
V  [libjvm.so+0x6b1f91]
V  [libjvm.so+0xa564b2]
V  [libjvm.so+0x8a9df2]
C  [libpthread.so.0+0x7e25]  start_thread+0xc5

Java frames: (J=compiled Java code, j=interpreted, Vv=VM code)
J 978  java.util.zip.ZipFile.getEntry(J[BZ)J (0 bytes) @ 0x00007f0f92e6fa58 [0x00007f0f92e6fa00+0x58]
J 3992 C2 sun.misc.URLClassPath$JarLoader.getResource(Ljava/lang/String;Z)Lsun/misc/Resource; (85 bytes) @ 0x00007f0f9392effc [0x00007f0f9392e9c0+0x63c]
J 2129 C2 sun.misc.URLClassPath.findResource(Ljava/lang/String;Z)Ljava/net/URL; (47 bytes) @ 0x00007f0f932e19a8 [0x00007f0f932e1600+0x3a8]
J 2590 C2 java.net.URLClassLoader$2.run()Ljava/lang/Object; (5 bytes) @ 0x00007f0f92d0c538 [0x00007f0f92d0c4e0+0x58]
v  ~StubRoutines::call_stub
J 1104  java.security.AccessController.doPrivileged(Ljava/security/PrivilegedAction;Ljava/security/AccessControlContext;)Ljava/lang/Object; (0 bytes) @ 0x00007f0f92ed8ee3 [0x00007f0f92ed8e80+0x63]
J 19085 C2 java.lang.ClassLoader.getResource(Ljava/lang/String;)Ljava/net/URL; (36 bytes) @ 0x00007f0f93fb9ac0 [0x00007f0f93fb9900+0x1c0]
J 5644 C1 java.net.URLClassLoader.getResourceAsStream(Ljava/lang/String;)Ljava/io/InputStream; (137 bytes) @ 0x00007f0f93cc3f9c [0x00007f0f93cc3e80+0x11c]
J 2536 C1 org.springframework.core.io.ClassPathResource.getInputStream()Ljava/io/InputStream; (88 bytes) @ 0x00007f0f92c4571c [0x00007f0f92c44bc0+0xb5c]
J 17907 C1 com.antruak.idm.batch.helper.ResourceDispatcher.readXml(Ljava/lang/Long;Ljava/lang/String;)Ljava/util/List; (532 bytes) @ 0x00007f0f960c8a74 [0x00007f0f960c86a0+0x3d4]
J 18154 C1 com.antruak.idm.batch.process.ResourceProcessorDb.createResources()V (234 bytes) @ 0x00007f0f944b9164 [0x00007f0f944b8140+0x1024]
J 16961 C1 com.antruak.idm.batch.process.ResourceProcessorDb$$FastClassBySpringCGLIB$$d17a90ac.invoke(ILjava/lang/Object;[Ljava/lang/Object;)Ljava/lang/Object; (157 bytes) @ 0x00007f0f951745cc [0x00007f0f95173d80+0x84c]
J 20875 C2 org.springframework.cglib.proxy.MethodProxy.invoke(Ljava/lang/Object;[Ljava/lang/Object;)Ljava/lang/Object; (72 bytes) @ 0x00007f0f9698a2e0 [0x00007f0f9698a260+0x80]
J 18747 C2 org.springframework.aop.framework.ReflectiveMethodInvocation.proceed()Ljava/lang/Object; (107 bytes) @ 0x00007f0f96287134 [0x00007f0f96286f60+0x1d4]
J 21805 C2 org.springframework.transaction.interceptor.TransactionInterceptor.invoke(Lorg/aopalliance/intercept/MethodInvocation;)Ljava/lang/Object; (44 bytes) @ 0x00007f0f96d7f814 [0x00007f0f96d7e020+0x17f4]
J 18747 C2 org.springframework.aop.framework.ReflectiveMethodInvocation.proceed()Ljava/lang/Object; (107 bytes) @ 0x00007f0f962871d0 [0x00007f0f96286f60+0x270]
J 21176 C2 org.springframework.aop.framework.CglibAopProxy$DynamicAdvisedInterceptor.intercept(Ljava/lang/Object;Ljava/lang/reflect/Method;[Ljava/lang/Object;Lorg/springframework/cglib/proxy/MethodProxy;)Ljava/lang/Object; (192 bytes) @ 0x00007f0f96a795f0 [0x00007f0f96a793a0+0x250]
J 20594 C1 com.antruak.idm.batch.process.ResourceProcessorDb$$EnhancerBySpringCGLIB$$53cce5fd.createResources()V (52 bytes) @ 0x00007f0f94fe4534 [0x00007f0f94fe4360+0x1d4]
J 21782 C2 com.antruak.banc.batch.tools.FrontEndBridgeImpl$$FastClassBySpringCGLIB$$6c8c155.invoke(ILjava/lang/Object;[Ljava/lang/Object;)Ljava/lang/Object; (170 bytes) @ 0x00007f0f95853528 [0x00007f0f958532c0+0x268]
J 21176 C2 org.springframework.aop.framework.CglibAopProxy$DynamicAdvisedInterceptor.intercept(Ljava/lang/Object;Ljava/lang/reflect/Method;[Ljava/lang/Object;Lorg/springframework/cglib/proxy/MethodProxy;)Ljava/lang/Object; (192 bytes) @ 0x00007f0f96a79690 [0x00007f0f96a793a0+0x2f0]
J 21439 C1 com.antruak.banc.batch.tools.FrontEndBridgeImpl$$EnhancerBySpringCGLIB$$cfc2a998.scheduler()V (52 bytes) @ 0x00007f0f95c259b4 [0x00007f0f95c257e0+0x1d4]
J 20757 C1 sun.reflect.GeneratedMethodAccessor155.invoke(Ljava/lang/Object;[Ljava/lang/Object;)Ljava/lang/Object; (62 bytes) @ 0x00007f0f95161304 [0x00007f0f95161060+0x2a4]
J 8814 C2 java.lang.reflect.Method.invoke(Ljava/lang/Object;[Ljava/lang/Object;)Ljava/lang/Object; (62 bytes) @ 0x00007f0f946c0594 [0x00007f0f946c04e0+0xb4]
J 20586 C1 org.springframework.scheduling.support.ScheduledMethodRunnable.run()V (48 bytes) @ 0x00007f0f9504aa54 [0x00007f0f9504a8a0+0x1b4]
J 20585 C1 org.springframework.scheduling.support.DelegatingErrorHandlingRunnable.run()V (41 bytes) @ 0x00007f0f93724bcc [0x00007f0f93724ac0+0x10c]
J 15325 C1 java.util.concurrent.Executors$RunnableAdapter.call()Ljava/lang/Object; (14 bytes) @ 0x00007f0f9534b1cc [0x00007f0f9534b0c0+0x10c]
J 15324 C1 java.util.concurrent.FutureTask.runAndReset()Z (128 bytes) @ 0x00007f0f93b7262c [0x00007f0f93b723c0+0x26c]
J 14039 C1 java.util.concurrent.ScheduledThreadPoolExecutor$ScheduledFutureTask.run()V (59 bytes) @ 0x00007f0f9547e814 [0x00007f0f9547e2e0+0x534]
j  java.util.concurrent.ThreadPoolExecutor.runWorker(Ljava/util/concurrent/ThreadPoolExecutor$Worker;)V+95
j  java.util.concurrent.ThreadPoolExecutor$Worker.run()V+5
j  java.lang.Thread.run()V+11
v  ~StubRoutines::call_stub

---------------  P R O C E S S  ---------------

Java Threads: ( => current thread )
  0x00007f0f585e3800 JavaThread "Thread-8" [_thread_blocked, id=4779, stack(0x00007f0f0f6f9000,0x00007f0f0f7fa000)]
  0x00007f0f64031000 JavaThread "SIGTERM handler" daemon [_thread_blocked, id=4778, stack(0x00007f0f0feff000,0x00007f0f10000000)]
  0x00007f0f1c079800 JavaThread "ActiveMQ InactivityMonitor Worker" daemon [_thread_blocked, id=4658, stack(0x00007f0f0f4f7000,0x00007f0f0f5f8000)]
  0x00007f0f38504800 JavaThread "Thread-37" daemon [_thread_in_native, id=2874, stack(0x00007f0f0fdfe000,0x00007f0f0feff000)]
  0x00007f0f7c077000 JavaThread "Thread-34" daemon [_thread_in_native, id=57095, stack(0x00007f0f42ffd000,0x00007f0f430fe000)]
  0x00007f0f6c007800 JavaThread "Thread-32" daemon [_thread_in_native, id=52422, stack(0x00007f0f284e5000,0x00007f0f285e6000)]
  0x00007f0f7800a000 JavaThread "Thread-18" daemon [_thread_in_native, id=34497, stack(0x00007f0f0f5f8000,0x00007f0f0f6f9000)]
  0x00007f0f44021800 JavaThread "Thread-17" daemon [_thread_in_native, id=34495, stack(0x00007f0f0f9fa000,0x00007f0f0fafb000)]
  0x00007f0f30058000 JavaThread "myExecutor-5" [_thread_blocked, id=27771, stack(0x00007f0f0fafb000,0x00007f0f0fbfc000)]
  0x00007f0f70004000 JavaThread "myExecutor-4" [_thread_blocked, id=27187, stack(0x00007f0f0fbfc000,0x00007f0f0fcfd000)]
  0x00007f0f70003800 JavaThread "myExecutor-3" [_thread_blocked, id=27186, stack(0x00007f0f0fcfd000,0x00007f0f0fdfe000)]
  0x00007f0f8001f000 JavaThread "myExecutor-2" [_thread_blocked, id=26586, stack(0x00007f0f280e3000,0x00007f0f281e4000)]
  0x00007f0f8001c000 JavaThread "myExecutor-1" [_thread_blocked, id=26585, stack(0x00007f0f281e4000,0x00007f0f282e5000)]
  0x00007f0f1c2ca000 JavaThread "myScheduler-5" [_thread_blocked, id=20152, stack(0x00007f0f289e6000,0x00007f0f28ae7000)]
=>0x00007f0f2004e800 JavaThread "myScheduler-4" [_thread_in_native, id=19991, stack(0x00007f0f28ae7000,0x00007f0f28be8000)]
  0x00007f0f1c11f800 JavaThread "myScheduler-3" [_thread_blocked, id=19939, stack(0x00007f0f28be8000,0x00007f0f28ce9000)]
  0x00007f0f1c11b000 JavaThread "myScheduler-2" [_thread_blocked, id=19858, stack(0x00007f0f2aefd000,0x00007f0f2affe000)]
  0x00007f0fa800c800 JavaThread "DestroyJavaVM" [_thread_blocked, id=19333, stack(0x00007f0fb1efa000,0x00007f0fb1ffa000)]
  0x00007f0faa2e8000 JavaThread "http-nio-12004-AsyncTimeout" daemon [_thread_blocked, id=19393, stack(0x00007f0f292e9000,0x00007f0f293ea000)]
  0x00007f0faa2e6800 JavaThread "http-nio-12004-Acceptor-0" daemon [_thread_in_native, id=19392, stack(0x00007f0f293ea000,0x00007f0f294eb000)]
  0x00007f0fa969d800 JavaThread "http-nio-12004-ClientPoller-1" daemon [_thread_in_native, id=19391, stack(0x00007f0f294eb000,0x00007f0f295ec000)]
  0x00007f0fa969d000 JavaThread "http-nio-12004-ClientPoller-0" daemon [_thread_in_native, id=19390, stack(0x00007f0f295ec000,0x00007f0f296ed000)]
  0x00007f0fab1d5800 JavaThread "http-nio-12004-exec-10" daemon [_thread_blocked, id=19389, stack(0x00007f0f296ed000,0x00007f0f297ee000)]
  0x00007f0fa83c5000 JavaThread "http-nio-12004-exec-9" daemon [_thread_blocked, id=19388, stack(0x00007f0f297ee000,0x00007f0f298ef000)]
  0x00007f0fa83c3000 JavaThread "http-nio-12004-exec-8" daemon [_thread_blocked, id=19387, stack(0x00007f0f298ef000,0x00007f0f299f0000)]
  0x00007f0fa83c1800 JavaThread "http-nio-12004-exec-7" daemon [_thread_in_native, id=19386, stack(0x00007f0f299f0000,0x00007f0f29af1000)]
  0x00007f0faa21e000 JavaThread "http-nio-12004-exec-6" daemon [_thread_blocked, id=19385, stack(0x00007f0f29af1000,0x00007f0f29bf2000)]
  0x00007f0faa21c000 JavaThread "http-nio-12004-exec-5" daemon [_thread_blocked, id=19384, stack(0x00007f0f29bf2000,0x00007f0f29cf3000)]
  0x00007f0fa93a0800 JavaThread "http-nio-12004-exec-4" daemon [_thread_blocked, id=19383, stack(0x00007f0f29cf3000,0x00007f0f29df4000)]
  0x00007f0fa939e800 JavaThread "http-nio-12004-exec-3" daemon [_thread_blocked, id=19382, stack(0x00007f0f29df4000,0x00007f0f29ef5000)]
  0x00007f0faa825800 JavaThread "http-nio-12004-exec-2" daemon [_thread_blocked, id=19381, stack(0x00007f0f29ef5000,0x00007f0f29ff6000)]
  0x00007f0fab285000 JavaThread "http-nio-12004-exec-1" daemon [_thread_blocked, id=19380, stack(0x00007f0f29ff6000,0x00007f0f2a0f7000)]
  0x00007f0fa8884800 JavaThread "NioBlockingSelector.BlockPoller-1" daemon [_thread_in_native, id=19379, stack(0x00007f0f2a0f7000,0x00007f0f2a1f8000)]
  0x00007f0fa8466800 JavaThread "metrics-graphite-reporter-1-thread-1" daemon [_thread_in_native, id=19378, stack(0x00007f0f2a1f8000,0x00007f0f2a2f9000)]
  0x00007f0fab4c2000 JavaThread "myScheduler-1" [_thread_blocked, id=19377, stack(0x00007f0f2a2f9000,0x00007f0f2a3fa000)]
  0x00007f0fa9f06800 JavaThread "CoreHeartBeat" [_thread_blocked, id=19376, stack(0x00007f0f2a7fa000,0x00007f0f2a8fb000)]
  0x00007f0fab32c800 JavaThread "Thread-5" [_thread_in_native, id=19374, stack(0x00007f0f2a8fb000,0x00007f0f2a9fc000)]
  0x00007f0fa9b80000 JavaThread "Thread-4" [_thread_blocked, id=19373, stack(0x00007f0f2adfc000,0x00007f0f2aefd000)]
  0x00007f0f20010800 JavaThread "ActiveMQ InactivityMonitor WriteCheckTimer" daemon [_thread_blocked, id=19371, stack(0x00007f0f2affe000,0x00007f0f2b0ff000)]
  0x00007f0f2000f800 JavaThread "ActiveMQ InactivityMonitor ReadCheckTimer" daemon [_thread_blocked, id=19370, stack(0x00007f0f2b0ff000,0x00007f0f2b200000)]
  0x00007f0fa8fac000 JavaThread "ActiveMQ Transport: tcp:///10.45.40.2:12002@52880" [_thread_in_native, id=19368, stack(0x00007f0f40031000,0x00007f0f40132000)]
  0x00007f0fa9ac3000 JavaThread "MySQL Statement Cancellation Timer" daemon [_thread_blocked, id=19367, stack(0x00007f0f405cb000,0x00007f0f406cc000)]
  0x00007f0fa9bfc800 JavaThread "container-0" [_thread_blocked, id=19366, stack(0x00007f0f408cc000,0x00007f0f409cd000)]
  0x00007f0fa9974800 JavaThread "ContainerBackgroundProcessor[StandardEngine[Tomcat]]" daemon [_thread_blocked, id=19365, stack(0x00007f0f409cd000,0x00007f0f40ace000)]
  0x00007f0fa9159800 JavaThread "Log4j2-Log4j2Scheduled-1" daemon [_thread_blocked, id=19360, stack(0x00007f0f433ff000,0x00007f0f43500000)]
  0x00007f0fa8372800 JavaThread "RMI TCP Accept-0" daemon [_thread_in_native, id=19358, stack(0x00007f0f9019f000,0x00007f0f902a0000)]
  0x00007f0fa8349800 JavaThread "RMI TCP Accept-12007" daemon [_thread_in_native, id=19357, stack(0x00007f0f902a0000,0x00007f0f903a1000)]
  0x00007f0fa8192000 JavaThread "Service Thread" daemon [_thread_blocked, id=19356, stack(0x00007f0f909d6000,0x00007f0f90ad7000)]
  0x00007f0fa8184800 JavaThread "C1 CompilerThread2" daemon [_thread_blocked, id=19355, stack(0x00007f0fac0f1000,0x00007f0fac1f1000)]
  0x00007f0fa8182800 JavaThread "C2 CompilerThread1" daemon [_thread_blocked, id=19354, stack(0x00007f0fac1f2000,0x00007f0fac2f2000)]
  0x00007f0fa8180000 JavaThread "C2 CompilerThread0" daemon [_thread_blocked, id=19353, stack(0x00007f0fac2f3000,0x00007f0fac3f3000)]
  0x00007f0fa817e000 JavaThread "JDWP Event Helper Thread" daemon [_thread_blocked, id=19352, stack(0x00007f0fac3f3000,0x00007f0fac4f4000)]
  0x00007f0fa817a000 JavaThread "JDWP Transport Listener: dt_socket" daemon [_thread_in_native, id=19351, stack(0x00007f0fac4f4000,0x00007f0fac5f5000)]
  0x00007f0fa8163000 JavaThread "Signal Dispatcher" daemon [_thread_blocked, id=19350, stack(0x00007f0fac7fa000,0x00007f0fac8fb000)]
  0x00007f0fa8161000 JavaThread "Surrogate Locker Thread (Concurrent GC)" daemon [_thread_blocked, id=19349, stack(0x00007f0fac8fb000,0x00007f0fac9fc000)]
  0x00007f0fa8138000 JavaThread "Finalizer" daemon [_thread_blocked, id=19348, stack(0x00007f0fac9fc000,0x00007f0facafd000)]
  0x00007f0fa8133800 JavaThread "Reference Handler" daemon [_thread_blocked, id=19347, stack(0x00007f0facafd000,0x00007f0facbfe000)]

Other Threads:
  0x00007f0fa8129800 VMThread [stack: 0x00007f0facbff000,0x00007f0faccff000] [id=19346]
  0x00007f0fa8374800 WatcherThread [stack: 0x00007f0f9009f000,0x00007f0f9019f000] [id=19359]

VM state:not at safepoint (normal execution)

VM Mutex/Monitor currently owned by a thread: None

Heap:
 par new generation   total 38080K, used 34660K [0x00000000f0000000, 0x00000000f2950000, 0x00000000f5550000)
  eden space 33856K,  91% used [0x00000000f0000000, 0x00000000f1e48ba0, 0x00000000f2110000)
  from space 4224K,  86% used [0x00000000f2110000, 0x00000000f24a0738, 0x00000000f2530000)
  to   space 4224K,   0% used [0x00000000f2530000, 0x00000000f2530000, 0x00000000f2950000)
 concurrent mark-sweep generation total 107136K, used 90824K [0x00000000f5550000, 0x00000000fbdf0000, 0x0000000100000000)
 Metaspace       used 88677K, capacity 89961K, committed 90396K, reserved 1130496K
  class space    used 9868K, capacity 10142K, committed 10268K, reserved 1048576K

Card table byte_map: [0x00007f0fb1e78000,0x00007f0fb1ef9000] byte_map_base: 0x00007f0fb16f8000

Marking Bits: (CMSBitMap*) 0x00007f0fa8064b18
 Bits: [0x00007f0fadcf2000, 0x00007f0fadf9cc00)

Mod Union Table: (CMSBitMap*) 0x00007f0fa8064bd8
 Bits: [0x00007f0fb2008000, 0x00007f0fb2012ab0)

Polling page: 0x00007f0fb201c000

CodeCache: size=245760Kb used=67783Kb max_used=67882Kb free=177976Kb
 bounds [0x00007f0f92ad7000, 0x00007f0f96df7000, 0x00007f0fa1ad7000]
 total_blobs=17084 nmethods=16423 adapters=581
 compilation: enabled

Compilation events (10 events):
Event: 30874.180 Thread 0x00007f0fa8184800 nmethod 21989 0x00007f0f94da0410 code [0x00007f0f94da0580, 0x00007f0f94da0728]
Event: 30874.180 Thread 0x00007f0fa8184800 21987       3       org.springframework.core.SerializableTypeWrapper$TypeProxyInvocationHandler::<init> (10 bytes)
Event: 30874.180 Thread 0x00007f0fa8184800 nmethod 21987 0x00007f0f9529b010 code [0x00007f0f9529b180, 0x00007f0f9529b350]
Event: 30874.180 Thread 0x00007f0fa8184800 21992       1       java.lang.Package::getImplementationVersion (5 bytes)
Event: 30874.180 Thread 0x00007f0fa8184800 nmethod 21992 0x00007f0f947b8710 code [0x00007f0f947b8860, 0x00007f0f947b8970]
Event: 30874.180 Thread 0x00007f0fa8184800 21993       1       org.apache.logging.log4j.core.impl.ThrowableProxy$CacheEntry::access$000 (5 bytes)
Event: 30874.180 Thread 0x00007f0fa8184800 nmethod 21993 0x00007f0f962e6b10 code [0x00007f0f962e6c60, 0x00007f0f962e6d50]
Event: 30874.197 Thread 0x00007f0fa8180000 nmethod 21991 0x00007f0f93e1bc10 code [0x00007f0f93e1bec0, 0x00007f0f93e1d470]
Event: 30894.044 Thread 0x00007f0fa8184800 21994       3       org.springframework.boot.loader.jar.JarFileEntries::getEntry (67 bytes)
Event: 30894.045 Thread 0x00007f0fa8184800 nmethod 21994 0x00007f0f9584d010 code [0x00007f0f9584d1c0, 0x00007f0f9584d628]

GC Heap History (10 events):
Event: 30578.140 GC heap before
{Heap before GC invocations=1073 (full 5):
 par new generation   total 38080K, used 38079K [0x00000000f0000000, 0x00000000f2950000, 0x00000000f5550000)
  eden space 33856K, 100% used [0x00000000f0000000, 0x00000000f2110000, 0x00000000f2110000)
  from space 4224K,  99% used [0x00000000f2530000, 0x00000000f294fff8, 0x00000000f2950000)
  to   space 4224K,   0% used [0x00000000f2110000, 0x00000000f2110000, 0x00000000f2530000)
 concurrent mark-sweep generation total 106560K, used 90277K [0x00000000f5550000, 0x00000000fbd60000, 0x0000000100000000)
 Metaspace       used 88668K, capacity 89961K, committed 90396K, reserved 1130496K
  class space    used 9866K, capacity 10142K, committed 10268K, reserved 1048576K
Event: 30578.154 GC heap after
Heap after GC invocations=1074 (full 5):
 par new generation   total 38080K, used 4224K [0x00000000f0000000, 0x00000000f2950000, 0x00000000f5550000)
  eden space 33856K,   0% used [0x00000000f0000000, 0x00000000f0000000, 0x00000000f2110000)
  from space 4224K, 100% used [0x00000000f2110000, 0x00000000f2530000, 0x00000000f2530000)
  to   space 4224K,   0% used [0x00000000f2530000, 0x00000000f2530000, 0x00000000f2950000)
 concurrent mark-sweep generation total 106752K, used 90502K [0x00000000f5550000, 0x00000000fbd90000, 0x0000000100000000)
 Metaspace       used 88668K, capacity 89961K, committed 90396K, reserved 1130496K
  class space    used 9866K, capacity 10142K, committed 10268K, reserved 1048576K
}
Event: 30633.400 GC heap before
{Heap before GC invocations=1074 (full 5):
 par new generation   total 38080K, used 38080K [0x00000000f0000000, 0x00000000f2950000, 0x00000000f5550000)
  eden space 33856K, 100% used [0x00000000f0000000, 0x00000000f2110000, 0x00000000f2110000)
  from space 4224K, 100% used [0x00000000f2110000, 0x00000000f2530000, 0x00000000f2530000)
  to   space 4224K,   0% used [0x00000000f2530000, 0x00000000f2530000, 0x00000000f2950000)
 concurrent mark-sweep generation total 106752K, used 90502K [0x00000000f5550000, 0x00000000fbd90000, 0x0000000100000000)
 Metaspace       used 88668K, capacity 89961K, committed 90396K, reserved 1130496K
  class space    used 9866K, capacity 10142K, committed 10268K, reserved 1048576K
Event: 30633.407 GC heap after
Heap after GC invocations=1075 (full 5):
 par new generation   total 38080K, used 3604K [0x00000000f0000000, 0x00000000f2950000, 0x00000000f5550000)
  eden space 33856K,   0% used [0x00000000f0000000, 0x00000000f0000000, 0x00000000f2110000)
  from space 4224K,  85% used [0x00000000f2530000, 0x00000000f28b53f0, 0x00000000f2950000)
  to   space 4224K,   0% used [0x00000000f2110000, 0x00000000f2110000, 0x00000000f2530000)
 concurrent mark-sweep generation total 106752K, used 90520K [0x00000000f5550000, 0x00000000fbd90000, 0x0000000100000000)
 Metaspace       used 88668K, capacity 89961K, committed 90396K, reserved 1130496K
  class space    used 9866K, capacity 10142K, committed 10268K, reserved 1048576K
}
Event: 30696.527 GC heap before
{Heap before GC invocations=1075 (full 5):
 par new generation   total 38080K, used 37460K [0x00000000f0000000, 0x00000000f2950000, 0x00000000f5550000)
  eden space 33856K, 100% used [0x00000000f0000000, 0x00000000f2110000, 0x00000000f2110000)
  from space 4224K,  85% used [0x00000000f2530000, 0x00000000f28b53f0, 0x00000000f2950000)
  to   space 4224K,   0% used [0x00000000f2110000, 0x00000000f2110000, 0x00000000f2530000)
 concurrent mark-sweep generation total 106752K, used 90520K [0x00000000f5550000, 0x00000000fbd90000, 0x0000000100000000)
 Metaspace       used 88668K, capacity 89961K, committed 90396K, reserved 1130496K
  class space    used 9866K, capacity 10142K, committed 10268K, reserved 1048576K
Event: 30696.535 GC heap after
Heap after GC invocations=1076 (full 5):
 par new generation   total 38080K, used 3937K [0x00000000f0000000, 0x00000000f2950000, 0x00000000f5550000)
  eden space 33856K,   0% used [0x00000000f0000000, 0x00000000f0000000, 0x00000000f2110000)
  from space 4224K,  93% used [0x00000000f2110000, 0x00000000f24e8768, 0x00000000f2530000)
  to   space 4224K,   0% used [0x00000000f2530000, 0x00000000f2530000, 0x00000000f2950000)
 concurrent mark-sweep generation total 106944K, used 90763K [0x00000000f5550000, 0x00000000fbdc0000, 0x0000000100000000)
 Metaspace       used 88668K, capacity 89961K, committed 90396K, reserved 1130496K
  class space    used 9866K, capacity 10142K, committed 10268K, reserved 1048576K
}
Event: 30765.358 GC heap before
{Heap before GC invocations=1076 (full 5):
 par new generation   total 38080K, used 37785K [0x00000000f0000000, 0x00000000f2950000, 0x00000000f5550000)
  eden space 33856K,  99% used [0x00000000f0000000, 0x00000000f210dfa0, 0x00000000f2110000)
  from space 4224K,  93% used [0x00000000f2110000, 0x00000000f24e8768, 0x00000000f2530000)
  to   space 4224K,   0% used [0x00000000f2530000, 0x00000000f2530000, 0x00000000f2950000)
 concurrent mark-sweep generation total 106944K, used 90763K [0x00000000f5550000, 0x00000000fbdc0000, 0x0000000100000000)
 Metaspace       used 88669K, capacity 89961K, committed 90396K, reserved 1130496K
  class space    used 9866K, capacity 10142K, committed 10268K, reserved 1048576K
Event: 30765.366 GC heap after
Heap after GC invocations=1077 (full 5):
 par new generation   total 38080K, used 3966K [0x00000000f0000000, 0x00000000f2950000, 0x00000000f5550000)
  eden space 33856K,   0% used [0x00000000f0000000, 0x00000000f0000000, 0x00000000f2110000)
  from space 4224K,  93% used [0x00000000f2530000, 0x00000000f290f848, 0x00000000f2950000)
  to   space 4224K,   0% used [0x00000000f2110000, 0x00000000f2110000, 0x00000000f2530000)
 concurrent mark-sweep generation total 107136K, used 90811K [0x00000000f5550000, 0x00000000fbdf0000, 0x0000000100000000)
 Metaspace       used 88669K, capacity 89961K, committed 90396K, reserved 1130496K
  class space    used 9866K, capacity 10142K, committed 10268K, reserved 1048576K
}
Event: 30829.422 GC heap before
{Heap before GC invocations=1077 (full 5):
 par new generation   total 38080K, used 37819K [0x00000000f0000000, 0x00000000f2950000, 0x00000000f5550000)
  eden space 33856K,  99% used [0x00000000f0000000, 0x00000000f210f418, 0x00000000f2110000)
  from space 4224K,  93% used [0x00000000f2530000, 0x00000000f290f848, 0x00000000f2950000)
  to   space 4224K,   0% used [0x00000000f2110000, 0x00000000f2110000, 0x00000000f2530000)
 concurrent mark-sweep generation total 107136K, used 90811K [0x00000000f5550000, 0x00000000fbdf0000, 0x0000000100000000)
 Metaspace       used 88669K, capacity 89961K, committed 90396K, reserved 1130496K
  class space    used 9866K, capacity 10142K, committed 10268K, reserved 1048576K
Event: 30829.429 GC heap after
Heap after GC invocations=1078 (full 5):
 par new generation   total 38080K, used 3649K [0x00000000f0000000, 0x00000000f2950000, 0x00000000f5550000)
  eden space 33856K,   0% used [0x00000000f0000000, 0x00000000f0000000, 0x00000000f2110000)
  from space 4224K,  86% used [0x00000000f2110000, 0x00000000f24a0738, 0x00000000f2530000)
  to   space 4224K,   0% used [0x00000000f2530000, 0x00000000f2530000, 0x00000000f2950000)
 concurrent mark-sweep generation total 107136K, used 90824K [0x00000000f5550000, 0x00000000fbdf0000, 0x0000000100000000)
 Metaspace       used 88669K, capacity 89961K, committed 90396K, reserved 1130496K
  class space    used 9866K, capacity 10142K, committed 10268K, reserved 1048576K
}

Deoptimization events (10 events):
Event: 26563.776 Thread 0x00007f0f1c2ca000 Uncommon trap: reason=bimorphic action=maybe_recompile pc=0x00007f0f9471bc2c method=com.sun.org.apache.xalan.internal.xsltc.runtime.BasisLibrary.stringF(Ljava/lang/Object;ILcom/sun/org/apache/xalan/internal/xsltc/DOM;)Ljava/lang/String; @ 12
Event: 26563.795 Thread 0x00007f0f1c2ca000 Uncommon trap: reason=bimorphic action=maybe_recompile pc=0x00007f0f9471bc2c method=com.sun.org.apache.xalan.internal.xsltc.runtime.BasisLibrary.stringF(Ljava/lang/Object;ILcom/sun/org/apache/xalan/internal/xsltc/DOM;)Ljava/lang/String; @ 12
Event: 26566.898 Thread 0x00007f0f1c2ca000 Uncommon trap: reason=unstable_if action=reinterpret pc=0x00007f0f9463eaf0 method=com.mysql.jdbc.StringUtils.startsWithIgnoreCaseAndWs(Ljava/lang/String;Ljava/lang/String;I)Z @ 32
Event: 30558.659 Thread 0x00007f0fa83c3000 Uncommon trap: reason=unstable_if action=reinterpret pc=0x00007f0f941fb68c method=org.apache.coyote.http11.Http11InputBuffer.parseHeaders()Z @ 95
Event: 30558.660 Thread 0x00007f0fab1d5800 Uncommon trap: reason=unstable_if action=reinterpret pc=0x00007f0f948b3654 method=org.apache.coyote.http11.Http11InputBuffer.parseRequestLine(Z)Z @ 4
Event: 30874.172 Thread 0x00007f0f585c3000 Uncommon trap: reason=unstable_if action=reinterpret pc=0x00007f0f949bd5d0 method=java.util.logging.LogManager$LoggerContext.ensureDefaultLogger(Ljava/util/logging/Logger;)V @ 59
Event: 30874.172 Thread 0x00007f0f585e3800 Uncommon trap: reason=speculate_class_check action=maybe_recompile pc=0x00007f0f95c8df4c method=org.springframework.context.event.AbstractApplicationEventMulticaster.getApplicationListeners(Lorg/springframework/context/ApplicationEvent;Lorg/springframewor
Event: 30874.173 Thread 0x00007f0f585e3800 Uncommon trap: reason=null_check action=make_not_entrant pc=0x00007f0f93fcbb84 method=java.lang.Class.reflectionData()Ljava/lang/Class$ReflectionData; @ 24
Event: 30874.176 Thread 0x00007f0f585e3800 Uncommon trap: reason=unstable_if action=reinterpret pc=0x00007f0f935f3c08 method=org.springframework.boot.loader.jar.CentralDirectoryFileHeader.load([BILorg/springframework/boot/loader/data/RandomAccessData;ILorg/springframework/boot/loader/jar/JarEntryF
Event: 30874.176 Thread 0x00007f0f585e3800 Uncommon trap: reason=unstable_if action=reinterpret pc=0x00007f0f92deb198 method=org.springframework.boot.loader.jar.JarFileEntries.getEntry(ILjava/lang/String;Ljava/lang/String;Ljava/lang/Class;Z)Lorg/springframework/boot/loader/jar/FileHeader; @ 53

Internal exceptions (10 events):
Event: 30830.284 Thread 0x00007f0fab32c800 Exception <a 'java/net/SocketTimeoutException': Read timed out> (0x00000000f02671b8) thrown at [/builddir/build/BUILD/java-1.8.0-openjdk-1.8.0.144-0.b01.el7_4.x86_64/openjdk/hotspot/src/share/vm/prims/jni.cpp, line 736]
Event: 30840.294 Thread 0x00007f0fab32c800 Exception <a 'java/net/SocketTimeoutException': Read timed out> (0x00000000f02679c8) thrown at [/builddir/build/BUILD/java-1.8.0-openjdk-1.8.0.144-0.b01.el7_4.x86_64/openjdk/hotspot/src/share/vm/prims/jni.cpp, line 736]
Event: 30850.297 Thread 0x00007f0fab32c800 Exception <a 'java/net/SocketTimeoutException': Read timed out> (0x00000000f02681d8) thrown at [/builddir/build/BUILD/java-1.8.0-openjdk-1.8.0.144-0.b01.el7_4.x86_64/openjdk/hotspot/src/share/vm/prims/jni.cpp, line 736]
Event: 30860.307 Thread 0x00007f0fab32c800 Exception <a 'java/net/SocketTimeoutException': Read timed out> (0x00000000f02689e8) thrown at [/builddir/build/BUILD/java-1.8.0-openjdk-1.8.0.144-0.b01.el7_4.x86_64/openjdk/hotspot/src/share/vm/prims/jni.cpp, line 736]
Event: 30870.308 Thread 0x00007f0fab32c800 Exception <a 'java/net/SocketTimeoutException': Read timed out> (0x00000000f02691f8) thrown at [/builddir/build/BUILD/java-1.8.0-openjdk-1.8.0.144-0.b01.el7_4.x86_64/openjdk/hotspot/src/share/vm/prims/jni.cpp, line 736]
Event: 30874.173 Thread 0x00007f0f585e3800 Implicit null exception at 0x00007f0f93fc4027 to 0x00007f0f93fcbb35
Event: 30874.176 Thread 0x00007f0f585e3800 Exception <a 'java/lang/NoClassDefFoundError': org/springframework/context/support/DefaultLifecycleProcessor$1> (0x00000000f1421768) thrown at [/builddir/build/BUILD/java-1.8.0-openjdk-1.8.0.144-0.b01.el7_4.x86_64/openjdk/hotspot/src/share/vm/classfile/sy
Event: 30874.177 Thread 0x00007f0f585e3800 Exception <a 'java/lang/NoClassDefFoundError': org/springframework/context/support/DefaultLifecycleProcessor$1> (0x00000000f14368e0) thrown at [/builddir/build/BUILD/java-1.8.0-openjdk-1.8.0.144-0.b01.el7_4.x86_64/openjdk/hotspot/src/share/vm/oops/constan
Event: 30880.316 Thread 0x00007f0fab32c800 Exception <a 'java/net/SocketTimeoutException': Read timed out> (0x00000000f0269a08) thrown at [/builddir/build/BUILD/java-1.8.0-openjdk-1.8.0.144-0.b01.el7_4.x86_64/openjdk/hotspot/src/share/vm/prims/jni.cpp, line 736]
Event: 30890.326 Thread 0x00007f0fab32c800 Exception <a 'java/net/SocketTimeoutException': Read timed out> (0x00000000f026a218) thrown at [/builddir/build/BUILD/java-1.8.0-openjdk-1.8.0.144-0.b01.el7_4.x86_64/openjdk/hotspot/src/share/vm/prims/jni.cpp, line 736]

Events (10 events):
Event: 30894.047 Thread 0x00007f0f2004e800 DEOPT PACKING pc=0x00007f0f94bfb24c sp=0x00007f0f28be4890
Event: 30894.047 Thread 0x00007f0f2004e800 DEOPT UNPACKING pc=0x00007f0f92b1e373 sp=0x00007f0f28be45c0 mode 1
Event: 30894.047 Thread 0x00007f0f2004e800 DEOPT PACKING pc=0x00007f0f932e18e0 sp=0x00007f0f28be3b40
Event: 30894.047 Thread 0x00007f0f2004e800 DEOPT UNPACKING pc=0x00007f0f92b1e373 sp=0x00007f0f28be3838 mode 1
Event: 30894.048 Thread 0x00007f0f2004e800 DEOPT PACKING pc=0x00007f0f9636d2ac sp=0x00007f0f28be4650
Event: 30894.048 Thread 0x00007f0f2004e800 DEOPT UNPACKING pc=0x00007f0f92b1e373 sp=0x00007f0f28be42f0 mode 1
Event: 30894.048 Thread 0x00007f0f2004e800 DEOPT PACKING pc=0x00007f0f9566ee58 sp=0x00007f0f28be4600
Event: 30894.048 Thread 0x00007f0f2004e800 DEOPT UNPACKING pc=0x00007f0f92b1e373 sp=0x00007f0f28be43a8 mode 1
Event: 30894.048 Thread 0x00007f0f2004e800 DEOPT PACKING pc=0x00007f0f960edaf8 sp=0x00007f0f28be46b0
Event: 30894.048 Thread 0x00007f0f2004e800 DEOPT UNPACKING pc=0x00007f0f92b1e373 sp=0x00007f0f28be4350 mode 1


Dynamic libraries:
00400000-00401000 r-xp 00000000 fd:00 3314255                            /usr/lib/jvm/java-1.8.0-openjdk-1.8.0.144-0.b01.el7_4.x86_64/jre/bin/java
00600000-00601000 r--p 00000000 fd:00 3314255                            /usr/lib/jvm/java-1.8.0-openjdk-1.8.0.144-0.b01.el7_4.x86_64/jre/bin/java
00601000-00602000 rw-p 00001000 fd:00 3314255                            /usr/lib/jvm/java-1.8.0-openjdk-1.8.0.144-0.b01.el7_4.x86_64/jre/bin/java
00db7000-01350000 rw-p 00000000 00:00 0                                  [heap]
f0000000-f2950000 rw-p 00000000 00:00 0 
f2950000-f5550000 ---p 00000000 00:00 0 
f5550000-fbdf0000 rw-p 00000000 00:00 0 
fbdf0000-100000000 ---p 00000000 00:00 0 
100000000-100a07000 rw-p 00000000 00:00 0 
100a07000-140000000 ---p 00000000 00:00 0 
7f0f08000000-7f0f0bfff000 rw-p 00000000 00:00 0 
7f0f0bfff000-7f0f0c000000 ---p 00000000 00:00 0 
7f0f0f1f6000-7f0f0f1f9000 ---p 00000000 00:00 0 
7f0f0f1f9000-7f0f0f337000 rw-p 00000000 00:00 0 
7f0f0f337000-7f0f0f4f7000 ---p 00000000 00:00 0 
7f0f0f4f7000-7f0f0f4fa000 ---p 00000000 00:00 0 
7f0f0f4fa000-7f0f0f5f8000 rw-p 00000000 00:00 0                          [stack:4658]
7f0f0f5f8000-7f0f0f5fb000 ---p 00000000 00:00 0 
7f0f0f5fb000-7f0f0f6f9000 rw-p 00000000 00:00 0                          [stack:34497]
7f0f0f6f9000-7f0f0f6fc000 ---p 00000000 00:00 0 
7f0f0f6fc000-7f0f0f9fa000 rw-p 00000000 00:00 0                          [stack:4779]
7f0f0f9fa000-7f0f0f9fd000 ---p 00000000 00:00 0 
7f0f0f9fd000-7f0f0fafb000 rw-p 00000000 00:00 0                          [stack:34495]
7f0f0fafb000-7f0f0fafe000 ---p 00000000 00:00 0 
7f0f0fafe000-7f0f0fbfc000 rw-p 00000000 00:00 0                          [stack:27771]
7f0f0fbfc000-7f0f0fbff000 ---p 00000000 00:00 0 
7f0f0fbff000-7f0f0fcfd000 rw-p 00000000 00:00 0                          [stack:27187]
7f0f0fcfd000-7f0f0fd00000 ---p 00000000 00:00 0 
7f0f0fd00000-7f0f0fdfe000 rw-p 00000000 00:00 0                          [stack:27186]
7f0f0fdfe000-7f0f0fe01000 ---p 00000000 00:00 0 
7f0f0fe01000-7f0f0feff000 rw-p 00000000 00:00 0                          [stack:2874]
7f0f0feff000-7f0f0ff02000 ---p 00000000 00:00 0 
7f0f0ff02000-7f0f10000000 rw-p 00000000 00:00 0                          [stack:4778]
7f0f10000000-7f0f1006e000 rw-p 00000000 00:00 0 
7f0f1006e000-7f0f14000000 ---p 00000000 00:00 0 
7f0f14000000-7f0f140a1000 rw-p 00000000 00:00 0 
7f0f140a1000-7f0f18000000 ---p 00000000 00:00 0 
7f0f18000000-7f0f1807b000 rw-p 00000000 00:00 0 
7f0f1807b000-7f0f1c000000 ---p 00000000 00:00 0 
7f0f1c000000-7f0f1c6e4000 rw-p 00000000 00:00 0 
7f0f1c6e4000-7f0f20000000 ---p 00000000 00:00 0 
7f0f20000000-7f0f202c7000 rw-p 00000000 00:00 0 
7f0f202c7000-7f0f24000000 ---p 00000000 00:00 0 
7f0f24000000-7f0f24ace000 rw-p 00000000 00:00 0 
7f0f24ace000-7f0f28000000 ---p 00000000 00:00 0 
7f0f280e3000-7f0f280e6000 ---p 00000000 00:00 0 
7f0f280e6000-7f0f281e4000 rw-p 00000000 00:00 0                          [stack:26586]
7f0f281e4000-7f0f281e7000 ---p 00000000 00:00 0 
7f0f281e7000-7f0f284e5000 rw-p 00000000 00:00 0                          [stack:26585]
7f0f284e5000-7f0f284e8000 ---p 00000000 00:00 0 
7f0f284e8000-7f0f287e6000 rw-p 00000000 00:00 0                          [stack:52422]
7f0f287e6000-7f0f289e6000 rw-p 00000000 00:00 0 
7f0f289e6000-7f0f289e9000 ---p 00000000 00:00 0 
7f0f289e9000-7f0f28ae7000 rw-p 00000000 00:00 0                          [stack:20152]
7f0f28ae7000-7f0f28aea000 ---p 00000000 00:00 0 
7f0f28aea000-7f0f28be8000 rw-p 00000000 00:00 0                          [stack:19991]
7f0f28be8000-7f0f28beb000 ---p 00000000 00:00 0 
7f0f28beb000-7f0f28ee9000 rw-p 00000000 00:00 0                          [stack:19939]
7f0f28ee9000-7f0f290e9000 rw-p 00000000 00:00 0 
7f0f290e9000-7f0f292e9000 rw-p 00000000 00:00 0 
7f0f292e9000-7f0f292ec000 ---p 00000000 00:00 0 
7f0f292ec000-7f0f293ea000 rw-p 00000000 00:00 0                          [stack:19393]
7f0f293ea000-7f0f293ed000 ---p 00000000 00:00 0 
7f0f293ed000-7f0f294eb000 rw-p 00000000 00:00 0                          [stack:19392]
7f0f294eb000-7f0f294ee000 ---p 00000000 00:00 0 
7f0f294ee000-7f0f295ec000 rw-p 00000000 00:00 0                          [stack:19391]
7f0f295ec000-7f0f295ef000 ---p 00000000 00:00 0 
7f0f295ef000-7f0f296ed000 rw-p 00000000 00:00 0                          [stack:19390]
7f0f296ed000-7f0f296f0000 ---p 00000000 00:00 0 
7f0f296f0000-7f0f297ee000 rw-p 00000000 00:00 0                          [stack:19389]
7f0f297ee000-7f0f297f1000 ---p 00000000 00:00 0 
7f0f297f1000-7f0f298ef000 rw-p 00000000 00:00 0                          [stack:19388]
7f0f298ef000-7f0f298f2000 ---p 00000000 00:00 0 
7f0f298f2000-7f0f299f0000 rw-p 00000000 00:00 0                          [stack:19387]
7f0f299f0000-7f0f299f3000 ---p 00000000 00:00 0 
7f0f299f3000-7f0f29af1000 rw-p 00000000 00:00 0                          [stack:19386]
7f0f29af1000-7f0f29af4000 ---p 00000000 00:00 0 
7f0f29af4000-7f0f29bf2000 rw-p 00000000 00:00 0                          [stack:19385]
7f0f29bf2000-7f0f29bf5000 ---p 00000000 00:00 0 
7f0f29bf5000-7f0f29cf3000 rw-p 00000000 00:00 0                          [stack:19384]
7f0f29cf3000-7f0f29cf6000 ---p 00000000 00:00 0 
7f0f29cf6000-7f0f29df4000 rw-p 00000000 00:00 0                          [stack:19383]
7f0f29df4000-7f0f29df7000 ---p 00000000 00:00 0 
7f0f29df7000-7f0f29ef5000 rw-p 00000000 00:00 0                          [stack:19382]
7f0f29ef5000-7f0f29ef8000 ---p 00000000 00:00 0 
7f0f29ef8000-7f0f29ff6000 rw-p 00000000 00:00 0                          [stack:19381]
7f0f29ff6000-7f0f29ff9000 ---p 00000000 00:00 0 
7f0f29ff9000-7f0f2a0f7000 rw-p 00000000 00:00 0                          [stack:19380]
7f0f2a0f7000-7f0f2a0fa000 ---p 00000000 00:00 0 
7f0f2a0fa000-7f0f2a1f8000 rw-p 00000000 00:00 0                          [stack:19379]
7f0f2a1f8000-7f0f2a1fb000 ---p 00000000 00:00 0 
7f0f2a1fb000-7f0f2a2f9000 rw-p 00000000 00:00 0                          [stack:19378]
7f0f2a2f9000-7f0f2a2fc000 ---p 00000000 00:00 0 
7f0f2a2fc000-7f0f2a5fa000 rw-p 00000000 00:00 0                          [stack:19377]
7f0f2a5fa000-7f0f2a7fa000 rw-p 00000000 00:00 0 
7f0f2a7fa000-7f0f2a7fd000 ---p 00000000 00:00 0 
7f0f2a7fd000-7f0f2a8fb000 rw-p 00000000 00:00 0                          [stack:19376]
7f0f2a8fb000-7f0f2a8fe000 ---p 00000000 00:00 0 
7f0f2a8fe000-7f0f2abfc000 rw-p 00000000 00:00 0                          [stack:19374]
7f0f2abfc000-7f0f2adfc000 rw-p 00000000 00:00 0 
7f0f2adfc000-7f0f2adff000 ---p 00000000 00:00 0 
7f0f2adff000-7f0f2aefd000 rw-p 00000000 00:00 0                          [stack:19373]
7f0f2aefd000-7f0f2af00000 ---p 00000000 00:00 0 
7f0f2af00000-7f0f2affe000 rw-p 00000000 00:00 0                          [stack:19858]
7f0f2affe000-7f0f2b001000 ---p 00000000 00:00 0 
7f0f2b001000-7f0f2b0ff000 rw-p 00000000 00:00 0                          [stack:19371]
7f0f2b0ff000-7f0f2b102000 ---p 00000000 00:00 0 
7f0f2b102000-7f0f2b400000 rw-p 00000000 00:00 0                          [stack:19370]
7f0f2b400000-7f0f2b600000 rw-p 00000000 00:00 0 
7f0f2b600000-7f0f2b800000 rw-p 00000000 00:00 0 
7f0f2b800000-7f0f2ba00000 rw-p 00000000 00:00 0 
7f0f2ba00000-7f0f2bc00000 rw-p 00000000 00:00 0 
7f0f2bc00000-7f0f2be00000 rw-p 00000000 00:00 0 
7f0f2be00000-7f0f2c000000 rw-p 00000000 00:00 0 
7f0f2c000000-7f0f2c066000 rw-p 00000000 00:00 0 
7f0f2c066000-7f0f30000000 ---p 00000000 00:00 0 
7f0f30000000-7f0f306a0000 rw-p 00000000 00:00 0 
7f0f306a0000-7f0f34000000 ---p 00000000 00:00 0 
7f0f34000000-7f0f34487000 rw-p 00000000 00:00 0 
7f0f34487000-7f0f38000000 ---p 00000000 00:00 0 
7f0f38000000-7f0f38ea4000 rw-p 00000000 00:00 0 
7f0f38ea4000-7f0f3c000000 ---p 00000000 00:00 0 
7f0f3c000000-7f0f3c0a4000 rw-p 00000000 00:00 0 
7f0f3c0a4000-7f0f40000000 ---p 00000000 00:00 0 
7f0f40031000-7f0f40034000 ---p 00000000 00:00 0 
7f0f40034000-7f0f40332000 rw-p 00000000 00:00 0                          [stack:19368]
7f0f40332000-7f0f40532000 rw-p 00000000 00:00 0 
7f0f405cb000-7f0f405ce000 ---p 00000000 00:00 0 
7f0f405ce000-7f0f408cc000 rw-p 00000000 00:00 0                          [stack:19367]
7f0f408cc000-7f0f408cf000 ---p 00000000 00:00 0 
7f0f408cf000-7f0f409cd000 rw-p 00000000 00:00 0                          [stack:19366]
7f0f409cd000-7f0f409d0000 ---p 00000000 00:00 0 
7f0f409d0000-7f0f40cce000 rw-p 00000000 00:00 0                          [stack:19365]
7f0f40cce000-7f0f40d51000 r-xp 00000000 fd:00 1236790                    /usr/lib64/libfreeblpriv3.so
7f0f40d51000-7f0f40f50000 ---p 00083000 fd:00 1236790                    /usr/lib64/libfreeblpriv3.so
7f0f40f50000-7f0f40f52000 r--p 00082000 fd:00 1236790                    /usr/lib64/libfreeblpriv3.so
7f0f40f52000-7f0f40f53000 rw-p 00084000 fd:00 1236790                    /usr/lib64/libfreeblpriv3.so
7f0f40f53000-7f0f40f57000 rw-p 00000000 00:00 0 
7f0f40f57000-7f0f40f91000 r-xp 00000000 fd:00 1236783                    /usr/lib64/libnspr4.so
7f0f40f91000-7f0f41190000 ---p 0003a000 fd:00 1236783                    /usr/lib64/libnspr4.so
7f0f41190000-7f0f41191000 r--p 00039000 fd:00 1236783                    /usr/lib64/libnspr4.so
7f0f41191000-7f0f41193000 rw-p 0003a000 fd:00 1236783                    /usr/lib64/libnspr4.so
7f0f41193000-7f0f41195000 rw-p 00000000 00:00 0 
7f0f41195000-7f0f41199000 r-xp 00000000 fd:00 1236784                    /usr/lib64/libplc4.so
7f0f41199000-7f0f41398000 ---p 00004000 fd:00 1236784                    /usr/lib64/libplc4.so
7f0f41398000-7f0f41399000 r--p 00003000 fd:00 1236784                    /usr/lib64/libplc4.so
7f0f41399000-7f0f4139a000 rw-p 00004000 fd:00 1236784                    /usr/lib64/libplc4.so
7f0f4139a000-7f0f4139d000 r-xp 00000000 fd:00 1236785                    /usr/lib64/libplds4.so
7f0f4139d000-7f0f4159c000 ---p 00003000 fd:00 1236785                    /usr/lib64/libplds4.so
7f0f4159c000-7f0f4159d000 r--p 00002000 fd:00 1236785                    /usr/lib64/libplds4.so
7f0f4159d000-7f0f4159e000 rw-p 00003000 fd:00 1236785                    /usr/lib64/libplds4.so
7f0f4159e000-7f0f415c6000 r-xp 00000000 fd:00 1236786                    /usr/lib64/libnssutil3.so
7f0f415c6000-7f0f417c5000 ---p 00028000 fd:00 1236786                    /usr/lib64/libnssutil3.so
7f0f417c5000-7f0f417cc000 r--p 00027000 fd:00 1236786                    /usr/lib64/libnssutil3.so
7f0f417cc000-7f0f417cd000 rw-p 0002e000 fd:00 1236786                    /usr/lib64/libnssutil3.so
7f0f417cd000-7f0f418ee000 r-xp 00000000 fd:00 97993                      /usr/lib64/libnss3.so
7f0f418ee000-7f0f41aee000 ---p 00121000 fd:00 97993                      /usr/lib64/libnss3.so
7f0f41aee000-7f0f41af3000 r--p 00121000 fd:00 97993                      /usr/lib64/libnss3.so
7f0f41af3000-7f0f41af5000 rw-p 00126000 fd:00 97993                      /usr/lib64/libnss3.so
7f0f41af5000-7f0f41af7000 rw-p 00000000 00:00 0 
7f0f41af7000-7f0f41b1b000 r-xp 00000000 fd:00 599667                     /usr/lib64/libsmime3.so
7f0f41b1b000-7f0f41d1a000 ---p 00024000 fd:00 599667                     /usr/lib64/libsmime3.so
7f0f41d1a000-7f0f41d1d000 r--p 00023000 fd:00 599667                     /usr/lib64/libsmime3.so
7f0f41d1d000-7f0f41d1e000 rw-p 00026000 fd:00 599667                     /usr/lib64/libsmime3.so
7f0f41d8e000-7f0f41f8e000 rw-p 00000000 00:00 0 
7f0f41f8e000-7f0f4218e000 rw-p 00000000 00:00 0 
7f0f4218e000-7f0f4238e000 rw-p 00000000 00:00 0 
7f0f423a4000-7f0f423eb000 r-xp 00000000 fd:00 599669                     /usr/lib64/libssl3.so
7f0f423eb000-7f0f425ea000 ---p 00047000 fd:00 599669                     /usr/lib64/libssl3.so
7f0f425ea000-7f0f425ee000 r--p 00046000 fd:00 599669                     /usr/lib64/libssl3.so
7f0f425ee000-7f0f425ef000 rw-p 0004a000 fd:00 599669                     /usr/lib64/libssl3.so
7f0f425ef000-7f0f425f0000 rw-p 00000000 00:00 0 
7f0f425f0000-7f0f425fc000 r-xp 00000000 fd:00 17350604                   /usr/lib/jvm/java-1.8.0-openjdk-1.8.0.144-0.b01.el7_4.x86_64/jre/lib/amd64/libsunec.so
7f0f425fc000-7f0f427fb000 ---p 0000c000 fd:00 17350604                   /usr/lib/jvm/java-1.8.0-openjdk-1.8.0.144-0.b01.el7_4.x86_64/jre/lib/amd64/libsunec.so
7f0f427fb000-7f0f427fc000 r--p 0000b000 fd:00 17350604                   /usr/lib/jvm/java-1.8.0-openjdk-1.8.0.144-0.b01.el7_4.x86_64/jre/lib/amd64/libsunec.so
7f0f427fc000-7f0f427fd000 rw-p 0000c000 fd:00 17350604                   /usr/lib/jvm/java-1.8.0-openjdk-1.8.0.144-0.b01.el7_4.x86_64/jre/lib/amd64/libsunec.so
7f0f427fd000-7f0f429fd000 rw-p 00000000 00:00 0 
7f0f429fd000-7f0f42bfd000 rw-p 00000000 00:00 0 
7f0f42bfd000-7f0f42dfd000 rw-p 00000000 00:00 0 
7f0f42dfd000-7f0f42ffd000 rw-p 00000000 00:00 0 
7f0f42ffd000-7f0f43000000 ---p 00000000 00:00 0 
7f0f43000000-7f0f432fe000 rw-p 00000000 00:00 0                          [stack:57095]
7f0f432fe000-7f0f43301000 ---p 00000000 00:00 0 
7f0f43301000-7f0f433ff000 rw-p 00000000 00:00 0 
7f0f433ff000-7f0f43402000 ---p 00000000 00:00 0 
7f0f43402000-7f0f43700000 rw-p 00000000 00:00 0                          [stack:19360]
7f0f43700000-7f0f43900000 rw-p 00000000 00:00 0 
7f0f43a00000-7f0f43c00000 rw-p 00000000 00:00 0 
7f0f43c00000-7f0f43e00000 rw-p 00000000 00:00 0 
7f0f43e00000-7f0f44000000 rw-p 00000000 00:00 0 
7f0f44000000-7f0f44201000 rw-p 00000000 00:00 0 
7f0f44201000-7f0f48000000 ---p 00000000 00:00 0 
7f0f48000000-7f0f48094000 rw-p 00000000 00:00 0 
7f0f48094000-7f0f4c000000 ---p 00000000 00:00 0 
7f0f4c000000-7f0f4c05d000 rw-p 00000000 00:00 0 
7f0f4c05d000-7f0f50000000 ---p 00000000 00:00 0 
7f0f50000000-7f0f503bb000 rw-p 00000000 00:00 0 
7f0f503bb000-7f0f54000000 ---p 00000000 00:00 0 
7f0f54000000-7f0f57ffc000 rw-p 00000000 00:00 0 
7f0f57ffc000-7f0f58000000 ---p 00000000 00:00 0 
7f0f58000000-7f0f599a8000 rw-p 00000000 00:00 0 
7f0f599a8000-7f0f5c000000 ---p 00000000 00:00 0 
7f0f5c000000-7f0f5c04d000 rw-p 00000000 00:00 0 
7f0f5c04d000-7f0f60000000 ---p 00000000 00:00 0 
7f0f60000000-7f0f64000000 rw-p 00000000 00:00 0 
7f0f64000000-7f0f64068000 rw-p 00000000 00:00 0 
7f0f64068000-7f0f68000000 ---p 00000000 00:00 0 
7f0f68000000-7f0f68052000 rw-p 00000000 00:00 0 
7f0f68052000-7f0f6c000000 ---p 00000000 00:00 0 
7f0f6c000000-7f0f6c067000 rw-p 00000000 00:00 0 
7f0f6c067000-7f0f70000000 ---p 00000000 00:00 0 
7f0f70000000-7f0f70049000 rw-p 00000000 00:00 0 
7f0f70049000-7f0f74000000 ---p 00000000 00:00 0 
7f0f74000000-7f0f74152000 rw-p 00000000 00:00 0 
7f0f74152000-7f0f78000000 ---p 00000000 00:00 0 
7f0f78000000-7f0f7806e000 rw-p 00000000 00:00 0 
7f0f7806e000-7f0f7c000000 ---p 00000000 00:00 0 
7f0f7c000000-7f0f7c193000 rw-p 00000000 00:00 0 
7f0f7c193000-7f0f80000000 ---p 00000000 00:00 0 
7f0f80000000-7f0f8004c000 rw-p 00000000 00:00 0 
7f0f8004c000-7f0f84000000 ---p 00000000 00:00 0 
7f0f84000000-7f0f8419c000 rw-p 00000000 00:00 0 
7f0f8419c000-7f0f88000000 ---p 00000000 00:00 0 
7f0f88000000-7f0f88153000 rw-p 00000000 00:00 0 
7f0f88153000-7f0f8c000000 ---p 00000000 00:00 0 
7f0f8c000000-7f0f8c13e000 rw-p 00000000 00:00 0 
7f0f8c13e000-7f0f90000000 ---p 00000000 00:00 0 
7f0f9009e000-7f0f9009f000 ---p 00000000 00:00 0 
7f0f9009f000-7f0f9019f000 rw-p 00000000 00:00 0                          [stack:19359]
7f0f9019f000-7f0f901a2000 ---p 00000000 00:00 0 
7f0f901a2000-7f0f902a0000 rw-p 00000000 00:00 0                          [stack:19358]
7f0f902a0000-7f0f902a3000 ---p 00000000 00:00 0 
7f0f902a3000-7f0f903a1000 rw-p 00000000 00:00 0                          [stack:19357]
7f0f903a1000-7f0f903b3000 r-xp 00000000 fd:00 17350600                   /usr/lib/jvm/java-1.8.0-openjdk-1.8.0.144-0.b01.el7_4.x86_64/jre/lib/amd64/libnio.so
7f0f903b3000-7f0f905b2000 ---p 00012000 fd:00 17350600                   /usr/lib/jvm/java-1.8.0-openjdk-1.8.0.144-0.b01.el7_4.x86_64/jre/lib/amd64/libnio.so
7f0f905b2000-7f0f905b3000 r--p 00011000 fd:00 17350600                   /usr/lib/jvm/java-1.8.0-openjdk-1.8.0.144-0.b01.el7_4.x86_64/jre/lib/amd64/libnio.so
7f0f905b3000-7f0f905b4000 rw-p 00012000 fd:00 17350600                   /usr/lib/jvm/java-1.8.0-openjdk-1.8.0.144-0.b01.el7_4.x86_64/jre/lib/amd64/libnio.so
7f0f905b4000-7f0f905cb000 r-xp 00000000 fd:00 17350599                   /usr/lib/jvm/java-1.8.0-openjdk-1.8.0.144-0.b01.el7_4.x86_64/jre/lib/amd64/libnet.so
7f0f905cb000-7f0f907ca000 ---p 00017000 fd:00 17350599                   /usr/lib/jvm/java-1.8.0-openjdk-1.8.0.144-0.b01.el7_4.x86_64/jre/lib/amd64/libnet.so
7f0f907ca000-7f0f907cb000 r--p 00016000 fd:00 17350599                   /usr/lib/jvm/java-1.8.0-openjdk-1.8.0.144-0.b01.el7_4.x86_64/jre/lib/amd64/libnet.so
7f0f907cb000-7f0f907cc000 rw-p 00017000 fd:00 17350599                   /usr/lib/jvm/java-1.8.0-openjdk-1.8.0.144-0.b01.el7_4.x86_64/jre/lib/amd64/libnet.so
7f0f907cc000-7f0f907d5000 r-xp 00000000 fd:00 17350597                   /usr/lib/jvm/java-1.8.0-openjdk-1.8.0.144-0.b01.el7_4.x86_64/jre/lib/amd64/libmanagement.so
7f0f907d5000-7f0f909d4000 ---p 00009000 fd:00 17350597                   /usr/lib/jvm/java-1.8.0-openjdk-1.8.0.144-0.b01.el7_4.x86_64/jre/lib/amd64/libmanagement.so
7f0f909d4000-7f0f909d5000 r--p 00008000 fd:00 17350597                   /usr/lib/jvm/java-1.8.0-openjdk-1.8.0.144-0.b01.el7_4.x86_64/jre/lib/amd64/libmanagement.so
7f0f909d5000-7f0f909d6000 rw-p 00009000 fd:00 17350597                   /usr/lib/jvm/java-1.8.0-openjdk-1.8.0.144-0.b01.el7_4.x86_64/jre/lib/amd64/libmanagement.so
7f0f909d6000-7f0f909d9000 ---p 00000000 00:00 0 
7f0f909d9000-7f0f92ad7000 rw-p 00000000 00:00 0                          [stack:19356]
7f0f92ad7000-7f0f96df7000 rwxp 00000000 00:00 0 
7f0f96df7000-7f0fa1ad7000 ---p 00000000 00:00 0 
7f0fa1ad7000-7f0fa8000000 r--p 00000000 fd:00 16803011                   /usr/lib/locale/locale-archive
7f0fa8000000-7f0fabe74000 rw-p 00000000 00:00 0 
7f0fabe74000-7f0fac000000 ---p 00000000 00:00 0 
7f0fac069000-7f0fac06b000 rw-p 00000000 00:00 0 
7f0fac06b000-7f0fac075000 r--s 03d7c000 fd:00 17995911                   /var/lib/cas/cashub/main-banc-dispacher-0.0.1-SNAPSHOT-spring-boot.jar
7f0fac075000-7f0fac086000 r--s 000cf000 fd:00 17995890                   /tmp/jar_cache8075881210629782499.tmp (deleted)
7f0fac086000-7f0fac0a4000 r--s 00231000 fd:00 17471243                   /tmp/jar_cache5197219057112894556.tmp (deleted)
7f0fac0a4000-7f0fac0ae000 r--s 0005c000 fd:00 17058522                   /tmp/jar_cache228044260399342986.tmp (deleted)
7f0fac0ae000-7f0fac0b3000 r--s 00309000 fd:00 1230308                    /usr/lib/jvm/java-1.8.0-openjdk-1.8.0.144-0.b01.el7_4.x86_64/jre/lib/charsets.jar
7f0fac0b3000-7f0fac0b9000 r--s 00043000 fd:00 33837246                   /usr/lib/jvm/java-1.8.0-openjdk-1.8.0.144-0.b01.el7_4.x86_64/jre/lib/ext/sunjce_provider.jar
7f0fac0b9000-7f0fac0cc000 r--s 00346000 fd:00 2603554                    /usr/lib/jvm/java-1.8.0-openjdk-1.8.0.144-0.b01.el7_4.x86_64/jre/lib/resources.jar
7f0fac0cc000-7f0fac0e7000 r--s 001d6000 fd:00 33755071                   /usr/lib/jvm/java-1.8.0-openjdk-1.8.0.144-0.b01.el7_4.x86_64/jre/lib/ext/nashorn.jar
7f0fac0e7000-7f0fac0f0000 r--s 03d7c000 fd:00 17995911                   /var/lib/cas/cashub/main-banc-dispacher-0.0.1-SNAPSHOT-spring-boot.jar
7f0fac0f0000-7f0fac0f4000 ---p 00000000 00:00 0 
7f0fac0f4000-7f0fac1f1000 rw-p 00000000 00:00 0                          [stack:19355]
7f0fac1f1000-7f0fac1f5000 ---p 00000000 00:00 0 
7f0fac1f5000-7f0fac2f2000 rw-p 00000000 00:00 0                          [stack:19354]
7f0fac2f2000-7f0fac2f6000 ---p 00000000 00:00 0 
7f0fac2f6000-7f0fac3f3000 rw-p 00000000 00:00 0                          [stack:19353]
7f0fac3f3000-7f0fac3f6000 ---p 00000000 00:00 0 
7f0fac3f6000-7f0fac4f4000 rw-p 00000000 00:00 0                          [stack:19352]
7f0fac4f4000-7f0fac4f7000 ---p 00000000 00:00 0 
7f0fac4f7000-7f0fac5f5000 rw-p 00000000 00:00 0                          [stack:19351]
7f0fac5f5000-7f0fac5f9000 r-xp 00000000 fd:00 17350581                   /usr/lib/jvm/java-1.8.0-openjdk-1.8.0.144-0.b01.el7_4.x86_64/jre/lib/amd64/libdt_socket.so
7f0fac5f9000-7f0fac7f8000 ---p 00004000 fd:00 17350581                   /usr/lib/jvm/java-1.8.0-openjdk-1.8.0.144-0.b01.el7_4.x86_64/jre/lib/amd64/libdt_socket.so
7f0fac7f8000-7f0fac7f9000 r--p 00003000 fd:00 17350581                   /usr/lib/jvm/java-1.8.0-openjdk-1.8.0.144-0.b01.el7_4.x86_64/jre/lib/amd64/libdt_socket.so
7f0fac7f9000-7f0fac7fa000 rw-p 00004000 fd:00 17350581                   /usr/lib/jvm/java-1.8.0-openjdk-1.8.0.144-0.b01.el7_4.x86_64/jre/lib/amd64/libdt_socket.so
7f0fac7fa000-7f0fac7fd000 ---p 00000000 00:00 0 
7f0fac7fd000-7f0fac8fb000 rw-p 00000000 00:00 0                          [stack:19350]
7f0fac8fb000-7f0fac8fe000 ---p 00000000 00:00 0 
7f0fac8fe000-7f0fac9fc000 rw-p 00000000 00:00 0                          [stack:19349]
7f0fac9fc000-7f0fac9ff000 ---p 00000000 00:00 0 
7f0fac9ff000-7f0facafd000 rw-p 00000000 00:00 0                          [stack:19348]
7f0facafd000-7f0facb00000 ---p 00000000 00:00 0 
7f0facb00000-7f0facbfe000 rw-p 00000000 00:00 0                          [stack:19347]
7f0facbfe000-7f0facbff000 ---p 00000000 00:00 0 
7f0facbff000-7f0facd4d000 rw-p 00000000 00:00 0                          [stack:19346]
7f0facd4d000-7f0facf1c000 r--s 043f2000 fd:00 2603555                    /usr/lib/jvm/java-1.8.0-openjdk-1.8.0.144-0.b01.el7_4.x86_64/jre/lib/rt.jar
7f0facf1c000-7f0fad7ed000 rw-p 00000000 00:00 0 
7f0fad7ed000-7f0fad7ee000 ---p 00000000 00:00 0 
7f0fad7ee000-7f0fae3a1000 rw-p 00000000 00:00 0                          [stack:19341]
7f0fae3a1000-7f0fae3a2000 ---p 00000000 00:00 0 
7f0fae3a2000-7f0fae4a2000 rw-p 00000000 00:00 0                          [stack:19340]
7f0fae4a2000-7f0fae4a3000 ---p 00000000 00:00 0 
7f0fae4a3000-7f0fae5a3000 rw-p 00000000 00:00 0                          [stack:19339]
7f0fae5a3000-7f0fae5a4000 ---p 00000000 00:00 0 
7f0fae5a4000-7f0fae6a4000 rw-p 00000000 00:00 0                          [stack:19338]
7f0fae6a4000-7f0fae6a5000 ---p 00000000 00:00 0 
7f0fae6a5000-7f0fae8b2000 rw-p 00000000 00:00 0                          [stack:19337]
7f0fae8b2000-7f0faeb65000 ---p 00000000 00:00 0 
7f0faeb65000-7f0faeb6d000 r-xp 00000000 fd:00 17350607                   /usr/lib/jvm/java-1.8.0-openjdk-1.8.0.144-0.b01.el7_4.x86_64/jre/lib/amd64/libzip.so
7f0faeb6d000-7f0faed6c000 ---p 00008000 fd:00 17350607                   /usr/lib/jvm/java-1.8.0-openjdk-1.8.0.144-0.b01.el7_4.x86_64/jre/lib/amd64/libzip.so
7f0faed6c000-7f0faed6d000 r--p 00007000 fd:00 17350607                   /usr/lib/jvm/java-1.8.0-openjdk-1.8.0.144-0.b01.el7_4.x86_64/jre/lib/amd64/libzip.so
7f0faed6d000-7f0faed6e000 rw-p 00008000 fd:00 17350607                   /usr/lib/jvm/java-1.8.0-openjdk-1.8.0.144-0.b01.el7_4.x86_64/jre/lib/amd64/libzip.so
7f0faed6e000-7f0faed7a000 r-xp 00000000 fd:00 1236736                    /usr/lib64/libnss_files-2.17.so
7f0faed7a000-7f0faef79000 ---p 0000c000 fd:00 1236736                    /usr/lib64/libnss_files-2.17.so
7f0faef79000-7f0faef7a000 r--p 0000b000 fd:00 1236736                    /usr/lib64/libnss_files-2.17.so
7f0faef7a000-7f0faef7b000 rw-p 0000c000 fd:00 1236736                    /usr/lib64/libnss_files-2.17.so
7f0faef7b000-7f0faef81000 rw-p 00000000 00:00 0 
7f0faef81000-7f0faef83000 r-xp 00000000 fd:00 17350601                   /usr/lib/jvm/java-1.8.0-openjdk-1.8.0.144-0.b01.el7_4.x86_64/jre/lib/amd64/libnpt.so
7f0faef83000-7f0faf183000 ---p 00002000 fd:00 17350601                   /usr/lib/jvm/java-1.8.0-openjdk-1.8.0.144-0.b01.el7_4.x86_64/jre/lib/amd64/libnpt.so
7f0faf183000-7f0faf184000 r--p 00002000 fd:00 17350601                   /usr/lib/jvm/java-1.8.0-openjdk-1.8.0.144-0.b01.el7_4.x86_64/jre/lib/amd64/libnpt.so
7f0faf184000-7f0faf185000 rw-p 00003000 fd:00 17350601                   /usr/lib/jvm/java-1.8.0-openjdk-1.8.0.144-0.b01.el7_4.x86_64/jre/lib/amd64/libnpt.so
7f0faf185000-7f0faf1c0000 r-xp 00000000 fd:00 17350592                   /usr/lib/jvm/java-1.8.0-openjdk-1.8.0.144-0.b01.el7_4.x86_64/jre/lib/amd64/libjdwp.so
7f0faf1c0000-7f0faf3c0000 ---p 0003b000 fd:00 17350592                   /usr/lib/jvm/java-1.8.0-openjdk-1.8.0.144-0.b01.el7_4.x86_64/jre/lib/amd64/libjdwp.so
7f0faf3c0000-7f0faf3c1000 r--p 0003b000 fd:00 17350592                   /usr/lib/jvm/java-1.8.0-openjdk-1.8.0.144-0.b01.el7_4.x86_64/jre/lib/amd64/libjdwp.so
7f0faf3c1000-7f0faf3c2000 rw-p 0003c000 fd:00 17350592                   /usr/lib/jvm/java-1.8.0-openjdk-1.8.0.144-0.b01.el7_4.x86_64/jre/lib/amd64/libjdwp.so
7f0faf3c2000-7f0faf3ef000 r-xp 00000000 fd:00 17350589                   /usr/lib/jvm/java-1.8.0-openjdk-1.8.0.144-0.b01.el7_4.x86_64/jre/lib/amd64/libjava.so
7f0faf3ef000-7f0faf5ef000 ---p 0002d000 fd:00 17350589                   /usr/lib/jvm/java-1.8.0-openjdk-1.8.0.144-0.b01.el7_4.x86_64/jre/lib/amd64/libjava.so
7f0faf5ef000-7f0faf5f0000 r--p 0002d000 fd:00 17350589                   /usr/lib/jvm/java-1.8.0-openjdk-1.8.0.144-0.b01.el7_4.x86_64/jre/lib/amd64/libjava.so
7f0faf5f0000-7f0faf5f2000 rw-p 0002e000 fd:00 17350589                   /usr/lib/jvm/java-1.8.0-openjdk-1.8.0.144-0.b01.el7_4.x86_64/jre/lib/amd64/libjava.so
7f0faf5f2000-7f0faf5ff000 r-xp 00000000 fd:00 17350606                   /usr/lib/jvm/java-1.8.0-openjdk-1.8.0.144-0.b01.el7_4.x86_64/jre/lib/amd64/libverify.so
7f0faf5ff000-7f0faf7fe000 ---p 0000d000 fd:00 17350606                   /usr/lib/jvm/java-1.8.0-openjdk-1.8.0.144-0.b01.el7_4.x86_64/jre/lib/amd64/libverify.so
7f0faf7fe000-7f0faf800000 r--p 0000c000 fd:00 17350606                   /usr/lib/jvm/java-1.8.0-openjdk-1.8.0.144-0.b01.el7_4.x86_64/jre/lib/amd64/libverify.so
7f0faf800000-7f0faf801000 rw-p 0000e000 fd:00 17350606                   /usr/lib/jvm/java-1.8.0-openjdk-1.8.0.144-0.b01.el7_4.x86_64/jre/lib/amd64/libverify.so
7f0faf801000-7f0faf808000 r-xp 00000000 fd:00 1236742                    /usr/lib64/librt-2.17.so
7f0faf808000-7f0fafa07000 ---p 00007000 fd:00 1236742                    /usr/lib64/librt-2.17.so
7f0fafa07000-7f0fafa08000 r--p 00006000 fd:00 1236742                    /usr/lib64/librt-2.17.so
7f0fafa08000-7f0fafa09000 rw-p 00007000 fd:00 1236742                    /usr/lib64/librt-2.17.so
7f0fafa09000-7f0fafa1e000 r-xp 00000000 fd:00 480939                     /usr/lib64/libgcc_s-4.8.5-20150702.so.1
7f0fafa1e000-7f0fafc1d000 ---p 00015000 fd:00 480939                     /usr/lib64/libgcc_s-4.8.5-20150702.so.1
7f0fafc1d000-7f0fafc1e000 r--p 00014000 fd:00 480939                     /usr/lib64/libgcc_s-4.8.5-20150702.so.1
7f0fafc1e000-7f0fafc1f000 rw-p 00015000 fd:00 480939                     /usr/lib64/libgcc_s-4.8.5-20150702.so.1
7f0fafc1f000-7f0fafd20000 r-xp 00000000 fd:00 1235373                    /usr/lib64/libm-2.17.so
7f0fafd20000-7f0faff1f000 ---p 00101000 fd:00 1235373                    /usr/lib64/libm-2.17.so
7f0faff1f000-7f0faff20000 r--p 00100000 fd:00 1235373                    /usr/lib64/libm-2.17.so
7f0faff20000-7f0faff21000 rw-p 00101000 fd:00 1235373                    /usr/lib64/libm-2.17.so
7f0faff21000-7f0fb000a000 r-xp 00000000 fd:00 219268                     /usr/lib64/libstdc++.so.6.0.19
7f0fb000a000-7f0fb0209000 ---p 000e9000 fd:00 219268                     /usr/lib64/libstdc++.so.6.0.19
7f0fb0209000-7f0fb0211000 r--p 000e8000 fd:00 219268                     /usr/lib64/libstdc++.so.6.0.19
7f0fb0211000-7f0fb0213000 rw-p 000f0000 fd:00 219268                     /usr/lib64/libstdc++.so.6.0.19
7f0fb0213000-7f0fb0228000 rw-p 00000000 00:00 0 
7f0fb0228000-7f0fb0ee5000 r-xp 00000000 fd:00 2603529                    /usr/lib/jvm/java-1.8.0-openjdk-1.8.0.144-0.b01.el7_4.x86_64/jre/lib/amd64/server/libjvm.so
7f0fb0ee5000-7f0fb10e4000 ---p 00cbd000 fd:00 2603529                    /usr/lib/jvm/java-1.8.0-openjdk-1.8.0.144-0.b01.el7_4.x86_64/jre/lib/amd64/server/libjvm.so
7f0fb10e4000-7f0fb118f000 r--p 00cbc000 fd:00 2603529                    /usr/lib/jvm/java-1.8.0-openjdk-1.8.0.144-0.b01.el7_4.x86_64/jre/lib/amd64/server/libjvm.so
7f0fb118f000-7f0fb11b8000 rw-p 00d67000 fd:00 2603529                    /usr/lib/jvm/java-1.8.0-openjdk-1.8.0.144-0.b01.el7_4.x86_64/jre/lib/amd64/server/libjvm.so
7f0fb11b8000-7f0fb11eb000 rw-p 00000000 00:00 0 
7f0fb11eb000-7f0fb13ae000 r-xp 00000000 fd:00 59005                      /usr/lib64/libc-2.17.so
7f0fb13ae000-7f0fb15ad000 ---p 001c3000 fd:00 59005                      /usr/lib64/libc-2.17.so
7f0fb15ad000-7f0fb15b1000 r--p 001c2000 fd:00 59005                      /usr/lib64/libc-2.17.so
7f0fb15b1000-7f0fb15b3000 rw-p 001c6000 fd:00 59005                      /usr/lib64/libc-2.17.so
7f0fb15b3000-7f0fb15b8000 rw-p 00000000 00:00 0 
7f0fb15b8000-7f0fb15ba000 r-xp 00000000 fd:00 1235371                    /usr/lib64/libdl-2.17.so
7f0fb15ba000-7f0fb17ba000 ---p 00002000 fd:00 1235371                    /usr/lib64/libdl-2.17.so
7f0fb17ba000-7f0fb17bb000 r--p 00002000 fd:00 1235371                    /usr/lib64/libdl-2.17.so
7f0fb17bb000-7f0fb17bc000 rw-p 00003000 fd:00 1235371                    /usr/lib64/libdl-2.17.so
7f0fb17bc000-7f0fb17ca000 r-xp 00000000 fd:00 50583498                   /usr/lib/jvm/java-1.8.0-openjdk-1.8.0.144-0.b01.el7_4.x86_64/jre/lib/amd64/jli/libjli.so
7f0fb17ca000-7f0fb19c9000 ---p 0000e000 fd:00 50583498                   /usr/lib/jvm/java-1.8.0-openjdk-1.8.0.144-0.b01.el7_4.x86_64/jre/lib/amd64/jli/libjli.so
7f0fb19c9000-7f0fb19ca000 r--p 0000d000 fd:00 50583498                   /usr/lib/jvm/java-1.8.0-openjdk-1.8.0.144-0.b01.el7_4.x86_64/jre/lib/amd64/jli/libjli.so
7f0fb19ca000-7f0fb19cb000 rw-p 0000e000 fd:00 50583498                   /usr/lib/jvm/java-1.8.0-openjdk-1.8.0.144-0.b01.el7_4.x86_64/jre/lib/amd64/jli/libjli.so
7f0fb19cb000-7f0fb19e0000 r-xp 00000000 fd:00 81032                      /usr/lib64/libz.so.1.2.7
7f0fb19e0000-7f0fb1bdf000 ---p 00015000 fd:00 81032                      /usr/lib64/libz.so.1.2.7
7f0fb1bdf000-7f0fb1be0000 r--p 00014000 fd:00 81032                      /usr/lib64/libz.so.1.2.7
7f0fb1be0000-7f0fb1be1000 rw-p 00015000 fd:00 81032                      /usr/lib64/libz.so.1.2.7
7f0fb1be1000-7f0fb1bf8000 r-xp 00000000 fd:00 59031                      /usr/lib64/libpthread-2.17.so
7f0fb1bf8000-7f0fb1df7000 ---p 00017000 fd:00 59031                      /usr/lib64/libpthread-2.17.so
7f0fb1df7000-7f0fb1df8000 r--p 00016000 fd:00 59031                      /usr/lib64/libpthread-2.17.so
7f0fb1df8000-7f0fb1df9000 rw-p 00017000 fd:00 59031                      /usr/lib64/libpthread-2.17.so
7f0fb1df9000-7f0fb1dfd000 rw-p 00000000 00:00 0 
7f0fb1dfd000-7f0fb1e1f000 r-xp 00000000 fd:00 735553                     /usr/lib64/ld-2.17.so
7f0fb1e1f000-7f0fb1e21000 rw-p 00000000 00:00 0 
7f0fb1e21000-7f0fb1e22000 r--s 00007000 fd:00 33837245                   /usr/lib/jvm/java-1.8.0-openjdk-1.8.0.144-0.b01.el7_4.x86_64/jre/lib/ext/sunec.jar
7f0fb1e22000-7f0fb1e57000 rw-p 00000000 00:00 0 
7f0fb1e57000-7f0fb1e78000 ---p 00000000 00:00 0 
7f0fb1e78000-7f0fb1e8d000 rw-p 00000000 00:00 0 
7f0fb1e8d000-7f0fb1ea2000 ---p 00000000 00:00 0 
7f0fb1ea2000-7f0fb1ed7000 rw-p 00000000 00:00 0 
7f0fb1ed7000-7f0fb1ef8000 ---p 00000000 00:00 0 
7f0fb1ef8000-7f0fb1ef9000 rw-p 00000000 00:00 0 
7f0fb1ef9000-7f0fb1efd000 ---p 00000000 00:00 0 
7f0fb1efd000-7f0fb1fff000 rw-p 00000000 00:00 0                          [stack:19333]
7f0fb1fff000-7f0fb2002000 r--s 00018000 fd:00 2603544                    /usr/lib/jvm/java-1.8.0-openjdk-1.8.0.144-0.b01.el7_4.x86_64/jre/lib/jce.jar
7f0fb2002000-7f0fb2007000 r--s 000b3000 fd:00 2603546                    /usr/lib/jvm/java-1.8.0-openjdk-1.8.0.144-0.b01.el7_4.x86_64/jre/lib/jsse.jar
7f0fb2007000-7f0fb2013000 rw-p 00000000 00:00 0 
7f0fb2013000-7f0fb201b000 rw-s 00000000 fd:00 33705834                   /tmp/hsperfdata_casadmin/19331
7f0fb201b000-7f0fb201c000 rw-p 00000000 00:00 0 
7f0fb201c000-7f0fb201d000 r--p 00000000 00:00 0 
7f0fb201d000-7f0fb201e000 rw-p 00000000 00:00 0 
7f0fb201e000-7f0fb201f000 r--p 00021000 fd:00 735553                     /usr/lib64/ld-2.17.so
7f0fb201f000-7f0fb2020000 rw-p 00022000 fd:00 735553                     /usr/lib64/ld-2.17.so
7f0fb2020000-7f0fb2021000 rw-p 00000000 00:00 0 
7ffe21e3e000-7ffe21e5f000 rw-p 00000000 00:00 0                          [stack]
7ffe21ee5000-7ffe21ee7000 r-xp 00000000 00:00 0                          [vdso]
ffffffffff600000-ffffffffff601000 r-xp 00000000 00:00 0                  [vsyscall]

VM Arguments:
jvm_args: -Djava.awt.headless=true -Xmx256m -XX:+UseConcMarkSweepGC -Djava.awt.headless=true -Xmx256m -XX:+UseConcMarkSweepGC -Dlogging.config=/etc/default/casconfig/cas-hub/log4j2.xml -Xdebug -Xrunjdwp:transport=dt_socket,address=12005,server=y,suspend=n -ea -Djava.net.preferIPv4Stack=true -Dcom.sun.management.jmxremote.authenticate=false -Dcom.sun.management.jmxremote.ssl=false -Dcom.sun.management.jmxremote=true -Dcom.sun.management.jmxremote.rmi.port=12007 -Dcom.sun.management.jmxremote.local.only=false -Djava.rmi.server.hostname=10.45.250.6 -Dcom.sun.management.jmxremote.port=12007 -Dcasmain.properties.filepath=file:/etc/default/casconfig/cas-gen/mq-base0.properties,file:/etc/default/casconfig/cas-gen/db-base0.properties,file:/etc/default/casconfig/cas-hub/hub-base0.properties -Dport=12004 -ea 
java_command: main-banc-dispacher-0.0.1-SNAPSHOT-spring-boot.jar
java_class_path (initial): main-banc-dispacher-0.0.1-SNAPSHOT-spring-boot.jar
Launcher Type: SUN_STANDARD

Environment Variables:
PATH=/usr/local/sbin:/usr/local/bin:/usr/sbin:/usr/bin
SHELL=/bin/bash

Signal Handlers:
SIGSEGV: [libjvm.so+0xaada50], sa_mask[0]=11111111011111111101111111111110, sa_flags=SA_RESTART|SA_SIGINFO
SIGBUS: [libjvm.so+0xaada50], sa_mask[0]=11111111011111111101111111111110, sa_flags=SA_RESTART|SA_SIGINFO
SIGFPE: [libjvm.so+0x8a8280], sa_mask[0]=11111111011111111101111111111110, sa_flags=SA_RESTART|SA_SIGINFO
SIGPIPE: SIG_IGN, sa_mask[0]=00000000000000000000000000000000, sa_flags=none
SIGXFSZ: [libjvm.so+0x8a8280], sa_mask[0]=11111111011111111101111111111110, sa_flags=SA_RESTART|SA_SIGINFO
SIGILL: [libjvm.so+0x8a8280], sa_mask[0]=11111111011111111101111111111110, sa_flags=SA_RESTART|SA_SIGINFO
SIGUSR1: SIG_DFL, sa_mask[0]=00000000000000000000000000000000, sa_flags=none
SIGUSR2: [libjvm.so+0x8a8130], sa_mask[0]=00000000000000000000000000000000, sa_flags=SA_RESTART|SA_SIGINFO
SIGHUP: [libjvm.so+0x8a8340], sa_mask[0]=11111111011111111101111111111110, sa_flags=SA_RESTART|SA_SIGINFO
SIGINT: [libjvm.so+0x8a8340], sa_mask[0]=11111111011111111101111111111110, sa_flags=SA_RESTART|SA_SIGINFO
SIGTERM: [libjvm.so+0x8a8340], sa_mask[0]=11111111011111111101111111111110, sa_flags=SA_RESTART|SA_SIGINFO
SIGQUIT: [libjvm.so+0x8a8340], sa_mask[0]=11111111011111111101111111111110, sa_flags=SA_RESTART|SA_SIGINFO


---------------  S Y S T E M  ---------------

OS:CentOS Linux release 7.3.1611 (Core) 

uname:Linux 3.10.0-514.el7.x86_64 #1 SMP Tue Nov 22 16:42:41 UTC 2016 x86_64
libc:glibc 2.17 NPTL 2.17 
rlimit: STACK 8192k, CORE 0k, NPROC 15012, NOFILE 4096, AS infinity
load average:0.03 0.03 0.05

/proc/meminfo:
MemTotal:        8068372 kB
MemFree:         1090696 kB
MemAvailable:    4905044 kB
Buffers:               0 kB
Cached:          2819148 kB
SwapCached:        22196 kB
Active:          3944872 kB
Inactive:        1322332 kB
Active(anon):    1767660 kB
Inactive(anon):   858768 kB
Active(file):    2177212 kB
Inactive(file):   463564 kB
Unevictable:           0 kB
Mlocked:               0 kB
SwapTotal:       2097148 kB
SwapFree:        1784264 kB
Dirty:               164 kB
Writeback:             0 kB
AnonPages:       2427616 kB
Mapped:            54468 kB
Shmem:            178372 kB
Slab:            1427848 kB
SReclaimable:    1254996 kB
SUnreclaim:       172852 kB
KernelStack:       12096 kB
PageTables:        27340 kB
NFS_Unstable:          0 kB
Bounce:                0 kB
WritebackTmp:          0 kB
CommitLimit:     6131332 kB
Committed_AS:    4098192 kB
VmallocTotal:   34359738367 kB
VmallocUsed:      171184 kB
VmallocChunk:   34359326716 kB
HardwareCorrupted:     0 kB
AnonHugePages:   2037760 kB
HugePages_Total:       0
HugePages_Free:        0
HugePages_Rsvd:        0
HugePages_Surp:        0
Hugepagesize:       2048 kB
DirectMap4k:      169856 kB
DirectMap2M:     5072896 kB
DirectMap1G:     5242880 kB


CPU:total 4 (initial active 4) (2 cores per cpu, 1 threads per core) family 6 model 79 stepping 1, cmov, cx8, fxsr, mmx, sse, sse2, sse3, ssse3, sse4.1, sse4.2, popcnt, avx, aes, clmul, erms, 3dnowpref, tsc, tscinvbit

/proc/cpuinfo:
processor	: 0
vendor_id	: GenuineIntel
cpu family	: 6
model		: 79
model name	: Intel(R) Xeon(R) CPU E5-2680 v4 @ 2.40GHz
stepping	: 1
microcode	: 0xb00002a
cpu MHz		: 2399.648
cache size	: 35840 KB
physical id	: 0
siblings	: 2
core id		: 0
cpu cores	: 2
apicid		: 0
initial apicid	: 0
fpu		: yes
fpu_exception	: yes
cpuid level	: 20
wp		: yes
flags		: fpu vme de pse tsc msr pae mce cx8 apic sep mtrr pge mca cmov pat pse36 clflush dts mmx fxsr sse sse2 ss ht syscall nx pdpe1gb rdtscp lm constant_tsc arch_perfmon pebs bts nopl xtopology tsc_reliable nonstop_tsc pni pclmulqdq ssse3 fma cx16 pcid sse4_1 sse4_2 x2apic movbe popcnt aes xsave avx f16c rdrand hypervisor lahf_lm 3dnowprefetch arat fsgsbase smep
bogomips	: 4799.99
clflush size	: 64
cache_alignment	: 64
address sizes	: 40 bits physical, 48 bits virtual
power management:

processor	: 1
vendor_id	: GenuineIntel
cpu family	: 6
model		: 79
model name	: Intel(R) Xeon(R) CPU E5-2680 v4 @ 2.40GHz
stepping	: 1
microcode	: 0xb00002a
cpu MHz		: 2399.648
cache size	: 35840 KB
physical id	: 0
siblings	: 2
core id		: 1
cpu cores	: 2
apicid		: 1
initial apicid	: 1
fpu		: yes
fpu_exception	: yes
cpuid level	: 20
wp		: yes
flags		: fpu vme de pse tsc msr pae mce cx8 apic sep mtrr pge mca cmov pat pse36 clflush dts mmx fxsr sse sse2 ss ht syscall nx pdpe1gb rdtscp lm constant_tsc arch_perfmon pebs bts nopl xtopology tsc_reliable nonstop_tsc pni pclmulqdq ssse3 fma cx16 pcid sse4_1 sse4_2 x2apic movbe popcnt aes xsave avx f16c rdrand hypervisor lahf_lm 3dnowprefetch arat fsgsbase smep
bogomips	: 4799.99
clflush size	: 64
cache_alignment	: 64
address sizes	: 40 bits physical, 48 bits virtual
power management:

processor	: 2
vendor_id	: GenuineIntel
cpu family	: 6
model		: 79
model name	: Intel(R) Xeon(R) CPU E5-2680 v4 @ 2.40GHz
stepping	: 1
microcode	: 0xb00002a
cpu MHz		: 2399.648
cache size	: 35840 KB
physical id	: 1
siblings	: 2
core id		: 0
cpu cores	: 2
apicid		: 2
initial apicid	: 2
fpu		: yes
fpu_exception	: yes
cpuid level	: 20
wp		: yes
flags		: fpu vme de pse tsc msr pae mce cx8 apic sep mtrr pge mca cmov pat pse36 clflush dts mmx fxsr sse sse2 ss ht syscall nx pdpe1gb rdtscp lm constant_tsc arch_perfmon pebs bts nopl xtopology tsc_reliable nonstop_tsc pni pclmulqdq ssse3 fma cx16 pcid sse4_1 sse4_2 x2apic movbe popcnt aes xsave avx f16c rdrand hypervisor lahf_lm 3dnowprefetch arat fsgsbase smep
bogomips	: 4799.99
clflush size	: 64
cache_alignment	: 64
address sizes	: 40 bits physical, 48 bits virtual
power management:

processor	: 3
vendor_id	: GenuineIntel
cpu family	: 6
model		: 79
model name	: Intel(R) Xeon(R) CPU E5-2680 v4 @ 2.40GHz
stepping	: 1
microcode	: 0xb00002a
cpu MHz		: 2399.648
cache size	: 35840 KB
physical id	: 1
siblings	: 2
core id		: 1
cpu cores	: 2
apicid		: 3
initial apicid	: 3
fpu		: yes
fpu_exception	: yes
cpuid level	: 20
wp		: yes
flags		: fpu vme de pse tsc msr pae mce cx8 apic sep mtrr pge mca cmov pat pse36 clflush dts mmx fxsr sse sse2 ss ht syscall nx pdpe1gb rdtscp lm constant_tsc arch_perfmon pebs bts nopl xtopology tsc_reliable nonstop_tsc pni pclmulqdq ssse3 fma cx16 pcid sse4_1 sse4_2 x2apic movbe popcnt aes xsave avx f16c rdrand hypervisor lahf_lm 3dnowprefetch arat fsgsbase smep
bogomips	: 4799.99
clflush size	: 64
cache_alignment	: 64
address sizes	: 40 bits physical, 48 bits virtual
power management:



Memory: 4k page, physical 8068372k(1090696k free), swap 2097148k(1784264k free)

vm_info: OpenJDK 64-Bit Server VM (25.144-b01) for linux-amd64 JRE (1.8.0_144-b01), built on Sep  6 2017 14:53:02 by "mockbuild" with gcc 4.8.5 20150623 (Red Hat 4.8.5-16)

time: Mon Feb  3 14:34:55 2020
elapsed time: 30894 seconds (0d 8h 34m 54s)

