#
# A fatal error has been detected by the Java Runtime Environment:
#
#  SIGBUS (0x7) at pc=0x00007f93a0d25bcb, pid=44511, tid=0x00007f931ebfb700
#
# JRE version: OpenJDK Runtime Environment (8.0_144-b01) (build 1.8.0_144-b01)
# Java VM: OpenJDK 64-Bit Server VM (25.144-b01 mixed mode linux-amd64 compressed oops)
# Problematic frame:
# C  [libc.so.6+0x154bcb]  __memcpy_ssse3_back+0x82b
#
# Failed to write core dump. Core dumps have been disabled. To enable core dumping, try "ulimit -c unlimited" before starting Java again
#
# If you would like to submit a bug report, please visit:
#   http://bugreport.java.com/bugreport/crash.jsp
# The crash happened outside the Java Virtual Machine in native code.
# See problematic frame for where to report the bug.
#

---------------  T H R E A D  ---------------

Current thread (0x00007f930c079000):  JavaThread "myScheduler-3" [_thread_in_native, id=45239, stack(0x00007f931eafb000,0x00007f931ebfc000)]

siginfo: si_signo: 7 (SIGBUS), si_code: 2 (BUS_ADRERR), si_addr: 0x00007f939c0de000

Registers:
RAX=0x00007f9308c195a0, RBX=0x00007f9398292a10, RCX=0x0000000000008000, RDX=0xffffffffffffffbe
RSP=0x00007f931ebf86d8, RBP=0x00007f931ebf8740, RSI=0x00007f939c0ddff5, RDI=0x00007f9308c1db30
R8 =0x00007f9308c195a0, R9 =0x00007f93a0d25bc0, R10=0x000000000000464e, R11=0x00007f93a0d5e6e0
R12=0x0000000000000000, R13=0x00007f939c0d9a37, R14=0x00007f9308040830, R15=0x0000000000006c2f
RIP=0x00007f93a0d25bcb, EFLAGS=0x0000000000010287, CSGSFS=0x0000000000000033, ERR=0x0000000000000004
  TRAPNO=0x000000000000000e

Top of Stack: (sp=0x00007f931ebf86d8)
0x00007f931ebf86d8:   00007f939e550465 00000000090800aa
0x00007f931ebf86e8:   00000000492d544f 000000000000464e
0x00007f931ebf86f8:   0000000069624948 00000000302d7472
0x00007f931ebf8708:   000000000000464e 0000000000000016
0x00007f931ebf8718:   00007f9398293570 000000000f9d8395
0x00007f931ebf8728:   00007f931ebf87c5 00007f93140f66c0
0x00007f931ebf8738:   00007f9398292a10 00007f931ebf8790
0x00007f931ebf8748:   00007f939e551114 00007f931ebf87b0
0x00007f931ebf8758:   000000160131ee00 00007f931ebf8790
0x00007f931ebf8768:   0000000000000016 00007f930c079258
0x00007f931ebf8778:   00007f931ebf8c08 00007f931ebf8c30
0x00007f931ebf8788:   0000000000000001 00007f931ebf8bf0
0x00007f931ebf8798:   00007f939e54ecfd 00007f931ebf87b0
0x00007f931ebf87a8:   00007f9398292a10 464e492d4154454d
0x00007f931ebf87b8:   7473616d7365722f 00006c6d782e7265
0x00007f931ebf87c8:   00007f931c67b2e8 000000011c67b2e8
0x00007f931ebf87d8:   0000000000000000 00007f931c67b2e8
0x00007f931ebf87e8:   00007f93085977c0 000000001c3fe5f8
0x00007f931ebf87f8:   000000001c3fe5f8 000000001c41e0e8
0x00007f931ebf8808:   00007f931c3ffa88 000000001c3ffa88
0x00007f931ebf8818:   00007f931c41e108 000000001c41e760
0x00007f931ebf8828:   000000001c6822a0 000000001c41ae78
0x00007f931ebf8838:   00000000000081a4 0000000000000000
0x00007f931ebf8848:   000000001c41e880 000000001c3fe5b8
0x00007f931ebf8858:   000000001c3fe5b8 000000001c3ffaa8
0x00007f931ebf8868:   000000001c3fe5b8 0000000042b2a138
0x00007f931ebf8878:   0000000042260f90 000000001c3d88e8
0x00007f931ebf8888:   000000001c3d88c8 000000001c41ae58
0x00007f931ebf8898:   000000001c41c898 0000000000000000
0x00007f931ebf88a8:   000000001c3fff48 00007f931c3fff28
0x00007f931ebf88b8:   00007f93a0f943a0 000000001c41e7e0
0x00007f931ebf88c8:   00007f93a0c4dc27 00007f931c41c598 

Instructions: (pc=0x00007f93a0d25bcb)
0x00007f93a0d25bab:   63 14 93 49 8d 14 13 ff e2 0f 0b 66 2e 0f 1f 84
0x00007f93a0d25bbb:   00 00 00 00 00 48 81 ea 80 00 00 00 0f 28 4e fb
0x00007f93a0d25bcb:   0f 28 56 0b 0f 28 5e 1b 0f 28 66 2b 0f 28 6e 3b
0x00007f93a0d25bdb:   0f 28 76 4b 0f 28 7e 5b 44 0f 28 46 6b 44 0f 28 

Register to memory mapping:

RAX=0x00007f9308c195a0 is an unknown value
RBX=0x00007f9398292a10 is an unknown value
RCX=0x0000000000008000 is an unknown value
RDX=0xffffffffffffffbe is an unknown value
RSP=0x00007f931ebf86d8 is pointing into the stack for thread: 0x00007f930c079000
RBP=0x00007f931ebf8740 is pointing into the stack for thread: 0x00007f930c079000
RSI=0x00007f939c0ddff5 is an unknown value
RDI=0x00007f9308c1db30 is an unknown value
R8 =0x00007f9308c195a0 is an unknown value
R9 =0x00007f93a0d25bc0: <offset 0x154bc0> in /lib64/libc.so.6 at 0x00007f93a0bd1000
R10=0x000000000000464e is an unknown value
R11=0x00007f93a0d5e6e0: <offset 0x18d6e0> in /lib64/libc.so.6 at 0x00007f93a0bd1000
R12=0x0000000000000000 is an unknown value
R13=0x00007f939c0d9a37 is an unknown value
R14=0x00007f9308040830 is an unknown value
R15=0x0000000000006c2f is an unknown value


Stack: [0x00007f931eafb000,0x00007f931ebfc000],  sp=0x00007f931ebf86d8,  free space=1013k
Native frames: (J=compiled Java code, j=interpreted, Vv=VM code, C=native code)
C  [libc.so.6+0x154bcb]  __memcpy_ssse3_back+0x82b
C  [libzip.so+0x6114]
C  [libzip.so+0x3cfd]  Java_java_util_zip_ZipFile_getEntry+0xfd
J 988  java.util.zip.ZipFile.getEntry(J[BZ)J (0 bytes) @ 0x00007f9382e7fb0e [0x00007f9382e7fa40+0xce]
J 4012 C2 sun.misc.URLClassPath$JarLoader.getResource(Ljava/lang/String;Z)Lsun/misc/Resource; (85 bytes) @ 0x00007f938346cf04 [0x00007f938346c8c0+0x644]
J 2238 C2 sun.misc.URLClassPath.findResource(Ljava/lang/String;Z)Ljava/net/URL; (47 bytes) @ 0x00007f938338f678 [0x00007f938338f380+0x2f8]
J 3513 C2 java.net.URLClassLoader$2.run()Ljava/lang/Object; (5 bytes) @ 0x00007f9382d1d178 [0x00007f9382d1d120+0x58]
v  ~StubRoutines::call_stub
V  [libjvm.so+0x66f77a]
V  [libjvm.so+0x6c0b3d]  JVM_DoPrivileged+0x55d
J 1107  java.security.AccessController.doPrivileged(Ljava/security/PrivilegedAction;Ljava/security/AccessControlContext;)Ljava/lang/Object; (0 bytes) @ 0x00007f9382ed8795 [0x00007f9382ed86c0+0xd5]
J 1110 C1 java.net.URLClassLoader.findResource(Ljava/lang/String;)Ljava/net/URL; (37 bytes) @ 0x00007f9382ee4ecc [0x00007f9382ee4d40+0x18c]
J 1109 C1 java.lang.ClassLoader.getResource(Ljava/lang/String;)Ljava/net/URL; (36 bytes) @ 0x00007f9382eebdac [0x00007f9382eeb8e0+0x4cc]
J 1109 C1 java.lang.ClassLoader.getResource(Ljava/lang/String;)Ljava/net/URL; (36 bytes) @ 0x00007f9382eeba34 [0x00007f9382eeb8e0+0x154]
J 5681 C1 java.net.URLClassLoader.getResourceAsStream(Ljava/lang/String;)Ljava/io/InputStream; (137 bytes) @ 0x00007f9383c7e11c [0x00007f9383c7e000+0x11c]
J 2532 C1 org.springframework.core.io.ClassPathResource.getInputStream()Ljava/io/InputStream; (88 bytes) @ 0x00007f9382d4ca5c [0x00007f9382d4bf00+0xb5c]
j  com.antruak.idm.batch.helper.ResourceDispatcher.getResMaster()Lcom/antruak/idm/batch/request/ResMaster;+9
j  com.antruak.idm.batch.helper.ResourceDispatcher.readXml(Ljava/lang/Long;Ljava/lang/String;)Ljava/util/List;+9
j  com.antruak.idm.batch.process.ResourceProcessorDb.createResources()V+148
j  com.antruak.idm.batch.process.ResourceProcessorDb$$FastClassBySpringCGLIB$$d17a90ac.invoke(ILjava/lang/Object;[Ljava/lang/Object;)Ljava/lang/Object;+79
j  org.springframework.cglib.proxy.MethodProxy.invoke(Ljava/lang/Object;[Ljava/lang/Object;)Ljava/lang/Object;+19
j  org.springframework.aop.framework.CglibAopProxy$CglibMethodInvocation.invokeJoinpoint()Ljava/lang/Object;+19
J 12256 C2 org.springframework.aop.framework.ReflectiveMethodInvocation.proceed()Ljava/lang/Object; (107 bytes) @ 0x00007f9382deffec [0x00007f9382defda0+0x24c]
j  org.springframework.transaction.interceptor.TransactionInterceptor$1.proceedWithInvocation()Ljava/lang/Object;+4
j  org.springframework.transaction.interceptor.TransactionAspectSupport.invokeWithinTransaction(Ljava/lang/reflect/Method;Ljava/lang/Class;Lorg/springframework/transaction/interceptor/TransactionAspectSupport$InvocationCallback;)Ljava/lang/Object;+60
j  org.springframework.transaction.interceptor.TransactionInterceptor.invoke(Lorg/aopalliance/intercept/MethodInvocation;)Ljava/lang/Object;+40
J 12256 C2 org.springframework.aop.framework.ReflectiveMethodInvocation.proceed()Ljava/lang/Object; (107 bytes) @ 0x00007f9382deff78 [0x00007f9382defda0+0x1d8]
J 12341 C1 org.springframework.aop.framework.CglibAopProxy$DynamicAdvisedInterceptor.intercept(Ljava/lang/Object;Ljava/lang/reflect/Method;[Ljava/lang/Object;Lorg/springframework/cglib/proxy/MethodProxy;)Ljava/lang/Object; (192 bytes) @ 0x00007f938453ca1c [0x00007f938453c020+0x9fc]
j  com.antruak.idm.batch.process.ResourceProcessorDb$$EnhancerBySpringCGLIB$$ed967f87.createResources()V+31
j  com.antruak.banc.batch.tools.FrontEndBridgeImpl.scheduler()V+253
j  com.antruak.banc.batch.tools.FrontEndBridgeImpl$$FastClassBySpringCGLIB$$6c8c155.invoke(ILjava/lang/Object;[Ljava/lang/Object;)Ljava/lang/Object;+56
j  org.springframework.cglib.proxy.MethodProxy.invoke(Ljava/lang/Object;[Ljava/lang/Object;)Ljava/lang/Object;+19
J 12341 C1 org.springframework.aop.framework.CglibAopProxy$DynamicAdvisedInterceptor.intercept(Ljava/lang/Object;Ljava/lang/reflect/Method;[Ljava/lang/Object;Lorg/springframework/cglib/proxy/MethodProxy;)Ljava/lang/Object; (192 bytes) @ 0x00007f938453ca9c [0x00007f938453c020+0xa7c]
j  com.antruak.banc.batch.tools.FrontEndBridgeImpl$$EnhancerBySpringCGLIB$$698c4322.scheduler()V+31
j  sun.reflect.GeneratedMethodAccessor168.invoke(Ljava/lang/Object;[Ljava/lang/Object;)Ljava/lang/Object;+36
J 9217 C2 java.lang.reflect.Method.invoke(Ljava/lang/Object;[Ljava/lang/Object;)Ljava/lang/Object; (62 bytes) @ 0x00007f93837ae994 [0x00007f93837ae8e0+0xb4]
j  org.springframework.scheduling.support.ScheduledMethodRunnable.run()V+19
j  org.springframework.scheduling.support.DelegatingErrorHandlingRunnable.run()V+4
j  java.util.concurrent.Executors$RunnableAdapter.call()Ljava/lang/Object;+4
j  java.util.concurrent.FutureTask.runAndReset()Z+47
j  java.util.concurrent.ScheduledThreadPoolExecutor$ScheduledFutureTask.access$301(Ljava/util/concurrent/ScheduledThreadPoolExecutor$ScheduledFutureTask;)Z+1
j  java.util.concurrent.ScheduledThreadPoolExecutor$ScheduledFutureTask.run()V+37
j  java.util.concurrent.ThreadPoolExecutor.runWorker(Ljava/util/concurrent/ThreadPoolExecutor$Worker;)V+95
j  java.util.concurrent.ThreadPoolExecutor$Worker.run()V+5
j  java.lang.Thread.run()V+11
v  ~StubRoutines::call_stub
V  [libjvm.so+0x66f77a]
V  [libjvm.so+0x66cc14]
V  [libjvm.so+0x66d229]
V  [libjvm.so+0x6b1f91]
V  [libjvm.so+0xa564b2]
V  [libjvm.so+0x8a9df2]
C  [libpthread.so.0+0x7e25]  start_thread+0xc5

Java frames: (J=compiled Java code, j=interpreted, Vv=VM code)
J 988  java.util.zip.ZipFile.getEntry(J[BZ)J (0 bytes) @ 0x00007f9382e7fa98 [0x00007f9382e7fa40+0x58]
J 4012 C2 sun.misc.URLClassPath$JarLoader.getResource(Ljava/lang/String;Z)Lsun/misc/Resource; (85 bytes) @ 0x00007f938346cf04 [0x00007f938346c8c0+0x644]
J 2238 C2 sun.misc.URLClassPath.findResource(Ljava/lang/String;Z)Ljava/net/URL; (47 bytes) @ 0x00007f938338f678 [0x00007f938338f380+0x2f8]
J 3513 C2 java.net.URLClassLoader$2.run()Ljava/lang/Object; (5 bytes) @ 0x00007f9382d1d178 [0x00007f9382d1d120+0x58]
v  ~StubRoutines::call_stub
J 1107  java.security.AccessController.doPrivileged(Ljava/security/PrivilegedAction;Ljava/security/AccessControlContext;)Ljava/lang/Object; (0 bytes) @ 0x00007f9382ed8723 [0x00007f9382ed86c0+0x63]
J 1110 C1 java.net.URLClassLoader.findResource(Ljava/lang/String;)Ljava/net/URL; (37 bytes) @ 0x00007f9382ee4ecc [0x00007f9382ee4d40+0x18c]
J 1109 C1 java.lang.ClassLoader.getResource(Ljava/lang/String;)Ljava/net/URL; (36 bytes) @ 0x00007f9382eebdac [0x00007f9382eeb8e0+0x4cc]
J 1109 C1 java.lang.ClassLoader.getResource(Ljava/lang/String;)Ljava/net/URL; (36 bytes) @ 0x00007f9382eeba34 [0x00007f9382eeb8e0+0x154]
J 5681 C1 java.net.URLClassLoader.getResourceAsStream(Ljava/lang/String;)Ljava/io/InputStream; (137 bytes) @ 0x00007f9383c7e11c [0x00007f9383c7e000+0x11c]
J 2532 C1 org.springframework.core.io.ClassPathResource.getInputStream()Ljava/io/InputStream; (88 bytes) @ 0x00007f9382d4ca5c [0x00007f9382d4bf00+0xb5c]
j  com.antruak.idm.batch.helper.ResourceDispatcher.getResMaster()Lcom/antruak/idm/batch/request/ResMaster;+9
j  com.antruak.idm.batch.helper.ResourceDispatcher.readXml(Ljava/lang/Long;Ljava/lang/String;)Ljava/util/List;+9
j  com.antruak.idm.batch.process.ResourceProcessorDb.createResources()V+148
j  com.antruak.idm.batch.process.ResourceProcessorDb$$FastClassBySpringCGLIB$$d17a90ac.invoke(ILjava/lang/Object;[Ljava/lang/Object;)Ljava/lang/Object;+79
j  org.springframework.cglib.proxy.MethodProxy.invoke(Ljava/lang/Object;[Ljava/lang/Object;)Ljava/lang/Object;+19
j  org.springframework.aop.framework.CglibAopProxy$CglibMethodInvocation.invokeJoinpoint()Ljava/lang/Object;+19
J 12256 C2 org.springframework.aop.framework.ReflectiveMethodInvocation.proceed()Ljava/lang/Object; (107 bytes) @ 0x00007f9382deffec [0x00007f9382defda0+0x24c]
j  org.springframework.transaction.interceptor.TransactionInterceptor$1.proceedWithInvocation()Ljava/lang/Object;+4
j  org.springframework.transaction.interceptor.TransactionAspectSupport.invokeWithinTransaction(Ljava/lang/reflect/Method;Ljava/lang/Class;Lorg/springframework/transaction/interceptor/TransactionAspectSupport$InvocationCallback;)Ljava/lang/Object;+60
j  org.springframework.transaction.interceptor.TransactionInterceptor.invoke(Lorg/aopalliance/intercept/MethodInvocation;)Ljava/lang/Object;+40
J 12256 C2 org.springframework.aop.framework.ReflectiveMethodInvocation.proceed()Ljava/lang/Object; (107 bytes) @ 0x00007f9382deff78 [0x00007f9382defda0+0x1d8]
J 12341 C1 org.springframework.aop.framework.CglibAopProxy$DynamicAdvisedInterceptor.intercept(Ljava/lang/Object;Ljava/lang/reflect/Method;[Ljava/lang/Object;Lorg/springframework/cglib/proxy/MethodProxy;)Ljava/lang/Object; (192 bytes) @ 0x00007f938453ca1c [0x00007f938453c020+0x9fc]
j  com.antruak.idm.batch.process.ResourceProcessorDb$$EnhancerBySpringCGLIB$$ed967f87.createResources()V+31
j  com.antruak.banc.batch.tools.FrontEndBridgeImpl.scheduler()V+253
j  com.antruak.banc.batch.tools.FrontEndBridgeImpl$$FastClassBySpringCGLIB$$6c8c155.invoke(ILjava/lang/Object;[Ljava/lang/Object;)Ljava/lang/Object;+56
j  org.springframework.cglib.proxy.MethodProxy.invoke(Ljava/lang/Object;[Ljava/lang/Object;)Ljava/lang/Object;+19
J 12341 C1 org.springframework.aop.framework.CglibAopProxy$DynamicAdvisedInterceptor.intercept(Ljava/lang/Object;Ljava/lang/reflect/Method;[Ljava/lang/Object;Lorg/springframework/cglib/proxy/MethodProxy;)Ljava/lang/Object; (192 bytes) @ 0x00007f938453ca9c [0x00007f938453c020+0xa7c]
j  com.antruak.banc.batch.tools.FrontEndBridgeImpl$$EnhancerBySpringCGLIB$$698c4322.scheduler()V+31
j  sun.reflect.GeneratedMethodAccessor168.invoke(Ljava/lang/Object;[Ljava/lang/Object;)Ljava/lang/Object;+36
J 9217 C2 java.lang.reflect.Method.invoke(Ljava/lang/Object;[Ljava/lang/Object;)Ljava/lang/Object; (62 bytes) @ 0x00007f93837ae994 [0x00007f93837ae8e0+0xb4]
j  org.springframework.scheduling.support.ScheduledMethodRunnable.run()V+19
j  org.springframework.scheduling.support.DelegatingErrorHandlingRunnable.run()V+4
j  java.util.concurrent.Executors$RunnableAdapter.call()Ljava/lang/Object;+4
j  java.util.concurrent.FutureTask.runAndReset()Z+47
j  java.util.concurrent.ScheduledThreadPoolExecutor$ScheduledFutureTask.access$301(Ljava/util/concurrent/ScheduledThreadPoolExecutor$ScheduledFutureTask;)Z+1
j  java.util.concurrent.ScheduledThreadPoolExecutor$ScheduledFutureTask.run()V+37
j  java.util.concurrent.ThreadPoolExecutor.runWorker(Ljava/util/concurrent/ThreadPoolExecutor$Worker;)V+95
j  java.util.concurrent.ThreadPoolExecutor$Worker.run()V+5
j  java.lang.Thread.run()V+11
v  ~StubRoutines::call_stub

---------------  P R O C E S S  ---------------

Java Threads: ( => current thread )
  0x00007f936800a800 JavaThread "Thread-8" [_thread_blocked, id=49588, stack(0x00007f9303eff000,0x00007f9304000000)]
  0x00007f9354001000 JavaThread "SIGTERM handler" daemon [_thread_blocked, id=49585, stack(0x00007f931c1e2000,0x00007f931c2e3000)]
  0x00007f930c03e800 JavaThread "myScheduler-5" [_thread_blocked, id=45537, stack(0x00007f931c7e4000,0x00007f931c8e5000)]
  0x00007f930c042000 JavaThread "myScheduler-4" [_thread_blocked, id=45402, stack(0x00007f931c8e5000,0x00007f931c9e6000)]
=>0x00007f930c079000 JavaThread "myScheduler-3" [_thread_in_native, id=45239, stack(0x00007f931eafb000,0x00007f931ebfc000)]
  0x00007f930400f000 JavaThread "ActiveMQ InactivityMonitor Worker" daemon [_thread_blocked, id=44743, stack(0x00007f931c9e6000,0x00007f931cae7000)]
  0x00007f930c0fa000 JavaThread "myScheduler-2" [_thread_blocked, id=44742, stack(0x00007f931cae7000,0x00007f931cbe8000)]
  0x00007f930c137800 JavaThread "Thread-9" daemon [_thread_in_native, id=44741, stack(0x00007f931cde8000,0x00007f931cee9000)]
  0x00007f939800c800 JavaThread "DestroyJavaVM" [_thread_blocked, id=44512, stack(0x00007f93a18e0000,0x00007f93a19e0000)]
  0x00007f939a05f800 JavaThread "http-nio-12004-AsyncTimeout" daemon [_thread_blocked, id=44635, stack(0x00007f931d0e9000,0x00007f931d1ea000)]
  0x00007f939a05d800 JavaThread "http-nio-12004-Acceptor-0" daemon [_thread_in_native, id=44634, stack(0x00007f931d1ea000,0x00007f931d2eb000)]
  0x00007f939899b800 JavaThread "http-nio-12004-ClientPoller-1" daemon [_thread_in_native, id=44633, stack(0x00007f931d2eb000,0x00007f931d3ec000)]
  0x00007f939899a800 JavaThread "http-nio-12004-ClientPoller-0" daemon [_thread_in_native, id=44632, stack(0x00007f931d3ec000,0x00007f931d4ed000)]
  0x00007f93981a4800 JavaThread "http-nio-12004-exec-10" daemon [_thread_blocked, id=44631, stack(0x00007f931d4ed000,0x00007f931d5ee000)]
  0x00007f939a7d6000 JavaThread "http-nio-12004-exec-9" daemon [_thread_in_native, id=44630, stack(0x00007f931d5ee000,0x00007f931d6ef000)]
  0x00007f939a7d4000 JavaThread "http-nio-12004-exec-8" daemon [_thread_blocked, id=44629, stack(0x00007f931d6ef000,0x00007f931d7f0000)]
  0x00007f939a7d2000 JavaThread "http-nio-12004-exec-7" daemon [_thread_blocked, id=44628, stack(0x00007f931d7f0000,0x00007f931d8f1000)]
  0x00007f939a7d0800 JavaThread "http-nio-12004-exec-6" daemon [_thread_blocked, id=44627, stack(0x00007f931d8f1000,0x00007f931d9f2000)]
  0x00007f939a516800 JavaThread "http-nio-12004-exec-5" daemon [_thread_blocked, id=44626, stack(0x00007f931d9f2000,0x00007f931daf3000)]
  0x00007f939a514800 JavaThread "http-nio-12004-exec-4" daemon [_thread_blocked, id=44625, stack(0x00007f931daf3000,0x00007f931dbf4000)]
  0x00007f939a512800 JavaThread "http-nio-12004-exec-3" daemon [_thread_blocked, id=44624, stack(0x00007f931dbf4000,0x00007f931dcf5000)]
  0x00007f9398dc6800 JavaThread "http-nio-12004-exec-2" daemon [_thread_blocked, id=44623, stack(0x00007f931dcf5000,0x00007f931ddf6000)]
  0x00007f9399813000 JavaThread "http-nio-12004-exec-1" daemon [_thread_blocked, id=44622, stack(0x00007f931ddf6000,0x00007f931def7000)]
  0x00007f939a1ee800 JavaThread "NioBlockingSelector.BlockPoller-1" daemon [_thread_in_native, id=44621, stack(0x00007f9342dd1000,0x00007f9342ed2000)]
  0x00007f939a9a1800 JavaThread "metrics-graphite-reporter-1-thread-1" daemon [_thread_blocked, id=44620, stack(0x00007f9340827000,0x00007f9340928000)]
  0x00007f9398d3c800 JavaThread "myScheduler-1" [_thread_blocked, id=44619, stack(0x00007f931def7000,0x00007f931dff8000)]
  0x00007f9398cdc000 JavaThread "CoreHeartBeat" [_thread_blocked, id=44590, stack(0x00007f931e3f8000,0x00007f931e4f9000)]
  0x00007f939989e000 JavaThread "Thread-5" [_thread_in_native, id=44586, stack(0x00007f931e4f9000,0x00007f931e5fa000)]
  0x00007f939a09b800 JavaThread "Thread-4" [_thread_blocked, id=44585, stack(0x00007f931e9fa000,0x00007f931eafb000)]
  0x00007f930c01d000 JavaThread "ActiveMQ InactivityMonitor WriteCheckTimer" daemon [_thread_blocked, id=44583, stack(0x00007f931ebfc000,0x00007f931ecfd000)]
  0x00007f930c01c000 JavaThread "ActiveMQ InactivityMonitor ReadCheckTimer" daemon [_thread_blocked, id=44582, stack(0x00007f931ecfd000,0x00007f931edfe000)]
  0x00007f939a462800 JavaThread "ActiveMQ Transport: tcp:///10.45.40.2:12002@33648" [_thread_in_native, id=44580, stack(0x00007f931edfe000,0x00007f931eeff000)]
  0x00007f93990ed000 JavaThread "MySQL Statement Cancellation Timer" daemon [_thread_blocked, id=44579, stack(0x00007f931fcff000,0x00007f931fe00000)]
  0x00007f9399dff800 JavaThread "container-0" [_thread_blocked, id=44578, stack(0x00007f9340225000,0x00007f9340326000)]
  0x00007f9399dff000 JavaThread "ContainerBackgroundProcessor[StandardEngine[Tomcat]]" daemon [_thread_blocked, id=44577, stack(0x00007f9340326000,0x00007f9340427000)]
  0x00007f939834a800 JavaThread "RMI TCP Accept-0" daemon [_thread_in_native, id=44530, stack(0x00007f9343ad4000,0x00007f9343bd5000)]
  0x00007f9398322000 JavaThread "RMI TCP Accept-12007" daemon [_thread_in_native, id=44529, stack(0x00007f93800c2000,0x00007f93801c3000)]
  0x00007f9398192000 JavaThread "Service Thread" daemon [_thread_blocked, id=44528, stack(0x00007f93803cd000,0x00007f93804ce000)]
  0x00007f9398184800 JavaThread "C1 CompilerThread2" daemon [_thread_blocked, id=44527, stack(0x00007f93804cf000,0x00007f93805cf000)]
  0x00007f9398182800 JavaThread "C2 CompilerThread1" daemon [_thread_blocked, id=44526, stack(0x00007f93805d0000,0x00007f93806d0000)]
  0x00007f9398180000 JavaThread "C2 CompilerThread0" daemon [_thread_blocked, id=44525, stack(0x00007f93806d1000,0x00007f93807d1000)]
  0x00007f939817e000 JavaThread "JDWP Event Helper Thread" daemon [_thread_blocked, id=44524, stack(0x00007f93807d1000,0x00007f93808d2000)]
  0x00007f939817a000 JavaThread "JDWP Transport Listener: dt_socket" daemon [_thread_in_native, id=44523, stack(0x00007f939c0df000,0x00007f939c1e0000)]
  0x00007f9398163000 JavaThread "Signal Dispatcher" daemon [_thread_blocked, id=44522, stack(0x00007f939c1e0000,0x00007f939c2e1000)]
  0x00007f9398161000 JavaThread "Surrogate Locker Thread (Concurrent GC)" daemon [_thread_blocked, id=44521, stack(0x00007f939c2e1000,0x00007f939c3e2000)]
  0x00007f9398138000 JavaThread "Finalizer" daemon [_thread_blocked, id=44520, stack(0x00007f939c3e2000,0x00007f939c4e3000)]
  0x00007f9398133800 JavaThread "Reference Handler" daemon [_thread_blocked, id=44519, stack(0x00007f939c4e3000,0x00007f939c5e4000)]

Other Threads:
  0x00007f9398129800 VMThread [stack: 0x00007f939c5e5000,0x00007f939c6e5000] [id=44518]
  0x00007f939834c800 WatcherThread [stack: 0x00007f93439d4000,0x00007f9343ad4000] [id=44531]

VM state:not at safepoint (normal execution)

VM Mutex/Monitor currently owned by a thread: None

Heap:
 par new generation   total 38080K, used 14376K [0x00000000f0000000, 0x00000000f2950000, 0x00000000f5550000)
  eden space 33856K,  37% used [0x00000000f0000000, 0x00000000f0c70e20, 0x00000000f2110000)
  from space 4224K,  38% used [0x00000000f2110000, 0x00000000f22a93d8, 0x00000000f2530000)
  to   space 4224K,   0% used [0x00000000f2530000, 0x00000000f2530000, 0x00000000f2950000)
 concurrent mark-sweep generation total 84672K, used 58180K [0x00000000f5550000, 0x00000000fa800000, 0x0000000100000000)
 Metaspace       used 82105K, capacity 83322K, committed 83628K, reserved 1122304K
  class space    used 9611K, capacity 9843K, committed 9956K, reserved 1048576K

Card table byte_map: [0x00007f93a185e000,0x00007f93a18df000] byte_map_base: 0x00007f93a10de000

Marking Bits: (CMSBitMap*) 0x00007f9398064b18
 Bits: [0x00007f939d6d8000, 0x00007f939d982c00)

Mod Union Table: (CMSBitMap*) 0x00007f9398064bd8
 Bits: [0x00007f93a19ee000, 0x00007f93a19f8ab0)

Polling page: 0x00007f93a1a02000

CodeCache: size=245760Kb used=38476Kb max_used=38497Kb free=207284Kb
 bounds [0x00007f9382ad7000, 0x00007f93850b7000, 0x00007f9391ad7000]
 total_blobs=10844 nmethods=10189 adapters=575
 compilation: enabled

Compilation events (10 events):
Event: 768.176 Thread 0x00007f9398184800 nmethod 12715 0x00007f9383f42190 code [0x00007f9383f42300, 0x00007f9383f426a8]
Event: 768.176 Thread 0x00007f9398184800 12727       3       com.sun.org.apache.xml.internal.dtm.ref.sax2dtm.SAX2DTM::characters (54 bytes)
Event: 768.177 Thread 0x00007f9398184800 nmethod 12727 0x00007f9383796690 code [0x00007f9383796800, 0x00007f9383796bc8]
Event: 768.188 Thread 0x00007f9398182800 12729       4       java.io.FilterOutputStream::write (9 bytes)
Event: 768.194 Thread 0x00007f9398182800 nmethod 12729 0x00007f93849e90d0 code [0x00007f93849e92a0, 0x00007f93849e9bf8]
Event: 768.194 Thread 0x00007f9398182800 12730       4       javax.mail.internet.MimeUtility::nonascii (36 bytes)
Event: 768.194 Thread 0x00007f9398182800 nmethod 12730 0x00007f9383f41f10 code [0x00007f9383f42060, 0x00007f9383f420d8]
Event: 768.203 Thread 0x00007f9398184800 12731       3       com.sun.mail.util.CRLFOutputStream::writeln (16 bytes)
Event: 768.203 Thread 0x00007f9398184800 nmethod 12731 0x00007f93850a8cd0 code [0x00007f93850a8e40, 0x00007f93850a9088]
Event: 768.205 Thread 0x00007f9398180000 nmethod 12724 0x00007f93850ae790 code [0x00007f93850aed00, 0x00007f93850b19e0]

GC Heap History (10 events):
Event: 695.276 GC heap before
{Heap before GC invocations=169 (full 3):
 par new generation   total 38080K, used 35275K [0x00000000f0000000, 0x00000000f2950000, 0x00000000f5550000)
  eden space 33856K, 100% used [0x00000000f0000000, 0x00000000f2110000, 0x00000000f2110000)
  from space 4224K,  33% used [0x00000000f2530000, 0x00000000f2692c10, 0x00000000f2950000)
  to   space 4224K,   0% used [0x00000000f2110000, 0x00000000f2110000, 0x00000000f2530000)
 concurrent mark-sweep generation total 84672K, used 58072K [0x00000000f5550000, 0x00000000fa800000, 0x0000000100000000)
 Metaspace       used 81974K, capacity 83176K, committed 83372K, reserved 1122304K
  class space    used 9606K, capacity 9840K, committed 9956K, reserved 1048576K
Event: 695.278 GC heap after
Heap after GC invocations=170 (full 3):
 par new generation   total 38080K, used 1158K [0x00000000f0000000, 0x00000000f2950000, 0x00000000f5550000)
  eden space 33856K,   0% used [0x00000000f0000000, 0x00000000f0000000, 0x00000000f2110000)
  from space 4224K,  27% used [0x00000000f2110000, 0x00000000f2231ae0, 0x00000000f2530000)
  to   space 4224K,   0% used [0x00000000f2530000, 0x00000000f2530000, 0x00000000f2950000)
 concurrent mark-sweep generation total 84672K, used 58077K [0x00000000f5550000, 0x00000000fa800000, 0x0000000100000000)
 Metaspace       used 81974K, capacity 83176K, committed 83372K, reserved 1122304K
  class space    used 9606K, capacity 9840K, committed 9956K, reserved 1048576K
}
Event: 707.530 GC heap before
{Heap before GC invocations=170 (full 3):
 par new generation   total 38080K, used 35014K [0x00000000f0000000, 0x00000000f2950000, 0x00000000f5550000)
  eden space 33856K, 100% used [0x00000000f0000000, 0x00000000f2110000, 0x00000000f2110000)
  from space 4224K,  27% used [0x00000000f2110000, 0x00000000f2231ae0, 0x00000000f2530000)
  to   space 4224K,   0% used [0x00000000f2530000, 0x00000000f2530000, 0x00000000f2950000)
 concurrent mark-sweep generation total 84672K, used 58077K [0x00000000f5550000, 0x00000000fa800000, 0x0000000100000000)
 Metaspace       used 81981K, capacity 83176K, committed 83372K, reserved 1122304K
  class space    used 9606K, capacity 9840K, committed 9956K, reserved 1048576K
Event: 707.533 GC heap after
Heap after GC invocations=171 (full 3):
 par new generation   total 38080K, used 1576K [0x00000000f0000000, 0x00000000f2950000, 0x00000000f5550000)
  eden space 33856K,   0% used [0x00000000f0000000, 0x00000000f0000000, 0x00000000f2110000)
  from space 4224K,  37% used [0x00000000f2530000, 0x00000000f26ba3d8, 0x00000000f2950000)
  to   space 4224K,   0% used [0x00000000f2110000, 0x00000000f2110000, 0x00000000f2530000)
 concurrent mark-sweep generation total 84672K, used 58081K [0x00000000f5550000, 0x00000000fa800000, 0x0000000100000000)
 Metaspace       used 81981K, capacity 83176K, committed 83372K, reserved 1122304K
  class space    used 9606K, capacity 9840K, committed 9956K, reserved 1048576K
}
Event: 732.162 GC heap before
{Heap before GC invocations=171 (full 3):
 par new generation   total 38080K, used 35432K [0x00000000f0000000, 0x00000000f2950000, 0x00000000f5550000)
  eden space 33856K, 100% used [0x00000000f0000000, 0x00000000f2110000, 0x00000000f2110000)
  from space 4224K,  37% used [0x00000000f2530000, 0x00000000f26ba3d8, 0x00000000f2950000)
  to   space 4224K,   0% used [0x00000000f2110000, 0x00000000f2110000, 0x00000000f2530000)
 concurrent mark-sweep generation total 84672K, used 58081K [0x00000000f5550000, 0x00000000fa800000, 0x0000000100000000)
 Metaspace       used 81990K, capacity 83176K, committed 83372K, reserved 1122304K
  class space    used 9606K, capacity 9840K, committed 9956K, reserved 1048576K
Event: 732.166 GC heap after
Heap after GC invocations=172 (full 3):
 par new generation   total 38080K, used 2065K [0x00000000f0000000, 0x00000000f2950000, 0x00000000f5550000)
  eden space 33856K,   0% used [0x00000000f0000000, 0x00000000f0000000, 0x00000000f2110000)
  from space 4224K,  48% used [0x00000000f2110000, 0x00000000f2314648, 0x00000000f2530000)
  to   space 4224K,   0% used [0x00000000f2530000, 0x00000000f2530000, 0x00000000f2950000)
 concurrent mark-sweep generation total 84672K, used 58172K [0x00000000f5550000, 0x00000000fa800000, 0x0000000100000000)
 Metaspace       used 81990K, capacity 83176K, committed 83372K, reserved 1122304K
  class space    used 9606K, capacity 9840K, committed 9956K, reserved 1048576K
}
Event: 732.425 GC heap before
{Heap before GC invocations=172 (full 3):
 par new generation   total 38080K, used 35921K [0x00000000f0000000, 0x00000000f2950000, 0x00000000f5550000)
  eden space 33856K, 100% used [0x00000000f0000000, 0x00000000f2110000, 0x00000000f2110000)
  from space 4224K,  48% used [0x00000000f2110000, 0x00000000f2314648, 0x00000000f2530000)
  to   space 4224K,   0% used [0x00000000f2530000, 0x00000000f2530000, 0x00000000f2950000)
 concurrent mark-sweep generation total 84672K, used 58172K [0x00000000f5550000, 0x00000000fa800000, 0x0000000100000000)
 Metaspace       used 81991K, capacity 83176K, committed 83372K, reserved 1122304K
  class space    used 9606K, capacity 9840K, committed 9956K, reserved 1048576K
Event: 732.427 GC heap after
Heap after GC invocations=173 (full 3):
 par new generation   total 38080K, used 1648K [0x00000000f0000000, 0x00000000f2950000, 0x00000000f5550000)
  eden space 33856K,   0% used [0x00000000f0000000, 0x00000000f0000000, 0x00000000f2110000)
  from space 4224K,  39% used [0x00000000f2530000, 0x00000000f26cc140, 0x00000000f2950000)
  to   space 4224K,   0% used [0x00000000f2110000, 0x00000000f2110000, 0x00000000f2530000)
 concurrent mark-sweep generation total 84672K, used 58176K [0x00000000f5550000, 0x00000000fa800000, 0x0000000100000000)
 Metaspace       used 81991K, capacity 83176K, committed 83372K, reserved 1122304K
  class space    used 9606K, capacity 9840K, committed 9956K, reserved 1048576K
}
Event: 756.297 GC heap before
{Heap before GC invocations=173 (full 3):
 par new generation   total 38080K, used 35504K [0x00000000f0000000, 0x00000000f2950000, 0x00000000f5550000)
  eden space 33856K, 100% used [0x00000000f0000000, 0x00000000f2110000, 0x00000000f2110000)
  from space 4224K,  39% used [0x00000000f2530000, 0x00000000f26cc140, 0x00000000f2950000)
  to   space 4224K,   0% used [0x00000000f2110000, 0x00000000f2110000, 0x00000000f2530000)
 concurrent mark-sweep generation total 84672K, used 58176K [0x00000000f5550000, 0x00000000fa800000, 0x0000000100000000)
 Metaspace       used 82017K, capacity 83176K, committed 83372K, reserved 1122304K
  class space    used 9609K, capacity 9840K, committed 9956K, reserved 1048576K
Event: 756.300 GC heap after
Heap after GC invocations=174 (full 3):
 par new generation   total 38080K, used 1636K [0x00000000f0000000, 0x00000000f2950000, 0x00000000f5550000)
  eden space 33856K,   0% used [0x00000000f0000000, 0x00000000f0000000, 0x00000000f2110000)
  from space 4224K,  38% used [0x00000000f2110000, 0x00000000f22a93d8, 0x00000000f2530000)
  to   space 4224K,   0% used [0x00000000f2530000, 0x00000000f2530000, 0x00000000f2950000)
 concurrent mark-sweep generation total 84672K, used 58180K [0x00000000f5550000, 0x00000000fa800000, 0x0000000100000000)
 Metaspace       used 82017K, capacity 83176K, committed 83372K, reserved 1122304K
  class space    used 9609K, capacity 9840K, committed 9956K, reserved 1048576K
}

Deoptimization events (10 events):
Event: 765.804 Thread 0x00007f930c079000 Uncommon trap: reason=class_check action=maybe_recompile pc=0x00007f938467b5bc method=org.apache.logging.log4j.core.Logger$PrivateConfig.filter(Lorg/apache/logging/log4j/Level;Lorg/apache/logging/log4j/Marker;Ljava/lang/Object;Ljava/lang/Throwable;)Z @ 4
Event: 765.804 Thread 0x00007f930c079000 Uncommon trap: reason=class_check action=maybe_recompile pc=0x00007f9382dd0de0 method=org.apache.logging.log4j.core.Logger$PrivateConfig.filter(Lorg/apache/logging/log4j/Level;Lorg/apache/logging/log4j/Marker;Ljava/lang/Object;Ljava/lang/Throwable;)Z @ 4
Event: 766.053 Thread 0x00007f930c079000 Uncommon trap: reason=class_check action=maybe_recompile pc=0x00007f9382cac6a0 method=org.apache.logging.log4j.core.Logger$PrivateConfig.filter(Lorg/apache/logging/log4j/Level;Lorg/apache/logging/log4j/Marker;Ljava/lang/Object;Ljava/lang/Throwable;)Z @ 4
Event: 766.138 Thread 0x00007f930c079000 Uncommon trap: reason=class_check action=maybe_recompile pc=0x00007f9384fe39c8 method=org.apache.logging.log4j.core.Logger$PrivateConfig.filter(Lorg/apache/logging/log4j/Level;Lorg/apache/logging/log4j/Marker;Ljava/lang/Object;Ljava/lang/Throwable;)Z @ 4
Event: 766.138 Thread 0x00007f930c079000 Uncommon trap: reason=class_check action=maybe_recompile pc=0x00007f9384d96cf0 method=org.apache.logging.log4j.core.Logger$PrivateConfig.filter(Lorg/apache/logging/log4j/Level;Lorg/apache/logging/log4j/Marker;Ljava/lang/Object;Ljava/lang/Throwable;)Z @ 4
Event: 766.466 Thread 0x00007f930c079000 Uncommon trap: reason=bimorphic action=maybe_recompile pc=0x00007f938342dd78 method=org.apache.logging.log4j.core.Logger$PrivateConfig.filter(Lorg/apache/logging/log4j/Level;Lorg/apache/logging/log4j/Marker;Ljava/lang/String;)Z @ 4
Event: 766.479 Thread 0x00007f930c079000 Uncommon trap: reason=bimorphic action=maybe_recompile pc=0x00007f9383b17550 method=org.apache.logging.log4j.core.Logger$PrivateConfig.filter(Lorg/apache/logging/log4j/Level;Lorg/apache/logging/log4j/Marker;Ljava/lang/String;)Z @ 4
Event: 766.736 Thread 0x00007f930c079000 Uncommon trap: reason=bimorphic action=maybe_recompile pc=0x00007f9384d0b1d0 method=org.hibernate.tuple.entity.AbstractEntityTuplizer.getPropertyValues(Ljava/lang/Object;)[Ljava/lang/Object; @ 69
Event: 768.158 Thread 0x00007f930c079000 Uncommon trap: reason=class_check action=maybe_recompile pc=0x00007f9383f45a80 method=com.mysql.jdbc.ResultSetImpl.getIntWithOverflowCheck(I)I @ 5
Event: 768.159 Thread 0x00007f930c079000 Uncommon trap: reason=class_check action=maybe_recompile pc=0x00007f93831b0178 method=com.sun.org.apache.xerces.internal.impl.XMLDocumentFragmentScannerImpl.scanDocument(Z)Z @ 9

Internal exceptions (10 events):
Event: 732.543 Thread 0x00007f93085a4000 Exception <a 'java/lang/InterruptedException': sleep interrupted> (0x00000000f0d543c0) thrown at [/builddir/build/BUILD/java-1.8.0-openjdk-1.8.0.144-0.b01.el7_4.x86_64/openjdk/hotspot/src/share/vm/prims/jvm.cpp, line 3238]
Event: 732.550 Thread 0x00007f9308597000 Exception <a 'java/lang/InterruptedException': sleep interrupted> (0x00000000f0e33a98) thrown at [/builddir/build/BUILD/java-1.8.0-openjdk-1.8.0.144-0.b01.el7_4.x86_64/openjdk/hotspot/src/share/vm/prims/jvm.cpp, line 3238]
Event: 732.557 Thread 0x00007f93085a4000 Exception <a 'java/lang/InterruptedException': sleep interrupted> (0x00000000f0f2c800) thrown at [/builddir/build/BUILD/java-1.8.0-openjdk-1.8.0.144-0.b01.el7_4.x86_64/openjdk/hotspot/src/share/vm/prims/jvm.cpp, line 3238]
Event: 733.869 Thread 0x00007f930c079000 Exception <a 'java/lang/NoSuchMethodError': com.antruak.idm.daotype.AccountDao.getWms()Ljava/lang/String;> (0x00000000f116dc10) thrown at [/builddir/build/BUILD/java-1.8.0-openjdk-1.8.0.144-0.b01.el7_4.x86_64/openjdk/hotspot/src/share/vm/interpreter/linkR
Event: 742.567 Thread 0x00007f939989e000 Exception <a 'java/net/SocketTimeoutException': Read timed out> (0x00000000f0f89ba8) thrown at [/builddir/build/BUILD/java-1.8.0-openjdk-1.8.0.144-0.b01.el7_4.x86_64/openjdk/hotspot/src/share/vm/prims/jni.cpp, line 736]
Event: 752.577 Thread 0x00007f939989e000 Exception <a 'java/net/SocketTimeoutException': Read timed out> (0x00000000f0f8a3b8) thrown at [/builddir/build/BUILD/java-1.8.0-openjdk-1.8.0.144-0.b01.el7_4.x86_64/openjdk/hotspot/src/share/vm/prims/jni.cpp, line 736]
Event: 753.820 Thread 0x00007f936800a800 Exception <a 'java/lang/NoClassDefFoundError': org/springframework/context/support/DefaultLifecycleProcessor$1> (0x00000000f1a973e0) thrown at [/builddir/build/BUILD/java-1.8.0-openjdk-1.8.0.144-0.b01.el7_4.x86_64/openjdk/hotspot/src/share/vm/classfile/sy
Event: 753.820 Thread 0x00007f936800a800 Exception <a 'java/lang/NoClassDefFoundError': org/springframework/context/support/DefaultLifecycleProcessor$1> (0x00000000f1a976c8) thrown at [/builddir/build/BUILD/java-1.8.0-openjdk-1.8.0.144-0.b01.el7_4.x86_64/openjdk/hotspot/src/share/vm/oops/constan
Event: 756.235 Thread 0x00007f939a7d2000 Implicit null exception at 0x00007f9382fa408a to 0x00007f9382fa41d7
Event: 762.588 Thread 0x00007f939989e000 Exception <a 'java/net/SocketTimeoutException': Read timed out> (0x00000000f050c310) thrown at [/builddir/build/BUILD/java-1.8.0-openjdk-1.8.0.144-0.b01.el7_4.x86_64/openjdk/hotspot/src/share/vm/prims/jni.cpp, line 736]

Events (10 events):
Event: 768.171 Thread 0x00007f9398184800 flushing nmethod 0x00007f9383f41f10
Event: 768.171 Thread 0x00007f9398184800 flushing nmethod 0x00007f9383f468d0
Event: 768.171 Thread 0x00007f9398184800 flushing nmethod 0x00007f9383fe0a50
Event: 768.173 Thread 0x00007f9398184800 flushing nmethod 0x00007f9384411790
Event: 768.173 Thread 0x00007f9398184800 flushing nmethod 0x00007f9384421a10
Event: 768.173 Thread 0x00007f9398184800 flushing nmethod 0x00007f93845b36d0
Event: 768.173 Thread 0x00007f9398184800 flushing nmethod 0x00007f93845b6e90
Event: 768.175 Thread 0x00007f9398184800 flushing nmethod 0x00007f938486d9d0
Event: 768.175 Thread 0x00007f9398184800 flushing nmethod 0x00007f9384911b90
Event: 768.175 Thread 0x00007f9398184800 flushing nmethod 0x00007f93849e8ed0


Dynamic libraries:
00400000-00401000 r-xp 00000000 fd:00 3314255                            /usr/lib/jvm/java-1.8.0-openjdk-1.8.0.144-0.b01.el7_4.x86_64/jre/bin/java
00600000-00601000 r--p 00000000 fd:00 3314255                            /usr/lib/jvm/java-1.8.0-openjdk-1.8.0.144-0.b01.el7_4.x86_64/jre/bin/java
00601000-00602000 rw-p 00001000 fd:00 3314255                            /usr/lib/jvm/java-1.8.0-openjdk-1.8.0.144-0.b01.el7_4.x86_64/jre/bin/java
0075d000-007c3000 rw-p 00000000 00:00 0                                  [heap]
f0000000-f2950000 rw-p 00000000 00:00 0 
f2950000-f5550000 ---p 00000000 00:00 0 
f5550000-fa800000 rw-p 00000000 00:00 0 
fa800000-100000000 ---p 00000000 00:00 0 
100000000-1009b9000 rw-p 00000000 00:00 0 
1009b9000-140000000 ---p 00000000 00:00 0 
7f92fc000000-7f92fc05d000 rw-p 00000000 00:00 0 
7f92fc05d000-7f9300000000 ---p 00000000 00:00 0 
7f9303eff000-7f9303f02000 ---p 00000000 00:00 0 
7f9303f02000-7f9304000000 rw-p 00000000 00:00 0                          [stack:49588]
7f9304000000-7f9304021000 rw-p 00000000 00:00 0 
7f9304021000-7f9308000000 ---p 00000000 00:00 0 
7f9308000000-7f9308cbd000 rw-p 00000000 00:00 0 
7f9308cbd000-7f930c000000 ---p 00000000 00:00 0 
7f930c000000-7f930c306000 rw-p 00000000 00:00 0 
7f930c306000-7f9310000000 ---p 00000000 00:00 0 
7f9310000000-7f9310042000 rw-p 00000000 00:00 0 
7f9310042000-7f9314000000 ---p 00000000 00:00 0 
7f9314000000-7f9314389000 rw-p 00000000 00:00 0 
7f9314389000-7f9318000000 ---p 00000000 00:00 0 
7f9318000000-7f9318472000 rw-p 00000000 00:00 0 
7f9318472000-7f931c000000 ---p 00000000 00:00 0 
7f931c0e1000-7f931c0e4000 ---p 00000000 00:00 0 
7f931c0e4000-7f931c1e2000 rw-p 00000000 00:00 0 
7f931c1e2000-7f931c1e5000 ---p 00000000 00:00 0 
7f931c1e5000-7f931c4e3000 rw-p 00000000 00:00 0                          [stack:49585]
7f931c4e3000-7f931c6e3000 rw-p 00000000 00:00 0 
7f931c6e3000-7f931c6e6000 ---p 00000000 00:00 0 
7f931c6e6000-7f931c7e4000 rw-p 00000000 00:00 0 
7f931c7e4000-7f931c7e7000 ---p 00000000 00:00 0 
7f931c7e7000-7f931c8e5000 rw-p 00000000 00:00 0                          [stack:45537]
7f931c8e5000-7f931c8e8000 ---p 00000000 00:00 0 
7f931c8e8000-7f931c9e6000 rw-p 00000000 00:00 0                          [stack:45402]
7f931c9e6000-7f931c9e9000 ---p 00000000 00:00 0 
7f931c9e9000-7f931cae7000 rw-p 00000000 00:00 0                          [stack:44743]
7f931cae7000-7f931caea000 ---p 00000000 00:00 0 
7f931caea000-7f931cde8000 rw-p 00000000 00:00 0                          [stack:44742]
7f931cde8000-7f931cdeb000 ---p 00000000 00:00 0 
7f931cdeb000-7f931d0e9000 rw-p 00000000 00:00 0                          [stack:44741]
7f931d0e9000-7f931d0ec000 ---p 00000000 00:00 0 
7f931d0ec000-7f931d1ea000 rw-p 00000000 00:00 0                          [stack:44635]
7f931d1ea000-7f931d1ed000 ---p 00000000 00:00 0 
7f931d1ed000-7f931d2eb000 rw-p 00000000 00:00 0                          [stack:44634]
7f931d2eb000-7f931d2ee000 ---p 00000000 00:00 0 
7f931d2ee000-7f931d3ec000 rw-p 00000000 00:00 0                          [stack:44633]
7f931d3ec000-7f931d3ef000 ---p 00000000 00:00 0 
7f931d3ef000-7f931d4ed000 rw-p 00000000 00:00 0                          [stack:44632]
7f931d4ed000-7f931d4f0000 ---p 00000000 00:00 0 
7f931d4f0000-7f931d5ee000 rw-p 00000000 00:00 0                          [stack:44631]
7f931d5ee000-7f931d5f1000 ---p 00000000 00:00 0 
7f931d5f1000-7f931d6ef000 rw-p 00000000 00:00 0                          [stack:44630]
7f931d6ef000-7f931d6f2000 ---p 00000000 00:00 0 
7f931d6f2000-7f931d7f0000 rw-p 00000000 00:00 0                          [stack:44629]
7f931d7f0000-7f931d7f3000 ---p 00000000 00:00 0 
7f931d7f3000-7f931d8f1000 rw-p 00000000 00:00 0                          [stack:44628]
7f931d8f1000-7f931d8f4000 ---p 00000000 00:00 0 
7f931d8f4000-7f931d9f2000 rw-p 00000000 00:00 0                          [stack:44627]
7f931d9f2000-7f931d9f5000 ---p 00000000 00:00 0 
7f931d9f5000-7f931daf3000 rw-p 00000000 00:00 0                          [stack:44626]
7f931daf3000-7f931daf6000 ---p 00000000 00:00 0 
7f931daf6000-7f931dbf4000 rw-p 00000000 00:00 0                          [stack:44625]
7f931dbf4000-7f931dbf7000 ---p 00000000 00:00 0 
7f931dbf7000-7f931dcf5000 rw-p 00000000 00:00 0                          [stack:44624]
7f931dcf5000-7f931dcf8000 ---p 00000000 00:00 0 
7f931dcf8000-7f931ddf6000 rw-p 00000000 00:00 0                          [stack:44623]
7f931ddf6000-7f931ddf9000 ---p 00000000 00:00 0 
7f931ddf9000-7f931def7000 rw-p 00000000 00:00 0                          [stack:44622]
7f931def7000-7f931defa000 ---p 00000000 00:00 0 
7f931defa000-7f931e1f8000 rw-p 00000000 00:00 0                          [stack:44619]
7f931e1f8000-7f931e3f8000 rw-p 00000000 00:00 0 
7f931e3f8000-7f931e3fb000 ---p 00000000 00:00 0 
7f931e3fb000-7f931e4f9000 rw-p 00000000 00:00 0                          [stack:44590]
7f931e4f9000-7f931e4fc000 ---p 00000000 00:00 0 
7f931e4fc000-7f931e7fa000 rw-p 00000000 00:00 0                          [stack:44586]
7f931e7fa000-7f931e9fa000 rw-p 00000000 00:00 0 
7f931e9fa000-7f931e9fd000 ---p 00000000 00:00 0 
7f931e9fd000-7f931eafb000 rw-p 00000000 00:00 0                          [stack:44585]
7f931eafb000-7f931eafe000 ---p 00000000 00:00 0 
7f931eafe000-7f931ebfc000 rw-p 00000000 00:00 0                          [stack:45239]
7f931ebfc000-7f931ebff000 ---p 00000000 00:00 0 
7f931ebff000-7f931ecfd000 rw-p 00000000 00:00 0                          [stack:44583]
7f931ecfd000-7f931ed00000 ---p 00000000 00:00 0 
7f931ed00000-7f931edfe000 rw-p 00000000 00:00 0                          [stack:44582]
7f931edfe000-7f931ee01000 ---p 00000000 00:00 0 
7f931ee01000-7f931f0ff000 rw-p 00000000 00:00 0                          [stack:44580]
7f931f0ff000-7f931f2ff000 rw-p 00000000 00:00 0 
7f931f2ff000-7f931f4ff000 rw-p 00000000 00:00 0 
7f931f4ff000-7f931f6ff000 rw-p 00000000 00:00 0 
7f931f6ff000-7f931f8ff000 rw-p 00000000 00:00 0 
7f931f8ff000-7f931faff000 rw-p 00000000 00:00 0 
7f931faff000-7f931fcff000 rw-p 00000000 00:00 0 
7f931fcff000-7f931fd02000 ---p 00000000 00:00 0 
7f931fd02000-7f9320000000 rw-p 00000000 00:00 0                          [stack:44579]
7f9320000000-7f932117a000 rw-p 00000000 00:00 0 
7f932117a000-7f9324000000 ---p 00000000 00:00 0 
7f9324000000-7f9324043000 rw-p 00000000 00:00 0 
7f9324043000-7f9328000000 ---p 00000000 00:00 0 
7f9328000000-7f9328028000 rw-p 00000000 00:00 0 
7f9328028000-7f932c000000 ---p 00000000 00:00 0 
7f932c000000-7f932c478000 rw-p 00000000 00:00 0 
7f932c478000-7f9330000000 ---p 00000000 00:00 0 
7f9330000000-7f9330049000 rw-p 00000000 00:00 0 
7f9330049000-7f9334000000 ---p 00000000 00:00 0 
7f9334000000-7f9334076000 rw-p 00000000 00:00 0 
7f9334076000-7f9338000000 ---p 00000000 00:00 0 
7f9338000000-7f9338053000 rw-p 00000000 00:00 0 
7f9338053000-7f933c000000 ---p 00000000 00:00 0 
7f933c000000-7f933c041000 rw-p 00000000 00:00 0 
7f933c041000-7f9340000000 ---p 00000000 00:00 0 
7f9340025000-7f9340225000 rw-p 00000000 00:00 0 
7f9340225000-7f9340228000 ---p 00000000 00:00 0 
7f9340228000-7f9340326000 rw-p 00000000 00:00 0                          [stack:44578]
7f9340326000-7f9340329000 ---p 00000000 00:00 0 
7f9340329000-7f9340627000 rw-p 00000000 00:00 0                          [stack:44577]
7f9340627000-7f9340827000 rw-p 00000000 00:00 0 
7f9340827000-7f934082a000 ---p 00000000 00:00 0 
7f934082a000-7f9340b28000 rw-p 00000000 00:00 0                          [stack:44620]
7f9340b28000-7f9340d28000 rw-p 00000000 00:00 0 
7f9340d28000-7f9340dab000 r-xp 00000000 fd:00 1236790                    /usr/lib64/libfreeblpriv3.so
7f9340dab000-7f9340faa000 ---p 00083000 fd:00 1236790                    /usr/lib64/libfreeblpriv3.so
7f9340faa000-7f9340fac000 r--p 00082000 fd:00 1236790                    /usr/lib64/libfreeblpriv3.so
7f9340fac000-7f9340fad000 rw-p 00084000 fd:00 1236790                    /usr/lib64/libfreeblpriv3.so
7f9340fad000-7f9340fb1000 rw-p 00000000 00:00 0 
7f9340fb1000-7f9340feb000 r-xp 00000000 fd:00 1236783                    /usr/lib64/libnspr4.so
7f9340feb000-7f93411ea000 ---p 0003a000 fd:00 1236783                    /usr/lib64/libnspr4.so
7f93411ea000-7f93411eb000 r--p 00039000 fd:00 1236783                    /usr/lib64/libnspr4.so
7f93411eb000-7f93411ed000 rw-p 0003a000 fd:00 1236783                    /usr/lib64/libnspr4.so
7f93411ed000-7f93411ef000 rw-p 00000000 00:00 0 
7f93411ef000-7f93411f3000 r-xp 00000000 fd:00 1236784                    /usr/lib64/libplc4.so
7f93411f3000-7f93413f2000 ---p 00004000 fd:00 1236784                    /usr/lib64/libplc4.so
7f93413f2000-7f93413f3000 r--p 00003000 fd:00 1236784                    /usr/lib64/libplc4.so
7f93413f3000-7f93413f4000 rw-p 00004000 fd:00 1236784                    /usr/lib64/libplc4.so
7f93413f4000-7f93413f7000 r-xp 00000000 fd:00 1236785                    /usr/lib64/libplds4.so
7f93413f7000-7f93415f6000 ---p 00003000 fd:00 1236785                    /usr/lib64/libplds4.so
7f93415f6000-7f93415f7000 r--p 00002000 fd:00 1236785                    /usr/lib64/libplds4.so
7f93415f7000-7f93415f8000 rw-p 00003000 fd:00 1236785                    /usr/lib64/libplds4.so
7f93415f8000-7f9341620000 r-xp 00000000 fd:00 1236786                    /usr/lib64/libnssutil3.so
7f9341620000-7f934181f000 ---p 00028000 fd:00 1236786                    /usr/lib64/libnssutil3.so
7f934181f000-7f9341826000 r--p 00027000 fd:00 1236786                    /usr/lib64/libnssutil3.so
7f9341826000-7f9341827000 rw-p 0002e000 fd:00 1236786                    /usr/lib64/libnssutil3.so
7f9341827000-7f9341948000 r-xp 00000000 fd:00 97993                      /usr/lib64/libnss3.so
7f9341948000-7f9341b48000 ---p 00121000 fd:00 97993                      /usr/lib64/libnss3.so
7f9341b48000-7f9341b4d000 r--p 00121000 fd:00 97993                      /usr/lib64/libnss3.so
7f9341b4d000-7f9341b4f000 rw-p 00126000 fd:00 97993                      /usr/lib64/libnss3.so
7f9341b4f000-7f9341b51000 rw-p 00000000 00:00 0 
7f9341b51000-7f9341b75000 r-xp 00000000 fd:00 599667                     /usr/lib64/libsmime3.so
7f9341b75000-7f9341d74000 ---p 00024000 fd:00 599667                     /usr/lib64/libsmime3.so
7f9341d74000-7f9341d77000 r--p 00023000 fd:00 599667                     /usr/lib64/libsmime3.so
7f9341d77000-7f9341d78000 rw-p 00026000 fd:00 599667                     /usr/lib64/libsmime3.so
7f9341d78000-7f9341dbf000 r-xp 00000000 fd:00 599669                     /usr/lib64/libssl3.so
7f9341dbf000-7f9341fbe000 ---p 00047000 fd:00 599669                     /usr/lib64/libssl3.so
7f9341fbe000-7f9341fc2000 r--p 00046000 fd:00 599669                     /usr/lib64/libssl3.so
7f9341fc2000-7f9341fc3000 rw-p 0004a000 fd:00 599669                     /usr/lib64/libssl3.so
7f9341fc3000-7f9341fc4000 rw-p 00000000 00:00 0 
7f9341fc4000-7f9341fd0000 r-xp 00000000 fd:00 17350604                   /usr/lib/jvm/java-1.8.0-openjdk-1.8.0.144-0.b01.el7_4.x86_64/jre/lib/amd64/libsunec.so
7f9341fd0000-7f93421cf000 ---p 0000c000 fd:00 17350604                   /usr/lib/jvm/java-1.8.0-openjdk-1.8.0.144-0.b01.el7_4.x86_64/jre/lib/amd64/libsunec.so
7f93421cf000-7f93421d0000 r--p 0000b000 fd:00 17350604                   /usr/lib/jvm/java-1.8.0-openjdk-1.8.0.144-0.b01.el7_4.x86_64/jre/lib/amd64/libsunec.so
7f93421d0000-7f93421d1000 rw-p 0000c000 fd:00 17350604                   /usr/lib/jvm/java-1.8.0-openjdk-1.8.0.144-0.b01.el7_4.x86_64/jre/lib/amd64/libsunec.so
7f93421d1000-7f93423d1000 rw-p 00000000 00:00 0 
7f93423d1000-7f93425d1000 rw-p 00000000 00:00 0 
7f93425d1000-7f93427d1000 rw-p 00000000 00:00 0 
7f93427d1000-7f93429d1000 rw-p 00000000 00:00 0 
7f93429d1000-7f9342bd1000 rw-p 00000000 00:00 0 
7f9342bd1000-7f9342dc3000 rw-p 00000000 00:00 0 
7f9342dc3000-7f9342dd1000 ---p 00000000 00:00 0 
7f9342dd1000-7f9342dd4000 ---p 00000000 00:00 0 
7f9342dd4000-7f9342ed2000 rw-p 00000000 00:00 0                          [stack:44621]
7f9342ed2000-7f9342ed5000 ---p 00000000 00:00 0 
7f9342ed5000-7f93431d3000 rw-p 00000000 00:00 0 
7f93431d3000-7f93433d3000 rw-p 00000000 00:00 0 
7f93433d3000-7f93435d3000 rw-p 00000000 00:00 0 
7f93435d3000-7f93437d3000 rw-p 00000000 00:00 0 
7f93437d3000-7f93439d3000 rw-p 00000000 00:00 0 
7f93439d3000-7f93439d4000 ---p 00000000 00:00 0 
7f93439d4000-7f9343ad4000 rw-p 00000000 00:00 0                          [stack:44531]
7f9343ad4000-7f9343ad7000 ---p 00000000 00:00 0 
7f9343ad7000-7f9343bd5000 rw-p 00000000 00:00 0                          [stack:44530]
7f9343bd5000-7f9343be7000 r-xp 00000000 fd:00 17350600                   /usr/lib/jvm/java-1.8.0-openjdk-1.8.0.144-0.b01.el7_4.x86_64/jre/lib/amd64/libnio.so
7f9343be7000-7f9343de6000 ---p 00012000 fd:00 17350600                   /usr/lib/jvm/java-1.8.0-openjdk-1.8.0.144-0.b01.el7_4.x86_64/jre/lib/amd64/libnio.so
7f9343de6000-7f9343de7000 r--p 00011000 fd:00 17350600                   /usr/lib/jvm/java-1.8.0-openjdk-1.8.0.144-0.b01.el7_4.x86_64/jre/lib/amd64/libnio.so
7f9343de7000-7f9343de8000 rw-p 00012000 fd:00 17350600                   /usr/lib/jvm/java-1.8.0-openjdk-1.8.0.144-0.b01.el7_4.x86_64/jre/lib/amd64/libnio.so
7f9343de8000-7f9343dff000 r-xp 00000000 fd:00 17350599                   /usr/lib/jvm/java-1.8.0-openjdk-1.8.0.144-0.b01.el7_4.x86_64/jre/lib/amd64/libnet.so
7f9343dff000-7f9343ffe000 ---p 00017000 fd:00 17350599                   /usr/lib/jvm/java-1.8.0-openjdk-1.8.0.144-0.b01.el7_4.x86_64/jre/lib/amd64/libnet.so
7f9343ffe000-7f9343fff000 r--p 00016000 fd:00 17350599                   /usr/lib/jvm/java-1.8.0-openjdk-1.8.0.144-0.b01.el7_4.x86_64/jre/lib/amd64/libnet.so
7f9343fff000-7f9344000000 rw-p 00017000 fd:00 17350599                   /usr/lib/jvm/java-1.8.0-openjdk-1.8.0.144-0.b01.el7_4.x86_64/jre/lib/amd64/libnet.so
7f9344000000-7f9347fa6000 rw-p 00000000 00:00 0 
7f9347fa6000-7f9348000000 ---p 00000000 00:00 0 
7f9348000000-7f934933d000 rw-p 00000000 00:00 0 
7f934933d000-7f934c000000 ---p 00000000 00:00 0 
7f934c000000-7f934c050000 rw-p 00000000 00:00 0 
7f934c050000-7f9350000000 ---p 00000000 00:00 0 
7f9350000000-7f9353af9000 rw-p 00000000 00:00 0 
7f9353af9000-7f9354000000 ---p 00000000 00:00 0 
7f9354000000-7f9354041000 rw-p 00000000 00:00 0 
7f9354041000-7f9358000000 ---p 00000000 00:00 0 
7f9358000000-7f9358041000 rw-p 00000000 00:00 0 
7f9358041000-7f935c000000 ---p 00000000 00:00 0 
7f935c000000-7f935c068000 rw-p 00000000 00:00 0 
7f935c068000-7f9360000000 ---p 00000000 00:00 0 
7f9360000000-7f9360041000 rw-p 00000000 00:00 0 
7f9360041000-7f9364000000 ---p 00000000 00:00 0 
7f9364000000-7f93640f2000 rw-p 00000000 00:00 0 
7f93640f2000-7f9368000000 ---p 00000000 00:00 0 
7f9368000000-7f9368046000 rw-p 00000000 00:00 0 
7f9368046000-7f936c000000 ---p 00000000 00:00 0 
7f936c000000-7f936c05f000 rw-p 00000000 00:00 0 
7f936c05f000-7f9370000000 ---p 00000000 00:00 0 
7f9370000000-7f937003f000 rw-p 00000000 00:00 0 
7f937003f000-7f9374000000 ---p 00000000 00:00 0 
7f9374000000-7f937405f000 rw-p 00000000 00:00 0 
7f937405f000-7f9378000000 ---p 00000000 00:00 0 
7f9378000000-7f9378093000 rw-p 00000000 00:00 0 
7f9378093000-7f937c000000 ---p 00000000 00:00 0 
7f937c000000-7f937c08a000 rw-p 00000000 00:00 0 
7f937c08a000-7f9380000000 ---p 00000000 00:00 0 
7f93800c2000-7f93800c5000 ---p 00000000 00:00 0 
7f93800c5000-7f93801c3000 rw-p 00000000 00:00 0                          [stack:44529]
7f93801c3000-7f93801cc000 r-xp 00000000 fd:00 17350597                   /usr/lib/jvm/java-1.8.0-openjdk-1.8.0.144-0.b01.el7_4.x86_64/jre/lib/amd64/libmanagement.so
7f93801cc000-7f93803cb000 ---p 00009000 fd:00 17350597                   /usr/lib/jvm/java-1.8.0-openjdk-1.8.0.144-0.b01.el7_4.x86_64/jre/lib/amd64/libmanagement.so
7f93803cb000-7f93803cc000 r--p 00008000 fd:00 17350597                   /usr/lib/jvm/java-1.8.0-openjdk-1.8.0.144-0.b01.el7_4.x86_64/jre/lib/amd64/libmanagement.so
7f93803cc000-7f93803cd000 rw-p 00009000 fd:00 17350597                   /usr/lib/jvm/java-1.8.0-openjdk-1.8.0.144-0.b01.el7_4.x86_64/jre/lib/amd64/libmanagement.so
7f93803cd000-7f93803d0000 ---p 00000000 00:00 0 
7f93803d0000-7f93804ce000 rw-p 00000000 00:00 0                          [stack:44528]
7f93804ce000-7f93804d2000 ---p 00000000 00:00 0 
7f93804d2000-7f93805cf000 rw-p 00000000 00:00 0                          [stack:44527]
7f93805cf000-7f93805d3000 ---p 00000000 00:00 0 
7f93805d3000-7f93806d0000 rw-p 00000000 00:00 0                          [stack:44526]
7f93806d0000-7f93806d4000 ---p 00000000 00:00 0 
7f93806d4000-7f93807d1000 rw-p 00000000 00:00 0                          [stack:44525]
7f93807d1000-7f93807d4000 ---p 00000000 00:00 0 
7f93807d4000-7f93808d2000 rw-p 00000000 00:00 0                          [stack:44524]
7f93808d2000-7f93808d6000 r-xp 00000000 fd:00 17350581                   /usr/lib/jvm/java-1.8.0-openjdk-1.8.0.144-0.b01.el7_4.x86_64/jre/lib/amd64/libdt_socket.so
7f93808d6000-7f9380ad5000 ---p 00004000 fd:00 17350581                   /usr/lib/jvm/java-1.8.0-openjdk-1.8.0.144-0.b01.el7_4.x86_64/jre/lib/amd64/libdt_socket.so
7f9380ad5000-7f9380ad6000 r--p 00003000 fd:00 17350581                   /usr/lib/jvm/java-1.8.0-openjdk-1.8.0.144-0.b01.el7_4.x86_64/jre/lib/amd64/libdt_socket.so
7f9380ad6000-7f9380ad7000 rw-p 00004000 fd:00 17350581                   /usr/lib/jvm/java-1.8.0-openjdk-1.8.0.144-0.b01.el7_4.x86_64/jre/lib/amd64/libdt_socket.so
7f9380ad7000-7f9382ad7000 rw-p 00000000 00:00 0 
7f9382ad7000-7f93850b7000 rwxp 00000000 00:00 0 
7f93850b7000-7f9391ad7000 ---p 00000000 00:00 0 
7f9391ad7000-7f9398000000 r--p 00000000 fd:00 16803011                   /usr/lib/locale/locale-archive
7f9398000000-7f939bc04000 rw-p 00000000 00:00 0 
7f939bc04000-7f939c000000 ---p 00000000 00:00 0 
7f939c058000-7f939c05a000 rw-p 00000000 00:00 0 
7f939c05a000-7f939c063000 r--s 03d7e000 fd:00 17995911                   /var/lib/cas/cashub/main-banc-dispacher-0.0.1-SNAPSHOT-spring-boot.jar
7f939c063000-7f939c074000 r--s 000cf000 fd:00 19115454                   /tmp/jar_cache3289471316695075376.tmp (deleted)
7f939c074000-7f939c092000 r--s 00231000 fd:00 17995916                   /tmp/jar_cache4705471124171651988.tmp (deleted)
7f939c092000-7f939c09c000 r--s 0005c000 fd:00 17995890                   /tmp/jar_cache2053434990728708223.tmp (deleted)
7f939c09c000-7f939c0a1000 r--s 00309000 fd:00 1230308                    /usr/lib/jvm/java-1.8.0-openjdk-1.8.0.144-0.b01.el7_4.x86_64/jre/lib/charsets.jar
7f939c0a1000-7f939c0a7000 r--s 00043000 fd:00 33837246                   /usr/lib/jvm/java-1.8.0-openjdk-1.8.0.144-0.b01.el7_4.x86_64/jre/lib/ext/sunjce_provider.jar
7f939c0a7000-7f939c0ba000 r--s 00346000 fd:00 2603554                    /usr/lib/jvm/java-1.8.0-openjdk-1.8.0.144-0.b01.el7_4.x86_64/jre/lib/resources.jar
7f939c0ba000-7f939c0d5000 r--s 001d6000 fd:00 33755071                   /usr/lib/jvm/java-1.8.0-openjdk-1.8.0.144-0.b01.el7_4.x86_64/jre/lib/ext/nashorn.jar
7f939c0d5000-7f939c0df000 r--s 03d7e000 fd:00 17995911                   /var/lib/cas/cashub/main-banc-dispacher-0.0.1-SNAPSHOT-spring-boot.jar
7f939c0df000-7f939c0e2000 ---p 00000000 00:00 0 
7f939c0e2000-7f939c1e0000 rw-p 00000000 00:00 0                          [stack:44523]
7f939c1e0000-7f939c1e3000 ---p 00000000 00:00 0 
7f939c1e3000-7f939c2e1000 rw-p 00000000 00:00 0                          [stack:44522]
7f939c2e1000-7f939c2e4000 ---p 00000000 00:00 0 
7f939c2e4000-7f939c3e2000 rw-p 00000000 00:00 0                          [stack:44521]
7f939c3e2000-7f939c3e5000 ---p 00000000 00:00 0 
7f939c3e5000-7f939c4e3000 rw-p 00000000 00:00 0                          [stack:44520]
7f939c4e3000-7f939c4e6000 ---p 00000000 00:00 0 
7f939c4e6000-7f939c5e4000 rw-p 00000000 00:00 0                          [stack:44519]
7f939c5e4000-7f939c5e5000 ---p 00000000 00:00 0 
7f939c5e5000-7f939c733000 rw-p 00000000 00:00 0                          [stack:44518]
7f939c733000-7f939c902000 r--s 043f2000 fd:00 2603555                    /usr/lib/jvm/java-1.8.0-openjdk-1.8.0.144-0.b01.el7_4.x86_64/jre/lib/rt.jar
7f939c902000-7f939d1d3000 rw-p 00000000 00:00 0 
7f939d1d3000-7f939d1d4000 ---p 00000000 00:00 0 
7f939d1d4000-7f939dd87000 rw-p 00000000 00:00 0                          [stack:44517]
7f939dd87000-7f939dd88000 ---p 00000000 00:00 0 
7f939dd88000-7f939de88000 rw-p 00000000 00:00 0                          [stack:44516]
7f939de88000-7f939de89000 ---p 00000000 00:00 0 
7f939de89000-7f939df89000 rw-p 00000000 00:00 0                          [stack:44515]
7f939df89000-7f939df8a000 ---p 00000000 00:00 0 
7f939df8a000-7f939e08a000 rw-p 00000000 00:00 0                          [stack:44514]
7f939e08a000-7f939e08b000 ---p 00000000 00:00 0 
7f939e08b000-7f939e223000 rw-p 00000000 00:00 0                          [stack:44513]
7f939e223000-7f939e54b000 ---p 00000000 00:00 0 
7f939e54b000-7f939e553000 r-xp 00000000 fd:00 17350607                   /usr/lib/jvm/java-1.8.0-openjdk-1.8.0.144-0.b01.el7_4.x86_64/jre/lib/amd64/libzip.so
7f939e553000-7f939e752000 ---p 00008000 fd:00 17350607                   /usr/lib/jvm/java-1.8.0-openjdk-1.8.0.144-0.b01.el7_4.x86_64/jre/lib/amd64/libzip.so
7f939e752000-7f939e753000 r--p 00007000 fd:00 17350607                   /usr/lib/jvm/java-1.8.0-openjdk-1.8.0.144-0.b01.el7_4.x86_64/jre/lib/amd64/libzip.so
7f939e753000-7f939e754000 rw-p 00008000 fd:00 17350607                   /usr/lib/jvm/java-1.8.0-openjdk-1.8.0.144-0.b01.el7_4.x86_64/jre/lib/amd64/libzip.so
7f939e754000-7f939e760000 r-xp 00000000 fd:00 1236736                    /usr/lib64/libnss_files-2.17.so
7f939e760000-7f939e95f000 ---p 0000c000 fd:00 1236736                    /usr/lib64/libnss_files-2.17.so
7f939e95f000-7f939e960000 r--p 0000b000 fd:00 1236736                    /usr/lib64/libnss_files-2.17.so
7f939e960000-7f939e961000 rw-p 0000c000 fd:00 1236736                    /usr/lib64/libnss_files-2.17.so
7f939e961000-7f939e967000 rw-p 00000000 00:00 0 
7f939e967000-7f939e969000 r-xp 00000000 fd:00 17350601                   /usr/lib/jvm/java-1.8.0-openjdk-1.8.0.144-0.b01.el7_4.x86_64/jre/lib/amd64/libnpt.so
7f939e969000-7f939eb69000 ---p 00002000 fd:00 17350601                   /usr/lib/jvm/java-1.8.0-openjdk-1.8.0.144-0.b01.el7_4.x86_64/jre/lib/amd64/libnpt.so
7f939eb69000-7f939eb6a000 r--p 00002000 fd:00 17350601                   /usr/lib/jvm/java-1.8.0-openjdk-1.8.0.144-0.b01.el7_4.x86_64/jre/lib/amd64/libnpt.so
7f939eb6a000-7f939eb6b000 rw-p 00003000 fd:00 17350601                   /usr/lib/jvm/java-1.8.0-openjdk-1.8.0.144-0.b01.el7_4.x86_64/jre/lib/amd64/libnpt.so
7f939eb6b000-7f939eba6000 r-xp 00000000 fd:00 17350592                   /usr/lib/jvm/java-1.8.0-openjdk-1.8.0.144-0.b01.el7_4.x86_64/jre/lib/amd64/libjdwp.so
7f939eba6000-7f939eda6000 ---p 0003b000 fd:00 17350592                   /usr/lib/jvm/java-1.8.0-openjdk-1.8.0.144-0.b01.el7_4.x86_64/jre/lib/amd64/libjdwp.so
7f939eda6000-7f939eda7000 r--p 0003b000 fd:00 17350592                   /usr/lib/jvm/java-1.8.0-openjdk-1.8.0.144-0.b01.el7_4.x86_64/jre/lib/amd64/libjdwp.so
7f939eda7000-7f939eda8000 rw-p 0003c000 fd:00 17350592                   /usr/lib/jvm/java-1.8.0-openjdk-1.8.0.144-0.b01.el7_4.x86_64/jre/lib/amd64/libjdwp.so
7f939eda8000-7f939edd5000 r-xp 00000000 fd:00 17350589                   /usr/lib/jvm/java-1.8.0-openjdk-1.8.0.144-0.b01.el7_4.x86_64/jre/lib/amd64/libjava.so
7f939edd5000-7f939efd5000 ---p 0002d000 fd:00 17350589                   /usr/lib/jvm/java-1.8.0-openjdk-1.8.0.144-0.b01.el7_4.x86_64/jre/lib/amd64/libjava.so
7f939efd5000-7f939efd6000 r--p 0002d000 fd:00 17350589                   /usr/lib/jvm/java-1.8.0-openjdk-1.8.0.144-0.b01.el7_4.x86_64/jre/lib/amd64/libjava.so
7f939efd6000-7f939efd8000 rw-p 0002e000 fd:00 17350589                   /usr/lib/jvm/java-1.8.0-openjdk-1.8.0.144-0.b01.el7_4.x86_64/jre/lib/amd64/libjava.so
7f939efd8000-7f939efe5000 r-xp 00000000 fd:00 17350606                   /usr/lib/jvm/java-1.8.0-openjdk-1.8.0.144-0.b01.el7_4.x86_64/jre/lib/amd64/libverify.so
7f939efe5000-7f939f1e4000 ---p 0000d000 fd:00 17350606                   /usr/lib/jvm/java-1.8.0-openjdk-1.8.0.144-0.b01.el7_4.x86_64/jre/lib/amd64/libverify.so
7f939f1e4000-7f939f1e6000 r--p 0000c000 fd:00 17350606                   /usr/lib/jvm/java-1.8.0-openjdk-1.8.0.144-0.b01.el7_4.x86_64/jre/lib/amd64/libverify.so
7f939f1e6000-7f939f1e7000 rw-p 0000e000 fd:00 17350606                   /usr/lib/jvm/java-1.8.0-openjdk-1.8.0.144-0.b01.el7_4.x86_64/jre/lib/amd64/libverify.so
7f939f1e7000-7f939f1ee000 r-xp 00000000 fd:00 1236742                    /usr/lib64/librt-2.17.so
7f939f1ee000-7f939f3ed000 ---p 00007000 fd:00 1236742                    /usr/lib64/librt-2.17.so
7f939f3ed000-7f939f3ee000 r--p 00006000 fd:00 1236742                    /usr/lib64/librt-2.17.so
7f939f3ee000-7f939f3ef000 rw-p 00007000 fd:00 1236742                    /usr/lib64/librt-2.17.so
7f939f3ef000-7f939f404000 r-xp 00000000 fd:00 480939                     /usr/lib64/libgcc_s-4.8.5-20150702.so.1
7f939f404000-7f939f603000 ---p 00015000 fd:00 480939                     /usr/lib64/libgcc_s-4.8.5-20150702.so.1
7f939f603000-7f939f604000 r--p 00014000 fd:00 480939                     /usr/lib64/libgcc_s-4.8.5-20150702.so.1
7f939f604000-7f939f605000 rw-p 00015000 fd:00 480939                     /usr/lib64/libgcc_s-4.8.5-20150702.so.1
7f939f605000-7f939f706000 r-xp 00000000 fd:00 1235373                    /usr/lib64/libm-2.17.so
7f939f706000-7f939f905000 ---p 00101000 fd:00 1235373                    /usr/lib64/libm-2.17.so
7f939f905000-7f939f906000 r--p 00100000 fd:00 1235373                    /usr/lib64/libm-2.17.so
7f939f906000-7f939f907000 rw-p 00101000 fd:00 1235373                    /usr/lib64/libm-2.17.so
7f939f907000-7f939f9f0000 r-xp 00000000 fd:00 219268                     /usr/lib64/libstdc++.so.6.0.19
7f939f9f0000-7f939fbef000 ---p 000e9000 fd:00 219268                     /usr/lib64/libstdc++.so.6.0.19
7f939fbef000-7f939fbf7000 r--p 000e8000 fd:00 219268                     /usr/lib64/libstdc++.so.6.0.19
7f939fbf7000-7f939fbf9000 rw-p 000f0000 fd:00 219268                     /usr/lib64/libstdc++.so.6.0.19
7f939fbf9000-7f939fc0e000 rw-p 00000000 00:00 0 
7f939fc0e000-7f93a08cb000 r-xp 00000000 fd:00 2603529                    /usr/lib/jvm/java-1.8.0-openjdk-1.8.0.144-0.b01.el7_4.x86_64/jre/lib/amd64/server/libjvm.so
7f93a08cb000-7f93a0aca000 ---p 00cbd000 fd:00 2603529                    /usr/lib/jvm/java-1.8.0-openjdk-1.8.0.144-0.b01.el7_4.x86_64/jre/lib/amd64/server/libjvm.so
7f93a0aca000-7f93a0b75000 r--p 00cbc000 fd:00 2603529                    /usr/lib/jvm/java-1.8.0-openjdk-1.8.0.144-0.b01.el7_4.x86_64/jre/lib/amd64/server/libjvm.so
7f93a0b75000-7f93a0b9e000 rw-p 00d67000 fd:00 2603529                    /usr/lib/jvm/java-1.8.0-openjdk-1.8.0.144-0.b01.el7_4.x86_64/jre/lib/amd64/server/libjvm.so
7f93a0b9e000-7f93a0bd1000 rw-p 00000000 00:00 0 
7f93a0bd1000-7f93a0d94000 r-xp 00000000 fd:00 59005                      /usr/lib64/libc-2.17.so
7f93a0d94000-7f93a0f93000 ---p 001c3000 fd:00 59005                      /usr/lib64/libc-2.17.so
7f93a0f93000-7f93a0f97000 r--p 001c2000 fd:00 59005                      /usr/lib64/libc-2.17.so
7f93a0f97000-7f93a0f99000 rw-p 001c6000 fd:00 59005                      /usr/lib64/libc-2.17.so
7f93a0f99000-7f93a0f9e000 rw-p 00000000 00:00 0 
7f93a0f9e000-7f93a0fa0000 r-xp 00000000 fd:00 1235371                    /usr/lib64/libdl-2.17.so
7f93a0fa0000-7f93a11a0000 ---p 00002000 fd:00 1235371                    /usr/lib64/libdl-2.17.so
7f93a11a0000-7f93a11a1000 r--p 00002000 fd:00 1235371                    /usr/lib64/libdl-2.17.so
7f93a11a1000-7f93a11a2000 rw-p 00003000 fd:00 1235371                    /usr/lib64/libdl-2.17.so
7f93a11a2000-7f93a11b0000 r-xp 00000000 fd:00 50583498                   /usr/lib/jvm/java-1.8.0-openjdk-1.8.0.144-0.b01.el7_4.x86_64/jre/lib/amd64/jli/libjli.so
7f93a11b0000-7f93a13af000 ---p 0000e000 fd:00 50583498                   /usr/lib/jvm/java-1.8.0-openjdk-1.8.0.144-0.b01.el7_4.x86_64/jre/lib/amd64/jli/libjli.so
7f93a13af000-7f93a13b0000 r--p 0000d000 fd:00 50583498                   /usr/lib/jvm/java-1.8.0-openjdk-1.8.0.144-0.b01.el7_4.x86_64/jre/lib/amd64/jli/libjli.so
7f93a13b0000-7f93a13b1000 rw-p 0000e000 fd:00 50583498                   /usr/lib/jvm/java-1.8.0-openjdk-1.8.0.144-0.b01.el7_4.x86_64/jre/lib/amd64/jli/libjli.so
7f93a13b1000-7f93a13c6000 r-xp 00000000 fd:00 81032                      /usr/lib64/libz.so.1.2.7
7f93a13c6000-7f93a15c5000 ---p 00015000 fd:00 81032                      /usr/lib64/libz.so.1.2.7
7f93a15c5000-7f93a15c6000 r--p 00014000 fd:00 81032                      /usr/lib64/libz.so.1.2.7
7f93a15c6000-7f93a15c7000 rw-p 00015000 fd:00 81032                      /usr/lib64/libz.so.1.2.7
7f93a15c7000-7f93a15de000 r-xp 00000000 fd:00 59031                      /usr/lib64/libpthread-2.17.so
7f93a15de000-7f93a17dd000 ---p 00017000 fd:00 59031                      /usr/lib64/libpthread-2.17.so
7f93a17dd000-7f93a17de000 r--p 00016000 fd:00 59031                      /usr/lib64/libpthread-2.17.so
7f93a17de000-7f93a17df000 rw-p 00017000 fd:00 59031                      /usr/lib64/libpthread-2.17.so
7f93a17df000-7f93a17e3000 rw-p 00000000 00:00 0 
7f93a17e3000-7f93a1805000 r-xp 00000000 fd:00 735553                     /usr/lib64/ld-2.17.so
7f93a1805000-7f93a1807000 rw-p 00000000 00:00 0 
7f93a1807000-7f93a1808000 r--s 00007000 fd:00 33837245                   /usr/lib/jvm/java-1.8.0-openjdk-1.8.0.144-0.b01.el7_4.x86_64/jre/lib/ext/sunec.jar
7f93a1808000-7f93a1832000 rw-p 00000000 00:00 0 
7f93a1832000-7f93a185e000 ---p 00000000 00:00 0 
7f93a185e000-7f93a1873000 rw-p 00000000 00:00 0 
7f93a1873000-7f93a1888000 ---p 00000000 00:00 0 
7f93a1888000-7f93a18b2000 rw-p 00000000 00:00 0 
7f93a18b2000-7f93a18de000 ---p 00000000 00:00 0 
7f93a18de000-7f93a18df000 rw-p 00000000 00:00 0 
7f93a18df000-7f93a18e3000 ---p 00000000 00:00 0 
7f93a18e3000-7f93a19e5000 rw-p 00000000 00:00 0                          [stack:44512]
7f93a19e5000-7f93a19e8000 r--s 00018000 fd:00 2603544                    /usr/lib/jvm/java-1.8.0-openjdk-1.8.0.144-0.b01.el7_4.x86_64/jre/lib/jce.jar
7f93a19e8000-7f93a19ed000 r--s 000b3000 fd:00 2603546                    /usr/lib/jvm/java-1.8.0-openjdk-1.8.0.144-0.b01.el7_4.x86_64/jre/lib/jsse.jar
7f93a19ed000-7f93a19f9000 rw-p 00000000 00:00 0 
7f93a19f9000-7f93a1a01000 rw-s 00000000 fd:00 33705834                   /tmp/hsperfdata_casadmin/44511
7f93a1a01000-7f93a1a02000 rw-p 00000000 00:00 0 
7f93a1a02000-7f93a1a03000 r--p 00000000 00:00 0 
7f93a1a03000-7f93a1a04000 rw-p 00000000 00:00 0 
7f93a1a04000-7f93a1a05000 r--p 00021000 fd:00 735553                     /usr/lib64/ld-2.17.so
7f93a1a05000-7f93a1a06000 rw-p 00022000 fd:00 735553                     /usr/lib64/ld-2.17.so
7f93a1a06000-7f93a1a07000 rw-p 00000000 00:00 0 
7ffc6b8c9000-7ffc6b8ea000 rw-p 00000000 00:00 0                          [stack]
7ffc6b96c000-7ffc6b96e000 r-xp 00000000 00:00 0                          [vdso]
ffffffffff600000-ffffffffff601000 r-xp 00000000 00:00 0                  [vsyscall]

VM Arguments:
jvm_args: -Djava.awt.headless=true -Xmx256m -XX:+UseConcMarkSweepGC -Djava.awt.headless=true -Xmx256m -XX:+UseConcMarkSweepGC -Dlogging.config=/etc/default/casconfig/cas-hub/log4j2.xml -Xdebug -Xrunjdwp:transport=dt_socket,address=12005,server=y,suspend=n -ea -Djava.net.preferIPv4Stack=true -Dcom.sun.management.jmxremote.authenticate=false -Dcom.sun.management.jmxremote.ssl=false -Dcom.sun.management.jmxremote=true -Dcom.sun.management.jmxremote.rmi.port=12007 -Dcom.sun.management.jmxremote.local.only=false -Djava.rmi.server.hostname=10.45.250.6 -Dcom.sun.management.jmxremote.port=12007 -Dcasmain.properties.filepath=file:/etc/default/casconfig/cas-gen/mq-base0.properties,file:/etc/default/casconfig/cas-gen/db-base0.properties,file:/etc/default/casconfig/cas-hub/hub-base0.properties -Dport=12004 -ea 
java_command: main-banc-dispacher-0.0.1-SNAPSHOT-spring-boot.jar
java_class_path (initial): main-banc-dispacher-0.0.1-SNAPSHOT-spring-boot.jar
Launcher Type: SUN_STANDARD

Environment Variables:
PATH=/usr/local/sbin:/usr/local/bin:/usr/sbin:/usr/bin
SHELL=/bin/bash

Signal Handlers:
SIGSEGV: [libjvm.so+0xaada50], sa_mask[0]=11111111011111111101111111111110, sa_flags=SA_RESTART|SA_SIGINFO
SIGBUS: [libjvm.so+0xaada50], sa_mask[0]=11111111011111111101111111111110, sa_flags=SA_RESTART|SA_SIGINFO
SIGFPE: [libjvm.so+0x8a8280], sa_mask[0]=11111111011111111101111111111110, sa_flags=SA_RESTART|SA_SIGINFO
SIGPIPE: SIG_IGN, sa_mask[0]=00000000000000000000000000000000, sa_flags=none
SIGXFSZ: [libjvm.so+0x8a8280], sa_mask[0]=11111111011111111101111111111110, sa_flags=SA_RESTART|SA_SIGINFO
SIGILL: [libjvm.so+0x8a8280], sa_mask[0]=11111111011111111101111111111110, sa_flags=SA_RESTART|SA_SIGINFO
SIGUSR1: SIG_DFL, sa_mask[0]=00000000000000000000000000000000, sa_flags=none
SIGUSR2: [libjvm.so+0x8a8130], sa_mask[0]=00000000000000000000000000000000, sa_flags=SA_RESTART|SA_SIGINFO
SIGHUP: [libjvm.so+0x8a8340], sa_mask[0]=11111111011111111101111111111110, sa_flags=SA_RESTART|SA_SIGINFO
SIGINT: [libjvm.so+0x8a8340], sa_mask[0]=11111111011111111101111111111110, sa_flags=SA_RESTART|SA_SIGINFO
SIGTERM: [libjvm.so+0x8a8340], sa_mask[0]=11111111011111111101111111111110, sa_flags=SA_RESTART|SA_SIGINFO
SIGQUIT: [libjvm.so+0x8a8340], sa_mask[0]=11111111011111111101111111111110, sa_flags=SA_RESTART|SA_SIGINFO


---------------  S Y S T E M  ---------------

OS:CentOS Linux release 7.3.1611 (Core) 

uname:Linux 3.10.0-514.el7.x86_64 #1 SMP Tue Nov 22 16:42:41 UTC 2016 x86_64
libc:glibc 2.17 NPTL 2.17 
rlimit: STACK 8192k, CORE 0k, NPROC 15012, NOFILE 4096, AS infinity
load average:0.11 0.14 0.14

/proc/meminfo:
MemTotal:        8068372 kB
MemFree:          233224 kB
MemAvailable:    5657808 kB
Buffers:               0 kB
Cached:          3988040 kB
SwapCached:        24112 kB
Active:          3869744 kB
Inactive:        1817516 kB
Active(anon):    1254536 kB
Inactive(anon):   623000 kB
Active(file):    2615208 kB
Inactive(file):  1194516 kB
Unevictable:           0 kB
Mlocked:               0 kB
SwapTotal:       2097148 kB
SwapFree:        1776880 kB
Dirty:               152 kB
Writeback:             0 kB
AnonPages:       1677164 kB
Mapped:            56124 kB
Shmem:            178316 kB
Slab:            1869228 kB
SReclaimable:    1696284 kB
SUnreclaim:       172944 kB
KernelStack:       11888 kB
PageTables:        25808 kB
NFS_Unstable:          0 kB
Bounce:                0 kB
WritebackTmp:          0 kB
CommitLimit:     6131332 kB
Committed_AS:    3345080 kB
VmallocTotal:   34359738367 kB
VmallocUsed:      171184 kB
VmallocChunk:   34359326716 kB
HardwareCorrupted:     0 kB
AnonHugePages:   1110016 kB
HugePages_Total:       0
HugePages_Free:        0
HugePages_Rsvd:        0
HugePages_Surp:        0
Hugepagesize:       2048 kB
DirectMap4k:      169856 kB
DirectMap2M:     5072896 kB
DirectMap1G:     5242880 kB


CPU:total 4 (initial active 4) (2 cores per cpu, 1 threads per core) family 6 model 79 stepping 1, cmov, cx8, fxsr, mmx, sse, sse2, sse3, ssse3, sse4.1, sse4.2, popcnt, avx, aes, clmul, erms, 3dnowpref, tsc, tscinvbit

/proc/cpuinfo:
processor	: 0
vendor_id	: GenuineIntel
cpu family	: 6
model		: 79
model name	: Intel(R) Xeon(R) CPU E5-2680 v4 @ 2.40GHz
stepping	: 1
microcode	: 0xb00002a
cpu MHz		: 2399.648
cache size	: 35840 KB
physical id	: 0
siblings	: 2
core id		: 0
cpu cores	: 2
apicid		: 0
initial apicid	: 0
fpu		: yes
fpu_exception	: yes
cpuid level	: 20
wp		: yes
flags		: fpu vme de pse tsc msr pae mce cx8 apic sep mtrr pge mca cmov pat pse36 clflush dts mmx fxsr sse sse2 ss ht syscall nx pdpe1gb rdtscp lm constant_tsc arch_perfmon pebs bts nopl xtopology tsc_reliable nonstop_tsc pni pclmulqdq ssse3 fma cx16 pcid sse4_1 sse4_2 x2apic movbe popcnt aes xsave avx f16c rdrand hypervisor lahf_lm 3dnowprefetch arat fsgsbase smep
bogomips	: 4799.99
clflush size	: 64
cache_alignment	: 64
address sizes	: 40 bits physical, 48 bits virtual
power management:

processor	: 1
vendor_id	: GenuineIntel
cpu family	: 6
model		: 79
model name	: Intel(R) Xeon(R) CPU E5-2680 v4 @ 2.40GHz
stepping	: 1
microcode	: 0xb00002a
cpu MHz		: 2399.648
cache size	: 35840 KB
physical id	: 0
siblings	: 2
core id		: 1
cpu cores	: 2
apicid		: 1
initial apicid	: 1
fpu		: yes
fpu_exception	: yes
cpuid level	: 20
wp		: yes
flags		: fpu vme de pse tsc msr pae mce cx8 apic sep mtrr pge mca cmov pat pse36 clflush dts mmx fxsr sse sse2 ss ht syscall nx pdpe1gb rdtscp lm constant_tsc arch_perfmon pebs bts nopl xtopology tsc_reliable nonstop_tsc pni pclmulqdq ssse3 fma cx16 pcid sse4_1 sse4_2 x2apic movbe popcnt aes xsave avx f16c rdrand hypervisor lahf_lm 3dnowprefetch arat fsgsbase smep
bogomips	: 4799.99
clflush size	: 64
cache_alignment	: 64
address sizes	: 40 bits physical, 48 bits virtual
power management:

processor	: 2
vendor_id	: GenuineIntel
cpu family	: 6
model		: 79
model name	: Intel(R) Xeon(R) CPU E5-2680 v4 @ 2.40GHz
stepping	: 1
microcode	: 0xb00002a
cpu MHz		: 2399.648
cache size	: 35840 KB
physical id	: 1
siblings	: 2
core id		: 0
cpu cores	: 2
apicid		: 2
initial apicid	: 2
fpu		: yes
fpu_exception	: yes
cpuid level	: 20
wp		: yes
flags		: fpu vme de pse tsc msr pae mce cx8 apic sep mtrr pge mca cmov pat pse36 clflush dts mmx fxsr sse sse2 ss ht syscall nx pdpe1gb rdtscp lm constant_tsc arch_perfmon pebs bts nopl xtopology tsc_reliable nonstop_tsc pni pclmulqdq ssse3 fma cx16 pcid sse4_1 sse4_2 x2apic movbe popcnt aes xsave avx f16c rdrand hypervisor lahf_lm 3dnowprefetch arat fsgsbase smep
bogomips	: 4799.99
clflush size	: 64
cache_alignment	: 64
address sizes	: 40 bits physical, 48 bits virtual
power management:

processor	: 3
vendor_id	: GenuineIntel
cpu family	: 6
model		: 79
model name	: Intel(R) Xeon(R) CPU E5-2680 v4 @ 2.40GHz
stepping	: 1
microcode	: 0xb00002a
cpu MHz		: 2399.648
cache size	: 35840 KB
physical id	: 1
siblings	: 2
core id		: 1
cpu cores	: 2
apicid		: 3
initial apicid	: 3
fpu		: yes
fpu_exception	: yes
cpuid level	: 20
wp		: yes
flags		: fpu vme de pse tsc msr pae mce cx8 apic sep mtrr pge mca cmov pat pse36 clflush dts mmx fxsr sse sse2 ss ht syscall nx pdpe1gb rdtscp lm constant_tsc arch_perfmon pebs bts nopl xtopology tsc_reliable nonstop_tsc pni pclmulqdq ssse3 fma cx16 pcid sse4_1 sse4_2 x2apic movbe popcnt aes xsave avx f16c rdrand hypervisor lahf_lm 3dnowprefetch arat fsgsbase smep
bogomips	: 4799.99
clflush size	: 64
cache_alignment	: 64
address sizes	: 40 bits physical, 48 bits virtual
power management:



Memory: 4k page, physical 8068372k(233224k free), swap 2097148k(1776880k free)

vm_info: OpenJDK 64-Bit Server VM (25.144-b01) for linux-amd64 JRE (1.8.0_144-b01), built on Sep  6 2017 14:53:02 by "mockbuild" with gcc 4.8.5 20150623 (Red Hat 4.8.5-16)

time: Tue Mar 31 20:52:03 2020
elapsed time: 768 seconds (0d 0h 12m 48s)

