#
# A fatal error has been detected by the Java Runtime Environment:
#
#  SIGBUS (0x7) at pc=0x00007fb4b104f2ed, pid=45700, tid=0x00007fb4250e8700
#
# JRE version: OpenJDK Runtime Environment (8.0_144-b01) (build 1.8.0_144-b01)
# Java VM: OpenJDK 64-Bit Server VM (25.144-b01 mixed mode linux-amd64 compressed oops)
# Problematic frame:
# C  [libzip.so+0x52ed]
#
# Failed to write core dump. Core dumps have been disabled. To enable core dumping, try "ulimit -c unlimited" before starting Java again
#
# If you would like to submit a bug report, please visit:
#   http://bugreport.java.com/bugreport/crash.jsp
# The crash happened outside the Java Virtual Machine in native code.
# See problematic frame for where to report the bug.
#

---------------  T H R E A D  ---------------

Current thread (0x00007fb434153800):  JavaThread "myScheduler-4" [_thread_in_native, id=47557, stack(0x00007fb424fe8000,0x00007fb4250e9000)]

siginfo: si_signo: 7 (SIGBUS), si_code: 2 (BUS_ADRERR), si_addr: 0x00007fb4a002b39c

Registers:
RAX=0x00007fb460ae3fb0, RBX=0x00007fb4b82c2730, RCX=0x00007fb460ae3fa0, RDX=0x00007fb460ae3fb0
RSP=0x00007fb4250e59b0, RBP=0x00007fb4250e5a10, RSI=0x00007fb460000038, RDI=0x00007fb4613d5660
R8 =0x0000000000000003, R9 =0x0000000000000048, R10=0x00007fb4a23dfe58, R11=0x00007fb4bdddc4a0
R12=0x00007fb4b82c3298, R13=0x00007fb4a002b37f, R14=0x00007fb460ae3fb0, R15=0x00007fb4b82c2730
RIP=0x00007fb4b104f2ed, EFLAGS=0x0000000000010202, CSGSFS=0x0000000000000033, ERR=0x0000000000000004
  TRAPNO=0x000000000000000e

Top of Stack: (sp=0x00007fb4250e59b0)
0x00007fb4250e59b0:   00007fb4250e5a00 00007fb434153800
0x00007fb4250e59c0:   00007fb4250e5a00 0000000093f74000
0x00007fb4250e59d0:   00007fb434153800 00007fb4bd4fa2be
0x00007fb4250e59e0:   0000000000000016 00007fb4b82c3290
0x00007fb4250e59f0:   000000000f9d8395 00007fb4250e5a95
0x00007fb4250e5a00:   00007fb464370250 00007fb4b82c2730
0x00007fb4250e5a10:   00007fb4250e5a60 00007fb4b1050114
0x00007fb4250e5a20:   00007fb4250e5a80 0000001601f74000
0x00007fb4250e5a30:   00007fb4250e5a60 0000000000000016
0x00007fb4250e5a40:   00007fb434153a58 00007fb4250e5ed8
0x00007fb4250e5a50:   00007fb4250e5f00 0000000000000001
0x00007fb4250e5a60:   00007fb4250e5ec0 00007fb4b104dcfd
0x00007fb4250e5a70:   00007fb4250e5a80 00007fb4b82c2730
0x00007fb4250e5a80:   464e492d4154454d 7473616d7365722f
0x00007fb4250e5a90:   00006c6d782e7265 00007fb4250e6330
0x00007fb4250e5aa0:   00007fb4250e5b70 00007fb4bd77cdb7
0x00007fb4250e5ab0:   00007fb4250e60d0 00007fb400000000
0x00007fb4250e5ac0:   00007fb4250e6200 00007fb4bd77cd88
0x00007fb4250e5ad0:   00007fb4250e6000 00007fb4bdc975db
0x00007fb4250e5ae0:   00007fb400000001 00007fb4bd503aba
0x00007fb4250e5af0:   00007fb460cac0f0 00007fb4bd6578b8
0x00007fb4250e5b00:   0000000000000000 00000000bd4e236f
0x00007fb4250e5b10:   0000000000000000 00007fb4250e5b30
0x00007fb4250e5b20:   00007fb4250e5b40 00007fb4bd5c95b9
0x00007fb4250e5b30:   00007fb4250e5c50 00007fb425adaf90
0x00007fb4250e5b40:   00007fb425adadd0 0000000000000031
0x00007fb4250e5b50:   00007fb4250e5b70 00007fb4bd4de66c
0x00007fb4250e5b60:   0000000a00000000 00007fb425adaed0
0x00007fb4250e5b70:   00007fb4250e5b80 0000000000000400
0x00007fb4250e5b80:   0000000002282d0a 0100000000000000
0x00007fb4250e5b90:   00007fb4250e5b80 0000000000000000
0x00007fb4250e5ba0:   30342e35342e3031 316f73737000322e 

Instructions: (pc=0x00007fb4b104f2ed)
0x00007fb4b104f2cd:   73 48 48 8b 7b 10 b9 a0 00 00 00 49 8b 14 24 e8
0x00007fb4b104f2dd:   8f fe ff ff 49 89 c5 4d 85 ed 0f 84 e3 04 00 00
0x00007fb4b104f2ed:   45 0f b6 55 1d 41 0f b6 45 1c 45 31 e4 41 0f b6
0x00007fb4b104f2fd:   55 0d 41 0f b6 75 0e 45 0f b6 7d 1f 41 c1 e2 08 

Register to memory mapping:

RAX=0x00007fb460ae3fb0 is an unknown value
RBX=0x00007fb4b82c2730 is an unknown value
RCX=0x00007fb460ae3fa0 is an unknown value
RDX=0x00007fb460ae3fb0 is an unknown value
RSP=0x00007fb4250e59b0 is pointing into the stack for thread: 0x00007fb434153800
RBP=0x00007fb4250e5a10 is pointing into the stack for thread: 0x00007fb434153800
RSI=0x00007fb460000038 is an unknown value
RDI=0x00007fb4613d5660 is an unknown value
R8 =0x0000000000000003 is an unknown value
R9 =0x0000000000000048 is an unknown value
R10=0x00007fb4a23dfe58 is at entry_point+88 in (nmethod*)0x00007fb4a23dfc90
R11=0x00007fb4bdddc4a0: <offset 0x18d4a0> in /lib64/libc.so.6 at 0x00007fb4bdc4f000
R12=0x00007fb4b82c3298 is an unknown value
R13=0x00007fb4a002b37f is an unknown value
R14=0x00007fb460ae3fb0 is an unknown value
R15=0x00007fb4b82c2730 is an unknown value


Stack: [0x00007fb424fe8000,0x00007fb4250e9000],  sp=0x00007fb4250e59b0,  free space=1014k
Native frames: (J=compiled Java code, j=interpreted, Vv=VM code, C=native code)
C  [libzip.so+0x52ed]
C  [libzip.so+0x6114]
C  [libzip.so+0x3cfd]  Java_java_util_zip_ZipFile_getEntry+0xfd
J 974  java.util.zip.ZipFile.getEntry(J[BZ)J (0 bytes) @ 0x00007fb4a23dfece [0x00007fb4a23dfe00+0xce]
J 4046 C2 sun.misc.URLClassPath$JarLoader.getResource(Ljava/lang/String;Z)Lsun/misc/Resource; (85 bytes) @ 0x00007fb4a2ab427c [0x00007fb4a2ab3c40+0x63c]
J 4192 C2 sun.misc.URLClassPath.findResource(Ljava/lang/String;Z)Ljava/net/URL; (47 bytes) @ 0x00007fb4a2f2969c [0x00007fb4a2f293a0+0x2fc]
J 2605 C2 java.net.URLClassLoader$2.run()Ljava/lang/Object; (5 bytes) @ 0x00007fb4a2a76238 [0x00007fb4a2a761e0+0x58]
v  ~StubRoutines::call_stub
V  [libjvm.so+0x66f77a]
V  [libjvm.so+0x6c0b3d]  JVM_DoPrivileged+0x55d
J 1095  java.security.AccessController.doPrivileged(Ljava/security/PrivilegedAction;Ljava/security/AccessControlContext;)Ljava/lang/Object; (0 bytes) @ 0x00007fb4a243b455 [0x00007fb4a243b380+0xd5]
J 18592 C2 java.lang.ClassLoader.getResource(Ljava/lang/String;)Ljava/net/URL; (36 bytes) @ 0x00007fb4a2a5fd94 [0x00007fb4a2a5fc00+0x194]
J 5388 C1 java.net.URLClassLoader.getResourceAsStream(Ljava/lang/String;)Ljava/io/InputStream; (137 bytes) @ 0x00007fb4a22e8c5c [0x00007fb4a22e8b40+0x11c]
J 2552 C1 org.springframework.core.io.ClassPathResource.getInputStream()Ljava/io/InputStream; (88 bytes) @ 0x00007fb4a2a2ba1c [0x00007fb4a2a2aec0+0xb5c]
J 18887 C1 com.antruak.idm.batch.helper.ResourceDispatcher.readXml(Ljava/lang/Long;Ljava/lang/String;)Ljava/util/List; (532 bytes) @ 0x00007fb4a58a9e74 [0x00007fb4a58a9aa0+0x3d4]
J 19100 C1 com.antruak.idm.batch.process.ResourceProcessorDb.createResources()V (234 bytes) @ 0x00007fb4a5933924 [0x00007fb4a5932900+0x1024]
J 18427 C1 com.antruak.idm.batch.process.ResourceProcessorDb$$FastClassBySpringCGLIB$$d17a90ac.invoke(ILjava/lang/Object;[Ljava/lang/Object;)Ljava/lang/Object; (157 bytes) @ 0x00007fb4a574c04c [0x00007fb4a574b800+0x84c]
J 20125 C2 org.springframework.cglib.proxy.MethodProxy.invoke(Ljava/lang/Object;[Ljava/lang/Object;)Ljava/lang/Object; (72 bytes) @ 0x00007fb4a4ad1b60 [0x00007fb4a4ad1ae0+0x80]
J 19305 C2 org.springframework.aop.framework.ReflectiveMethodInvocation.proceed()Ljava/lang/Object; (107 bytes) @ 0x00007fb4a4cad038 [0x00007fb4a4cacf60+0xd8]
J 21905 C2 org.springframework.transaction.interceptor.TransactionInterceptor.invoke(Lorg/aopalliance/intercept/MethodInvocation;)Ljava/lang/Object; (44 bytes) @ 0x00007fb4a618dd54 [0x00007fb4a618c360+0x19f4]
J 19305 C2 org.springframework.aop.framework.ReflectiveMethodInvocation.proceed()Ljava/lang/Object; (107 bytes) @ 0x00007fb4a4cad1cc [0x00007fb4a4cacf60+0x26c]
J 20126 C2 org.springframework.aop.framework.CglibAopProxy$DynamicAdvisedInterceptor.intercept(Ljava/lang/Object;Ljava/lang/reflect/Method;[Ljava/lang/Object;Lorg/springframework/cglib/proxy/MethodProxy;)Ljava/lang/Object; (192 bytes) @ 0x00007fb4a4c243bc [0x00007fb4a4c24160+0x25c]
J 20591 C1 com.antruak.idm.batch.process.ResourceProcessorDb$$EnhancerBySpringCGLIB$$37ea6145.createResources()V (52 bytes) @ 0x00007fb4a4e45b74 [0x00007fb4a4e459a0+0x1d4]
J 20863 C2 com.antruak.banc.batch.tools.FrontEndBridgeImpl$$FastClassBySpringCGLIB$$6c8c155.invoke(ILjava/lang/Object;[Ljava/lang/Object;)Ljava/lang/Object; (170 bytes) @ 0x00007fb4a5f09de8 [0x00007fb4a5f09b80+0x268]
J 20126 C2 org.springframework.aop.framework.CglibAopProxy$DynamicAdvisedInterceptor.intercept(Ljava/lang/Object;Ljava/lang/reflect/Method;[Ljava/lang/Object;Lorg/springframework/cglib/proxy/MethodProxy;)Ljava/lang/Object; (192 bytes) @ 0x00007fb4a4c2445c [0x00007fb4a4c24160+0x2fc]
J 20585 C1 com.antruak.banc.batch.tools.FrontEndBridgeImpl$$EnhancerBySpringCGLIB$$b3e024e0.scheduler()V (52 bytes) @ 0x00007fb4a2b1e834 [0x00007fb4a2b1e660+0x1d4]
J 20645 C1 sun.reflect.GeneratedMethodAccessor232.invoke(Ljava/lang/Object;[Ljava/lang/Object;)Ljava/lang/Object; (62 bytes) @ 0x00007fb4a21b7444 [0x00007fb4a21b71a0+0x2a4]
J 8444 C2 java.lang.reflect.Method.invoke(Ljava/lang/Object;[Ljava/lang/Object;)Ljava/lang/Object; (62 bytes) @ 0x00007fb4a30fea94 [0x00007fb4a30fe9e0+0xb4]
J 20584 C1 org.springframework.scheduling.support.ScheduledMethodRunnable.run()V (48 bytes) @ 0x00007fb4a5c348d4 [0x00007fb4a5c34720+0x1b4]
J 20583 C1 org.springframework.scheduling.support.DelegatingErrorHandlingRunnable.run()V (41 bytes) @ 0x00007fb4a48349cc [0x00007fb4a48348c0+0x10c]
J 22035 C2 java.util.concurrent.ScheduledThreadPoolExecutor$ScheduledFutureTask.run()V (59 bytes) @ 0x00007fb4a56c53c4 [0x00007fb4a56c52c0+0x104]
j  java.util.concurrent.ThreadPoolExecutor.runWorker(Ljava/util/concurrent/ThreadPoolExecutor$Worker;)V+95
j  java.util.concurrent.ThreadPoolExecutor$Worker.run()V+5
j  java.lang.Thread.run()V+11
v  ~StubRoutines::call_stub
V  [libjvm.so+0x66f77a]
V  [libjvm.so+0x66cc14]
V  [libjvm.so+0x66d229]
V  [libjvm.so+0x6b1f91]
V  [libjvm.so+0xa564b2]
V  [libjvm.so+0x8a9df2]
C  [libpthread.so.0+0x7e25]  start_thread+0xc5

Java frames: (J=compiled Java code, j=interpreted, Vv=VM code)
J 974  java.util.zip.ZipFile.getEntry(J[BZ)J (0 bytes) @ 0x00007fb4a23dfe58 [0x00007fb4a23dfe00+0x58]
J 4046 C2 sun.misc.URLClassPath$JarLoader.getResource(Ljava/lang/String;Z)Lsun/misc/Resource; (85 bytes) @ 0x00007fb4a2ab427c [0x00007fb4a2ab3c40+0x63c]
J 4192 C2 sun.misc.URLClassPath.findResource(Ljava/lang/String;Z)Ljava/net/URL; (47 bytes) @ 0x00007fb4a2f2969c [0x00007fb4a2f293a0+0x2fc]
J 2605 C2 java.net.URLClassLoader$2.run()Ljava/lang/Object; (5 bytes) @ 0x00007fb4a2a76238 [0x00007fb4a2a761e0+0x58]
v  ~StubRoutines::call_stub
J 1095  java.security.AccessController.doPrivileged(Ljava/security/PrivilegedAction;Ljava/security/AccessControlContext;)Ljava/lang/Object; (0 bytes) @ 0x00007fb4a243b3e3 [0x00007fb4a243b380+0x63]
J 18592 C2 java.lang.ClassLoader.getResource(Ljava/lang/String;)Ljava/net/URL; (36 bytes) @ 0x00007fb4a2a5fd94 [0x00007fb4a2a5fc00+0x194]
J 5388 C1 java.net.URLClassLoader.getResourceAsStream(Ljava/lang/String;)Ljava/io/InputStream; (137 bytes) @ 0x00007fb4a22e8c5c [0x00007fb4a22e8b40+0x11c]
J 2552 C1 org.springframework.core.io.ClassPathResource.getInputStream()Ljava/io/InputStream; (88 bytes) @ 0x00007fb4a2a2ba1c [0x00007fb4a2a2aec0+0xb5c]
J 18887 C1 com.antruak.idm.batch.helper.ResourceDispatcher.readXml(Ljava/lang/Long;Ljava/lang/String;)Ljava/util/List; (532 bytes) @ 0x00007fb4a58a9e74 [0x00007fb4a58a9aa0+0x3d4]
J 19100 C1 com.antruak.idm.batch.process.ResourceProcessorDb.createResources()V (234 bytes) @ 0x00007fb4a5933924 [0x00007fb4a5932900+0x1024]
J 18427 C1 com.antruak.idm.batch.process.ResourceProcessorDb$$FastClassBySpringCGLIB$$d17a90ac.invoke(ILjava/lang/Object;[Ljava/lang/Object;)Ljava/lang/Object; (157 bytes) @ 0x00007fb4a574c04c [0x00007fb4a574b800+0x84c]
J 20125 C2 org.springframework.cglib.proxy.MethodProxy.invoke(Ljava/lang/Object;[Ljava/lang/Object;)Ljava/lang/Object; (72 bytes) @ 0x00007fb4a4ad1b60 [0x00007fb4a4ad1ae0+0x80]
J 19305 C2 org.springframework.aop.framework.ReflectiveMethodInvocation.proceed()Ljava/lang/Object; (107 bytes) @ 0x00007fb4a4cad038 [0x00007fb4a4cacf60+0xd8]
J 21905 C2 org.springframework.transaction.interceptor.TransactionInterceptor.invoke(Lorg/aopalliance/intercept/MethodInvocation;)Ljava/lang/Object; (44 bytes) @ 0x00007fb4a618dd54 [0x00007fb4a618c360+0x19f4]
J 19305 C2 org.springframework.aop.framework.ReflectiveMethodInvocation.proceed()Ljava/lang/Object; (107 bytes) @ 0x00007fb4a4cad1cc [0x00007fb4a4cacf60+0x26c]
J 20126 C2 org.springframework.aop.framework.CglibAopProxy$DynamicAdvisedInterceptor.intercept(Ljava/lang/Object;Ljava/lang/reflect/Method;[Ljava/lang/Object;Lorg/springframework/cglib/proxy/MethodProxy;)Ljava/lang/Object; (192 bytes) @ 0x00007fb4a4c243bc [0x00007fb4a4c24160+0x25c]
J 20591 C1 com.antruak.idm.batch.process.ResourceProcessorDb$$EnhancerBySpringCGLIB$$37ea6145.createResources()V (52 bytes) @ 0x00007fb4a4e45b74 [0x00007fb4a4e459a0+0x1d4]
J 20863 C2 com.antruak.banc.batch.tools.FrontEndBridgeImpl$$FastClassBySpringCGLIB$$6c8c155.invoke(ILjava/lang/Object;[Ljava/lang/Object;)Ljava/lang/Object; (170 bytes) @ 0x00007fb4a5f09de8 [0x00007fb4a5f09b80+0x268]
J 20126 C2 org.springframework.aop.framework.CglibAopProxy$DynamicAdvisedInterceptor.intercept(Ljava/lang/Object;Ljava/lang/reflect/Method;[Ljava/lang/Object;Lorg/springframework/cglib/proxy/MethodProxy;)Ljava/lang/Object; (192 bytes) @ 0x00007fb4a4c2445c [0x00007fb4a4c24160+0x2fc]
J 20585 C1 com.antruak.banc.batch.tools.FrontEndBridgeImpl$$EnhancerBySpringCGLIB$$b3e024e0.scheduler()V (52 bytes) @ 0x00007fb4a2b1e834 [0x00007fb4a2b1e660+0x1d4]
J 20645 C1 sun.reflect.GeneratedMethodAccessor232.invoke(Ljava/lang/Object;[Ljava/lang/Object;)Ljava/lang/Object; (62 bytes) @ 0x00007fb4a21b7444 [0x00007fb4a21b71a0+0x2a4]
J 8444 C2 java.lang.reflect.Method.invoke(Ljava/lang/Object;[Ljava/lang/Object;)Ljava/lang/Object; (62 bytes) @ 0x00007fb4a30fea94 [0x00007fb4a30fe9e0+0xb4]
J 20584 C1 org.springframework.scheduling.support.ScheduledMethodRunnable.run()V (48 bytes) @ 0x00007fb4a5c348d4 [0x00007fb4a5c34720+0x1b4]
J 20583 C1 org.springframework.scheduling.support.DelegatingErrorHandlingRunnable.run()V (41 bytes) @ 0x00007fb4a48349cc [0x00007fb4a48348c0+0x10c]
J 22035 C2 java.util.concurrent.ScheduledThreadPoolExecutor$ScheduledFutureTask.run()V (59 bytes) @ 0x00007fb4a56c53c4 [0x00007fb4a56c52c0+0x104]
j  java.util.concurrent.ThreadPoolExecutor.runWorker(Ljava/util/concurrent/ThreadPoolExecutor$Worker;)V+95
j  java.util.concurrent.ThreadPoolExecutor$Worker.run()V+5
j  java.lang.Thread.run()V+11
v  ~StubRoutines::call_stub

---------------  P R O C E S S  ---------------

Java Threads: ( => current thread )
  0x00007fb41c053000 JavaThread "ActiveMQ InactivityMonitor Worker" daemon [_thread_blocked, id=2405, stack(0x00007fb44d543000,0x00007fb44d644000)]
  0x00007fb46037c000 JavaThread "Thread-56" daemon [_thread_in_native, id=539, stack(0x00007fb44d442000,0x00007fb44d543000)]
  0x0000000000678000 JavaThread "Thread-43" daemon [_thread_in_native, id=34137, stack(0x00007fb4242df000,0x00007fb4243e0000)]
  0x0000000000677000 JavaThread "Thread-41" daemon [_thread_in_native, id=32957, stack(0x00007fb424ae5000,0x00007fb424be6000)]
  0x00007fb484009000 JavaThread "Thread-25" daemon [_thread_in_native, id=2120, stack(0x00007fb4248e3000,0x00007fb4249e4000)]
  0x00007fb4b8bde800 JavaThread "myExecutor-5" [_thread_blocked, id=53216, stack(0x00007fb4243e0000,0x00007fb4244e1000)]
  0x00007fb4605ac000 JavaThread "myExecutor-4" [_thread_blocked, id=51284, stack(0x00007fb4246e1000,0x00007fb4247e2000)]
  0x00007fb4620f0000 JavaThread "myExecutor-3" [_thread_blocked, id=51283, stack(0x00007fb4247e2000,0x00007fb4248e3000)]
  0x00007fb43001e000 JavaThread "myExecutor-2" [_thread_blocked, id=48818, stack(0x00007fb4249e4000,0x00007fb424ae5000)]
  0x00007fb430001800 JavaThread "myExecutor-1" [_thread_blocked, id=48817, stack(0x00007fb424de6000,0x00007fb424ee7000)]
  0x00007fb43c8d6000 JavaThread "myScheduler-5" [_thread_blocked, id=47659, stack(0x00007fb424ee7000,0x00007fb424fe8000)]
=>0x00007fb434153800 JavaThread "myScheduler-4" [_thread_in_native, id=47557, stack(0x00007fb424fe8000,0x00007fb4250e9000)]
  0x00007fb43c8d2000 JavaThread "myScheduler-3" [_thread_blocked, id=47493, stack(0x00007fb4276fd000,0x00007fb4277fe000)]
  0x00007fb43c066000 JavaThread "myScheduler-2" [_thread_blocked, id=47473, stack(0x00007fb44fdfe000,0x00007fb44feff000)]
  0x00007fb4b800c800 JavaThread "DestroyJavaVM" [_thread_blocked, id=45702, stack(0x00007fb4be95e000,0x00007fb4bea5e000)]
  0x00007fb4bac4f000 JavaThread "http-nio-12004-AsyncTimeout" daemon [_thread_blocked, id=45773, stack(0x00007fb425ae9000,0x00007fb425bea000)]
  0x00007fb4bac4d800 JavaThread "http-nio-12004-Acceptor-0" daemon [_thread_in_native, id=45772, stack(0x00007fb425bea000,0x00007fb425ceb000)]
  0x00007fb4b9855000 JavaThread "http-nio-12004-ClientPoller-1" daemon [_thread_in_native, id=45771, stack(0x00007fb425ceb000,0x00007fb425dec000)]
  0x00007fb4b9854000 JavaThread "http-nio-12004-ClientPoller-0" daemon [_thread_in_native, id=45770, stack(0x00007fb425dec000,0x00007fb425eed000)]
  0x00007fb4b9461000 JavaThread "http-nio-12004-exec-10" daemon [_thread_blocked, id=45769, stack(0x00007fb425eed000,0x00007fb425fee000)]
  0x00007fb4b945f000 JavaThread "http-nio-12004-exec-9" daemon [_thread_blocked, id=45768, stack(0x00007fb425fee000,0x00007fb4260ef000)]
  0x00007fb4b945e000 JavaThread "http-nio-12004-exec-8" daemon [_thread_blocked, id=45767, stack(0x00007fb4260ef000,0x00007fb4261f0000)]
  0x00007fb4b909e800 JavaThread "http-nio-12004-exec-7" daemon [_thread_blocked, id=45766, stack(0x00007fb4261f0000,0x00007fb4262f1000)]
  0x00007fb4b909c800 JavaThread "http-nio-12004-exec-6" daemon [_thread_blocked, id=45765, stack(0x00007fb4262f1000,0x00007fb4263f2000)]
  0x00007fb4b8952800 JavaThread "http-nio-12004-exec-5" daemon [_thread_blocked, id=45764, stack(0x00007fb4263f2000,0x00007fb4264f3000)]
  0x00007fb4ba6c8000 JavaThread "http-nio-12004-exec-4" daemon [_thread_blocked, id=45763, stack(0x00007fb4264f3000,0x00007fb4265f4000)]
  0x00007fb4b8aa6000 JavaThread "http-nio-12004-exec-3" daemon [_thread_blocked, id=45762, stack(0x00007fb4265f4000,0x00007fb4266f5000)]
  0x00007fb4ba924800 JavaThread "http-nio-12004-exec-2" daemon [_thread_blocked, id=45761, stack(0x00007fb4266f5000,0x00007fb4267f6000)]
  0x00007fb4b98d9800 JavaThread "http-nio-12004-exec-1" daemon [_thread_blocked, id=45760, stack(0x00007fb4267f6000,0x00007fb4268f7000)]
  0x00007fb4b8a95000 JavaThread "NioBlockingSelector.BlockPoller-1" daemon [_thread_in_native, id=45759, stack(0x00007fb4268f7000,0x00007fb4269f8000)]
  0x00007fb4b8cb6800 JavaThread "metrics-graphite-reporter-1-thread-1" daemon [_thread_blocked, id=45758, stack(0x00007fb4269f8000,0x00007fb426af9000)]
  0x00007fb4b8d77800 JavaThread "myScheduler-1" [_thread_blocked, id=45757, stack(0x00007fb426af9000,0x00007fb426bfa000)]
  0x00007fb4b8705800 JavaThread "CoreHeartBeat" [_thread_blocked, id=45756, stack(0x00007fb426ffa000,0x00007fb4270fb000)]
  0x00007fb4b8488000 JavaThread "Thread-6" [_thread_in_native, id=45754, stack(0x00007fb4270fb000,0x00007fb4271fc000)]
  0x00007fb4ba62e000 JavaThread "Thread-5" [_thread_blocked, id=45753, stack(0x00007fb4273fc000,0x00007fb4274fd000)]
  0x00007fb41c01c000 JavaThread "ActiveMQ InactivityMonitor WriteCheckTimer" daemon [_thread_blocked, id=45751, stack(0x00007fb4277fe000,0x00007fb4278ff000)]
  0x00007fb41c01b800 JavaThread "ActiveMQ InactivityMonitor ReadCheckTimer" daemon [_thread_blocked, id=45750, stack(0x00007fb4278ff000,0x00007fb427a00000)]
  0x00007fb4ba25b000 JavaThread "ActiveMQ Transport: tcp:///10.45.40.2:12002@34512" [_thread_in_native, id=45748, stack(0x00007fb44c03e000,0x00007fb44c13f000)]
  0x00007fb4b96d7000 JavaThread "MySQL Statement Cancellation Timer" daemon [_thread_blocked, id=45747, stack(0x00007fb44c93f000,0x00007fb44ca40000)]
  0x00007fb4ba274000 JavaThread "container-0" [_thread_blocked, id=45746, stack(0x00007fb44cc40000,0x00007fb44cd41000)]
  0x00007fb4b853b800 JavaThread "ContainerBackgroundProcessor[StandardEngine[Tomcat]]" daemon [_thread_blocked, id=45745, stack(0x00007fb44cd41000,0x00007fb44ce42000)]
  0x00007fb438011800 JavaThread "JMX server connection timeout 22" daemon [_thread_blocked, id=45741, stack(0x00007fb44f4fb000,0x00007fb44f5fc000)]
  0x00007fb45c00d800 JavaThread "RMI TCP Connection(2)-10.45.250.6" daemon [_thread_in_native, id=45740, stack(0x00007fb44f5fc000,0x00007fb44f6fd000)]
  0x00007fb4401ca000 JavaThread "RMI Scheduler(0)" daemon [_thread_blocked, id=45738, stack(0x00007fb44fafd000,0x00007fb44fbfe000)]
  0x00007fb4b8a2d800 JavaThread "Log4j2-Log4j2Scheduled-1" daemon [_thread_blocked, id=45734, stack(0x00007fb44feff000,0x00007fb450000000)]
  0x00007fb4b8382800 JavaThread "RMI TCP Accept-0" daemon [_thread_in_native, id=45726, stack(0x00007fb490cbb000,0x00007fb490dbc000)]
  0x00007fb4b835a000 JavaThread "RMI TCP Accept-12007" daemon [_thread_in_native, id=45725, stack(0x00007fb490dbc000,0x00007fb490ebd000)]
  0x00007fb4b8192000 JavaThread "Service Thread" daemon [_thread_blocked, id=45724, stack(0x00007fb4914f2000,0x00007fb4915f3000)]
  0x00007fb4b8184800 JavaThread "C1 CompilerThread2" daemon [_thread_blocked, id=45723, stack(0x00007fb4915f4000,0x00007fb4916f4000)]
  0x00007fb4b8182800 JavaThread "C2 CompilerThread1" daemon [_thread_blocked, id=45722, stack(0x00007fb4916f5000,0x00007fb4917f5000)]
  0x00007fb4b8180000 JavaThread "C2 CompilerThread0" daemon [_thread_blocked, id=45721, stack(0x00007fb4917f6000,0x00007fb4918f6000)]
  0x00007fb4b817e000 JavaThread "JDWP Event Helper Thread" daemon [_thread_blocked, id=45720, stack(0x00007fb4918f6000,0x00007fb4919f7000)]
  0x00007fb4b817a000 JavaThread "JDWP Transport Listener: dt_socket" daemon [_thread_in_native, id=45719, stack(0x00007fb4919f7000,0x00007fb491af8000)]
  0x00007fb4b8163000 JavaThread "Signal Dispatcher" daemon [_thread_blocked, id=45718, stack(0x00007fb491cfd000,0x00007fb491dfe000)]
  0x00007fb4b8161000 JavaThread "Surrogate Locker Thread (Concurrent GC)" daemon [_thread_blocked, id=45717, stack(0x00007fb491dfe000,0x00007fb491eff000)]
  0x00007fb4b8138000 JavaThread "Finalizer" daemon [_thread_blocked, id=45716, stack(0x00007fb491eff000,0x00007fb492000000)]
  0x00007fb4b8133800 JavaThread "Reference Handler" daemon [_thread_blocked, id=45715, stack(0x00007fb4a0030000,0x00007fb4a0131000)]

Other Threads:
  0x00007fb4b8129800 VMThread [stack: 0x00007fb4a0132000,0x00007fb4a0232000] [id=45713]
  0x00007fb4b8384800 WatcherThread [stack: 0x00007fb490bbb000,0x00007fb490cbb000] [id=45727]

VM state:not at safepoint (normal execution)

VM Mutex/Monitor currently owned by a thread: None

Heap:
 par new generation   total 38080K, used 24854K [0x00000000f0000000, 0x00000000f2950000, 0x00000000f5550000)
  eden space 33856K,  61% used [0x00000000f0000000, 0x00000000f144ee10, 0x00000000f2110000)
  from space 4224K,  96% used [0x00000000f2110000, 0x00000000f2506a48, 0x00000000f2530000)
  to   space 4224K,   0% used [0x00000000f2530000, 0x00000000f2530000, 0x00000000f2950000)
 concurrent mark-sweep generation total 108672K, used 85371K [0x00000000f5550000, 0x00000000fbf70000, 0x0000000100000000)
 Metaspace       used 89116K, capacity 90536K, committed 90840K, reserved 1130496K
  class space    used 9914K, capacity 10214K, committed 10264K, reserved 1048576K

Card table byte_map: [0x00007fb4be8dc000,0x00007fb4be95d000] byte_map_base: 0x00007fb4be15c000

Marking Bits: (CMSBitMap*) 0x00007fb4b8064b18
 Bits: [0x00007fb4a11d7000, 0x00007fb4a1481c00)

Mod Union Table: (CMSBitMap*) 0x00007fb4b8064bd8
 Bits: [0x00007fb4bea6c000, 0x00007fb4bea76ab0)

Polling page: 0x00007fb4bea80000

CodeCache: size=245760Kb used=67049Kb max_used=67099Kb free=178710Kb
 bounds [0x00007fb4a204a000, 0x00007fb4a626a000, 0x00007fb4b104a000]
 total_blobs=17173 nmethods=16510 adapters=583
 compilation: enabled

Compilation events (10 events):
Event: 43471.971 Thread 0x00007fb4b8182800 22340   !   4       sun.nio.cs.ISO_8859_1$Encoder::encodeArrayLoop (369 bytes)
Event: 43471.974 Thread 0x00007fb4b8182800 nmethod 22340 0x00007fb4a2df3510 code [0x00007fb4a2df36a0, 0x00007fb4a2df3c78]
Event: 43472.009 Thread 0x00007fb4b8180000 22341       4       com.sun.org.apache.xml.internal.dtm.ref.sax2dtm.SAX2DTM2$DescendantIterator::reset (33 bytes)
Event: 43472.014 Thread 0x00007fb4b8180000 nmethod 22341 0x00007fb4a23d4350 code [0x00007fb4a23d4520, 0x00007fb4a23d4cd8]
Event: 43518.931 Thread 0x00007fb4b8184800 22342       3       org.springframework.ldap.core.LdapTemplate::executeReadWrite (17 bytes)
Event: 43518.932 Thread 0x00007fb4b8184800 nmethod 22342 0x00007fb4a51a54d0 code [0x00007fb4a51a56c0, 0x00007fb4a51a5de8]
Event: 43754.409 Thread 0x00007fb4b8184800 22343       1       java.lang.Package::getImplementationVersion (5 bytes)
Event: 43754.410 Thread 0x00007fb4b8184800 nmethod 22343 0x00007fb4a479c850 code [0x00007fb4a479c9a0, 0x00007fb4a479cab0]
Event: 43758.778 Thread 0x00007fb4b8184800 22344       1       org.apache.logging.log4j.core.impl.ThrowableProxy$CacheEntry::access$000 (5 bytes)
Event: 43758.778 Thread 0x00007fb4b8184800 nmethod 22344 0x00007fb4a4138d90 code [0x00007fb4a4138ee0, 0x00007fb4a4138fd0]

GC Heap History (10 events):
Event: 43489.853 GC heap before
{Heap before GC invocations=1201 (full 6):
 par new generation   total 38080K, used 37557K [0x00000000f0000000, 0x00000000f2950000, 0x00000000f5550000)
  eden space 33856K, 100% used [0x00000000f0000000, 0x00000000f2110000, 0x00000000f2110000)
  from space 4224K,  87% used [0x00000000f2530000, 0x00000000f28cd7e8, 0x00000000f2950000)
  to   space 4224K,   0% used [0x00000000f2110000, 0x00000000f2110000, 0x00000000f2530000)
 concurrent mark-sweep generation total 108672K, used 84934K [0x00000000f5550000, 0x00000000fbf70000, 0x0000000100000000)
 Metaspace       used 89115K, capacity 90536K, committed 90840K, reserved 1130496K
  class space    used 9913K, capacity 10214K, committed 10264K, reserved 1048576K
Event: 43489.858 GC heap after
Heap after GC invocations=1202 (full 6):
 par new generation   total 38080K, used 2132K [0x00000000f0000000, 0x00000000f2950000, 0x00000000f5550000)
  eden space 33856K,   0% used [0x00000000f0000000, 0x00000000f0000000, 0x00000000f2110000)
  from space 4224K,  50% used [0x00000000f2110000, 0x00000000f2325270, 0x00000000f2530000)
  to   space 4224K,   0% used [0x00000000f2530000, 0x00000000f2530000, 0x00000000f2950000)
 concurrent mark-sweep generation total 108672K, used 85041K [0x00000000f5550000, 0x00000000fbf70000, 0x0000000100000000)
 Metaspace       used 89115K, capacity 90536K, committed 90840K, reserved 1130496K
  class space    used 9913K, capacity 10214K, committed 10264K, reserved 1048576K
}
Event: 43525.433 GC heap before
{Heap before GC invocations=1202 (full 6):
 par new generation   total 38080K, used 35988K [0x00000000f0000000, 0x00000000f2950000, 0x00000000f5550000)
  eden space 33856K, 100% used [0x00000000f0000000, 0x00000000f2110000, 0x00000000f2110000)
  from space 4224K,  50% used [0x00000000f2110000, 0x00000000f2325270, 0x00000000f2530000)
  to   space 4224K,   0% used [0x00000000f2530000, 0x00000000f2530000, 0x00000000f2950000)
 concurrent mark-sweep generation total 108672K, used 85041K [0x00000000f5550000, 0x00000000fbf70000, 0x0000000100000000)
 Metaspace       used 89115K, capacity 90536K, committed 90840K, reserved 1130496K
  class space    used 9913K, capacity 10214K, committed 10264K, reserved 1048576K
Event: 43525.439 GC heap after
Heap after GC invocations=1203 (full 6):
 par new generation   total 38080K, used 2990K [0x00000000f0000000, 0x00000000f2950000, 0x00000000f5550000)
  eden space 33856K,   0% used [0x00000000f0000000, 0x00000000f0000000, 0x00000000f2110000)
  from space 4224K,  70% used [0x00000000f2530000, 0x00000000f281b820, 0x00000000f2950000)
  to   space 4224K,   0% used [0x00000000f2110000, 0x00000000f2110000, 0x00000000f2530000)
 concurrent mark-sweep generation total 108672K, used 85041K [0x00000000f5550000, 0x00000000fbf70000, 0x0000000100000000)
 Metaspace       used 89115K, capacity 90536K, committed 90840K, reserved 1130496K
  class space    used 9913K, capacity 10214K, committed 10264K, reserved 1048576K
}
Event: 43592.484 GC heap before
{Heap before GC invocations=1203 (full 6):
 par new generation   total 38080K, used 36846K [0x00000000f0000000, 0x00000000f2950000, 0x00000000f5550000)
  eden space 33856K, 100% used [0x00000000f0000000, 0x00000000f2110000, 0x00000000f2110000)
  from space 4224K,  70% used [0x00000000f2530000, 0x00000000f281b820, 0x00000000f2950000)
  to   space 4224K,   0% used [0x00000000f2110000, 0x00000000f2110000, 0x00000000f2530000)
 concurrent mark-sweep generation total 108672K, used 85041K [0x00000000f5550000, 0x00000000fbf70000, 0x0000000100000000)
 Metaspace       used 89115K, capacity 90536K, committed 90840K, reserved 1130496K
  class space    used 9913K, capacity 10214K, committed 10264K, reserved 1048576K
Event: 43592.491 GC heap after
Heap after GC invocations=1204 (full 6):
 par new generation   total 38080K, used 4050K [0x00000000f0000000, 0x00000000f2950000, 0x00000000f5550000)
  eden space 33856K,   0% used [0x00000000f0000000, 0x00000000f0000000, 0x00000000f2110000)
  from space 4224K,  95% used [0x00000000f2110000, 0x00000000f25048a8, 0x00000000f2530000)
  to   space 4224K,   0% used [0x00000000f2530000, 0x00000000f2530000, 0x00000000f2950000)
 concurrent mark-sweep generation total 108672K, used 85141K [0x00000000f5550000, 0x00000000fbf70000, 0x0000000100000000)
 Metaspace       used 89115K, capacity 90536K, committed 90840K, reserved 1130496K
  class space    used 9913K, capacity 10214K, committed 10264K, reserved 1048576K
}
Event: 43653.458 GC heap before
{Heap before GC invocations=1204 (full 6):
 par new generation   total 38080K, used 37892K [0x00000000f0000000, 0x00000000f2950000, 0x00000000f5550000)
  eden space 33856K,  99% used [0x00000000f0000000, 0x00000000f210c7b0, 0x00000000f2110000)
  from space 4224K,  95% used [0x00000000f2110000, 0x00000000f25048a8, 0x00000000f2530000)
  to   space 4224K,   0% used [0x00000000f2530000, 0x00000000f2530000, 0x00000000f2950000)
 concurrent mark-sweep generation total 108672K, used 85141K [0x00000000f5550000, 0x00000000fbf70000, 0x0000000100000000)
 Metaspace       used 89115K, capacity 90536K, committed 90840K, reserved 1130496K
  class space    used 9913K, capacity 10214K, committed 10264K, reserved 1048576K
Event: 43653.466 GC heap after
Heap after GC invocations=1205 (full 6):
 par new generation   total 38080K, used 4177K [0x00000000f0000000, 0x00000000f2950000, 0x00000000f5550000)
  eden space 33856K,   0% used [0x00000000f0000000, 0x00000000f0000000, 0x00000000f2110000)
  from space 4224K,  98% used [0x00000000f2530000, 0x00000000f2944710, 0x00000000f2950000)
  to   space 4224K,   0% used [0x00000000f2110000, 0x00000000f2110000, 0x00000000f2530000)
 concurrent mark-sweep generation total 108672K, used 85311K [0x00000000f5550000, 0x00000000fbf70000, 0x0000000100000000)
 Metaspace       used 89115K, capacity 90536K, committed 90840K, reserved 1130496K
  class space    used 9913K, capacity 10214K, committed 10264K, reserved 1048576K
}
Event: 43724.205 GC heap before
{Heap before GC invocations=1205 (full 6):
 par new generation   total 38080K, used 38029K [0x00000000f0000000, 0x00000000f2950000, 0x00000000f5550000)
  eden space 33856K,  99% used [0x00000000f0000000, 0x00000000f210f020, 0x00000000f2110000)
  from space 4224K,  98% used [0x00000000f2530000, 0x00000000f2944710, 0x00000000f2950000)
  to   space 4224K,   0% used [0x00000000f2110000, 0x00000000f2110000, 0x00000000f2530000)
 concurrent mark-sweep generation total 108672K, used 85311K [0x00000000f5550000, 0x00000000fbf70000, 0x0000000100000000)
 Metaspace       used 89115K, capacity 90536K, committed 90840K, reserved 1130496K
  class space    used 9913K, capacity 10214K, committed 10264K, reserved 1048576K
Event: 43724.213 GC heap after
Heap after GC invocations=1206 (full 6):
 par new generation   total 38080K, used 4058K [0x00000000f0000000, 0x00000000f2950000, 0x00000000f5550000)
  eden space 33856K,   0% used [0x00000000f0000000, 0x00000000f0000000, 0x00000000f2110000)
  from space 4224K,  96% used [0x00000000f2110000, 0x00000000f2506a48, 0x00000000f2530000)
  to   space 4224K,   0% used [0x00000000f2530000, 0x00000000f2530000, 0x00000000f2950000)
 concurrent mark-sweep generation total 108672K, used 85371K [0x00000000f5550000, 0x00000000fbf70000, 0x0000000100000000)
 Metaspace       used 89115K, capacity 90536K, committed 90840K, reserved 1130496K
  class space    used 9913K, capacity 10214K, committed 10264K, reserved 1048576K
}

Deoptimization events (10 events):
Event: 42099.971 Thread 0x00007fb434153800 Uncommon trap: reason=bimorphic action=maybe_recompile pc=0x00007fb4a561f628 method=org.hibernate.persister.entity.AbstractEntityPersister.dehydrateId(Ljava/io/Serializable;Ljava/lang/Object;Ljava/sql/PreparedStatement;Lorg/hibernate/engine/spi/SessionImp
Event: 42139.426 Thread 0x00007fb434153800 Uncommon trap: reason=bimorphic action=maybe_recompile pc=0x00007fb4a561f628 method=org.hibernate.persister.entity.AbstractEntityPersister.dehydrateId(Ljava/io/Serializable;Ljava/lang/Object;Ljava/sql/PreparedStatement;Lorg/hibernate/engine/spi/SessionImp
Event: 42441.304 Thread 0x00007fb4b9461000 Uncommon trap: reason=unstable_if action=reinterpret pc=0x00007fb4a358aba8 method=java.lang.Integer.parseInt(Ljava/lang/String;I)I @ 108
Event: 43732.583 Thread 0x00007fb4b8aa6000 Uncommon trap: reason=unstable_if action=reinterpret pc=0x00007fb4a2bdce24 method=org.springframework.boot.loader.jar.Bytes.fill(Ljava/io/InputStream;[BII)Z @ 16
Event: 43732.591 Thread 0x00007fb4b8aa6000 Uncommon trap: reason=class_check action=maybe_recompile pc=0x00007fb4a5d7bcb8 method=org.apache.coyote.http11.Http11InputBuffer.recycle()V @ 28
Event: 43735.237 Thread 0x00007fb4b8952800 Uncommon trap: reason=class_check action=maybe_recompile pc=0x00007fb4a5d7bcb8 method=org.apache.coyote.http11.Http11InputBuffer.recycle()V @ 28
Event: 43754.409 Thread 0x00007fb4b9461000 Uncommon trap: reason=class_check action=maybe_recompile pc=0x00007fb4a5d7bcb8 method=org.apache.coyote.http11.Http11InputBuffer.recycle()V @ 28
Event: 43758.778 Thread 0x00007fb4b945f000 Uncommon trap: reason=class_check action=maybe_recompile pc=0x00007fb4a5d7bcb8 method=org.apache.coyote.http11.Http11InputBuffer.recycle()V @ 28
Event: 43775.321 Thread 0x00007fb434153800 Uncommon trap: reason=unstable_if action=reinterpret pc=0x00007fb4a448cb80 method=org.apache.velocity.runtime.parser.VelocityCharStream.backup(I)V @ 21
Event: 43775.352 Thread 0x00007fb434153800 Uncommon trap: reason=unstable_if action=reinterpret pc=0x00007fb4a50182ec method=sun.nio.cs.StreamEncoder.write([CII)V @ 49

Internal exceptions (10 events):
Event: 43754.409 Thread 0x00007fb4b9461000 Exception <a 'java/lang/NoClassDefFoundError': org/apache/tomcat/util/ExceptionUtils> (0x00000000f00662c0) thrown at [/builddir/build/BUILD/java-1.8.0-openjdk-1.8.0.144-0.b01.el7_4.x86_64/openjdk/hotspot/src/share/vm/oops/constantPool.cpp, line 235]
Event: 43758.777 Thread 0x00007fb4b945f000 Exception <a 'java/lang/NoClassDefFoundError': org/apache/tomcat/util/ExceptionUtils> (0x00000000f0117d48) thrown at [/builddir/build/BUILD/java-1.8.0-openjdk-1.8.0.144-0.b01.el7_4.x86_64/openjdk/hotspot/src/share/vm/oops/constantPool.cpp, line 235]
Event: 43758.777 Thread 0x00007fb4b945f000 Exception <a 'java/lang/NoClassDefFoundError': org/apache/tomcat/util/ExceptionUtils> (0x00000000f0117fc8) thrown at [/builddir/build/BUILD/java-1.8.0-openjdk-1.8.0.144-0.b01.el7_4.x86_64/openjdk/hotspot/src/share/vm/oops/constantPool.cpp, line 235]
Event: 43762.672 Thread 0x00007fb4b8488000 Exception <a 'java/net/SocketTimeoutException': Read timed out> (0x00000000f028d3c0) thrown at [/builddir/build/BUILD/java-1.8.0-openjdk-1.8.0.144-0.b01.el7_4.x86_64/openjdk/hotspot/src/share/vm/prims/jni.cpp, line 736]
Event: 43772.682 Thread 0x00007fb4b8488000 Exception <a 'java/net/SocketTimeoutException': Read timed out> (0x00000000f028dbd0) thrown at [/builddir/build/BUILD/java-1.8.0-openjdk-1.8.0.144-0.b01.el7_4.x86_64/openjdk/hotspot/src/share/vm/prims/jni.cpp, line 736]
Event: 43774.374 Thread 0x00007fb434153800 Implicit null exception at 0x00007fb4a5924034 to 0x00007fb4a5924764
Event: 43774.374 Thread 0x00007fb434153800 Exception <a 'java/lang/NullPointerException'> (0x00000000f1154970) thrown at [/builddir/build/BUILD/java-1.8.0-openjdk-1.8.0.144-0.b01.el7_4.x86_64/openjdk/hotspot/src/share/vm/runtime/sharedRuntime.cpp, line 619]
Event: 43774.687 Thread 0x00007fb434153800 Implicit null exception at 0x00007fb4a5924034 to 0x00007fb4a5924764
Event: 43774.687 Thread 0x00007fb434153800 Exception <a 'java/lang/NullPointerException'> (0x00000000f1219a18) thrown at [/builddir/build/BUILD/java-1.8.0-openjdk-1.8.0.144-0.b01.el7_4.x86_64/openjdk/hotspot/src/share/vm/runtime/sharedRuntime.cpp, line 619]
Event: 43775.321 Thread 0x00007fb434153800 Exception <a 'java/util/zip/DataFormatException': invalid distance too far back> (0x00000000f1404568) thrown at [/builddir/build/BUILD/java-1.8.0-openjdk-1.8.0.144-0.b01.el7_4.x86_64/openjdk/hotspot/src/share/vm/prims/jni.cpp, line 736]

Events (10 events):
Event: 43775.321 Thread 0x00007fb434153800 Uncommon trap: trap_request=0xffffff65 fr.pc=0x00007fb4a448cb80
Event: 43775.321 Thread 0x00007fb434153800 DEOPT PACKING pc=0x00007fb4a448cb80 sp=0x00007fb4250e5710
Event: 43775.321 Thread 0x00007fb434153800 DEOPT UNPACKING pc=0x00007fb4a204ef69 sp=0x00007fb4250e56d8 mode 2
Event: 43775.321 Thread 0x00007fb434153800 DEOPT PACKING pc=0x00007fb4a593ab64 sp=0x00007fb4250e57c0
Event: 43775.321 Thread 0x00007fb434153800 DEOPT UNPACKING pc=0x00007fb4a2091373 sp=0x00007fb4250e5460 mode 1
Event: 43775.351 Thread 0x00007fb434153800 Uncommon trap: trap_request=0xffffff65 fr.pc=0x00007fb4a50182ec
Event: 43775.351 Executing VM operation: RevokeBias
Event: 43775.352 Executing VM operation: RevokeBias done
Event: 43775.352 Thread 0x00007fb434153800 DEOPT PACKING pc=0x00007fb4a50182ec sp=0x00007fb4250e6420
Event: 43775.352 Thread 0x00007fb434153800 DEOPT UNPACKING pc=0x00007fb4a204ef69 sp=0x00007fb4250e6448 mode 2


Dynamic libraries:
00400000-00401000 r-xp 00000000 fd:00 3314255                            /usr/lib/jvm/java-1.8.0-openjdk-1.8.0.144-0.b01.el7_4.x86_64/jre/bin/java
00600000-00601000 r--p 00000000 fd:00 3314255                            /usr/lib/jvm/java-1.8.0-openjdk-1.8.0.144-0.b01.el7_4.x86_64/jre/bin/java
00601000-00602000 rw-p 00001000 fd:00 3314255                            /usr/lib/jvm/java-1.8.0-openjdk-1.8.0.144-0.b01.el7_4.x86_64/jre/bin/java
0066e000-00706000 rw-p 00000000 00:00 0                                  [heap]
f0000000-f2950000 rw-p 00000000 00:00 0 
f2950000-f5550000 ---p 00000000 00:00 0 
f5550000-fbf70000 rw-p 00000000 00:00 0 
fbf70000-100000000 ---p 00000000 00:00 0 
100000000-100a06000 rw-p 00000000 00:00 0 
100a06000-140000000 ---p 00000000 00:00 0 
7fb413cff000-7fb413d02000 ---p 00000000 00:00 0 
7fb413d02000-7fb413ec0000 rw-p 00000000 00:00 0 
7fb413ec0000-7fb414000000 ---p 00000000 00:00 0 
7fb414000000-7fb416ce5000 rw-p 00000000 00:00 0 
7fb416ce5000-7fb418000000 ---p 00000000 00:00 0 
7fb418000000-7fb41bffa000 rw-p 00000000 00:00 0 
7fb41bffa000-7fb41c000000 ---p 00000000 00:00 0 
7fb41c000000-7fb41c0ce000 rw-p 00000000 00:00 0 
7fb41c0ce000-7fb420000000 ---p 00000000 00:00 0 
7fb420000000-7fb42006a000 rw-p 00000000 00:00 0 
7fb42006a000-7fb424000000 ---p 00000000 00:00 0 
7fb4240dd000-7fb4240e0000 ---p 00000000 00:00 0 
7fb4240e0000-7fb4241de000 rw-p 00000000 00:00 0 
7fb4241de000-7fb4241e1000 ---p 00000000 00:00 0 
7fb4241e1000-7fb4242df000 rw-p 00000000 00:00 0 
7fb4242df000-7fb4242e2000 ---p 00000000 00:00 0 
7fb4242e2000-7fb4243e0000 rw-p 00000000 00:00 0                          [stack:34137]
7fb4243e0000-7fb4243e3000 ---p 00000000 00:00 0 
7fb4243e3000-7fb4246e1000 rw-p 00000000 00:00 0                          [stack:53216]
7fb4246e1000-7fb4246e4000 ---p 00000000 00:00 0 
7fb4246e4000-7fb4247e2000 rw-p 00000000 00:00 0                          [stack:51284]
7fb4247e2000-7fb4247e5000 ---p 00000000 00:00 0 
7fb4247e5000-7fb4248e3000 rw-p 00000000 00:00 0                          [stack:51283]
7fb4248e3000-7fb4248e6000 ---p 00000000 00:00 0 
7fb4248e6000-7fb4249e4000 rw-p 00000000 00:00 0                          [stack:2120]
7fb4249e4000-7fb4249e7000 ---p 00000000 00:00 0 
7fb4249e7000-7fb424ae5000 rw-p 00000000 00:00 0                          [stack:48818]
7fb424ae5000-7fb424ae8000 ---p 00000000 00:00 0 
7fb424ae8000-7fb424de6000 rw-p 00000000 00:00 0                          [stack:32957]
7fb424de6000-7fb424de9000 ---p 00000000 00:00 0 
7fb424de9000-7fb424ee7000 rw-p 00000000 00:00 0                          [stack:48817]
7fb424ee7000-7fb424eea000 ---p 00000000 00:00 0 
7fb424eea000-7fb424fe8000 rw-p 00000000 00:00 0                          [stack:47659]
7fb424fe8000-7fb424feb000 ---p 00000000 00:00 0 
7fb424feb000-7fb4252e9000 rw-p 00000000 00:00 0                          [stack:47557]
7fb4252e9000-7fb4254e9000 rw-p 00000000 00:00 0 
7fb4254e9000-7fb4256e9000 rw-p 00000000 00:00 0 
7fb4256e9000-7fb4258e9000 rw-p 00000000 00:00 0 
7fb4258e9000-7fb425ae9000 rw-p 00000000 00:00 0 
7fb425ae9000-7fb425aec000 ---p 00000000 00:00 0 
7fb425aec000-7fb425bea000 rw-p 00000000 00:00 0                          [stack:45773]
7fb425bea000-7fb425bed000 ---p 00000000 00:00 0 
7fb425bed000-7fb425ceb000 rw-p 00000000 00:00 0                          [stack:45772]
7fb425ceb000-7fb425cee000 ---p 00000000 00:00 0 
7fb425cee000-7fb425dec000 rw-p 00000000 00:00 0                          [stack:45771]
7fb425dec000-7fb425def000 ---p 00000000 00:00 0 
7fb425def000-7fb425eed000 rw-p 00000000 00:00 0                          [stack:45770]
7fb425eed000-7fb425ef0000 ---p 00000000 00:00 0 
7fb425ef0000-7fb425fee000 rw-p 00000000 00:00 0                          [stack:45769]
7fb425fee000-7fb425ff1000 ---p 00000000 00:00 0 
7fb425ff1000-7fb4260ef000 rw-p 00000000 00:00 0                          [stack:45768]
7fb4260ef000-7fb4260f2000 ---p 00000000 00:00 0 
7fb4260f2000-7fb4261f0000 rw-p 00000000 00:00 0                          [stack:45767]
7fb4261f0000-7fb4261f3000 ---p 00000000 00:00 0 
7fb4261f3000-7fb4262f1000 rw-p 00000000 00:00 0                          [stack:45766]
7fb4262f1000-7fb4262f4000 ---p 00000000 00:00 0 
7fb4262f4000-7fb4263f2000 rw-p 00000000 00:00 0                          [stack:45765]
7fb4263f2000-7fb4263f5000 ---p 00000000 00:00 0 
7fb4263f5000-7fb4264f3000 rw-p 00000000 00:00 0                          [stack:45764]
7fb4264f3000-7fb4264f6000 ---p 00000000 00:00 0 
7fb4264f6000-7fb4265f4000 rw-p 00000000 00:00 0                          [stack:45763]
7fb4265f4000-7fb4265f7000 ---p 00000000 00:00 0 
7fb4265f7000-7fb4266f5000 rw-p 00000000 00:00 0                          [stack:45762]
7fb4266f5000-7fb4266f8000 ---p 00000000 00:00 0 
7fb4266f8000-7fb4267f6000 rw-p 00000000 00:00 0                          [stack:45761]
7fb4267f6000-7fb4267f9000 ---p 00000000 00:00 0 
7fb4267f9000-7fb4268f7000 rw-p 00000000 00:00 0                          [stack:45760]
7fb4268f7000-7fb4268fa000 ---p 00000000 00:00 0 
7fb4268fa000-7fb4269f8000 rw-p 00000000 00:00 0                          [stack:45759]
7fb4269f8000-7fb4269fb000 ---p 00000000 00:00 0 
7fb4269fb000-7fb426af9000 rw-p 00000000 00:00 0                          [stack:45758]
7fb426af9000-7fb426afc000 ---p 00000000 00:00 0 
7fb426afc000-7fb426dfa000 rw-p 00000000 00:00 0                          [stack:45757]
7fb426dfa000-7fb426ffa000 rw-p 00000000 00:00 0 
7fb426ffa000-7fb426ffd000 ---p 00000000 00:00 0 
7fb426ffd000-7fb4270fb000 rw-p 00000000 00:00 0                          [stack:45756]
7fb4270fb000-7fb4270fe000 ---p 00000000 00:00 0 
7fb4270fe000-7fb4273fc000 rw-p 00000000 00:00 0                          [stack:45754]
7fb4273fc000-7fb4273ff000 ---p 00000000 00:00 0 
7fb4273ff000-7fb4276fd000 rw-p 00000000 00:00 0                          [stack:45753]
7fb4276fd000-7fb427700000 ---p 00000000 00:00 0 
7fb427700000-7fb4277fe000 rw-p 00000000 00:00 0                          [stack:47493]
7fb4277fe000-7fb427801000 ---p 00000000 00:00 0 
7fb427801000-7fb4278ff000 rw-p 00000000 00:00 0                          [stack:45751]
7fb4278ff000-7fb427902000 ---p 00000000 00:00 0 
7fb427902000-7fb427c00000 rw-p 00000000 00:00 0                          [stack:45750]
7fb427c00000-7fb427df9000 rw-p 00000000 00:00 0 
7fb427df9000-7fb427e00000 ---p 00000000 00:00 0 
7fb427e00000-7fb427ff7000 rw-p 00000000 00:00 0 
7fb427ff7000-7fb428000000 ---p 00000000 00:00 0 
7fb428000000-7fb428069000 rw-p 00000000 00:00 0 
7fb428069000-7fb42c000000 ---p 00000000 00:00 0 
7fb42c000000-7fb42c052000 rw-p 00000000 00:00 0 
7fb42c052000-7fb430000000 ---p 00000000 00:00 0 
7fb430000000-7fb430067000 rw-p 00000000 00:00 0 
7fb430067000-7fb434000000 ---p 00000000 00:00 0 
7fb434000000-7fb434c50000 rw-p 00000000 00:00 0 
7fb434c50000-7fb438000000 ---p 00000000 00:00 0 
7fb438000000-7fb4380d8000 rw-p 00000000 00:00 0 
7fb4380d8000-7fb43c000000 ---p 00000000 00:00 0 
7fb43c000000-7fb43cb25000 rw-p 00000000 00:00 0 
7fb43cb25000-7fb440000000 ---p 00000000 00:00 0 
7fb440000000-7fb440acc000 rw-p 00000000 00:00 0 
7fb440acc000-7fb444000000 ---p 00000000 00:00 0 
7fb444000000-7fb444063000 rw-p 00000000 00:00 0 
7fb444063000-7fb448000000 ---p 00000000 00:00 0 
7fb448000000-7fb44809f000 rw-p 00000000 00:00 0 
7fb44809f000-7fb44c000000 ---p 00000000 00:00 0 
7fb44c03e000-7fb44c041000 ---p 00000000 00:00 0 
7fb44c041000-7fb44c33f000 rw-p 00000000 00:00 0                          [stack:45748]
7fb44c33f000-7fb44c53f000 rw-p 00000000 00:00 0 
7fb44c53f000-7fb44c73f000 rw-p 00000000 00:00 0 
7fb44c73f000-7fb44c93f000 rw-p 00000000 00:00 0 
7fb44c93f000-7fb44c942000 ---p 00000000 00:00 0 
7fb44c942000-7fb44cc40000 rw-p 00000000 00:00 0                          [stack:45747]
7fb44cc40000-7fb44cc43000 ---p 00000000 00:00 0 
7fb44cc43000-7fb44cd41000 rw-p 00000000 00:00 0                          [stack:45746]
7fb44cd41000-7fb44cd44000 ---p 00000000 00:00 0 
7fb44cd44000-7fb44d042000 rw-p 00000000 00:00 0                          [stack:45745]
7fb44d042000-7fb44d242000 rw-p 00000000 00:00 0 
7fb44d242000-7fb44d442000 rw-p 00000000 00:00 0 
7fb44d442000-7fb44d445000 ---p 00000000 00:00 0 
7fb44d445000-7fb44d543000 rw-p 00000000 00:00 0                          [stack:539]
7fb44d543000-7fb44d546000 ---p 00000000 00:00 0 
7fb44d546000-7fb44d844000 rw-p 00000000 00:00 0                          [stack:2405]
7fb44d844000-7fb44da44000 rw-p 00000000 00:00 0 
7fb44da44000-7fb44dac7000 r-xp 00000000 fd:00 1236790                    /usr/lib64/libfreeblpriv3.so
7fb44dac7000-7fb44dcc6000 ---p 00083000 fd:00 1236790                    /usr/lib64/libfreeblpriv3.so
7fb44dcc6000-7fb44dcc8000 r--p 00082000 fd:00 1236790                    /usr/lib64/libfreeblpriv3.so
7fb44dcc8000-7fb44dcc9000 rw-p 00084000 fd:00 1236790                    /usr/lib64/libfreeblpriv3.so
7fb44dcc9000-7fb44dccd000 rw-p 00000000 00:00 0 
7fb44dccd000-7fb44dd07000 r-xp 00000000 fd:00 1236783                    /usr/lib64/libnspr4.so
7fb44dd07000-7fb44df06000 ---p 0003a000 fd:00 1236783                    /usr/lib64/libnspr4.so
7fb44df06000-7fb44df07000 r--p 00039000 fd:00 1236783                    /usr/lib64/libnspr4.so
7fb44df07000-7fb44df09000 rw-p 0003a000 fd:00 1236783                    /usr/lib64/libnspr4.so
7fb44df09000-7fb44df0b000 rw-p 00000000 00:00 0 
7fb44df0b000-7fb44df0f000 r-xp 00000000 fd:00 1236784                    /usr/lib64/libplc4.so
7fb44df0f000-7fb44e10e000 ---p 00004000 fd:00 1236784                    /usr/lib64/libplc4.so
7fb44e10e000-7fb44e10f000 r--p 00003000 fd:00 1236784                    /usr/lib64/libplc4.so
7fb44e10f000-7fb44e110000 rw-p 00004000 fd:00 1236784                    /usr/lib64/libplc4.so
7fb44e110000-7fb44e138000 r-xp 00000000 fd:00 1236786                    /usr/lib64/libnssutil3.so
7fb44e138000-7fb44e337000 ---p 00028000 fd:00 1236786                    /usr/lib64/libnssutil3.so
7fb44e337000-7fb44e33e000 r--p 00027000 fd:00 1236786                    /usr/lib64/libnssutil3.so
7fb44e33e000-7fb44e33f000 rw-p 0002e000 fd:00 1236786                    /usr/lib64/libnssutil3.so
7fb44e33f000-7fb44e460000 r-xp 00000000 fd:00 97993                      /usr/lib64/libnss3.so
7fb44e460000-7fb44e660000 ---p 00121000 fd:00 97993                      /usr/lib64/libnss3.so
7fb44e660000-7fb44e665000 r--p 00121000 fd:00 97993                      /usr/lib64/libnss3.so
7fb44e665000-7fb44e667000 rw-p 00126000 fd:00 97993                      /usr/lib64/libnss3.so
7fb44e667000-7fb44e669000 rw-p 00000000 00:00 0 
7fb44e669000-7fb44e68d000 r-xp 00000000 fd:00 599667                     /usr/lib64/libsmime3.so
7fb44e68d000-7fb44e88c000 ---p 00024000 fd:00 599667                     /usr/lib64/libsmime3.so
7fb44e88c000-7fb44e88f000 r--p 00023000 fd:00 599667                     /usr/lib64/libsmime3.so
7fb44e88f000-7fb44e890000 rw-p 00026000 fd:00 599667                     /usr/lib64/libsmime3.so
7fb44e890000-7fb44e8d7000 r-xp 00000000 fd:00 599669                     /usr/lib64/libssl3.so
7fb44e8d7000-7fb44ead6000 ---p 00047000 fd:00 599669                     /usr/lib64/libssl3.so
7fb44ead6000-7fb44eada000 r--p 00046000 fd:00 599669                     /usr/lib64/libssl3.so
7fb44eada000-7fb44eadb000 rw-p 0004a000 fd:00 599669                     /usr/lib64/libssl3.so
7fb44eadb000-7fb44ecdc000 rw-p 00000000 00:00 0 
7fb44ecea000-7fb44eced000 r-xp 00000000 fd:00 1236785                    /usr/lib64/libplds4.so
7fb44eced000-7fb44eeec000 ---p 00003000 fd:00 1236785                    /usr/lib64/libplds4.so
7fb44eeec000-7fb44eeed000 r--p 00002000 fd:00 1236785                    /usr/lib64/libplds4.so
7fb44eeed000-7fb44eeee000 rw-p 00003000 fd:00 1236785                    /usr/lib64/libplds4.so
7fb44eeee000-7fb44eefa000 r-xp 00000000 fd:00 17350604                   /usr/lib/jvm/java-1.8.0-openjdk-1.8.0.144-0.b01.el7_4.x86_64/jre/lib/amd64/libsunec.so
7fb44eefa000-7fb44f0f9000 ---p 0000c000 fd:00 17350604                   /usr/lib/jvm/java-1.8.0-openjdk-1.8.0.144-0.b01.el7_4.x86_64/jre/lib/amd64/libsunec.so
7fb44f0f9000-7fb44f0fa000 r--p 0000b000 fd:00 17350604                   /usr/lib/jvm/java-1.8.0-openjdk-1.8.0.144-0.b01.el7_4.x86_64/jre/lib/amd64/libsunec.so
7fb44f0fa000-7fb44f0fb000 rw-p 0000c000 fd:00 17350604                   /usr/lib/jvm/java-1.8.0-openjdk-1.8.0.144-0.b01.el7_4.x86_64/jre/lib/amd64/libsunec.so
7fb44f0fb000-7fb44f2fb000 rw-p 00000000 00:00 0 
7fb44f2fb000-7fb44f4fb000 rw-p 00000000 00:00 0 
7fb44f4fb000-7fb44f4fe000 ---p 00000000 00:00 0 
7fb44f4fe000-7fb44f5fc000 rw-p 00000000 00:00 0                          [stack:45741]
7fb44f5fc000-7fb44f5ff000 ---p 00000000 00:00 0 
7fb44f5ff000-7fb44f8fd000 rw-p 00000000 00:00 0                          [stack:45740]
7fb44f8fd000-7fb44fafd000 rw-p 00000000 00:00 0 
7fb44fafd000-7fb44fb00000 ---p 00000000 00:00 0 
7fb44fb00000-7fb44fdfe000 rw-p 00000000 00:00 0                          [stack:45738]
7fb44fdfe000-7fb44fe01000 ---p 00000000 00:00 0 
7fb44fe01000-7fb44feff000 rw-p 00000000 00:00 0                          [stack:47473]
7fb44feff000-7fb44ff02000 ---p 00000000 00:00 0 
7fb44ff02000-7fb450000000 rw-p 00000000 00:00 0                          [stack:45734]
7fb450000000-7fb450144000 rw-p 00000000 00:00 0 
7fb450144000-7fb454000000 ---p 00000000 00:00 0 
7fb454000000-7fb4540a8000 rw-p 00000000 00:00 0 
7fb4540a8000-7fb458000000 ---p 00000000 00:00 0 
7fb458000000-7fb45808b000 rw-p 00000000 00:00 0 
7fb45808b000-7fb45c000000 ---p 00000000 00:00 0 
7fb45c000000-7fb45c3ad000 rw-p 00000000 00:00 0 
7fb45c3ad000-7fb460000000 ---p 00000000 00:00 0 
7fb460000000-7fb464000000 rw-p 00000000 00:00 0 
7fb464000000-7fb465a17000 rw-p 00000000 00:00 0 
7fb465a17000-7fb468000000 ---p 00000000 00:00 0 
7fb468000000-7fb468102000 rw-p 00000000 00:00 0 
7fb468102000-7fb46c000000 ---p 00000000 00:00 0 
7fb46c000000-7fb46ffff000 rw-p 00000000 00:00 0 
7fb46ffff000-7fb470000000 ---p 00000000 00:00 0 
7fb470000000-7fb470045000 rw-p 00000000 00:00 0 
7fb470045000-7fb474000000 ---p 00000000 00:00 0 
7fb474000000-7fb47404b000 rw-p 00000000 00:00 0 
7fb47404b000-7fb478000000 ---p 00000000 00:00 0 
7fb478000000-7fb47804c000 rw-p 00000000 00:00 0 
7fb47804c000-7fb47c000000 ---p 00000000 00:00 0 
7fb47c000000-7fb47c052000 rw-p 00000000 00:00 0 
7fb47c052000-7fb480000000 ---p 00000000 00:00 0 
7fb480000000-7fb48037d000 rw-p 00000000 00:00 0 
7fb48037d000-7fb484000000 ---p 00000000 00:00 0 
7fb484000000-7fb484072000 rw-p 00000000 00:00 0 
7fb484072000-7fb488000000 ---p 00000000 00:00 0 
7fb488000000-7fb488044000 rw-p 00000000 00:00 0 
7fb488044000-7fb48c000000 ---p 00000000 00:00 0 
7fb48c000000-7fb48c0a6000 rw-p 00000000 00:00 0 
7fb48c0a6000-7fb490000000 ---p 00000000 00:00 0 
7fb4900bd000-7fb4902bd000 rw-p 00000000 00:00 0 
7fb4902bd000-7fb4904bd000 rw-p 00000000 00:00 0 
7fb490549000-7fb49054d000 r--s 01220000 fd:00 17995911                   /var/lib/cas/cashub/main-banc-dispacher-0.0.1-SNAPSHOT-spring-boot.jar
7fb49054d000-7fb49055e000 r--s 000cf000 fd:00 17997306                   /tmp/jar_cache3582159782285315616.tmp (deleted)
7fb49055e000-7fb49057c000 r--s 00231000 fd:00 17997303                   /tmp/jar_cache3398410533151805626.tmp (deleted)
7fb49057c000-7fb490586000 r--s 0005c000 fd:00 17995921                   /tmp/jar_cache6028214105880752931.tmp (deleted)
7fb490586000-7fb49058b000 r--s 00309000 fd:00 1230308                    /usr/lib/jvm/java-1.8.0-openjdk-1.8.0.144-0.b01.el7_4.x86_64/jre/lib/charsets.jar
7fb49058b000-7fb49059e000 r--s 00346000 fd:00 2603554                    /usr/lib/jvm/java-1.8.0-openjdk-1.8.0.144-0.b01.el7_4.x86_64/jre/lib/resources.jar
7fb49059e000-7fb4905ba000 r--s 003b6000 fd:00 33839922                   /usr/lib/jvm/java-1.8.0-openjdk-1.8.0.144-0.b01.el7_4.x86_64/jre/lib/ext/cldrdata.jar
7fb4905ba000-7fb4907ba000 rw-p 00000000 00:00 0 
7fb4907ba000-7fb4909ba000 rw-p 00000000 00:00 0 
7fb4909ba000-7fb490bba000 rw-p 00000000 00:00 0 
7fb490bba000-7fb490bbb000 ---p 00000000 00:00 0 
7fb490bbb000-7fb490cbb000 rw-p 00000000 00:00 0                          [stack:45727]
7fb490cbb000-7fb490cbe000 ---p 00000000 00:00 0 
7fb490cbe000-7fb490dbc000 rw-p 00000000 00:00 0                          [stack:45726]
7fb490dbc000-7fb490dbf000 ---p 00000000 00:00 0 
7fb490dbf000-7fb490ebd000 rw-p 00000000 00:00 0                          [stack:45725]
7fb490ebd000-7fb490ecf000 r-xp 00000000 fd:00 17350600                   /usr/lib/jvm/java-1.8.0-openjdk-1.8.0.144-0.b01.el7_4.x86_64/jre/lib/amd64/libnio.so
7fb490ecf000-7fb4910ce000 ---p 00012000 fd:00 17350600                   /usr/lib/jvm/java-1.8.0-openjdk-1.8.0.144-0.b01.el7_4.x86_64/jre/lib/amd64/libnio.so
7fb4910ce000-7fb4910cf000 r--p 00011000 fd:00 17350600                   /usr/lib/jvm/java-1.8.0-openjdk-1.8.0.144-0.b01.el7_4.x86_64/jre/lib/amd64/libnio.so
7fb4910cf000-7fb4910d0000 rw-p 00012000 fd:00 17350600                   /usr/lib/jvm/java-1.8.0-openjdk-1.8.0.144-0.b01.el7_4.x86_64/jre/lib/amd64/libnio.so
7fb4910d0000-7fb4910e7000 r-xp 00000000 fd:00 17350599                   /usr/lib/jvm/java-1.8.0-openjdk-1.8.0.144-0.b01.el7_4.x86_64/jre/lib/amd64/libnet.so
7fb4910e7000-7fb4912e6000 ---p 00017000 fd:00 17350599                   /usr/lib/jvm/java-1.8.0-openjdk-1.8.0.144-0.b01.el7_4.x86_64/jre/lib/amd64/libnet.so
7fb4912e6000-7fb4912e7000 r--p 00016000 fd:00 17350599                   /usr/lib/jvm/java-1.8.0-openjdk-1.8.0.144-0.b01.el7_4.x86_64/jre/lib/amd64/libnet.so
7fb4912e7000-7fb4912e8000 rw-p 00017000 fd:00 17350599                   /usr/lib/jvm/java-1.8.0-openjdk-1.8.0.144-0.b01.el7_4.x86_64/jre/lib/amd64/libnet.so
7fb4912e8000-7fb4912f1000 r-xp 00000000 fd:00 17350597                   /usr/lib/jvm/java-1.8.0-openjdk-1.8.0.144-0.b01.el7_4.x86_64/jre/lib/amd64/libmanagement.so
7fb4912f1000-7fb4914f0000 ---p 00009000 fd:00 17350597                   /usr/lib/jvm/java-1.8.0-openjdk-1.8.0.144-0.b01.el7_4.x86_64/jre/lib/amd64/libmanagement.so
7fb4914f0000-7fb4914f1000 r--p 00008000 fd:00 17350597                   /usr/lib/jvm/java-1.8.0-openjdk-1.8.0.144-0.b01.el7_4.x86_64/jre/lib/amd64/libmanagement.so
7fb4914f1000-7fb4914f2000 rw-p 00009000 fd:00 17350597                   /usr/lib/jvm/java-1.8.0-openjdk-1.8.0.144-0.b01.el7_4.x86_64/jre/lib/amd64/libmanagement.so
7fb4914f2000-7fb4914f5000 ---p 00000000 00:00 0 
7fb4914f5000-7fb4915f3000 rw-p 00000000 00:00 0                          [stack:45724]
7fb4915f3000-7fb4915f7000 ---p 00000000 00:00 0 
7fb4915f7000-7fb4916f4000 rw-p 00000000 00:00 0                          [stack:45723]
7fb4916f4000-7fb4916f8000 ---p 00000000 00:00 0 
7fb4916f8000-7fb4917f5000 rw-p 00000000 00:00 0                          [stack:45722]
7fb4917f5000-7fb4917f9000 ---p 00000000 00:00 0 
7fb4917f9000-7fb4918f6000 rw-p 00000000 00:00 0                          [stack:45721]
7fb4918f6000-7fb4918f9000 ---p 00000000 00:00 0 
7fb4918f9000-7fb4919f7000 rw-p 00000000 00:00 0                          [stack:45720]
7fb4919f7000-7fb4919fa000 ---p 00000000 00:00 0 
7fb4919fa000-7fb491af8000 rw-p 00000000 00:00 0                          [stack:45719]
7fb491af8000-7fb491afc000 r-xp 00000000 fd:00 17350581                   /usr/lib/jvm/java-1.8.0-openjdk-1.8.0.144-0.b01.el7_4.x86_64/jre/lib/amd64/libdt_socket.so
7fb491afc000-7fb491cfb000 ---p 00004000 fd:00 17350581                   /usr/lib/jvm/java-1.8.0-openjdk-1.8.0.144-0.b01.el7_4.x86_64/jre/lib/amd64/libdt_socket.so
7fb491cfb000-7fb491cfc000 r--p 00003000 fd:00 17350581                   /usr/lib/jvm/java-1.8.0-openjdk-1.8.0.144-0.b01.el7_4.x86_64/jre/lib/amd64/libdt_socket.so
7fb491cfc000-7fb491cfd000 rw-p 00004000 fd:00 17350581                   /usr/lib/jvm/java-1.8.0-openjdk-1.8.0.144-0.b01.el7_4.x86_64/jre/lib/amd64/libdt_socket.so
7fb491cfd000-7fb491d00000 ---p 00000000 00:00 0 
7fb491d00000-7fb491dfe000 rw-p 00000000 00:00 0                          [stack:45718]
7fb491dfe000-7fb491e01000 ---p 00000000 00:00 0 
7fb491e01000-7fb491eff000 rw-p 00000000 00:00 0                          [stack:45717]
7fb491eff000-7fb491f02000 ---p 00000000 00:00 0 
7fb491f02000-7fb494000000 rw-p 00000000 00:00 0                          [stack:45716]
7fb494000000-7fb4940d5000 rw-p 00000000 00:00 0 
7fb4940d5000-7fb498000000 ---p 00000000 00:00 0 
7fb498000000-7fb4982be000 rw-p 00000000 00:00 0 
7fb4982be000-7fb49c000000 ---p 00000000 00:00 0 
7fb49c000000-7fb49c160000 rw-p 00000000 00:00 0 
7fb49c160000-7fb4a0000000 ---p 00000000 00:00 0 
7fb4a0000000-7fb4a000b000 r--s 0011c000 fd:00 33755069                   /usr/lib/jvm/java-1.8.0-openjdk-1.8.0.144-0.b01.el7_4.x86_64/jre/lib/ext/localedata.jar
7fb4a000b000-7fb4a0026000 r--s 001d6000 fd:00 33755071                   /usr/lib/jvm/java-1.8.0-openjdk-1.8.0.144-0.b01.el7_4.x86_64/jre/lib/ext/nashorn.jar
7fb4a0026000-7fb4a0030000 r--s 03d70000 fd:00 17995911                   /var/lib/cas/cashub/main-banc-dispacher-0.0.1-SNAPSHOT-spring-boot.jar
7fb4a0030000-7fb4a0033000 ---p 00000000 00:00 0 
7fb4a0033000-7fb4a0131000 rw-p 00000000 00:00 0                          [stack:45715]
7fb4a0131000-7fb4a0132000 ---p 00000000 00:00 0 
7fb4a0132000-7fb4a0232000 rw-p 00000000 00:00 0                          [stack:45713]
7fb4a0232000-7fb4a0401000 r--s 043f2000 fd:00 2603555                    /usr/lib/jvm/java-1.8.0-openjdk-1.8.0.144-0.b01.el7_4.x86_64/jre/lib/rt.jar
7fb4a0401000-7fb4a0cd2000 rw-p 00000000 00:00 0 
7fb4a0cd2000-7fb4a0cd3000 ---p 00000000 00:00 0 
7fb4a0cd3000-7fb4a1886000 rw-p 00000000 00:00 0                          [stack:45708]
7fb4a1886000-7fb4a1887000 ---p 00000000 00:00 0 
7fb4a1887000-7fb4a1987000 rw-p 00000000 00:00 0                          [stack:45707]
7fb4a1987000-7fb4a1988000 ---p 00000000 00:00 0 
7fb4a1988000-7fb4a1a88000 rw-p 00000000 00:00 0                          [stack:45706]
7fb4a1a88000-7fb4a1a89000 ---p 00000000 00:00 0 
7fb4a1a89000-7fb4a1b89000 rw-p 00000000 00:00 0                          [stack:45705]
7fb4a1b89000-7fb4a1b8a000 ---p 00000000 00:00 0 
7fb4a1b8a000-7fb4a1d93000 rw-p 00000000 00:00 0                          [stack:45704]
7fb4a1d93000-7fb4a204a000 ---p 00000000 00:00 0 
7fb4a204a000-7fb4a626a000 rwxp 00000000 00:00 0 
7fb4a626a000-7fb4b104a000 ---p 00000000 00:00 0 
7fb4b104a000-7fb4b1052000 r-xp 00000000 fd:00 17350607                   /usr/lib/jvm/java-1.8.0-openjdk-1.8.0.144-0.b01.el7_4.x86_64/jre/lib/amd64/libzip.so
7fb4b1052000-7fb4b1251000 ---p 00008000 fd:00 17350607                   /usr/lib/jvm/java-1.8.0-openjdk-1.8.0.144-0.b01.el7_4.x86_64/jre/lib/amd64/libzip.so
7fb4b1251000-7fb4b1252000 r--p 00007000 fd:00 17350607                   /usr/lib/jvm/java-1.8.0-openjdk-1.8.0.144-0.b01.el7_4.x86_64/jre/lib/amd64/libzip.so
7fb4b1252000-7fb4b1253000 rw-p 00008000 fd:00 17350607                   /usr/lib/jvm/java-1.8.0-openjdk-1.8.0.144-0.b01.el7_4.x86_64/jre/lib/amd64/libzip.so
7fb4b1253000-7fb4b125f000 r-xp 00000000 fd:00 1236736                    /usr/lib64/libnss_files-2.17.so
7fb4b125f000-7fb4b145e000 ---p 0000c000 fd:00 1236736                    /usr/lib64/libnss_files-2.17.so
7fb4b145e000-7fb4b145f000 r--p 0000b000 fd:00 1236736                    /usr/lib64/libnss_files-2.17.so
7fb4b145f000-7fb4b1460000 rw-p 0000c000 fd:00 1236736                    /usr/lib64/libnss_files-2.17.so
7fb4b1460000-7fb4b1466000 rw-p 00000000 00:00 0 
7fb4b1466000-7fb4b798f000 r--p 00000000 fd:00 16803011                   /usr/lib/locale/locale-archive
7fb4b798f000-7fb4b7991000 r-xp 00000000 fd:00 17350601                   /usr/lib/jvm/java-1.8.0-openjdk-1.8.0.144-0.b01.el7_4.x86_64/jre/lib/amd64/libnpt.so
7fb4b7991000-7fb4b7b91000 ---p 00002000 fd:00 17350601                   /usr/lib/jvm/java-1.8.0-openjdk-1.8.0.144-0.b01.el7_4.x86_64/jre/lib/amd64/libnpt.so
7fb4b7b91000-7fb4b7b92000 r--p 00002000 fd:00 17350601                   /usr/lib/jvm/java-1.8.0-openjdk-1.8.0.144-0.b01.el7_4.x86_64/jre/lib/amd64/libnpt.so
7fb4b7b92000-7fb4b7b93000 rw-p 00003000 fd:00 17350601                   /usr/lib/jvm/java-1.8.0-openjdk-1.8.0.144-0.b01.el7_4.x86_64/jre/lib/amd64/libnpt.so
7fb4b7b93000-7fb4b7bce000 r-xp 00000000 fd:00 17350592                   /usr/lib/jvm/java-1.8.0-openjdk-1.8.0.144-0.b01.el7_4.x86_64/jre/lib/amd64/libjdwp.so
7fb4b7bce000-7fb4b7dce000 ---p 0003b000 fd:00 17350592                   /usr/lib/jvm/java-1.8.0-openjdk-1.8.0.144-0.b01.el7_4.x86_64/jre/lib/amd64/libjdwp.so
7fb4b7dce000-7fb4b7dcf000 r--p 0003b000 fd:00 17350592                   /usr/lib/jvm/java-1.8.0-openjdk-1.8.0.144-0.b01.el7_4.x86_64/jre/lib/amd64/libjdwp.so
7fb4b7dcf000-7fb4b7dd0000 rw-p 0003c000 fd:00 17350592                   /usr/lib/jvm/java-1.8.0-openjdk-1.8.0.144-0.b01.el7_4.x86_64/jre/lib/amd64/libjdwp.so
7fb4b7dd0000-7fb4b7dfd000 r-xp 00000000 fd:00 17350589                   /usr/lib/jvm/java-1.8.0-openjdk-1.8.0.144-0.b01.el7_4.x86_64/jre/lib/amd64/libjava.so
7fb4b7dfd000-7fb4b7ffd000 ---p 0002d000 fd:00 17350589                   /usr/lib/jvm/java-1.8.0-openjdk-1.8.0.144-0.b01.el7_4.x86_64/jre/lib/amd64/libjava.so
7fb4b7ffd000-7fb4b7ffe000 r--p 0002d000 fd:00 17350589                   /usr/lib/jvm/java-1.8.0-openjdk-1.8.0.144-0.b01.el7_4.x86_64/jre/lib/amd64/libjava.so
7fb4b7ffe000-7fb4b8000000 rw-p 0002e000 fd:00 17350589                   /usr/lib/jvm/java-1.8.0-openjdk-1.8.0.144-0.b01.el7_4.x86_64/jre/lib/amd64/libjava.so
7fb4b8000000-7fb4bb3fa000 rw-p 00000000 00:00 0 
7fb4bb3fa000-7fb4bc000000 ---p 00000000 00:00 0 
7fb4bc001000-7fb4bc002000 rw-p 00000000 00:00 0 
7fb4bc002000-7fb4bc008000 r--s 00043000 fd:00 33837246                   /usr/lib/jvm/java-1.8.0-openjdk-1.8.0.144-0.b01.el7_4.x86_64/jre/lib/ext/sunjce_provider.jar
7fb4bc008000-7fb4bc056000 rw-p 00000000 00:00 0 
7fb4bc056000-7fb4bc063000 r-xp 00000000 fd:00 17350606                   /usr/lib/jvm/java-1.8.0-openjdk-1.8.0.144-0.b01.el7_4.x86_64/jre/lib/amd64/libverify.so
7fb4bc063000-7fb4bc262000 ---p 0000d000 fd:00 17350606                   /usr/lib/jvm/java-1.8.0-openjdk-1.8.0.144-0.b01.el7_4.x86_64/jre/lib/amd64/libverify.so
7fb4bc262000-7fb4bc264000 r--p 0000c000 fd:00 17350606                   /usr/lib/jvm/java-1.8.0-openjdk-1.8.0.144-0.b01.el7_4.x86_64/jre/lib/amd64/libverify.so
7fb4bc264000-7fb4bc265000 rw-p 0000e000 fd:00 17350606                   /usr/lib/jvm/java-1.8.0-openjdk-1.8.0.144-0.b01.el7_4.x86_64/jre/lib/amd64/libverify.so
7fb4bc265000-7fb4bc26c000 r-xp 00000000 fd:00 1236742                    /usr/lib64/librt-2.17.so
7fb4bc26c000-7fb4bc46b000 ---p 00007000 fd:00 1236742                    /usr/lib64/librt-2.17.so
7fb4bc46b000-7fb4bc46c000 r--p 00006000 fd:00 1236742                    /usr/lib64/librt-2.17.so
7fb4bc46c000-7fb4bc46d000 rw-p 00007000 fd:00 1236742                    /usr/lib64/librt-2.17.so
7fb4bc46d000-7fb4bc482000 r-xp 00000000 fd:00 480939                     /usr/lib64/libgcc_s-4.8.5-20150702.so.1
7fb4bc482000-7fb4bc681000 ---p 00015000 fd:00 480939                     /usr/lib64/libgcc_s-4.8.5-20150702.so.1
7fb4bc681000-7fb4bc682000 r--p 00014000 fd:00 480939                     /usr/lib64/libgcc_s-4.8.5-20150702.so.1
7fb4bc682000-7fb4bc683000 rw-p 00015000 fd:00 480939                     /usr/lib64/libgcc_s-4.8.5-20150702.so.1
7fb4bc683000-7fb4bc784000 r-xp 00000000 fd:00 1235373                    /usr/lib64/libm-2.17.so
7fb4bc784000-7fb4bc983000 ---p 00101000 fd:00 1235373                    /usr/lib64/libm-2.17.so
7fb4bc983000-7fb4bc984000 r--p 00100000 fd:00 1235373                    /usr/lib64/libm-2.17.so
7fb4bc984000-7fb4bc985000 rw-p 00101000 fd:00 1235373                    /usr/lib64/libm-2.17.so
7fb4bc985000-7fb4bca6e000 r-xp 00000000 fd:00 219268                     /usr/lib64/libstdc++.so.6.0.19
7fb4bca6e000-7fb4bcc6d000 ---p 000e9000 fd:00 219268                     /usr/lib64/libstdc++.so.6.0.19
7fb4bcc6d000-7fb4bcc75000 r--p 000e8000 fd:00 219268                     /usr/lib64/libstdc++.so.6.0.19
7fb4bcc75000-7fb4bcc77000 rw-p 000f0000 fd:00 219268                     /usr/lib64/libstdc++.so.6.0.19
7fb4bcc77000-7fb4bcc8c000 rw-p 00000000 00:00 0 
7fb4bcc8c000-7fb4bd949000 r-xp 00000000 fd:00 2603529                    /usr/lib/jvm/java-1.8.0-openjdk-1.8.0.144-0.b01.el7_4.x86_64/jre/lib/amd64/server/libjvm.so
7fb4bd949000-7fb4bdb48000 ---p 00cbd000 fd:00 2603529                    /usr/lib/jvm/java-1.8.0-openjdk-1.8.0.144-0.b01.el7_4.x86_64/jre/lib/amd64/server/libjvm.so
7fb4bdb48000-7fb4bdbf3000 r--p 00cbc000 fd:00 2603529                    /usr/lib/jvm/java-1.8.0-openjdk-1.8.0.144-0.b01.el7_4.x86_64/jre/lib/amd64/server/libjvm.so
7fb4bdbf3000-7fb4bdc1c000 rw-p 00d67000 fd:00 2603529                    /usr/lib/jvm/java-1.8.0-openjdk-1.8.0.144-0.b01.el7_4.x86_64/jre/lib/amd64/server/libjvm.so
7fb4bdc1c000-7fb4bdc4f000 rw-p 00000000 00:00 0 
7fb4bdc4f000-7fb4bde12000 r-xp 00000000 fd:00 59005                      /usr/lib64/libc-2.17.so
7fb4bde12000-7fb4be011000 ---p 001c3000 fd:00 59005                      /usr/lib64/libc-2.17.so
7fb4be011000-7fb4be015000 r--p 001c2000 fd:00 59005                      /usr/lib64/libc-2.17.so
7fb4be015000-7fb4be017000 rw-p 001c6000 fd:00 59005                      /usr/lib64/libc-2.17.so
7fb4be017000-7fb4be01c000 rw-p 00000000 00:00 0 
7fb4be01c000-7fb4be01e000 r-xp 00000000 fd:00 1235371                    /usr/lib64/libdl-2.17.so
7fb4be01e000-7fb4be21e000 ---p 00002000 fd:00 1235371                    /usr/lib64/libdl-2.17.so
7fb4be21e000-7fb4be21f000 r--p 00002000 fd:00 1235371                    /usr/lib64/libdl-2.17.so
7fb4be21f000-7fb4be220000 rw-p 00003000 fd:00 1235371                    /usr/lib64/libdl-2.17.so
7fb4be220000-7fb4be22e000 r-xp 00000000 fd:00 50583498                   /usr/lib/jvm/java-1.8.0-openjdk-1.8.0.144-0.b01.el7_4.x86_64/jre/lib/amd64/jli/libjli.so
7fb4be22e000-7fb4be42d000 ---p 0000e000 fd:00 50583498                   /usr/lib/jvm/java-1.8.0-openjdk-1.8.0.144-0.b01.el7_4.x86_64/jre/lib/amd64/jli/libjli.so
7fb4be42d000-7fb4be42e000 r--p 0000d000 fd:00 50583498                   /usr/lib/jvm/java-1.8.0-openjdk-1.8.0.144-0.b01.el7_4.x86_64/jre/lib/amd64/jli/libjli.so
7fb4be42e000-7fb4be42f000 rw-p 0000e000 fd:00 50583498                   /usr/lib/jvm/java-1.8.0-openjdk-1.8.0.144-0.b01.el7_4.x86_64/jre/lib/amd64/jli/libjli.so
7fb4be42f000-7fb4be444000 r-xp 00000000 fd:00 81032                      /usr/lib64/libz.so.1.2.7
7fb4be444000-7fb4be643000 ---p 00015000 fd:00 81032                      /usr/lib64/libz.so.1.2.7
7fb4be643000-7fb4be644000 r--p 00014000 fd:00 81032                      /usr/lib64/libz.so.1.2.7
7fb4be644000-7fb4be645000 rw-p 00015000 fd:00 81032                      /usr/lib64/libz.so.1.2.7
7fb4be645000-7fb4be65c000 r-xp 00000000 fd:00 59031                      /usr/lib64/libpthread-2.17.so
7fb4be65c000-7fb4be85b000 ---p 00017000 fd:00 59031                      /usr/lib64/libpthread-2.17.so
7fb4be85b000-7fb4be85c000 r--p 00016000 fd:00 59031                      /usr/lib64/libpthread-2.17.so
7fb4be85c000-7fb4be85d000 rw-p 00017000 fd:00 59031                      /usr/lib64/libpthread-2.17.so
7fb4be85d000-7fb4be861000 rw-p 00000000 00:00 0 
7fb4be861000-7fb4be883000 r-xp 00000000 fd:00 735553                     /usr/lib64/ld-2.17.so
7fb4be883000-7fb4be885000 rw-p 00000000 00:00 0 
7fb4be885000-7fb4be886000 r--s 00007000 fd:00 33837245                   /usr/lib/jvm/java-1.8.0-openjdk-1.8.0.144-0.b01.el7_4.x86_64/jre/lib/ext/sunec.jar
7fb4be886000-7fb4be8bc000 rw-p 00000000 00:00 0 
7fb4be8bc000-7fb4be8dc000 ---p 00000000 00:00 0 
7fb4be8dc000-7fb4be8f1000 rw-p 00000000 00:00 0 
7fb4be8f1000-7fb4be906000 ---p 00000000 00:00 0 
7fb4be906000-7fb4be93c000 rw-p 00000000 00:00 0 
7fb4be93c000-7fb4be95c000 ---p 00000000 00:00 0 
7fb4be95c000-7fb4be95d000 rw-p 00000000 00:00 0 
7fb4be95d000-7fb4be961000 ---p 00000000 00:00 0 
7fb4be961000-7fb4bea63000 rw-p 00000000 00:00 0                          [stack:45702]
7fb4bea63000-7fb4bea66000 r--s 00018000 fd:00 2603544                    /usr/lib/jvm/java-1.8.0-openjdk-1.8.0.144-0.b01.el7_4.x86_64/jre/lib/jce.jar
7fb4bea66000-7fb4bea6b000 r--s 000b3000 fd:00 2603546                    /usr/lib/jvm/java-1.8.0-openjdk-1.8.0.144-0.b01.el7_4.x86_64/jre/lib/jsse.jar
7fb4bea6b000-7fb4bea77000 rw-p 00000000 00:00 0 
7fb4bea77000-7fb4bea7f000 rw-s 00000000 fd:00 36190911                   /tmp/hsperfdata_casadmin/45700
7fb4bea7f000-7fb4bea80000 rw-p 00000000 00:00 0 
7fb4bea80000-7fb4bea81000 r--p 00000000 00:00 0 
7fb4bea81000-7fb4bea82000 rw-p 00000000 00:00 0 
7fb4bea82000-7fb4bea83000 r--p 00021000 fd:00 735553                     /usr/lib64/ld-2.17.so
7fb4bea83000-7fb4bea84000 rw-p 00022000 fd:00 735553                     /usr/lib64/ld-2.17.so
7fb4bea84000-7fb4bea85000 rw-p 00000000 00:00 0 
7fff60979000-7fff6099a000 rw-p 00000000 00:00 0                          [stack]
7fff609f3000-7fff609f5000 r-xp 00000000 00:00 0                          [vdso]
ffffffffff600000-ffffffffff601000 r-xp 00000000 00:00 0                  [vsyscall]

VM Arguments:
jvm_args: -Djava.awt.headless=true -Xmx256m -XX:+UseConcMarkSweepGC -Djava.awt.headless=true -Xmx256m -XX:+UseConcMarkSweepGC -Dlogging.config=/etc/default/casconfig/cas-hub/log4j2.xml -Xdebug -Xrunjdwp:transport=dt_socket,address=12005,server=y,suspend=n -ea -Djava.net.preferIPv4Stack=true -Dcom.sun.management.jmxremote.authenticate=false -Dcom.sun.management.jmxremote.ssl=false -Dcom.sun.management.jmxremote=true -Dcom.sun.management.jmxremote.rmi.port=12007 -Dcom.sun.management.jmxremote.local.only=false -Djava.rmi.server.hostname=10.45.250.6 -Dcom.sun.management.jmxremote.port=12007 -Dcasmain.properties.filepath=file:/etc/default/casconfig/cas-gen/mq-base0.properties,file:/etc/default/casconfig/cas-gen/db-base0.properties,file:/etc/default/casconfig/cas-hub/hub-base0.properties -Dport=12004 -ea 
java_command: main-banc-dispacher-0.0.1-SNAPSHOT-spring-boot.jar
java_class_path (initial): main-banc-dispacher-0.0.1-SNAPSHOT-spring-boot.jar
Launcher Type: SUN_STANDARD

Environment Variables:
PATH=/usr/local/sbin:/usr/local/bin:/usr/sbin:/usr/bin
SHELL=/bin/bash

Signal Handlers:
SIGSEGV: [libjvm.so+0xaada50], sa_mask[0]=11111111011111111101111111111110, sa_flags=SA_RESTART|SA_SIGINFO
SIGBUS: [libjvm.so+0xaada50], sa_mask[0]=11111111011111111101111111111110, sa_flags=SA_RESTART|SA_SIGINFO
SIGFPE: [libjvm.so+0x8a8280], sa_mask[0]=11111111011111111101111111111110, sa_flags=SA_RESTART|SA_SIGINFO
SIGPIPE: SIG_IGN, sa_mask[0]=00000000000000000000000000000000, sa_flags=none
SIGXFSZ: [libjvm.so+0x8a8280], sa_mask[0]=11111111011111111101111111111110, sa_flags=SA_RESTART|SA_SIGINFO
SIGILL: [libjvm.so+0x8a8280], sa_mask[0]=11111111011111111101111111111110, sa_flags=SA_RESTART|SA_SIGINFO
SIGUSR1: SIG_DFL, sa_mask[0]=00000000000000000000000000000000, sa_flags=none
SIGUSR2: [libjvm.so+0x8a8130], sa_mask[0]=00000000000000000000000000000000, sa_flags=SA_RESTART|SA_SIGINFO
SIGHUP: [libjvm.so+0x8a8340], sa_mask[0]=11111111011111111101111111111110, sa_flags=SA_RESTART|SA_SIGINFO
SIGINT: [libjvm.so+0x8a8340], sa_mask[0]=11111111011111111101111111111110, sa_flags=SA_RESTART|SA_SIGINFO
SIGTERM: [libjvm.so+0x8a8340], sa_mask[0]=11111111011111111101111111111110, sa_flags=SA_RESTART|SA_SIGINFO
SIGQUIT: [libjvm.so+0x8a8340], sa_mask[0]=11111111011111111101111111111110, sa_flags=SA_RESTART|SA_SIGINFO


---------------  S Y S T E M  ---------------

OS:CentOS Linux release 7.3.1611 (Core) 

uname:Linux 3.10.0-514.el7.x86_64 #1 SMP Tue Nov 22 16:42:41 UTC 2016 x86_64
libc:glibc 2.17 NPTL 2.17 
rlimit: STACK 8192k, CORE 0k, NPROC 15012, NOFILE 4096, AS infinity
load average:0.02 0.06 0.05

/proc/meminfo:
MemTotal:        8068372 kB
MemFree:          833640 kB
MemAvailable:    5303296 kB
Buffers:               0 kB
Cached:          3914564 kB
SwapCached:        35852 kB
Active:          4478012 kB
Inactive:        1476412 kB
Active(anon):    1961800 kB
Inactive(anon):   264728 kB
Active(file):    2516212 kB
Inactive(file):  1211684 kB
Unevictable:           0 kB
Mlocked:               0 kB
SwapTotal:       2097148 kB
SwapFree:        1824456 kB
Dirty:             12000 kB
Writeback:             0 kB
AnonPages:       2006092 kB
Mapped:           145272 kB
Shmem:            186628 kB
Slab:             995020 kB
SReclaimable:     823184 kB
SUnreclaim:       171836 kB
KernelStack:       12528 kB
PageTables:        26532 kB
NFS_Unstable:          0 kB
Bounce:                0 kB
WritebackTmp:          0 kB
CommitLimit:     6131332 kB
Committed_AS:    3633548 kB
VmallocTotal:   34359738367 kB
VmallocUsed:      171184 kB
VmallocChunk:   34359326716 kB
HardwareCorrupted:     0 kB
AnonHugePages:   1601536 kB
HugePages_Total:       0
HugePages_Free:        0
HugePages_Rsvd:        0
HugePages_Surp:        0
Hugepagesize:       2048 kB
DirectMap4k:      169856 kB
DirectMap2M:     5072896 kB
DirectMap1G:     5242880 kB


CPU:total 4 (initial active 4) (2 cores per cpu, 1 threads per core) family 6 model 79 stepping 1, cmov, cx8, fxsr, mmx, sse, sse2, sse3, ssse3, sse4.1, sse4.2, popcnt, avx, aes, clmul, erms, 3dnowpref, tsc, tscinvbit

/proc/cpuinfo:
processor	: 0
vendor_id	: GenuineIntel
cpu family	: 6
model		: 79
model name	: Intel(R) Xeon(R) CPU E5-2680 v4 @ 2.40GHz
stepping	: 1
microcode	: 0xb00002a
cpu MHz		: 2399.648
cache size	: 35840 KB
physical id	: 0
siblings	: 2
core id		: 0
cpu cores	: 2
apicid		: 0
initial apicid	: 0
fpu		: yes
fpu_exception	: yes
cpuid level	: 20
wp		: yes
flags		: fpu vme de pse tsc msr pae mce cx8 apic sep mtrr pge mca cmov pat pse36 clflush dts mmx fxsr sse sse2 ss ht syscall nx pdpe1gb rdtscp lm constant_tsc arch_perfmon pebs bts nopl xtopology tsc_reliable nonstop_tsc pni pclmulqdq ssse3 fma cx16 pcid sse4_1 sse4_2 x2apic movbe popcnt aes xsave avx f16c rdrand hypervisor lahf_lm 3dnowprefetch arat fsgsbase smep
bogomips	: 4799.99
clflush size	: 64
cache_alignment	: 64
address sizes	: 40 bits physical, 48 bits virtual
power management:

processor	: 1
vendor_id	: GenuineIntel
cpu family	: 6
model		: 79
model name	: Intel(R) Xeon(R) CPU E5-2680 v4 @ 2.40GHz
stepping	: 1
microcode	: 0xb00002a
cpu MHz		: 2399.648
cache size	: 35840 KB
physical id	: 0
siblings	: 2
core id		: 1
cpu cores	: 2
apicid		: 1
initial apicid	: 1
fpu		: yes
fpu_exception	: yes
cpuid level	: 20
wp		: yes
flags		: fpu vme de pse tsc msr pae mce cx8 apic sep mtrr pge mca cmov pat pse36 clflush dts mmx fxsr sse sse2 ss ht syscall nx pdpe1gb rdtscp lm constant_tsc arch_perfmon pebs bts nopl xtopology tsc_reliable nonstop_tsc pni pclmulqdq ssse3 fma cx16 pcid sse4_1 sse4_2 x2apic movbe popcnt aes xsave avx f16c rdrand hypervisor lahf_lm 3dnowprefetch arat fsgsbase smep
bogomips	: 4799.99
clflush size	: 64
cache_alignment	: 64
address sizes	: 40 bits physical, 48 bits virtual
power management:

processor	: 2
vendor_id	: GenuineIntel
cpu family	: 6
model		: 79
model name	: Intel(R) Xeon(R) CPU E5-2680 v4 @ 2.40GHz
stepping	: 1
microcode	: 0xb00002a
cpu MHz		: 2399.648
cache size	: 35840 KB
physical id	: 1
siblings	: 2
core id		: 0
cpu cores	: 2
apicid		: 2
initial apicid	: 2
fpu		: yes
fpu_exception	: yes
cpuid level	: 20
wp		: yes
flags		: fpu vme de pse tsc msr pae mce cx8 apic sep mtrr pge mca cmov pat pse36 clflush dts mmx fxsr sse sse2 ss ht syscall nx pdpe1gb rdtscp lm constant_tsc arch_perfmon pebs bts nopl xtopology tsc_reliable nonstop_tsc pni pclmulqdq ssse3 fma cx16 pcid sse4_1 sse4_2 x2apic movbe popcnt aes xsave avx f16c rdrand hypervisor lahf_lm 3dnowprefetch arat fsgsbase smep
bogomips	: 4799.99
clflush size	: 64
cache_alignment	: 64
address sizes	: 40 bits physical, 48 bits virtual
power management:

processor	: 3
vendor_id	: GenuineIntel
cpu family	: 6
model		: 79
model name	: Intel(R) Xeon(R) CPU E5-2680 v4 @ 2.40GHz
stepping	: 1
microcode	: 0xb00002a
cpu MHz		: 2399.648
cache size	: 35840 KB
physical id	: 1
siblings	: 2
core id		: 1
cpu cores	: 2
apicid		: 3
initial apicid	: 3
fpu		: yes
fpu_exception	: yes
cpuid level	: 20
wp		: yes
flags		: fpu vme de pse tsc msr pae mce cx8 apic sep mtrr pge mca cmov pat pse36 clflush dts mmx fxsr sse sse2 ss ht syscall nx pdpe1gb rdtscp lm constant_tsc arch_perfmon pebs bts nopl xtopology tsc_reliable nonstop_tsc pni pclmulqdq ssse3 fma cx16 pcid sse4_1 sse4_2 x2apic movbe popcnt aes xsave avx f16c rdrand hypervisor lahf_lm 3dnowprefetch arat fsgsbase smep
bogomips	: 4799.99
clflush size	: 64
cache_alignment	: 64
address sizes	: 40 bits physical, 48 bits virtual
power management:



Memory: 4k page, physical 8068372k(833640k free), swap 2097148k(1824456k free)

vm_info: OpenJDK 64-Bit Server VM (25.144-b01) for linux-amd64 JRE (1.8.0_144-b01), built on Sep  6 2017 14:53:02 by "mockbuild" with gcc 4.8.5 20150623 (Red Hat 4.8.5-16)

time: Mon Jul 15 18:09:36 2019
elapsed time: 43775 seconds (0d 12h 9m 35s)

