#
# A fatal error has been detected by the Java Runtime Environment:
#
#  SIGBUS (0x7) at pc=0x00007f0cf43312ed, pid=24478, tid=0x00007f0c562ee700
#
# JRE version: OpenJDK Runtime Environment (8.0_144-b01) (build 1.8.0_144-b01)
# Java VM: OpenJDK 64-Bit Server VM (25.144-b01 mixed mode linux-amd64 compressed oops)
# Problematic frame:
# C  [libzip.so+0x52ed]
#
# Failed to write core dump. Core dumps have been disabled. To enable core dumping, try "ulimit -c unlimited" before starting Java again
#
# If you would like to submit a bug report, please visit:
#   http://bugreport.java.com/bugreport/crash.jsp
# The crash happened outside the Java Virtual Machine in native code.
# See problematic frame for where to report the bug.
#

---------------  T H R E A D  ---------------

Current thread (0x00007f0c60322000):  JavaThread "myScheduler-3" [_thread_in_native, id=24898, stack(0x00007f0c561ee000,0x00007f0c562ef000)]

siginfo: si_signo: 7 (SIGBUS), si_code: 2 (BUS_ADRERR), si_addr: 0x00007f0cf40246e3

Registers:
RAX=0x00007f0cac086440, RBX=0x00007f0cf02a2be0, RCX=0x0000000000000000, RDX=0x00007f0cac086440
RSP=0x00007f0c562eac80, RBP=0x00007f0c562eace0, RSI=0x000000000010a01c, RDI=0x0000000000000000
R8 =0x0000000000004000, R9 =0x0000000000000048, R10=0x0000000000000005, R11=0x00007f0cf6b3f260
R12=0x00007f0cf02a36f8, R13=0x00007f0cf40246c6, R14=0x00007f0cac086440, R15=0x00007f0cf02a2be0
RIP=0x00007f0cf43312ed, EFLAGS=0x0000000000010206, CSGSFS=0x0000000000000033, ERR=0x0000000000000004
  TRAPNO=0x000000000000000e

Top of Stack: (sp=0x00007f0c562eac80)
0x00007f0c562eac80:   00007f0c562eb9f8 00007f0c562eb9fc
0x00007f0c562eac90:   00007f0c562eb9f0 00000000562eb9f4
0x00007f0c562eaca0:   00007f0c60322000 00007f0cf625d2be
0x00007f0c562eacb0:   0000000000000016 00007f0cf02a36f0
0x00007f0c562eacc0:   000000000f9d8395 00007f0c562ead65
0x00007f0c562eacd0:   00007f0c99031470 00007f0cf02a2be0
0x00007f0c562eace0:   00007f0c562ead30 00007f0cf4332114
0x00007f0c562eacf0:   00007f0c562ead50 00000016018aa300
0x00007f0c562ead00:   00007f0c562ead30 0000000000000016
0x00007f0c562ead10:   00007f0c60322258 00007f0c562eb1a8
0x00007f0c562ead20:   00007f0c562eb1d0 0000000000000001
0x00007f0c562ead30:   00007f0c562eb190 00007f0cf432fcfd
0x00007f0c562ead40:   00007f0c562ead50 00007f0cf02a2be0
0x00007f0c562ead50:   464e492d4154454d 7473616d7365722f
0x00007f0c562ead60:   00006c6d782e7265 00007f0c562eb874
0x00007f0c562ead70:   00007f0c562eb3f0 00007f0cf6334ab6
0x00007f0c562ead80:   0000000000000001 00007f0c00000000
0x00007f0c562ead90:   0000000000000004 00007f0cdd41aee4
0x00007f0c562eada0:   00007f0c562eb880 0000000000000004
0x00007f0c562eadb0:   0000000000000000 00007f0c562eb440
0x00007f0c562eadc0:   00007f0cf6d750a0 00007f0cf6b3df60
0x00007f0c562eadd0:   00007f0c562eadf0 00007f0cf63b528e
0x00007f0c562eade0:   00007f0c562eae00 00007f0c562eae30
0x00007f0c562eadf0:   00007f0c562eae20 00007f0cf63b6a7e
0x00007f0c562eae00:   00007f0c562eae20 00007f0c562eae30
0x00007f0c562eae10:   00007f0cd93201a8 00007f0cd932018b
0x00007f0c562eae20:   00007f0c562eae70 00007f0cf5d30b01
0x00007f0c562eae30:   00007f0cf6918d50 00007f0cd920de60
0x00007f0c562eae40:   0000000000000016 000000000000000a
0x00007f0c562eae50:   0000000000000000 d6822b555c8aa300
0x00007f0c562eae60:   00007f0c99aaf2c0 00007f0cd93201a8
0x00007f0c562eae70:   00007f0c562eaf40 00007f0cf604c85a 

Instructions: (pc=0x00007f0cf43312ed)
0x00007f0cf43312cd:   73 48 48 8b 7b 10 b9 a0 00 00 00 49 8b 14 24 e8
0x00007f0cf43312dd:   8f fe ff ff 49 89 c5 4d 85 ed 0f 84 e3 04 00 00
0x00007f0cf43312ed:   45 0f b6 55 1d 41 0f b6 45 1c 45 31 e4 41 0f b6
0x00007f0cf43312fd:   55 0d 41 0f b6 75 0e 45 0f b6 7d 1f 41 c1 e2 08 

Register to memory mapping:

RAX=0x00007f0cac086440 is an unknown value
RBX=0x00007f0cf02a2be0 is an unknown value
RCX=0x0000000000000000 is an unknown value
RDX=0x00007f0cac086440 is an unknown value
RSP=0x00007f0c562eac80 is pointing into the stack for thread: 0x00007f0c60322000
RBP=0x00007f0c562eace0 is pointing into the stack for thread: 0x00007f0c60322000
RSI=0x000000000010a01c is an unknown value
RDI=0x0000000000000000 is an unknown value
R8 =0x0000000000004000 is an unknown value
R9 =0x0000000000000048 is an unknown value
R10=0x0000000000000005 is an unknown value
R11=0x00007f0cf6b3f260: <offset 0x18d260> in /lib64/libc.so.6 at 0x00007f0cf69b2000
R12=0x00007f0cf02a36f8 is an unknown value
R13=0x00007f0cf40246c6 is an unknown value
R14=0x00007f0cac086440 is an unknown value
R15=0x00007f0cf02a2be0 is an unknown value


Stack: [0x00007f0c561ee000,0x00007f0c562ef000],  sp=0x00007f0c562eac80,  free space=1011k
Native frames: (J=compiled Java code, j=interpreted, Vv=VM code, C=native code)
C  [libzip.so+0x52ed]
C  [libzip.so+0x6114]
C  [libzip.so+0x3cfd]  Java_java_util_zip_ZipFile_getEntry+0xfd
J 980  java.util.zip.ZipFile.getEntry(J[BZ)J (0 bytes) @ 0x00007f0cdae6e94e [0x00007f0cdae6e880+0xce]
J 3966 C2 sun.misc.URLClassPath$JarLoader.getResource(Ljava/lang/String;Z)Lsun/misc/Resource; (85 bytes) @ 0x00007f0cdb8e71bc [0x00007f0cdb8e6b80+0x63c]
J 2108 C2 sun.misc.URLClassPath.findResource(Ljava/lang/String;Z)Ljava/net/URL; (47 bytes) @ 0x00007f0cdb2b00e8 [0x00007f0cdb2afd40+0x3a8]
J 2583 C2 java.net.URLClassLoader$2.run()Ljava/lang/Object; (5 bytes) @ 0x00007f0cdb48a978 [0x00007f0cdb48a920+0x58]
v  ~StubRoutines::call_stub
V  [libjvm.so+0x66f77a]
V  [libjvm.so+0x6c0b3d]  JVM_DoPrivileged+0x55d
J 1107  java.security.AccessController.doPrivileged(Ljava/security/PrivilegedAction;Ljava/security/AccessControlContext;)Ljava/lang/Object; (0 bytes) @ 0x00007f0cdaec4ed5 [0x00007f0cdaec4e00+0xd5]
J 3486 C2 java.net.URLClassLoader.findResource(Ljava/lang/String;)Ljava/net/URL; (37 bytes) @ 0x00007f0cdabe4ed8 [0x00007f0cdabe4e40+0x98]
J 4115 C1 java.lang.ClassLoader.getResource(Ljava/lang/String;)Ljava/net/URL; (36 bytes) @ 0x00007f0cdb9c7f4c [0x00007f0cdb9c7aa0+0x4ac]
J 4115 C1 java.lang.ClassLoader.getResource(Ljava/lang/String;)Ljava/net/URL; (36 bytes) @ 0x00007f0cdb9c7bf4 [0x00007f0cdb9c7aa0+0x154]
J 5608 C1 java.net.URLClassLoader.getResourceAsStream(Ljava/lang/String;)Ljava/io/InputStream; (137 bytes) @ 0x00007f0cdbc7101c [0x00007f0cdbc70f00+0x11c]
J 2523 C1 org.springframework.core.io.ClassPathResource.getInputStream()Ljava/io/InputStream; (88 bytes) @ 0x00007f0cdb46a55c [0x00007f0cdb469a00+0xb5c]
J 17485 C1 com.antruak.idm.batch.process.ResourceProcessorDb.getResMaster()Lcom/antruak/idm/batch/request/ResMaster; (20 bytes) @ 0x00007f0cdc970b4c [0x00007f0cdc970920+0x22c]
J 16105 C1 com.antruak.idm.batch.process.ResourceProcessorDb$$FastClassBySpringCGLIB$$d17a90ac.invoke(ILjava/lang/Object;[Ljava/lang/Object;)Ljava/lang/Object; (148 bytes) @ 0x00007f0cddb772f4 [0x00007f0cddb769e0+0x914]
J 17003 C2 org.springframework.aop.framework.CglibAopProxy$DynamicAdvisedInterceptor.intercept(Ljava/lang/Object;Ljava/lang/reflect/Method;[Ljava/lang/Object;Lorg/springframework/cglib/proxy/MethodProxy;)Ljava/lang/Object; (192 bytes) @ 0x00007f0cdde0888c [0x00007f0cdde084a0+0x3ec]
J 17484 C1 com.antruak.idm.batch.process.ResourceProcessorDb$$EnhancerBySpringCGLIB$$21362412.getResMaster()Lcom/antruak/idm/batch/request/ResMaster; (55 bytes) @ 0x00007f0cdc97188c [0x00007f0cdc971540+0x34c]
J 17475 C1 com.antruak.banc.batch.tools.HubServiceListener.targetMgm(Ljava/lang/String;Ljava/util/Properties;Ljava/lang/String;Ljavax/jms/Destination;)Ljava/util/Map; (743 bytes) @ 0x00007f0cddf36abc [0x00007f0cddf35e00+0xcbc]
J 17854 C1 sun.reflect.GeneratedMethodAccessor214.invoke(Ljava/lang/Object;[Ljava/lang/Object;)Ljava/lang/Object; (91 bytes) @ 0x00007f0cdc73de8c [0x00007f0cdc73d800+0x68c]
J 18024 C2 org.springframework.aop.framework.ReflectiveMethodInvocation.proceed()Ljava/lang/Object; (107 bytes) @ 0x00007f0cddae40e8 [0x00007f0cddae3f00+0x1e8]
J 17320 C1 com.ryantenney.metrics.spring.MeteredMethodInterceptor.invoke(Lorg/aopalliance/intercept/MethodInvocation;Ljava/lang/Object;Ljava/lang/annotation/Annotation;)Ljava/lang/Object; (14 bytes) @ 0x00007f0cdcf7a5a4 [0x00007f0cdcf7a180+0x424]
J 14824 C1 com.ryantenney.metrics.spring.AbstractMetricMethodInterceptor.invoke(Lorg/aopalliance/intercept/MethodInvocation;)Ljava/lang/Object; (47 bytes) @ 0x00007f0cdd8372f4 [0x00007f0cdd836d60+0x594]
J 18024 C2 org.springframework.aop.framework.ReflectiveMethodInvocation.proceed()Ljava/lang/Object; (107 bytes) @ 0x00007f0cddae4004 [0x00007f0cddae3f00+0x104]
J 16568 C1 com.ryantenney.metrics.spring.TimedMethodInterceptor.invoke(Lorg/aopalliance/intercept/MethodInvocation;Ljava/lang/Object;Ljava/lang/annotation/Annotation;)Ljava/lang/Object; (14 bytes) @ 0x00007f0cdce5868c [0x00007f0cdce58080+0x60c]
J 14824 C1 com.ryantenney.metrics.spring.AbstractMetricMethodInterceptor.invoke(Lorg/aopalliance/intercept/MethodInvocation;)Ljava/lang/Object; (47 bytes) @ 0x00007f0cdd8372f4 [0x00007f0cdd836d60+0x594]
J 16120 C2 org.springframework.aop.framework.JdkDynamicAopProxy.invoke(Ljava/lang/Object;Ljava/lang/reflect/Method;[Ljava/lang/Object;)Ljava/lang/Object; (574 bytes) @ 0x00007f0cddb88778 [0x00007f0cddb88120+0x658]
J 18136 C1 com.sun.proxy.$Proxy155.targetMgm(Ljava/lang/String;Ljava/util/Properties;Ljava/lang/String;Ljavax/jms/Destination;)Ljava/util/Map; (51 bytes) @ 0x00007f0cdc994814 [0x00007f0cdc9941e0+0x634]
J 17819 C1 com.antruak.idm.frontend.FrontEndBatchCP.provisionOnline()V (283 bytes) @ 0x00007f0cde07e974 [0x00007f0cde07c4a0+0x24d4]
J 17805 C1 com.antruak.idm.frontend.FrontEndBatchCP.scheduler()V (415 bytes) @ 0x00007f0cde058ac4 [0x00007f0cde0549e0+0x40e4]
J 17698 C1 com.antruak.idm.frontend.FrontEndBatchCP$$FastClassBySpringCGLIB$$efa2127c.invoke(ILjava/lang/Object;[Ljava/lang/Object;)Ljava/lang/Object; (297 bytes) @ 0x00007f0cddfe0d44 [0x00007f0cddfdf1c0+0x1b84]
J 17003 C2 org.springframework.aop.framework.CglibAopProxy$DynamicAdvisedInterceptor.intercept(Ljava/lang/Object;Ljava/lang/reflect/Method;[Ljava/lang/Object;Lorg/springframework/cglib/proxy/MethodProxy;)Ljava/lang/Object; (192 bytes) @ 0x00007f0cdde0888c [0x00007f0cdde084a0+0x3ec]
J 17804 C1 com.antruak.idm.frontend.FrontEndBatchCP$$EnhancerBySpringCGLIB$$5a444b82.scheduler()V (52 bytes) @ 0x00007f0cdc84ccb4 [0x00007f0cdc84cae0+0x1d4]
J 18128 C1 com.antruak.banc.batch.tools.FrontEndBridgeImpl.scheduler()V (284 bytes) @ 0x00007f0cdd44057c [0x00007f0cdd43dc00+0x297c]
J 17524 C2 com.antruak.banc.batch.tools.FrontEndBridgeImpl$$FastClassBySpringCGLIB$$6c8c155.invoke(ILjava/lang/Object;[Ljava/lang/Object;)Ljava/lang/Object; (170 bytes) @ 0x00007f0cdcd34404 [0x00007f0cdcd34380+0x84]
J 17003 C2 org.springframework.aop.framework.CglibAopProxy$DynamicAdvisedInterceptor.intercept(Ljava/lang/Object;Ljava/lang/reflect/Method;[Ljava/lang/Object;Lorg/springframework/cglib/proxy/MethodProxy;)Ljava/lang/Object; (192 bytes) @ 0x00007f0cdde0888c [0x00007f0cdde084a0+0x3ec]
J 18164 C1 com.antruak.banc.batch.tools.FrontEndBridgeImpl$$EnhancerBySpringCGLIB$$9d2be7ad.scheduler()V (52 bytes) @ 0x00007f0cdd445af4 [0x00007f0cdd445920+0x1d4]
J 17846 C1 sun.reflect.GeneratedMethodAccessor212.invoke(Ljava/lang/Object;[Ljava/lang/Object;)Ljava/lang/Object; (62 bytes) @ 0x00007f0cdd50bd84 [0x00007f0cdd50bae0+0x2a4]
J 8648 C2 java.lang.reflect.Method.invoke(Ljava/lang/Object;[Ljava/lang/Object;)Ljava/lang/Object; (62 bytes) @ 0x00007f0cdc5b4d14 [0x00007f0cdc5b4c60+0xb4]
J 17795 C1 org.springframework.scheduling.support.ScheduledMethodRunnable.run()V (48 bytes) @ 0x00007f0cdd037e54 [0x00007f0cdd037ca0+0x1b4]
J 17794 C1 org.springframework.scheduling.support.DelegatingErrorHandlingRunnable.run()V (41 bytes) @ 0x00007f0cdd200b4c [0x00007f0cdd200a40+0x10c]
J 15748 C1 java.util.concurrent.Executors$RunnableAdapter.call()Ljava/lang/Object; (14 bytes) @ 0x00007f0cdcc5c24c [0x00007f0cdcc5c140+0x10c]
J 15747 C1 java.util.concurrent.FutureTask.runAndReset()Z (128 bytes) @ 0x00007f0cdcf07fac [0x00007f0cdcf07d40+0x26c]
J 15009 C1 java.util.concurrent.ScheduledThreadPoolExecutor$ScheduledFutureTask.run()V (59 bytes) @ 0x00007f0cdcbb2054 [0x00007f0cdcbb1b20+0x534]
j  java.util.concurrent.ThreadPoolExecutor.runWorker(Ljava/util/concurrent/ThreadPoolExecutor$Worker;)V+95
j  java.util.concurrent.ThreadPoolExecutor$Worker.run()V+5
j  java.lang.Thread.run()V+11
v  ~StubRoutines::call_stub
V  [libjvm.so+0x66f77a]
V  [libjvm.so+0x66cc14]
V  [libjvm.so+0x66d229]
V  [libjvm.so+0x6b1f91]
V  [libjvm.so+0xa564b2]
V  [libjvm.so+0x8a9df2]
C  [libpthread.so.0+0x7e25]  start_thread+0xc5

Java frames: (J=compiled Java code, j=interpreted, Vv=VM code)
J 980  java.util.zip.ZipFile.getEntry(J[BZ)J (0 bytes) @ 0x00007f0cdae6e8d8 [0x00007f0cdae6e880+0x58]
J 3966 C2 sun.misc.URLClassPath$JarLoader.getResource(Ljava/lang/String;Z)Lsun/misc/Resource; (85 bytes) @ 0x00007f0cdb8e71bc [0x00007f0cdb8e6b80+0x63c]
J 2108 C2 sun.misc.URLClassPath.findResource(Ljava/lang/String;Z)Ljava/net/URL; (47 bytes) @ 0x00007f0cdb2b00e8 [0x00007f0cdb2afd40+0x3a8]
J 2583 C2 java.net.URLClassLoader$2.run()Ljava/lang/Object; (5 bytes) @ 0x00007f0cdb48a978 [0x00007f0cdb48a920+0x58]
v  ~StubRoutines::call_stub
J 1107  java.security.AccessController.doPrivileged(Ljava/security/PrivilegedAction;Ljava/security/AccessControlContext;)Ljava/lang/Object; (0 bytes) @ 0x00007f0cdaec4e63 [0x00007f0cdaec4e00+0x63]
J 3486 C2 java.net.URLClassLoader.findResource(Ljava/lang/String;)Ljava/net/URL; (37 bytes) @ 0x00007f0cdabe4ed8 [0x00007f0cdabe4e40+0x98]
J 4115 C1 java.lang.ClassLoader.getResource(Ljava/lang/String;)Ljava/net/URL; (36 bytes) @ 0x00007f0cdb9c7f4c [0x00007f0cdb9c7aa0+0x4ac]
J 4115 C1 java.lang.ClassLoader.getResource(Ljava/lang/String;)Ljava/net/URL; (36 bytes) @ 0x00007f0cdb9c7bf4 [0x00007f0cdb9c7aa0+0x154]
J 5608 C1 java.net.URLClassLoader.getResourceAsStream(Ljava/lang/String;)Ljava/io/InputStream; (137 bytes) @ 0x00007f0cdbc7101c [0x00007f0cdbc70f00+0x11c]
J 2523 C1 org.springframework.core.io.ClassPathResource.getInputStream()Ljava/io/InputStream; (88 bytes) @ 0x00007f0cdb46a55c [0x00007f0cdb469a00+0xb5c]
J 17485 C1 com.antruak.idm.batch.process.ResourceProcessorDb.getResMaster()Lcom/antruak/idm/batch/request/ResMaster; (20 bytes) @ 0x00007f0cdc970b4c [0x00007f0cdc970920+0x22c]
J 16105 C1 com.antruak.idm.batch.process.ResourceProcessorDb$$FastClassBySpringCGLIB$$d17a90ac.invoke(ILjava/lang/Object;[Ljava/lang/Object;)Ljava/lang/Object; (148 bytes) @ 0x00007f0cddb772f4 [0x00007f0cddb769e0+0x914]
J 17003 C2 org.springframework.aop.framework.CglibAopProxy$DynamicAdvisedInterceptor.intercept(Ljava/lang/Object;Ljava/lang/reflect/Method;[Ljava/lang/Object;Lorg/springframework/cglib/proxy/MethodProxy;)Ljava/lang/Object; (192 bytes) @ 0x00007f0cdde0888c [0x00007f0cdde084a0+0x3ec]
J 17484 C1 com.antruak.idm.batch.process.ResourceProcessorDb$$EnhancerBySpringCGLIB$$21362412.getResMaster()Lcom/antruak/idm/batch/request/ResMaster; (55 bytes) @ 0x00007f0cdc97188c [0x00007f0cdc971540+0x34c]
J 17475 C1 com.antruak.banc.batch.tools.HubServiceListener.targetMgm(Ljava/lang/String;Ljava/util/Properties;Ljava/lang/String;Ljavax/jms/Destination;)Ljava/util/Map; (743 bytes) @ 0x00007f0cddf36abc [0x00007f0cddf35e00+0xcbc]
J 17854 C1 sun.reflect.GeneratedMethodAccessor214.invoke(Ljava/lang/Object;[Ljava/lang/Object;)Ljava/lang/Object; (91 bytes) @ 0x00007f0cdc73de8c [0x00007f0cdc73d800+0x68c]
J 18024 C2 org.springframework.aop.framework.ReflectiveMethodInvocation.proceed()Ljava/lang/Object; (107 bytes) @ 0x00007f0cddae40e8 [0x00007f0cddae3f00+0x1e8]
J 17320 C1 com.ryantenney.metrics.spring.MeteredMethodInterceptor.invoke(Lorg/aopalliance/intercept/MethodInvocation;Ljava/lang/Object;Ljava/lang/annotation/Annotation;)Ljava/lang/Object; (14 bytes) @ 0x00007f0cdcf7a5a4 [0x00007f0cdcf7a180+0x424]
J 14824 C1 com.ryantenney.metrics.spring.AbstractMetricMethodInterceptor.invoke(Lorg/aopalliance/intercept/MethodInvocation;)Ljava/lang/Object; (47 bytes) @ 0x00007f0cdd8372f4 [0x00007f0cdd836d60+0x594]
J 18024 C2 org.springframework.aop.framework.ReflectiveMethodInvocation.proceed()Ljava/lang/Object; (107 bytes) @ 0x00007f0cddae4004 [0x00007f0cddae3f00+0x104]
J 16568 C1 com.ryantenney.metrics.spring.TimedMethodInterceptor.invoke(Lorg/aopalliance/intercept/MethodInvocation;Ljava/lang/Object;Ljava/lang/annotation/Annotation;)Ljava/lang/Object; (14 bytes) @ 0x00007f0cdce5868c [0x00007f0cdce58080+0x60c]
J 14824 C1 com.ryantenney.metrics.spring.AbstractMetricMethodInterceptor.invoke(Lorg/aopalliance/intercept/MethodInvocation;)Ljava/lang/Object; (47 bytes) @ 0x00007f0cdd8372f4 [0x00007f0cdd836d60+0x594]
J 16120 C2 org.springframework.aop.framework.JdkDynamicAopProxy.invoke(Ljava/lang/Object;Ljava/lang/reflect/Method;[Ljava/lang/Object;)Ljava/lang/Object; (574 bytes) @ 0x00007f0cddb88778 [0x00007f0cddb88120+0x658]
J 18136 C1 com.sun.proxy.$Proxy155.targetMgm(Ljava/lang/String;Ljava/util/Properties;Ljava/lang/String;Ljavax/jms/Destination;)Ljava/util/Map; (51 bytes) @ 0x00007f0cdc994814 [0x00007f0cdc9941e0+0x634]
J 17819 C1 com.antruak.idm.frontend.FrontEndBatchCP.provisionOnline()V (283 bytes) @ 0x00007f0cde07e974 [0x00007f0cde07c4a0+0x24d4]
J 17805 C1 com.antruak.idm.frontend.FrontEndBatchCP.scheduler()V (415 bytes) @ 0x00007f0cde058ac4 [0x00007f0cde0549e0+0x40e4]
J 17698 C1 com.antruak.idm.frontend.FrontEndBatchCP$$FastClassBySpringCGLIB$$efa2127c.invoke(ILjava/lang/Object;[Ljava/lang/Object;)Ljava/lang/Object; (297 bytes) @ 0x00007f0cddfe0d44 [0x00007f0cddfdf1c0+0x1b84]
J 17003 C2 org.springframework.aop.framework.CglibAopProxy$DynamicAdvisedInterceptor.intercept(Ljava/lang/Object;Ljava/lang/reflect/Method;[Ljava/lang/Object;Lorg/springframework/cglib/proxy/MethodProxy;)Ljava/lang/Object; (192 bytes) @ 0x00007f0cdde0888c [0x00007f0cdde084a0+0x3ec]
J 17804 C1 com.antruak.idm.frontend.FrontEndBatchCP$$EnhancerBySpringCGLIB$$5a444b82.scheduler()V (52 bytes) @ 0x00007f0cdc84ccb4 [0x00007f0cdc84cae0+0x1d4]
J 18128 C1 com.antruak.banc.batch.tools.FrontEndBridgeImpl.scheduler()V (284 bytes) @ 0x00007f0cdd44057c [0x00007f0cdd43dc00+0x297c]
J 17524 C2 com.antruak.banc.batch.tools.FrontEndBridgeImpl$$FastClassBySpringCGLIB$$6c8c155.invoke(ILjava/lang/Object;[Ljava/lang/Object;)Ljava/lang/Object; (170 bytes) @ 0x00007f0cdcd34404 [0x00007f0cdcd34380+0x84]
J 17003 C2 org.springframework.aop.framework.CglibAopProxy$DynamicAdvisedInterceptor.intercept(Ljava/lang/Object;Ljava/lang/reflect/Method;[Ljava/lang/Object;Lorg/springframework/cglib/proxy/MethodProxy;)Ljava/lang/Object; (192 bytes) @ 0x00007f0cdde0888c [0x00007f0cdde084a0+0x3ec]
J 18164 C1 com.antruak.banc.batch.tools.FrontEndBridgeImpl$$EnhancerBySpringCGLIB$$9d2be7ad.scheduler()V (52 bytes) @ 0x00007f0cdd445af4 [0x00007f0cdd445920+0x1d4]
J 17846 C1 sun.reflect.GeneratedMethodAccessor212.invoke(Ljava/lang/Object;[Ljava/lang/Object;)Ljava/lang/Object; (62 bytes) @ 0x00007f0cdd50bd84 [0x00007f0cdd50bae0+0x2a4]
J 8648 C2 java.lang.reflect.Method.invoke(Ljava/lang/Object;[Ljava/lang/Object;)Ljava/lang/Object; (62 bytes) @ 0x00007f0cdc5b4d14 [0x00007f0cdc5b4c60+0xb4]
J 17795 C1 org.springframework.scheduling.support.ScheduledMethodRunnable.run()V (48 bytes) @ 0x00007f0cdd037e54 [0x00007f0cdd037ca0+0x1b4]
J 17794 C1 org.springframework.scheduling.support.DelegatingErrorHandlingRunnable.run()V (41 bytes) @ 0x00007f0cdd200b4c [0x00007f0cdd200a40+0x10c]
J 15748 C1 java.util.concurrent.Executors$RunnableAdapter.call()Ljava/lang/Object; (14 bytes) @ 0x00007f0cdcc5c24c [0x00007f0cdcc5c140+0x10c]
J 15747 C1 java.util.concurrent.FutureTask.runAndReset()Z (128 bytes) @ 0x00007f0cdcf07fac [0x00007f0cdcf07d40+0x26c]
J 15009 C1 java.util.concurrent.ScheduledThreadPoolExecutor$ScheduledFutureTask.run()V (59 bytes) @ 0x00007f0cdcbb2054 [0x00007f0cdcbb1b20+0x534]
j  java.util.concurrent.ThreadPoolExecutor.runWorker(Ljava/util/concurrent/ThreadPoolExecutor$Worker;)V+95
j  java.util.concurrent.ThreadPoolExecutor$Worker.run()V+5
j  java.lang.Thread.run()V+11
v  ~StubRoutines::call_stub

---------------  P R O C E S S  ---------------

Java Threads: ( => current thread )
  0x00007f0c58002000 JavaThread "ActiveMQ InactivityMonitor Worker" daemon [_thread_blocked, id=4580, stack(0x00007f0c557e8000,0x00007f0c558e9000)]
  0x00007f0cac03d800 JavaThread "Thread-14" daemon [_thread_in_native, id=2717, stack(0x00007f0cc80cf000,0x00007f0cc81d0000)]
  0x00007f0cac084800 JavaThread "Thread-13" daemon [_thread_in_native, id=63358, stack(0x00007f0c7c759000,0x00007f0c7c85a000)]
  0x00007f0c8c2c0800 JavaThread "myExecutor-5" [_thread_blocked, id=36776, stack(0x00007f0c554e5000,0x00007f0c555e6000)]
  0x00007f0c68006000 JavaThread "myExecutor-4" [_thread_blocked, id=36144, stack(0x00007f0c555e6000,0x00007f0c556e7000)]
  0x00007f0c9c9d7800 JavaThread "myExecutor-3" [_thread_blocked, id=34878, stack(0x00007f0c556e7000,0x00007f0c557e8000)]
  0x00007f0c8c697800 JavaThread "myExecutor-2" [_thread_blocked, id=28024, stack(0x00007f0c558e9000,0x00007f0c559ea000)]
  0x00007f0c8c1af000 JavaThread "myExecutor-1" [_thread_blocked, id=27882, stack(0x00007f0c559ea000,0x00007f0c55aeb000)]
  0x00007f0c605df800 JavaThread "myScheduler-5" [_thread_blocked, id=25019, stack(0x00007f0c55fec000,0x00007f0c560ed000)]
  0x00007f0cb4045800 JavaThread "myScheduler-4" [_thread_blocked, id=24908, stack(0x00007f0c560ed000,0x00007f0c561ee000)]
=>0x00007f0c60322000 JavaThread "myScheduler-3" [_thread_in_native, id=24898, stack(0x00007f0c561ee000,0x00007f0c562ef000)]
  0x00007f0c6090d800 JavaThread "myScheduler-2" [_thread_blocked, id=24676, stack(0x00007f0cc8bd0000,0x00007f0cc8cd1000)]
  0x00007f0cf000c800 JavaThread "DestroyJavaVM" [_thread_blocked, id=24479, stack(0x00007f0cf76c1000,0x00007f0cf77c1000)]
  0x00007f0cf1bc2800 JavaThread "http-nio-12004-AsyncTimeout" daemon [_thread_blocked, id=24612, stack(0x00007f0c56aef000,0x00007f0c56bf0000)]
  0x00007f0cf1915000 JavaThread "http-nio-12004-Acceptor-0" daemon [_thread_in_native, id=24611, stack(0x00007f0c56bf0000,0x00007f0c56cf1000)]
  0x00007f0cf12f2800 JavaThread "http-nio-12004-ClientPoller-1" daemon [_thread_in_native, id=24610, stack(0x00007f0c56cf1000,0x00007f0c56df2000)]
  0x00007f0cf20f5000 JavaThread "http-nio-12004-ClientPoller-0" daemon [_thread_in_native, id=24609, stack(0x00007f0c56df2000,0x00007f0c56ef3000)]
  0x00007f0cf083d800 JavaThread "http-nio-12004-exec-10" daemon [_thread_blocked, id=24608, stack(0x00007f0c56ef3000,0x00007f0c56ff4000)]
  0x00007f0cf180b000 JavaThread "http-nio-12004-exec-9" daemon [_thread_blocked, id=24607, stack(0x00007f0c56ff4000,0x00007f0c570f5000)]
  0x00007f0cf1fc6800 JavaThread "http-nio-12004-exec-8" daemon [_thread_blocked, id=24606, stack(0x00007f0c570f5000,0x00007f0c571f6000)]
  0x00007f0cf2a24000 JavaThread "http-nio-12004-exec-7" daemon [_thread_blocked, id=24605, stack(0x00007f0c571f6000,0x00007f0c572f7000)]
  0x00007f0cf0468000 JavaThread "http-nio-12004-exec-6" daemon [_thread_blocked, id=24604, stack(0x00007f0c572f7000,0x00007f0c573f8000)]
  0x00007f0cf1da8800 JavaThread "http-nio-12004-exec-5" daemon [_thread_blocked, id=24603, stack(0x00007f0c573f8000,0x00007f0c574f9000)]
  0x00007f0cf16ea000 JavaThread "http-nio-12004-exec-4" daemon [_thread_blocked, id=24602, stack(0x00007f0c574f9000,0x00007f0c575fa000)]
  0x00007f0cf26e2000 JavaThread "http-nio-12004-exec-3" daemon [_thread_blocked, id=24601, stack(0x00007f0c575fa000,0x00007f0c576fb000)]
  0x00007f0cf0840800 JavaThread "http-nio-12004-exec-2" daemon [_thread_blocked, id=24600, stack(0x00007f0c576fb000,0x00007f0c577fc000)]
  0x00007f0cf1c34800 JavaThread "http-nio-12004-exec-1" daemon [_thread_blocked, id=24599, stack(0x00007f0c577fc000,0x00007f0c578fd000)]
  0x00007f0cf24c2800 JavaThread "NioBlockingSelector.BlockPoller-1" daemon [_thread_in_native, id=24598, stack(0x00007f0c578fd000,0x00007f0c579fe000)]
  0x00007f0cf0b98800 JavaThread "metrics-graphite-reporter-1-thread-1" daemon [_thread_blocked, id=24597, stack(0x00007f0c579fe000,0x00007f0c57aff000)]
  0x00007f0cf203f800 JavaThread "myScheduler-1" [_thread_blocked, id=24596, stack(0x00007f0c57aff000,0x00007f0c57c00000)]
  0x00007f0cf29fc000 JavaThread "CoreHeartBeat" [_thread_blocked, id=24595, stack(0x00007f0c7c056000,0x00007f0c7c157000)]
  0x00007f0cf0edf000 JavaThread "Thread-5" [_thread_in_native, id=24590, stack(0x00007f0c7c157000,0x00007f0c7c258000)]
  0x00007f0cf03e7800 JavaThread "Thread-4" [_thread_blocked, id=24589, stack(0x00007f0c7c658000,0x00007f0c7c759000)]
  0x00007f0c6001d000 JavaThread "ActiveMQ InactivityMonitor WriteCheckTimer" daemon [_thread_blocked, id=24587, stack(0x00007f0c7c85a000,0x00007f0c7c95b000)]
  0x00007f0c6001c000 JavaThread "ActiveMQ InactivityMonitor ReadCheckTimer" daemon [_thread_blocked, id=24586, stack(0x00007f0c7c95b000,0x00007f0c7ca5c000)]
  0x00007f0cf09a3000 JavaThread "ActiveMQ Transport: tcp:///10.45.40.2:12002@39592" [_thread_in_native, id=24584, stack(0x00007f0c7ca5c000,0x00007f0c7cb5d000)]
  0x00007f0cf20fb800 JavaThread "MySQL Statement Cancellation Timer" daemon [_thread_blocked, id=24583, stack(0x00007f0c7d95d000,0x00007f0c7da5e000)]
  0x00007f0cf0a79800 JavaThread "container-0" [_thread_blocked, id=24581, stack(0x00007f0c7de5e000,0x00007f0c7df5f000)]
  0x00007f0cf0a78800 JavaThread "ContainerBackgroundProcessor[StandardEngine[Tomcat]]" daemon [_thread_blocked, id=24580, stack(0x00007f0c7df5f000,0x00007f0c7e060000)]
  0x00007f0cf0ff9800 JavaThread "Log4j2-Log4j2Scheduled-1" daemon [_thread_blocked, id=24499, stack(0x00007f0cc8cd1000,0x00007f0cc8dd2000)]
  0x00007f0cf0362800 JavaThread "RMI TCP Accept-0" daemon [_thread_in_native, id=24497, stack(0x00007f0cc99d3000,0x00007f0cc9ad4000)]
  0x00007f0cf033a000 JavaThread "RMI TCP Accept-12007" daemon [_thread_in_native, id=24496, stack(0x00007f0cc9ad4000,0x00007f0cc9bd5000)]
  0x00007f0cf0192000 JavaThread "Service Thread" daemon [_thread_blocked, id=24495, stack(0x00007f0cd8264000,0x00007f0cd8365000)]
  0x00007f0cf0184800 JavaThread "C1 CompilerThread2" daemon [_thread_blocked, id=24494, stack(0x00007f0cd8366000,0x00007f0cd8466000)]
  0x00007f0cf0182800 JavaThread "C2 CompilerThread1" daemon [_thread_blocked, id=24493, stack(0x00007f0cd8467000,0x00007f0cd8567000)]
  0x00007f0cf0180000 JavaThread "C2 CompilerThread0" daemon [_thread_blocked, id=24492, stack(0x00007f0cd8568000,0x00007f0cd8668000)]
  0x00007f0cf017e000 JavaThread "JDWP Event Helper Thread" daemon [_thread_blocked, id=24491, stack(0x00007f0cd8668000,0x00007f0cd8769000)]
  0x00007f0cf017a000 JavaThread "JDWP Transport Listener: dt_socket" daemon [_thread_in_native, id=24490, stack(0x00007f0cd8769000,0x00007f0cd886a000)]
  0x00007f0cf0163000 JavaThread "Signal Dispatcher" daemon [_thread_blocked, id=24489, stack(0x00007f0cd8a6f000,0x00007f0cd8b70000)]
  0x00007f0cf0161000 JavaThread "Surrogate Locker Thread (Concurrent GC)" daemon [_thread_blocked, id=24488, stack(0x00007f0cd8b70000,0x00007f0cd8c71000)]
  0x00007f0cf0138000 JavaThread "Finalizer" daemon [_thread_blocked, id=24487, stack(0x00007f0cd8c71000,0x00007f0cd8d72000)]
  0x00007f0cf0133800 JavaThread "Reference Handler" daemon [_thread_blocked, id=24486, stack(0x00007f0cd8d72000,0x00007f0cd8e73000)]

Other Threads:
  0x00007f0cf0129800 VMThread [stack: 0x00007f0cd8e74000,0x00007f0cd8f74000] [id=24485]
  0x00007f0cf0364800 WatcherThread [stack: 0x00007f0cc98d3000,0x00007f0cc99d3000] [id=24498]

VM state:not at safepoint (normal execution)

VM Mutex/Monitor currently owned by a thread: None

Heap:
 par new generation   total 38080K, used 19811K [0x00000000f0000000, 0x00000000f2950000, 0x00000000f5550000)
  eden space 33856K,  46% used [0x00000000f0000000, 0x00000000f0f38f88, 0x00000000f2110000)
  from space 4224K, 100% used [0x00000000f2110000, 0x00000000f2530000, 0x00000000f2530000)
  to   space 4224K,   0% used [0x00000000f2530000, 0x00000000f2530000, 0x00000000f2950000)
 concurrent mark-sweep generation total 91392K, used 53302K [0x00000000f5550000, 0x00000000fae90000, 0x0000000100000000)
 Metaspace       used 86603K, capacity 87966K, committed 88508K, reserved 1128448K
  class space    used 9795K, capacity 10059K, committed 10184K, reserved 1048576K

Card table byte_map: [0x00007f0cf763f000,0x00007f0cf76c0000] byte_map_base: 0x00007f0cf6ebf000

Marking Bits: (CMSBitMap*) 0x00007f0cf0064b18
 Bits: [0x00007f0cd9f67000, 0x00007f0cda211c00)

Mod Union Table: (CMSBitMap*) 0x00007f0cf0064bd8
 Bits: [0x00007f0cf77cf000, 0x00007f0cf77d9ab0)

Polling page: 0x00007f0cf77e3000

CodeCache: size=245760Kb used=56737Kb max_used=56768Kb free=189022Kb
 bounds [0x00007f0cdaad7000, 0x00007f0cde2c7000, 0x00007f0ce9ad7000]
 total_blobs=15002 nmethods=14343 adapters=579
 compilation: enabled

Compilation events (10 events):
Event: 15889.984 Thread 0x00007f0cf0180000 nmethod 18403 0x00007f0cde2a4c90 code [0x00007f0cde2a5060, 0x00007f0cde2a76c8]
Event: 15890.017 Thread 0x00007f0cf0182800 nmethod 18402 0x00007f0cde2b0390 code [0x00007f0cde2b0840, 0x00007f0cde2b4f10]
Event: 15890.190 Thread 0x00007f0cf0184800 18404       3       javax.mail.internet.MimeBodyPart::removeHeader (9 bytes)
Event: 15890.191 Thread 0x00007f0cf0184800 nmethod 18404 0x00007f0cdac1b3d0 code [0x00007f0cdac1b540, 0x00007f0cdac1b6e8]
Event: 15890.211 Thread 0x00007f0cf0184800 18405       3       javax.mail.internet.MimeBodyPart::getHeader (9 bytes)
Event: 15890.212 Thread 0x00007f0cf0184800 nmethod 18405 0x00007f0cdaf39950 code [0x00007f0cdaf39ac0, 0x00007f0cdaf39c68]
Event: 15890.213 Thread 0x00007f0cf0184800 18406       3       java.io.OutputStreamWriter::write (11 bytes)
Event: 15890.213 Thread 0x00007f0cf0184800 nmethod 18406 0x00007f0cdb872890 code [0x00007f0cdb872a00, 0x00007f0cdb872bc8]
Event: 15890.214 Thread 0x00007f0cf0184800 18407       3       sun.nio.cs.StreamEncoder::write (37 bytes)
Event: 15890.214 Thread 0x00007f0cf0184800 nmethod 18407 0x00007f0cdb6abe90 code [0x00007f0cdb6ac040, 0x00007f0cdb6ac448]

GC Heap History (10 events):
Event: 15689.373 GC heap before
{Heap before GC invocations=533 (full 8):
 par new generation   total 38080K, used 37987K [0x00000000f0000000, 0x00000000f2950000, 0x00000000f5550000)
  eden space 33856K, 100% used [0x00000000f0000000, 0x00000000f2110000, 0x00000000f2110000)
  from space 4224K,  97% used [0x00000000f2530000, 0x00000000f2938db0, 0x00000000f2950000)
  to   space 4224K,   0% used [0x00000000f2110000, 0x00000000f2110000, 0x00000000f2530000)
 concurrent mark-sweep generation total 91392K, used 51759K [0x00000000f5550000, 0x00000000fae90000, 0x0000000100000000)
 Metaspace       used 86574K, capacity 87878K, committed 88508K, reserved 1128448K
  class space    used 9792K, capacity 10055K, committed 10184K, reserved 1048576K
Event: 15689.382 GC heap after
Heap after GC invocations=534 (full 8):
 par new generation   total 38080K, used 4223K [0x00000000f0000000, 0x00000000f2950000, 0x00000000f5550000)
  eden space 33856K,   0% used [0x00000000f0000000, 0x00000000f0000000, 0x00000000f2110000)
  from space 4224K,  99% used [0x00000000f2110000, 0x00000000f252fff8, 0x00000000f2530000)
  to   space 4224K,   0% used [0x00000000f2530000, 0x00000000f2530000, 0x00000000f2950000)
 concurrent mark-sweep generation total 91392K, used 52454K [0x00000000f5550000, 0x00000000fae90000, 0x0000000100000000)
 Metaspace       used 86574K, capacity 87878K, committed 88508K, reserved 1128448K
  class space    used 9792K, capacity 10055K, committed 10184K, reserved 1048576K
}
Event: 15735.304 GC heap before
{Heap before GC invocations=534 (full 8):
 par new generation   total 38080K, used 38069K [0x00000000f0000000, 0x00000000f2950000, 0x00000000f5550000)
  eden space 33856K,  99% used [0x00000000f0000000, 0x00000000f210d5c0, 0x00000000f2110000)
  from space 4224K,  99% used [0x00000000f2110000, 0x00000000f252fff8, 0x00000000f2530000)
  to   space 4224K,   0% used [0x00000000f2530000, 0x00000000f2530000, 0x00000000f2950000)
 concurrent mark-sweep generation total 91392K, used 52454K [0x00000000f5550000, 0x00000000fae90000, 0x0000000100000000)
 Metaspace       used 86588K, capacity 87942K, committed 88508K, reserved 1128448K
  class space    used 9792K, capacity 10055K, committed 10184K, reserved 1048576K
Event: 15735.312 GC heap after
Heap after GC invocations=535 (full 8):
 par new generation   total 38080K, used 4223K [0x00000000f0000000, 0x00000000f2950000, 0x00000000f5550000)
  eden space 33856K,   0% used [0x00000000f0000000, 0x00000000f0000000, 0x00000000f2110000)
  from space 4224K,  99% used [0x00000000f2530000, 0x00000000f294fff8, 0x00000000f2950000)
  to   space 4224K,   0% used [0x00000000f2110000, 0x00000000f2110000, 0x00000000f2530000)
 concurrent mark-sweep generation total 91392K, used 52694K [0x00000000f5550000, 0x00000000fae90000, 0x0000000100000000)
 Metaspace       used 86588K, capacity 87942K, committed 88508K, reserved 1128448K
  class space    used 9792K, capacity 10055K, committed 10184K, reserved 1048576K
}
Event: 15780.195 GC heap before
{Heap before GC invocations=535 (full 8):
 par new generation   total 38080K, used 38079K [0x00000000f0000000, 0x00000000f2950000, 0x00000000f5550000)
  eden space 33856K, 100% used [0x00000000f0000000, 0x00000000f2110000, 0x00000000f2110000)
  from space 4224K,  99% used [0x00000000f2530000, 0x00000000f294fff8, 0x00000000f2950000)
  to   space 4224K,   0% used [0x00000000f2110000, 0x00000000f2110000, 0x00000000f2530000)
 concurrent mark-sweep generation total 91392K, used 52694K [0x00000000f5550000, 0x00000000fae90000, 0x0000000100000000)
 Metaspace       used 86589K, capacity 87942K, committed 88508K, reserved 1128448K
  class space    used 9792K, capacity 10055K, committed 10184K, reserved 1048576K
Event: 15780.202 GC heap after
Heap after GC invocations=536 (full 8):
 par new generation   total 38080K, used 3777K [0x00000000f0000000, 0x00000000f2950000, 0x00000000f5550000)
  eden space 33856K,   0% used [0x00000000f0000000, 0x00000000f0000000, 0x00000000f2110000)
  from space 4224K,  89% used [0x00000000f2110000, 0x00000000f24c06e0, 0x00000000f2530000)
  to   space 4224K,   0% used [0x00000000f2530000, 0x00000000f2530000, 0x00000000f2950000)
 concurrent mark-sweep generation total 91392K, used 52721K [0x00000000f5550000, 0x00000000fae90000, 0x0000000100000000)
 Metaspace       used 86589K, capacity 87942K, committed 88508K, reserved 1128448K
  class space    used 9792K, capacity 10055K, committed 10184K, reserved 1048576K
}
Event: 15824.407 GC heap before
{Heap before GC invocations=536 (full 8):
 par new generation   total 38080K, used 37624K [0x00000000f0000000, 0x00000000f2950000, 0x00000000f5550000)
  eden space 33856K,  99% used [0x00000000f0000000, 0x00000000f210dbc8, 0x00000000f2110000)
  from space 4224K,  89% used [0x00000000f2110000, 0x00000000f24c06e0, 0x00000000f2530000)
  to   space 4224K,   0% used [0x00000000f2530000, 0x00000000f2530000, 0x00000000f2950000)
 concurrent mark-sweep generation total 91392K, used 52721K [0x00000000f5550000, 0x00000000fae90000, 0x0000000100000000)
 Metaspace       used 86600K, capacity 87966K, committed 88508K, reserved 1128448K
  class space    used 9795K, capacity 10059K, committed 10184K, reserved 1048576K
Event: 15824.416 GC heap after
Heap after GC invocations=537 (full 8):
 par new generation   total 38080K, used 4224K [0x00000000f0000000, 0x00000000f2950000, 0x00000000f5550000)
  eden space 33856K,   0% used [0x00000000f0000000, 0x00000000f0000000, 0x00000000f2110000)
  from space 4224K, 100% used [0x00000000f2530000, 0x00000000f2950000, 0x00000000f2950000)
  to   space 4224K,   0% used [0x00000000f2110000, 0x00000000f2110000, 0x00000000f2530000)
 concurrent mark-sweep generation total 91392K, used 53095K [0x00000000f5550000, 0x00000000fae90000, 0x0000000100000000)
 Metaspace       used 86600K, capacity 87966K, committed 88508K, reserved 1128448K
  class space    used 9795K, capacity 10059K, committed 10184K, reserved 1048576K
}
Event: 15875.330 GC heap before
{Heap before GC invocations=537 (full 8):
 par new generation   total 38080K, used 38080K [0x00000000f0000000, 0x00000000f2950000, 0x00000000f5550000)
  eden space 33856K, 100% used [0x00000000f0000000, 0x00000000f2110000, 0x00000000f2110000)
  from space 4224K, 100% used [0x00000000f2530000, 0x00000000f2950000, 0x00000000f2950000)
  to   space 4224K,   0% used [0x00000000f2110000, 0x00000000f2110000, 0x00000000f2530000)
 concurrent mark-sweep generation total 91392K, used 53095K [0x00000000f5550000, 0x00000000fae90000, 0x0000000100000000)
 Metaspace       used 86600K, capacity 87966K, committed 88508K, reserved 1128448K
  class space    used 9795K, capacity 10059K, committed 10184K, reserved 1048576K
Event: 15875.338 GC heap after
Heap after GC invocations=538 (full 8):
 par new generation   total 38080K, used 4224K [0x00000000f0000000, 0x00000000f2950000, 0x00000000f5550000)
  eden space 33856K,   0% used [0x00000000f0000000, 0x00000000f0000000, 0x00000000f2110000)
  from space 4224K, 100% used [0x00000000f2110000, 0x00000000f2530000, 0x00000000f2530000)
  to   space 4224K,   0% used [0x00000000f2530000, 0x00000000f2530000, 0x00000000f2950000)
 concurrent mark-sweep generation total 91392K, used 53302K [0x00000000f5550000, 0x00000000fae90000, 0x0000000100000000)
 Metaspace       used 86600K, capacity 87966K, committed 88508K, reserved 1128448K
  class space    used 9795K, capacity 10059K, committed 10184K, reserved 1048576K
}

Deoptimization events (10 events):
Event: 15115.803 Thread 0x00007f0c8c697800 Uncommon trap: reason=array_check action=maybe_recompile pc=0x00007f0cdaf39b70 method=java.util.TimSort.reverseRange([Ljava/lang/Object;II)V @ 20
Event: 15142.812 Thread 0x00007f0cf0b98800 Uncommon trap: reason=array_check action=maybe_recompile pc=0x00007f0cdaf39b70 method=java.util.TimSort.reverseRange([Ljava/lang/Object;II)V @ 20
Event: 15382.807 Thread 0x00007f0cf0b98800 Uncommon trap: reason=array_check action=maybe_recompile pc=0x00007f0cdd420d58 method=java.util.TimSort.reverseRange([Ljava/lang/Object;II)V @ 27
Event: 15382.807 Thread 0x00007f0cf0b98800 Uncommon trap: reason=array_check action=maybe_recompile pc=0x00007f0cdd420d58 method=java.util.TimSort.reverseRange([Ljava/lang/Object;II)V @ 27
Event: 15411.076 Thread 0x00007f0cf0840800 Uncommon trap: reason=null_check action=make_not_entrant pc=0x00007f0cdd2c5844 method=java.text.SimpleDateFormat.checkNegativeNumberExpression()V @ 40
Event: 15411.080 Thread 0x00007f0cf0840800 Uncommon trap: reason=unstable_if action=reinterpret pc=0x00007f0cdd4a8060 method=org.apache.coyote.http11.Http11InputBuffer.parseRequestLine(Z)Z @ 63
Event: 15411.080 Thread 0x00007f0cf0840800 Uncommon trap: reason=unstable_if action=reinterpret pc=0x00007f0cdd58b614 method=org.apache.coyote.http11.Http11Processor.service(Lorg/apache/tomcat/util/net/SocketWrapperBase;)Lorg/apache/tomcat/util/net/AbstractEndpoint$Handler$SocketState; @ 113
Event: 15411.080 Thread 0x00007f0cf0840800 Uncommon trap: reason=unstable_if action=reinterpret pc=0x00007f0cdcbed7b4 method=org.apache.coyote.AbstractProtocol$ConnectionHandler.process(Lorg/apache/tomcat/util/net/SocketWrapperBase;Lorg/apache/tomcat/util/net/SocketEvent;)Lorg/apache/tomcat/util/n
Event: 15890.190 Thread 0x00007f0c60322000 Uncommon trap: reason=unstable_if action=reinterpret pc=0x00007f0cdca08680 method=org.apache.velocity.runtime.parser.VelocityCharStream.backup(I)V @ 21
Event: 15890.211 Thread 0x00007f0c60322000 Uncommon trap: reason=unstable_if action=reinterpret pc=0x00007f0cdc48cdd0 method=sun.nio.cs.StreamEncoder.write([CII)V @ 49

Internal exceptions (10 events):
Event: 15838.466 Thread 0x00007f0cf0edf000 Exception <a 'java/net/SocketTimeoutException': Read timed out> (0x00000000f05ea9c8) thrown at [/builddir/build/BUILD/java-1.8.0-openjdk-1.8.0.144-0.b01.el7_4.x86_64/openjdk/hotspot/src/share/vm/prims/jni.cpp, line 736]
Event: 15839.397 Thread 0x00007f0c64002000 Exception <a 'java/lang/InterruptedException': sleep interrupted> (0x00000000f0ad5208) thrown at [/builddir/build/BUILD/java-1.8.0-openjdk-1.8.0.144-0.b01.el7_4.x86_64/openjdk/hotspot/src/share/vm/prims/jvm.cpp, line 3190]
Event: 15849.398 Thread 0x00007f0cf0edf000 Exception <a 'java/net/SocketTimeoutException': Read timed out> (0x00000000f0ad3270) thrown at [/builddir/build/BUILD/java-1.8.0-openjdk-1.8.0.144-0.b01.el7_4.x86_64/openjdk/hotspot/src/share/vm/prims/jni.cpp, line 736]
Event: 15859.409 Thread 0x00007f0cf0edf000 Exception <a 'java/net/SocketTimeoutException': Read timed out> (0x00000000f0ad3a80) thrown at [/builddir/build/BUILD/java-1.8.0-openjdk-1.8.0.144-0.b01.el7_4.x86_64/openjdk/hotspot/src/share/vm/prims/jni.cpp, line 736]
Event: 15869.412 Thread 0x00007f0cf0edf000 Exception <a 'java/net/SocketTimeoutException': Read timed out> (0x00000000f0ad4290) thrown at [/builddir/build/BUILD/java-1.8.0-openjdk-1.8.0.144-0.b01.el7_4.x86_64/openjdk/hotspot/src/share/vm/prims/jni.cpp, line 736]
Event: 15875.339 Thread 0x00007f0cf0138000 Exception <a 'java/net/SocketException': Socket closed> (0x00000000f000e3f0) thrown at [/builddir/build/BUILD/java-1.8.0-openjdk-1.8.0.144-0.b01.el7_4.x86_64/openjdk/hotspot/src/share/vm/prims/jni.cpp, line 736]
Event: 15875.340 Thread 0x00007f0cf0138000 Exception <a 'java/net/SocketException': Socket closed> (0x00000000f000fc30) thrown at [/builddir/build/BUILD/java-1.8.0-openjdk-1.8.0.144-0.b01.el7_4.x86_64/openjdk/hotspot/src/share/vm/prims/jni.cpp, line 736]
Event: 15879.422 Thread 0x00007f0cf0edf000 Exception <a 'java/net/SocketTimeoutException': Read timed out> (0x00000000f013e620) thrown at [/builddir/build/BUILD/java-1.8.0-openjdk-1.8.0.144-0.b01.el7_4.x86_64/openjdk/hotspot/src/share/vm/prims/jni.cpp, line 736]
Event: 15889.430 Thread 0x00007f0cf0edf000 Exception <a 'java/net/SocketTimeoutException': Read timed out> (0x00000000f013ee30) thrown at [/builddir/build/BUILD/java-1.8.0-openjdk-1.8.0.144-0.b01.el7_4.x86_64/openjdk/hotspot/src/share/vm/prims/jni.cpp, line 736]
Event: 15890.190 Thread 0x00007f0c60322000 Exception <a 'java/util/zip/DataFormatException': invalid code lengths set> (0x00000000f0dd0c58) thrown at [/builddir/build/BUILD/java-1.8.0-openjdk-1.8.0.144-0.b01.el7_4.x86_64/openjdk/hotspot/src/share/vm/prims/jni.cpp, line 736]

Events (10 events):
Event: 15890.240 Thread 0x00007f0c60322000 DEOPT PACKING pc=0x00007f0cdd6dc5e8 sp=0x00007f0c562ec580
Event: 15890.240 Thread 0x00007f0c60322000 DEOPT UNPACKING pc=0x00007f0cdab1e373 sp=0x00007f0c562ec2b8 mode 1
Event: 15890.252 Thread 0x00007f0c60322000 DEOPT PACKING pc=0x00007f0cdd6dc5e8 sp=0x00007f0c562ec890
Event: 15890.252 Thread 0x00007f0c60322000 DEOPT UNPACKING pc=0x00007f0cdab1e373 sp=0x00007f0c562ec5c8 mode 1
Event: 15890.267 Thread 0x00007f0c60322000 DEOPT PACKING pc=0x00007f0cdd6dc5e8 sp=0x00007f0c562ec7f0
Event: 15890.267 Thread 0x00007f0c60322000 DEOPT UNPACKING pc=0x00007f0cdab1e373 sp=0x00007f0c562ec528 mode 1
Event: 15890.279 Thread 0x00007f0c60322000 DEOPT PACKING pc=0x00007f0cdd6dc5e8 sp=0x00007f0c562ec7e0
Event: 15890.279 Thread 0x00007f0c60322000 DEOPT UNPACKING pc=0x00007f0cdab1e373 sp=0x00007f0c562ec518 mode 1
Event: 15890.292 Thread 0x00007f0c60322000 DEOPT PACKING pc=0x00007f0cdd6dc5e8 sp=0x00007f0c562eba70
Event: 15890.292 Thread 0x00007f0c60322000 DEOPT UNPACKING pc=0x00007f0cdab1e373 sp=0x00007f0c562eb7a8 mode 1


Dynamic libraries:
00400000-00401000 r-xp 00000000 fd:00 3314255                            /usr/lib/jvm/java-1.8.0-openjdk-1.8.0.144-0.b01.el7_4.x86_64/jre/bin/java
00600000-00601000 r--p 00000000 fd:00 3314255                            /usr/lib/jvm/java-1.8.0-openjdk-1.8.0.144-0.b01.el7_4.x86_64/jre/bin/java
00601000-00602000 rw-p 00001000 fd:00 3314255                            /usr/lib/jvm/java-1.8.0-openjdk-1.8.0.144-0.b01.el7_4.x86_64/jre/bin/java
01112000-011e9000 rw-p 00000000 00:00 0                                  [heap]
f0000000-f2950000 rw-p 00000000 00:00 0 
f2950000-f5550000 ---p 00000000 00:00 0 
f5550000-fae90000 rw-p 00000000 00:00 0 
fae90000-100000000 ---p 00000000 00:00 0 
100000000-1009f2000 rw-p 00000000 00:00 0 
1009f2000-140000000 ---p 00000000 00:00 0 
7f0c4c000000-7f0c4fffc000 rw-p 00000000 00:00 0 
7f0c4fffc000-7f0c50000000 ---p 00000000 00:00 0 
7f0c50000000-7f0c50068000 rw-p 00000000 00:00 0 
7f0c50068000-7f0c54000000 ---p 00000000 00:00 0 
7f0c551e4000-7f0c55264000 rw-p 00000000 00:00 0 
7f0c55264000-7f0c553e7000 ---p 00000000 00:00 0 
7f0c553e7000-7f0c554e5000 rw-p 00000000 00:00 0 
7f0c554e5000-7f0c554e8000 ---p 00000000 00:00 0 
7f0c554e8000-7f0c555e6000 rw-p 00000000 00:00 0                          [stack:36776]
7f0c555e6000-7f0c555e9000 ---p 00000000 00:00 0 
7f0c555e9000-7f0c556e7000 rw-p 00000000 00:00 0                          [stack:36144]
7f0c556e7000-7f0c556ea000 ---p 00000000 00:00 0 
7f0c556ea000-7f0c557e8000 rw-p 00000000 00:00 0                          [stack:34878]
7f0c557e8000-7f0c557eb000 ---p 00000000 00:00 0 
7f0c557eb000-7f0c558e9000 rw-p 00000000 00:00 0                          [stack:4580]
7f0c558e9000-7f0c558ec000 ---p 00000000 00:00 0 
7f0c558ec000-7f0c559ea000 rw-p 00000000 00:00 0                          [stack:28024]
7f0c559ea000-7f0c559ed000 ---p 00000000 00:00 0 
7f0c559ed000-7f0c55ceb000 rw-p 00000000 00:00 0                          [stack:27882]
7f0c55ceb000-7f0c55eeb000 rw-p 00000000 00:00 0 
7f0c55eeb000-7f0c55eee000 ---p 00000000 00:00 0 
7f0c55eee000-7f0c55fec000 rw-p 00000000 00:00 0 
7f0c55fec000-7f0c55fef000 ---p 00000000 00:00 0 
7f0c55fef000-7f0c560ed000 rw-p 00000000 00:00 0                          [stack:25019]
7f0c560ed000-7f0c560f0000 ---p 00000000 00:00 0 
7f0c560f0000-7f0c561ee000 rw-p 00000000 00:00 0                          [stack:24908]
7f0c561ee000-7f0c561f1000 ---p 00000000 00:00 0 
7f0c561f1000-7f0c564ef000 rw-p 00000000 00:00 0                          [stack:24898]
7f0c564ef000-7f0c566ef000 rw-p 00000000 00:00 0 
7f0c566ef000-7f0c568ef000 rw-p 00000000 00:00 0 
7f0c568ef000-7f0c56aef000 rw-p 00000000 00:00 0 
7f0c56aef000-7f0c56af2000 ---p 00000000 00:00 0 
7f0c56af2000-7f0c56bf0000 rw-p 00000000 00:00 0                          [stack:24612]
7f0c56bf0000-7f0c56bf3000 ---p 00000000 00:00 0 
7f0c56bf3000-7f0c56cf1000 rw-p 00000000 00:00 0                          [stack:24611]
7f0c56cf1000-7f0c56cf4000 ---p 00000000 00:00 0 
7f0c56cf4000-7f0c56df2000 rw-p 00000000 00:00 0                          [stack:24610]
7f0c56df2000-7f0c56df5000 ---p 00000000 00:00 0 
7f0c56df5000-7f0c56ef3000 rw-p 00000000 00:00 0                          [stack:24609]
7f0c56ef3000-7f0c56ef6000 ---p 00000000 00:00 0 
7f0c56ef6000-7f0c56ff4000 rw-p 00000000 00:00 0                          [stack:24608]
7f0c56ff4000-7f0c56ff7000 ---p 00000000 00:00 0 
7f0c56ff7000-7f0c570f5000 rw-p 00000000 00:00 0                          [stack:24607]
7f0c570f5000-7f0c570f8000 ---p 00000000 00:00 0 
7f0c570f8000-7f0c571f6000 rw-p 00000000 00:00 0                          [stack:24606]
7f0c571f6000-7f0c571f9000 ---p 00000000 00:00 0 
7f0c571f9000-7f0c572f7000 rw-p 00000000 00:00 0                          [stack:24605]
7f0c572f7000-7f0c572fa000 ---p 00000000 00:00 0 
7f0c572fa000-7f0c573f8000 rw-p 00000000 00:00 0                          [stack:24604]
7f0c573f8000-7f0c573fb000 ---p 00000000 00:00 0 
7f0c573fb000-7f0c574f9000 rw-p 00000000 00:00 0                          [stack:24603]
7f0c574f9000-7f0c574fc000 ---p 00000000 00:00 0 
7f0c574fc000-7f0c575fa000 rw-p 00000000 00:00 0                          [stack:24602]
7f0c575fa000-7f0c575fd000 ---p 00000000 00:00 0 
7f0c575fd000-7f0c576fb000 rw-p 00000000 00:00 0                          [stack:24601]
7f0c576fb000-7f0c576fe000 ---p 00000000 00:00 0 
7f0c576fe000-7f0c577fc000 rw-p 00000000 00:00 0                          [stack:24600]
7f0c577fc000-7f0c577ff000 ---p 00000000 00:00 0 
7f0c577ff000-7f0c578fd000 rw-p 00000000 00:00 0                          [stack:24599]
7f0c578fd000-7f0c57900000 ---p 00000000 00:00 0 
7f0c57900000-7f0c579fe000 rw-p 00000000 00:00 0                          [stack:24598]
7f0c579fe000-7f0c57a01000 ---p 00000000 00:00 0 
7f0c57a01000-7f0c57aff000 rw-p 00000000 00:00 0                          [stack:24597]
7f0c57aff000-7f0c57b02000 ---p 00000000 00:00 0 
7f0c57b02000-7f0c57e00000 rw-p 00000000 00:00 0                          [stack:24596]
7f0c57e00000-7f0c58000000 rw-p 00000000 00:00 0 
7f0c58000000-7f0c58045000 rw-p 00000000 00:00 0 
7f0c58045000-7f0c5c000000 ---p 00000000 00:00 0 
7f0c5c000000-7f0c5c06a000 rw-p 00000000 00:00 0 
7f0c5c06a000-7f0c60000000 ---p 00000000 00:00 0 
7f0c60000000-7f0c609ec000 rw-p 00000000 00:00 0 
7f0c609ec000-7f0c64000000 ---p 00000000 00:00 0 
7f0c64000000-7f0c64043000 rw-p 00000000 00:00 0 
7f0c64043000-7f0c68000000 ---p 00000000 00:00 0 
7f0c68000000-7f0c6804e000 rw-p 00000000 00:00 0 
7f0c6804e000-7f0c6c000000 ---p 00000000 00:00 0 
7f0c6c000000-7f0c6c04b000 rw-p 00000000 00:00 0 
7f0c6c04b000-7f0c70000000 ---p 00000000 00:00 0 
7f0c70000000-7f0c71ba7000 rw-p 00000000 00:00 0 
7f0c71ba7000-7f0c74000000 ---p 00000000 00:00 0 
7f0c74000000-7f0c7455c000 rw-p 00000000 00:00 0 
7f0c7455c000-7f0c78000000 ---p 00000000 00:00 0 
7f0c78000000-7f0c79893000 rw-p 00000000 00:00 0 
7f0c79893000-7f0c7c000000 ---p 00000000 00:00 0 
7f0c7c056000-7f0c7c059000 ---p 00000000 00:00 0 
7f0c7c059000-7f0c7c157000 rw-p 00000000 00:00 0                          [stack:24595]
7f0c7c157000-7f0c7c15a000 ---p 00000000 00:00 0 
7f0c7c15a000-7f0c7c458000 rw-p 00000000 00:00 0                          [stack:24590]
7f0c7c458000-7f0c7c658000 rw-p 00000000 00:00 0 
7f0c7c658000-7f0c7c65b000 ---p 00000000 00:00 0 
7f0c7c65b000-7f0c7c759000 rw-p 00000000 00:00 0                          [stack:24589]
7f0c7c759000-7f0c7c75c000 ---p 00000000 00:00 0 
7f0c7c75c000-7f0c7c85a000 rw-p 00000000 00:00 0                          [stack:63358]
7f0c7c85a000-7f0c7c85d000 ---p 00000000 00:00 0 
7f0c7c85d000-7f0c7c95b000 rw-p 00000000 00:00 0                          [stack:24587]
7f0c7c95b000-7f0c7c95e000 ---p 00000000 00:00 0 
7f0c7c95e000-7f0c7ca5c000 rw-p 00000000 00:00 0                          [stack:24586]
7f0c7ca5c000-7f0c7ca5f000 ---p 00000000 00:00 0 
7f0c7ca5f000-7f0c7cd5a000 rw-p 00000000 00:00 0                          [stack:24584]
7f0c7cd5a000-7f0c7cd5d000 ---p 00000000 00:00 0 
7f0c7cd5d000-7f0c7cf5d000 rw-p 00000000 00:00 0 
7f0c7cf5d000-7f0c7d15d000 rw-p 00000000 00:00 0 
7f0c7d15d000-7f0c7d35d000 rw-p 00000000 00:00 0 
7f0c7d35d000-7f0c7d55d000 rw-p 00000000 00:00 0 
7f0c7d55d000-7f0c7d75d000 rw-p 00000000 00:00 0 
7f0c7d75d000-7f0c7d95d000 rw-p 00000000 00:00 0 
7f0c7d95d000-7f0c7d960000 ---p 00000000 00:00 0 
7f0c7d960000-7f0c7dc5e000 rw-p 00000000 00:00 0                          [stack:24583]
7f0c7dc5e000-7f0c7de5e000 rw-p 00000000 00:00 0 
7f0c7de5e000-7f0c7de61000 ---p 00000000 00:00 0 
7f0c7de61000-7f0c7df5f000 rw-p 00000000 00:00 0                          [stack:24581]
7f0c7df5f000-7f0c7df62000 ---p 00000000 00:00 0 
7f0c7df62000-7f0c7e260000 rw-p 00000000 00:00 0                          [stack:24580]
7f0c7e357000-7f0c7e557000 rw-p 00000000 00:00 0 
7f0c7e557000-7f0c7e757000 rw-p 00000000 00:00 0 
7f0c7e757000-7f0c7e957000 rw-p 00000000 00:00 0 
7f0c7e957000-7f0c7e9da000 r-xp 00000000 fd:00 1236790                    /usr/lib64/libfreeblpriv3.so
7f0c7e9da000-7f0c7ebd9000 ---p 00083000 fd:00 1236790                    /usr/lib64/libfreeblpriv3.so
7f0c7ebd9000-7f0c7ebdb000 r--p 00082000 fd:00 1236790                    /usr/lib64/libfreeblpriv3.so
7f0c7ebdb000-7f0c7ebdc000 rw-p 00084000 fd:00 1236790                    /usr/lib64/libfreeblpriv3.so
7f0c7ebdc000-7f0c7ebe0000 rw-p 00000000 00:00 0 
7f0c7ebe0000-7f0c7ec1a000 r-xp 00000000 fd:00 1236783                    /usr/lib64/libnspr4.so
7f0c7ec1a000-7f0c7ee19000 ---p 0003a000 fd:00 1236783                    /usr/lib64/libnspr4.so
7f0c7ee19000-7f0c7ee1a000 r--p 00039000 fd:00 1236783                    /usr/lib64/libnspr4.so
7f0c7ee1a000-7f0c7ee1c000 rw-p 0003a000 fd:00 1236783                    /usr/lib64/libnspr4.so
7f0c7ee1c000-7f0c7ee1e000 rw-p 00000000 00:00 0 
7f0c7ee1e000-7f0c7ee22000 r-xp 00000000 fd:00 1236784                    /usr/lib64/libplc4.so
7f0c7ee22000-7f0c7f021000 ---p 00004000 fd:00 1236784                    /usr/lib64/libplc4.so
7f0c7f021000-7f0c7f022000 r--p 00003000 fd:00 1236784                    /usr/lib64/libplc4.so
7f0c7f022000-7f0c7f023000 rw-p 00004000 fd:00 1236784                    /usr/lib64/libplc4.so
7f0c7f023000-7f0c7f026000 r-xp 00000000 fd:00 1236785                    /usr/lib64/libplds4.so
7f0c7f026000-7f0c7f225000 ---p 00003000 fd:00 1236785                    /usr/lib64/libplds4.so
7f0c7f225000-7f0c7f226000 r--p 00002000 fd:00 1236785                    /usr/lib64/libplds4.so
7f0c7f226000-7f0c7f227000 rw-p 00003000 fd:00 1236785                    /usr/lib64/libplds4.so
7f0c7f227000-7f0c7f24f000 r-xp 00000000 fd:00 1236786                    /usr/lib64/libnssutil3.so
7f0c7f24f000-7f0c7f44e000 ---p 00028000 fd:00 1236786                    /usr/lib64/libnssutil3.so
7f0c7f44e000-7f0c7f455000 r--p 00027000 fd:00 1236786                    /usr/lib64/libnssutil3.so
7f0c7f455000-7f0c7f456000 rw-p 0002e000 fd:00 1236786                    /usr/lib64/libnssutil3.so
7f0c7f456000-7f0c7f577000 r-xp 00000000 fd:00 97993                      /usr/lib64/libnss3.so
7f0c7f577000-7f0c7f777000 ---p 00121000 fd:00 97993                      /usr/lib64/libnss3.so
7f0c7f777000-7f0c7f77c000 r--p 00121000 fd:00 97993                      /usr/lib64/libnss3.so
7f0c7f77c000-7f0c7f77e000 rw-p 00126000 fd:00 97993                      /usr/lib64/libnss3.so
7f0c7f77e000-7f0c7f780000 rw-p 00000000 00:00 0 
7f0c7f780000-7f0c7f7a4000 r-xp 00000000 fd:00 599667                     /usr/lib64/libsmime3.so
7f0c7f7a4000-7f0c7f9a3000 ---p 00024000 fd:00 599667                     /usr/lib64/libsmime3.so
7f0c7f9a3000-7f0c7f9a6000 r--p 00023000 fd:00 599667                     /usr/lib64/libsmime3.so
7f0c7f9a6000-7f0c7f9a7000 rw-p 00026000 fd:00 599667                     /usr/lib64/libsmime3.so
7f0c7f9a7000-7f0c7f9ee000 r-xp 00000000 fd:00 599669                     /usr/lib64/libssl3.so
7f0c7f9ee000-7f0c7fbed000 ---p 00047000 fd:00 599669                     /usr/lib64/libssl3.so
7f0c7fbed000-7f0c7fbf1000 r--p 00046000 fd:00 599669                     /usr/lib64/libssl3.so
7f0c7fbf1000-7f0c7fbf2000 rw-p 0004a000 fd:00 599669                     /usr/lib64/libssl3.so
7f0c7fbf2000-7f0c7fbf3000 rw-p 00000000 00:00 0 
7f0c7fbf3000-7f0c7fbff000 r-xp 00000000 fd:00 17350604                   /usr/lib/jvm/java-1.8.0-openjdk-1.8.0.144-0.b01.el7_4.x86_64/jre/lib/amd64/libsunec.so
7f0c7fbff000-7f0c7fdfe000 ---p 0000c000 fd:00 17350604                   /usr/lib/jvm/java-1.8.0-openjdk-1.8.0.144-0.b01.el7_4.x86_64/jre/lib/amd64/libsunec.so
7f0c7fdfe000-7f0c7fdff000 r--p 0000b000 fd:00 17350604                   /usr/lib/jvm/java-1.8.0-openjdk-1.8.0.144-0.b01.el7_4.x86_64/jre/lib/amd64/libsunec.so
7f0c7fdff000-7f0c7fe00000 rw-p 0000c000 fd:00 17350604                   /usr/lib/jvm/java-1.8.0-openjdk-1.8.0.144-0.b01.el7_4.x86_64/jre/lib/amd64/libsunec.so
7f0c7fe00000-7f0c80000000 rw-p 00000000 00:00 0 
7f0c80000000-7f0c80087000 rw-p 00000000 00:00 0 
7f0c80087000-7f0c84000000 ---p 00000000 00:00 0 
7f0c84000000-7f0c8449a000 rw-p 00000000 00:00 0 
7f0c8449a000-7f0c88000000 ---p 00000000 00:00 0 
7f0c88000000-7f0c88064000 rw-p 00000000 00:00 0 
7f0c88064000-7f0c8c000000 ---p 00000000 00:00 0 
7f0c8c000000-7f0c8c8f0000 rw-p 00000000 00:00 0 
7f0c8c8f0000-7f0c90000000 ---p 00000000 00:00 0 
7f0c90000000-7f0c9007d000 rw-p 00000000 00:00 0 
7f0c9007d000-7f0c94000000 ---p 00000000 00:00 0 
7f0c94000000-7f0c9407d000 rw-p 00000000 00:00 0 
7f0c9407d000-7f0c98000000 ---p 00000000 00:00 0 
7f0c98000000-7f0c9bffa000 rw-p 00000000 00:00 0 
7f0c9bffa000-7f0c9c000000 ---p 00000000 00:00 0 
7f0c9c000000-7f0c9d26c000 rw-p 00000000 00:00 0 
7f0c9d26c000-7f0ca0000000 ---p 00000000 00:00 0 
7f0ca0000000-7f0ca0064000 rw-p 00000000 00:00 0 
7f0ca0064000-7f0ca4000000 ---p 00000000 00:00 0 
7f0ca4000000-7f0ca8000000 rw-p 00000000 00:00 0 
7f0ca8000000-7f0ca8111000 rw-p 00000000 00:00 0 
7f0ca8111000-7f0cac000000 ---p 00000000 00:00 0 
7f0cac000000-7f0cac14a000 rw-p 00000000 00:00 0 
7f0cac14a000-7f0cb0000000 ---p 00000000 00:00 0 
7f0cb0000000-7f0cb00c9000 rw-p 00000000 00:00 0 
7f0cb00c9000-7f0cb4000000 ---p 00000000 00:00 0 
7f0cb4000000-7f0cb4078000 rw-p 00000000 00:00 0 
7f0cb4078000-7f0cb8000000 ---p 00000000 00:00 0 
7f0cb8000000-7f0cb836e000 rw-p 00000000 00:00 0 
7f0cb836e000-7f0cbc000000 ---p 00000000 00:00 0 
7f0cbc000000-7f0cbc049000 rw-p 00000000 00:00 0 
7f0cbc049000-7f0cc0000000 ---p 00000000 00:00 0 
7f0cc0000000-7f0cc0069000 rw-p 00000000 00:00 0 
7f0cc0069000-7f0cc4000000 ---p 00000000 00:00 0 
7f0cc4000000-7f0cc408b000 rw-p 00000000 00:00 0 
7f0cc408b000-7f0cc8000000 ---p 00000000 00:00 0 
7f0cc80cf000-7f0cc80d2000 ---p 00000000 00:00 0 
7f0cc80d2000-7f0cc83d0000 rw-p 00000000 00:00 0                          [stack:2717]
7f0cc83d0000-7f0cc85d0000 rw-p 00000000 00:00 0 
7f0cc85d0000-7f0cc87d0000 rw-p 00000000 00:00 0 
7f0cc87d0000-7f0cc89d0000 rw-p 00000000 00:00 0 
7f0cc89d0000-7f0cc8bd0000 rw-p 00000000 00:00 0 
7f0cc8bd0000-7f0cc8bd3000 ---p 00000000 00:00 0 
7f0cc8bd3000-7f0cc8cd1000 rw-p 00000000 00:00 0                          [stack:24676]
7f0cc8cd1000-7f0cc8cd4000 ---p 00000000 00:00 0 
7f0cc8cd4000-7f0cc8fd2000 rw-p 00000000 00:00 0                          [stack:24499]
7f0cc8fd2000-7f0cc91d2000 rw-p 00000000 00:00 0 
7f0cc92d2000-7f0cc94d2000 rw-p 00000000 00:00 0 
7f0cc94d2000-7f0cc96d2000 rw-p 00000000 00:00 0 
7f0cc96d2000-7f0cc98d2000 rw-p 00000000 00:00 0 
7f0cc98d2000-7f0cc98d3000 ---p 00000000 00:00 0 
7f0cc98d3000-7f0cc99d3000 rw-p 00000000 00:00 0                          [stack:24498]
7f0cc99d3000-7f0cc99d6000 ---p 00000000 00:00 0 
7f0cc99d6000-7f0cc9ad4000 rw-p 00000000 00:00 0                          [stack:24497]
7f0cc9ad4000-7f0cc9ad7000 ---p 00000000 00:00 0 
7f0cc9ad7000-7f0cc9bd5000 rw-p 00000000 00:00 0                          [stack:24496]
7f0cc9bd5000-7f0cc9be7000 r-xp 00000000 fd:00 17350600                   /usr/lib/jvm/java-1.8.0-openjdk-1.8.0.144-0.b01.el7_4.x86_64/jre/lib/amd64/libnio.so
7f0cc9be7000-7f0cc9de6000 ---p 00012000 fd:00 17350600                   /usr/lib/jvm/java-1.8.0-openjdk-1.8.0.144-0.b01.el7_4.x86_64/jre/lib/amd64/libnio.so
7f0cc9de6000-7f0cc9de7000 r--p 00011000 fd:00 17350600                   /usr/lib/jvm/java-1.8.0-openjdk-1.8.0.144-0.b01.el7_4.x86_64/jre/lib/amd64/libnio.so
7f0cc9de7000-7f0cc9de8000 rw-p 00012000 fd:00 17350600                   /usr/lib/jvm/java-1.8.0-openjdk-1.8.0.144-0.b01.el7_4.x86_64/jre/lib/amd64/libnio.so
7f0cc9de8000-7f0cc9dff000 r-xp 00000000 fd:00 17350599                   /usr/lib/jvm/java-1.8.0-openjdk-1.8.0.144-0.b01.el7_4.x86_64/jre/lib/amd64/libnet.so
7f0cc9dff000-7f0cc9ffe000 ---p 00017000 fd:00 17350599                   /usr/lib/jvm/java-1.8.0-openjdk-1.8.0.144-0.b01.el7_4.x86_64/jre/lib/amd64/libnet.so
7f0cc9ffe000-7f0cc9fff000 r--p 00016000 fd:00 17350599                   /usr/lib/jvm/java-1.8.0-openjdk-1.8.0.144-0.b01.el7_4.x86_64/jre/lib/amd64/libnet.so
7f0cc9fff000-7f0cca000000 rw-p 00017000 fd:00 17350599                   /usr/lib/jvm/java-1.8.0-openjdk-1.8.0.144-0.b01.el7_4.x86_64/jre/lib/amd64/libnet.so
7f0cca000000-7f0ccc000000 rw-p 00000000 00:00 0 
7f0ccc000000-7f0ccc0b5000 rw-p 00000000 00:00 0 
7f0ccc0b5000-7f0cd0000000 ---p 00000000 00:00 0 
7f0cd0000000-7f0cd009d000 rw-p 00000000 00:00 0 
7f0cd009d000-7f0cd4000000 ---p 00000000 00:00 0 
7f0cd4000000-7f0cd408c000 rw-p 00000000 00:00 0 
7f0cd408c000-7f0cd8000000 ---p 00000000 00:00 0 
7f0cd8007000-7f0cd8008000 rw-p 00000000 00:00 0 
7f0cd8008000-7f0cd8019000 r--s 000cf000 fd:00 17471242                   /tmp/jar_cache2613329975544071408.tmp (deleted)
7f0cd8019000-7f0cd8037000 r--s 00231000 fd:00 17350565                   /tmp/jar_cache8766534986757651452.tmp (deleted)
7f0cd8037000-7f0cd8041000 r--s 0005c000 fd:00 18025293                   /tmp/jar_cache7220057755012451795.tmp (deleted)
7f0cd8041000-7f0cd8047000 r--s 00043000 fd:00 33837246                   /usr/lib/jvm/java-1.8.0-openjdk-1.8.0.144-0.b01.el7_4.x86_64/jre/lib/ext/sunjce_provider.jar
7f0cd8047000-7f0cd805a000 r--s 00346000 fd:00 2603554                    /usr/lib/jvm/java-1.8.0-openjdk-1.8.0.144-0.b01.el7_4.x86_64/jre/lib/resources.jar
7f0cd805a000-7f0cd8063000 r-xp 00000000 fd:00 17350597                   /usr/lib/jvm/java-1.8.0-openjdk-1.8.0.144-0.b01.el7_4.x86_64/jre/lib/amd64/libmanagement.so
7f0cd8063000-7f0cd8262000 ---p 00009000 fd:00 17350597                   /usr/lib/jvm/java-1.8.0-openjdk-1.8.0.144-0.b01.el7_4.x86_64/jre/lib/amd64/libmanagement.so
7f0cd8262000-7f0cd8263000 r--p 00008000 fd:00 17350597                   /usr/lib/jvm/java-1.8.0-openjdk-1.8.0.144-0.b01.el7_4.x86_64/jre/lib/amd64/libmanagement.so
7f0cd8263000-7f0cd8264000 rw-p 00009000 fd:00 17350597                   /usr/lib/jvm/java-1.8.0-openjdk-1.8.0.144-0.b01.el7_4.x86_64/jre/lib/amd64/libmanagement.so
7f0cd8264000-7f0cd8267000 ---p 00000000 00:00 0 
7f0cd8267000-7f0cd8365000 rw-p 00000000 00:00 0                          [stack:24495]
7f0cd8365000-7f0cd8369000 ---p 00000000 00:00 0 
7f0cd8369000-7f0cd8466000 rw-p 00000000 00:00 0                          [stack:24494]
7f0cd8466000-7f0cd846a000 ---p 00000000 00:00 0 
7f0cd846a000-7f0cd8567000 rw-p 00000000 00:00 0                          [stack:24493]
7f0cd8567000-7f0cd856b000 ---p 00000000 00:00 0 
7f0cd856b000-7f0cd8668000 rw-p 00000000 00:00 0                          [stack:24492]
7f0cd8668000-7f0cd866b000 ---p 00000000 00:00 0 
7f0cd866b000-7f0cd8769000 rw-p 00000000 00:00 0                          [stack:24491]
7f0cd8769000-7f0cd876c000 ---p 00000000 00:00 0 
7f0cd876c000-7f0cd886a000 rw-p 00000000 00:00 0                          [stack:24490]
7f0cd886a000-7f0cd886e000 r-xp 00000000 fd:00 17350581                   /usr/lib/jvm/java-1.8.0-openjdk-1.8.0.144-0.b01.el7_4.x86_64/jre/lib/amd64/libdt_socket.so
7f0cd886e000-7f0cd8a6d000 ---p 00004000 fd:00 17350581                   /usr/lib/jvm/java-1.8.0-openjdk-1.8.0.144-0.b01.el7_4.x86_64/jre/lib/amd64/libdt_socket.so
7f0cd8a6d000-7f0cd8a6e000 r--p 00003000 fd:00 17350581                   /usr/lib/jvm/java-1.8.0-openjdk-1.8.0.144-0.b01.el7_4.x86_64/jre/lib/amd64/libdt_socket.so
7f0cd8a6e000-7f0cd8a6f000 rw-p 00004000 fd:00 17350581                   /usr/lib/jvm/java-1.8.0-openjdk-1.8.0.144-0.b01.el7_4.x86_64/jre/lib/amd64/libdt_socket.so
7f0cd8a6f000-7f0cd8a72000 ---p 00000000 00:00 0 
7f0cd8a72000-7f0cd8b70000 rw-p 00000000 00:00 0                          [stack:24489]
7f0cd8b70000-7f0cd8b73000 ---p 00000000 00:00 0 
7f0cd8b73000-7f0cd8c71000 rw-p 00000000 00:00 0                          [stack:24488]
7f0cd8c71000-7f0cd8c74000 ---p 00000000 00:00 0 
7f0cd8c74000-7f0cd8d72000 rw-p 00000000 00:00 0                          [stack:24487]
7f0cd8d72000-7f0cd8d75000 ---p 00000000 00:00 0 
7f0cd8d75000-7f0cd8e73000 rw-p 00000000 00:00 0                          [stack:24486]
7f0cd8e73000-7f0cd8e74000 ---p 00000000 00:00 0 
7f0cd8e74000-7f0cd8fc2000 rw-p 00000000 00:00 0                          [stack:24485]
7f0cd8fc2000-7f0cd9191000 r--s 043f2000 fd:00 2603555                    /usr/lib/jvm/java-1.8.0-openjdk-1.8.0.144-0.b01.el7_4.x86_64/jre/lib/rt.jar
7f0cd9191000-7f0cd9a62000 rw-p 00000000 00:00 0 
7f0cd9a62000-7f0cd9a63000 ---p 00000000 00:00 0 
7f0cd9a63000-7f0cda616000 rw-p 00000000 00:00 0                          [stack:24484]
7f0cda616000-7f0cda617000 ---p 00000000 00:00 0 
7f0cda617000-7f0cda7f7000 rw-p 00000000 00:00 0                          [stack:24483]
7f0cda7f7000-7f0cdaad7000 ---p 00000000 00:00 0 
7f0cdaad7000-7f0cde2c7000 rwxp 00000000 00:00 0 
7f0cde2c7000-7f0ce9ad7000 ---p 00000000 00:00 0 
7f0ce9ad7000-7f0cf0000000 r--p 00000000 fd:00 16803011                   /usr/lib/locale/locale-archive
7f0cf0000000-7f0cf2c1e000 rw-p 00000000 00:00 0 
7f0cf2c1e000-7f0cf4000000 ---p 00000000 00:00 0 
7f0cf4000000-7f0cf4005000 r--s 00309000 fd:00 1230308                    /usr/lib/jvm/java-1.8.0-openjdk-1.8.0.144-0.b01.el7_4.x86_64/jre/lib/charsets.jar
7f0cf4005000-7f0cf4020000 r--s 001d6000 fd:00 33755071                   /usr/lib/jvm/java-1.8.0-openjdk-1.8.0.144-0.b01.el7_4.x86_64/jre/lib/ext/nashorn.jar
7f0cf4020000-7f0cf4029000 r--s 03d5b000 fd:00 18025282                   /var/lib/cas/cashub/main-banc-dispacher-0.0.1-SNAPSHOT-spring-boot.jar
7f0cf4029000-7f0cf402a000 ---p 00000000 00:00 0 
7f0cf402a000-7f0cf412a000 rw-p 00000000 00:00 0                          [stack:24482]
7f0cf412a000-7f0cf412b000 ---p 00000000 00:00 0 
7f0cf412b000-7f0cf422b000 rw-p 00000000 00:00 0                          [stack:24481]
7f0cf422b000-7f0cf422c000 ---p 00000000 00:00 0 
7f0cf422c000-7f0cf432c000 rw-p 00000000 00:00 0                          [stack:24480]
7f0cf432c000-7f0cf4334000 r-xp 00000000 fd:00 17350607                   /usr/lib/jvm/java-1.8.0-openjdk-1.8.0.144-0.b01.el7_4.x86_64/jre/lib/amd64/libzip.so
7f0cf4334000-7f0cf4533000 ---p 00008000 fd:00 17350607                   /usr/lib/jvm/java-1.8.0-openjdk-1.8.0.144-0.b01.el7_4.x86_64/jre/lib/amd64/libzip.so
7f0cf4533000-7f0cf4534000 r--p 00007000 fd:00 17350607                   /usr/lib/jvm/java-1.8.0-openjdk-1.8.0.144-0.b01.el7_4.x86_64/jre/lib/amd64/libzip.so
7f0cf4534000-7f0cf4535000 rw-p 00008000 fd:00 17350607                   /usr/lib/jvm/java-1.8.0-openjdk-1.8.0.144-0.b01.el7_4.x86_64/jre/lib/amd64/libzip.so
7f0cf4535000-7f0cf4541000 r-xp 00000000 fd:00 1236736                    /usr/lib64/libnss_files-2.17.so
7f0cf4541000-7f0cf4740000 ---p 0000c000 fd:00 1236736                    /usr/lib64/libnss_files-2.17.so
7f0cf4740000-7f0cf4741000 r--p 0000b000 fd:00 1236736                    /usr/lib64/libnss_files-2.17.so
7f0cf4741000-7f0cf4742000 rw-p 0000c000 fd:00 1236736                    /usr/lib64/libnss_files-2.17.so
7f0cf4742000-7f0cf4748000 rw-p 00000000 00:00 0 
7f0cf4748000-7f0cf474a000 r-xp 00000000 fd:00 17350601                   /usr/lib/jvm/java-1.8.0-openjdk-1.8.0.144-0.b01.el7_4.x86_64/jre/lib/amd64/libnpt.so
7f0cf474a000-7f0cf494a000 ---p 00002000 fd:00 17350601                   /usr/lib/jvm/java-1.8.0-openjdk-1.8.0.144-0.b01.el7_4.x86_64/jre/lib/amd64/libnpt.so
7f0cf494a000-7f0cf494b000 r--p 00002000 fd:00 17350601                   /usr/lib/jvm/java-1.8.0-openjdk-1.8.0.144-0.b01.el7_4.x86_64/jre/lib/amd64/libnpt.so
7f0cf494b000-7f0cf494c000 rw-p 00003000 fd:00 17350601                   /usr/lib/jvm/java-1.8.0-openjdk-1.8.0.144-0.b01.el7_4.x86_64/jre/lib/amd64/libnpt.so
7f0cf494c000-7f0cf4987000 r-xp 00000000 fd:00 17350592                   /usr/lib/jvm/java-1.8.0-openjdk-1.8.0.144-0.b01.el7_4.x86_64/jre/lib/amd64/libjdwp.so
7f0cf4987000-7f0cf4b87000 ---p 0003b000 fd:00 17350592                   /usr/lib/jvm/java-1.8.0-openjdk-1.8.0.144-0.b01.el7_4.x86_64/jre/lib/amd64/libjdwp.so
7f0cf4b87000-7f0cf4b88000 r--p 0003b000 fd:00 17350592                   /usr/lib/jvm/java-1.8.0-openjdk-1.8.0.144-0.b01.el7_4.x86_64/jre/lib/amd64/libjdwp.so
7f0cf4b88000-7f0cf4b89000 rw-p 0003c000 fd:00 17350592                   /usr/lib/jvm/java-1.8.0-openjdk-1.8.0.144-0.b01.el7_4.x86_64/jre/lib/amd64/libjdwp.so
7f0cf4b89000-7f0cf4bb6000 r-xp 00000000 fd:00 17350589                   /usr/lib/jvm/java-1.8.0-openjdk-1.8.0.144-0.b01.el7_4.x86_64/jre/lib/amd64/libjava.so
7f0cf4bb6000-7f0cf4db6000 ---p 0002d000 fd:00 17350589                   /usr/lib/jvm/java-1.8.0-openjdk-1.8.0.144-0.b01.el7_4.x86_64/jre/lib/amd64/libjava.so
7f0cf4db6000-7f0cf4db7000 r--p 0002d000 fd:00 17350589                   /usr/lib/jvm/java-1.8.0-openjdk-1.8.0.144-0.b01.el7_4.x86_64/jre/lib/amd64/libjava.so
7f0cf4db7000-7f0cf4db9000 rw-p 0002e000 fd:00 17350589                   /usr/lib/jvm/java-1.8.0-openjdk-1.8.0.144-0.b01.el7_4.x86_64/jre/lib/amd64/libjava.so
7f0cf4db9000-7f0cf4dc6000 r-xp 00000000 fd:00 17350606                   /usr/lib/jvm/java-1.8.0-openjdk-1.8.0.144-0.b01.el7_4.x86_64/jre/lib/amd64/libverify.so
7f0cf4dc6000-7f0cf4fc5000 ---p 0000d000 fd:00 17350606                   /usr/lib/jvm/java-1.8.0-openjdk-1.8.0.144-0.b01.el7_4.x86_64/jre/lib/amd64/libverify.so
7f0cf4fc5000-7f0cf4fc7000 r--p 0000c000 fd:00 17350606                   /usr/lib/jvm/java-1.8.0-openjdk-1.8.0.144-0.b01.el7_4.x86_64/jre/lib/amd64/libverify.so
7f0cf4fc7000-7f0cf4fc8000 rw-p 0000e000 fd:00 17350606                   /usr/lib/jvm/java-1.8.0-openjdk-1.8.0.144-0.b01.el7_4.x86_64/jre/lib/amd64/libverify.so
7f0cf4fc8000-7f0cf4fcf000 r-xp 00000000 fd:00 1236742                    /usr/lib64/librt-2.17.so
7f0cf4fcf000-7f0cf51ce000 ---p 00007000 fd:00 1236742                    /usr/lib64/librt-2.17.so
7f0cf51ce000-7f0cf51cf000 r--p 00006000 fd:00 1236742                    /usr/lib64/librt-2.17.so
7f0cf51cf000-7f0cf51d0000 rw-p 00007000 fd:00 1236742                    /usr/lib64/librt-2.17.so
7f0cf51d0000-7f0cf51e5000 r-xp 00000000 fd:00 480939                     /usr/lib64/libgcc_s-4.8.5-20150702.so.1
7f0cf51e5000-7f0cf53e4000 ---p 00015000 fd:00 480939                     /usr/lib64/libgcc_s-4.8.5-20150702.so.1
7f0cf53e4000-7f0cf53e5000 r--p 00014000 fd:00 480939                     /usr/lib64/libgcc_s-4.8.5-20150702.so.1
7f0cf53e5000-7f0cf53e6000 rw-p 00015000 fd:00 480939                     /usr/lib64/libgcc_s-4.8.5-20150702.so.1
7f0cf53e6000-7f0cf54e7000 r-xp 00000000 fd:00 1235373                    /usr/lib64/libm-2.17.so
7f0cf54e7000-7f0cf56e6000 ---p 00101000 fd:00 1235373                    /usr/lib64/libm-2.17.so
7f0cf56e6000-7f0cf56e7000 r--p 00100000 fd:00 1235373                    /usr/lib64/libm-2.17.so
7f0cf56e7000-7f0cf56e8000 rw-p 00101000 fd:00 1235373                    /usr/lib64/libm-2.17.so
7f0cf56e8000-7f0cf57d1000 r-xp 00000000 fd:00 219268                     /usr/lib64/libstdc++.so.6.0.19
7f0cf57d1000-7f0cf59d0000 ---p 000e9000 fd:00 219268                     /usr/lib64/libstdc++.so.6.0.19
7f0cf59d0000-7f0cf59d8000 r--p 000e8000 fd:00 219268                     /usr/lib64/libstdc++.so.6.0.19
7f0cf59d8000-7f0cf59da000 rw-p 000f0000 fd:00 219268                     /usr/lib64/libstdc++.so.6.0.19
7f0cf59da000-7f0cf59ef000 rw-p 00000000 00:00 0 
7f0cf59ef000-7f0cf66ac000 r-xp 00000000 fd:00 2603529                    /usr/lib/jvm/java-1.8.0-openjdk-1.8.0.144-0.b01.el7_4.x86_64/jre/lib/amd64/server/libjvm.so
7f0cf66ac000-7f0cf68ab000 ---p 00cbd000 fd:00 2603529                    /usr/lib/jvm/java-1.8.0-openjdk-1.8.0.144-0.b01.el7_4.x86_64/jre/lib/amd64/server/libjvm.so
7f0cf68ab000-7f0cf6956000 r--p 00cbc000 fd:00 2603529                    /usr/lib/jvm/java-1.8.0-openjdk-1.8.0.144-0.b01.el7_4.x86_64/jre/lib/amd64/server/libjvm.so
7f0cf6956000-7f0cf697f000 rw-p 00d67000 fd:00 2603529                    /usr/lib/jvm/java-1.8.0-openjdk-1.8.0.144-0.b01.el7_4.x86_64/jre/lib/amd64/server/libjvm.so
7f0cf697f000-7f0cf69b2000 rw-p 00000000 00:00 0 
7f0cf69b2000-7f0cf6b75000 r-xp 00000000 fd:00 59005                      /usr/lib64/libc-2.17.so
7f0cf6b75000-7f0cf6d74000 ---p 001c3000 fd:00 59005                      /usr/lib64/libc-2.17.so
7f0cf6d74000-7f0cf6d78000 r--p 001c2000 fd:00 59005                      /usr/lib64/libc-2.17.so
7f0cf6d78000-7f0cf6d7a000 rw-p 001c6000 fd:00 59005                      /usr/lib64/libc-2.17.so
7f0cf6d7a000-7f0cf6d7f000 rw-p 00000000 00:00 0 
7f0cf6d7f000-7f0cf6d81000 r-xp 00000000 fd:00 1235371                    /usr/lib64/libdl-2.17.so
7f0cf6d81000-7f0cf6f81000 ---p 00002000 fd:00 1235371                    /usr/lib64/libdl-2.17.so
7f0cf6f81000-7f0cf6f82000 r--p 00002000 fd:00 1235371                    /usr/lib64/libdl-2.17.so
7f0cf6f82000-7f0cf6f83000 rw-p 00003000 fd:00 1235371                    /usr/lib64/libdl-2.17.so
7f0cf6f83000-7f0cf6f91000 r-xp 00000000 fd:00 50583498                   /usr/lib/jvm/java-1.8.0-openjdk-1.8.0.144-0.b01.el7_4.x86_64/jre/lib/amd64/jli/libjli.so
7f0cf6f91000-7f0cf7190000 ---p 0000e000 fd:00 50583498                   /usr/lib/jvm/java-1.8.0-openjdk-1.8.0.144-0.b01.el7_4.x86_64/jre/lib/amd64/jli/libjli.so
7f0cf7190000-7f0cf7191000 r--p 0000d000 fd:00 50583498                   /usr/lib/jvm/java-1.8.0-openjdk-1.8.0.144-0.b01.el7_4.x86_64/jre/lib/amd64/jli/libjli.so
7f0cf7191000-7f0cf7192000 rw-p 0000e000 fd:00 50583498                   /usr/lib/jvm/java-1.8.0-openjdk-1.8.0.144-0.b01.el7_4.x86_64/jre/lib/amd64/jli/libjli.so
7f0cf7192000-7f0cf71a7000 r-xp 00000000 fd:00 81032                      /usr/lib64/libz.so.1.2.7
7f0cf71a7000-7f0cf73a6000 ---p 00015000 fd:00 81032                      /usr/lib64/libz.so.1.2.7
7f0cf73a6000-7f0cf73a7000 r--p 00014000 fd:00 81032                      /usr/lib64/libz.so.1.2.7
7f0cf73a7000-7f0cf73a8000 rw-p 00015000 fd:00 81032                      /usr/lib64/libz.so.1.2.7
7f0cf73a8000-7f0cf73bf000 r-xp 00000000 fd:00 59031                      /usr/lib64/libpthread-2.17.so
7f0cf73bf000-7f0cf75be000 ---p 00017000 fd:00 59031                      /usr/lib64/libpthread-2.17.so
7f0cf75be000-7f0cf75bf000 r--p 00016000 fd:00 59031                      /usr/lib64/libpthread-2.17.so
7f0cf75bf000-7f0cf75c0000 rw-p 00017000 fd:00 59031                      /usr/lib64/libpthread-2.17.so
7f0cf75c0000-7f0cf75c4000 rw-p 00000000 00:00 0 
7f0cf75c4000-7f0cf75e6000 r-xp 00000000 fd:00 735553                     /usr/lib64/ld-2.17.so
7f0cf75e6000-7f0cf75e8000 rw-p 00000000 00:00 0 
7f0cf75e8000-7f0cf75e9000 r--s 00007000 fd:00 33837245                   /usr/lib/jvm/java-1.8.0-openjdk-1.8.0.144-0.b01.el7_4.x86_64/jre/lib/ext/sunec.jar
7f0cf75e9000-7f0cf7616000 rw-p 00000000 00:00 0 
7f0cf7616000-7f0cf763f000 ---p 00000000 00:00 0 
7f0cf763f000-7f0cf7654000 rw-p 00000000 00:00 0 
7f0cf7654000-7f0cf7669000 ---p 00000000 00:00 0 
7f0cf7669000-7f0cf7697000 rw-p 00000000 00:00 0 
7f0cf7697000-7f0cf76bf000 ---p 00000000 00:00 0 
7f0cf76bf000-7f0cf76c0000 rw-p 00000000 00:00 0 
7f0cf76c0000-7f0cf76c4000 ---p 00000000 00:00 0 
7f0cf76c4000-7f0cf77c6000 rw-p 00000000 00:00 0                          [stack:24479]
7f0cf77c6000-7f0cf77c9000 r--s 00018000 fd:00 2603544                    /usr/lib/jvm/java-1.8.0-openjdk-1.8.0.144-0.b01.el7_4.x86_64/jre/lib/jce.jar
7f0cf77c9000-7f0cf77ce000 r--s 000b3000 fd:00 2603546                    /usr/lib/jvm/java-1.8.0-openjdk-1.8.0.144-0.b01.el7_4.x86_64/jre/lib/jsse.jar
7f0cf77ce000-7f0cf77da000 rw-p 00000000 00:00 0 
7f0cf77da000-7f0cf77e2000 rw-s 00000000 fd:00 40114933                   /tmp/hsperfdata_casadmin/24478
7f0cf77e2000-7f0cf77e3000 rw-p 00000000 00:00 0 
7f0cf77e3000-7f0cf77e4000 r--p 00000000 00:00 0 
7f0cf77e4000-7f0cf77e5000 rw-p 00000000 00:00 0 
7f0cf77e5000-7f0cf77e6000 r--p 00021000 fd:00 735553                     /usr/lib64/ld-2.17.so
7f0cf77e6000-7f0cf77e7000 rw-p 00022000 fd:00 735553                     /usr/lib64/ld-2.17.so
7f0cf77e7000-7f0cf77e8000 rw-p 00000000 00:00 0 
7fff76746000-7fff76767000 rw-p 00000000 00:00 0                          [stack]
7fff767e1000-7fff767e3000 r-xp 00000000 00:00 0                          [vdso]
ffffffffff600000-ffffffffff601000 r-xp 00000000 00:00 0                  [vsyscall]

VM Arguments:
jvm_args: -Djava.awt.headless=true -Xmx256m -XX:+UseConcMarkSweepGC -Djava.awt.headless=true -Xmx256m -XX:+UseConcMarkSweepGC -Dlogging.config=/etc/default/casconfig/cas-hub/log4j2.xml -Xdebug -Xrunjdwp:transport=dt_socket,address=12005,server=y,suspend=n -ea -Djava.net.preferIPv4Stack=true -Dcom.sun.management.jmxremote.authenticate=false -Dcom.sun.management.jmxremote.ssl=false -Dcom.sun.management.jmxremote=true -Dcom.sun.management.jmxremote.rmi.port=12007 -Dcom.sun.management.jmxremote.local.only=false -Djava.rmi.server.hostname=10.45.250.6 -Dcom.sun.management.jmxremote.port=12007 -Dcasmain.properties.filepath=file:/etc/default/casconfig/cas-gen/mq-base0.properties,file:/etc/default/casconfig/cas-gen/db-base0.properties,file:/etc/default/casconfig/cas-hub/hub-base0.properties -Dport=12004 -ea 
java_command: main-banc-dispacher-0.0.1-SNAPSHOT-spring-boot.jar
java_class_path (initial): main-banc-dispacher-0.0.1-SNAPSHOT-spring-boot.jar
Launcher Type: SUN_STANDARD

Environment Variables:
PATH=/usr/local/sbin:/usr/local/bin:/usr/sbin:/usr/bin
SHELL=/bin/bash

Signal Handlers:
SIGSEGV: [libjvm.so+0xaada50], sa_mask[0]=11111111011111111101111111111110, sa_flags=SA_RESTART|SA_SIGINFO
SIGBUS: [libjvm.so+0xaada50], sa_mask[0]=11111111011111111101111111111110, sa_flags=SA_RESTART|SA_SIGINFO
SIGFPE: [libjvm.so+0x8a8280], sa_mask[0]=11111111011111111101111111111110, sa_flags=SA_RESTART|SA_SIGINFO
SIGPIPE: SIG_IGN, sa_mask[0]=00000000000000000000000000000000, sa_flags=none
SIGXFSZ: [libjvm.so+0x8a8280], sa_mask[0]=11111111011111111101111111111110, sa_flags=SA_RESTART|SA_SIGINFO
SIGILL: [libjvm.so+0x8a8280], sa_mask[0]=11111111011111111101111111111110, sa_flags=SA_RESTART|SA_SIGINFO
SIGUSR1: SIG_DFL, sa_mask[0]=00000000000000000000000000000000, sa_flags=none
SIGUSR2: [libjvm.so+0x8a8130], sa_mask[0]=00000000000000000000000000000000, sa_flags=SA_RESTART|SA_SIGINFO
SIGHUP: [libjvm.so+0x8a8340], sa_mask[0]=11111111011111111101111111111110, sa_flags=SA_RESTART|SA_SIGINFO
SIGINT: [libjvm.so+0x8a8340], sa_mask[0]=11111111011111111101111111111110, sa_flags=SA_RESTART|SA_SIGINFO
SIGTERM: [libjvm.so+0x8a8340], sa_mask[0]=11111111011111111101111111111110, sa_flags=SA_RESTART|SA_SIGINFO
SIGQUIT: [libjvm.so+0x8a8340], sa_mask[0]=11111111011111111101111111111110, sa_flags=SA_RESTART|SA_SIGINFO


---------------  S Y S T E M  ---------------

OS:CentOS Linux release 7.3.1611 (Core) 

uname:Linux 3.10.0-514.el7.x86_64 #1 SMP Tue Nov 22 16:42:41 UTC 2016 x86_64
libc:glibc 2.17 NPTL 2.17 
rlimit: STACK 8192k, CORE 0k, NPROC 15012, NOFILE 4096, AS infinity
load average:0.01 0.05 0.05

/proc/meminfo:
MemTotal:        8068372 kB
MemFree:          691848 kB
MemAvailable:    4311572 kB
Buffers:               0 kB
Cached:          3494124 kB
SwapCached:       133404 kB
Active:          4852020 kB
Inactive:        1669248 kB
Active(anon):    2759680 kB
Inactive(anon):   446084 kB
Active(file):    2092340 kB
Inactive(file):  1223164 kB
Unevictable:           0 kB
Mlocked:               0 kB
SwapTotal:       2097148 kB
SwapFree:        1396396 kB
Dirty:               148 kB
Writeback:             0 kB
AnonPages:       2906180 kB
Mapped:           163552 kB
Shmem:            178656 kB
Slab:             558648 kB
SReclaimable:     385644 kB
SUnreclaim:       173004 kB
KernelStack:       13632 kB
PageTables:        36864 kB
NFS_Unstable:          0 kB
Bounce:                0 kB
WritebackTmp:          0 kB
CommitLimit:     6131332 kB
Committed_AS:    5687604 kB
VmallocTotal:   34359738367 kB
VmallocUsed:      171232 kB
VmallocChunk:   34359326716 kB
HardwareCorrupted:     0 kB
AnonHugePages:   2398208 kB
HugePages_Total:       0
HugePages_Free:        0
HugePages_Rsvd:        0
HugePages_Surp:        0
Hugepagesize:       2048 kB
DirectMap4k:      161664 kB
DirectMap2M:     4032512 kB
DirectMap1G:     6291456 kB


CPU:total 4 (initial active 4) (2 cores per cpu, 1 threads per core) family 6 model 79 stepping 1, cmov, cx8, fxsr, mmx, sse, sse2, sse3, ssse3, sse4.1, sse4.2, popcnt, avx, aes, clmul, erms, 3dnowpref, tsc, tscinvbit

/proc/cpuinfo:
processor	: 0
vendor_id	: GenuineIntel
cpu family	: 6
model		: 79
model name	: Intel(R) Xeon(R) CPU E5-2680 v4 @ 2.40GHz
stepping	: 1
microcode	: 0xb00002a
cpu MHz		: 2399.648
cache size	: 35840 KB
physical id	: 0
siblings	: 2
core id		: 0
cpu cores	: 2
apicid		: 0
initial apicid	: 0
fpu		: yes
fpu_exception	: yes
cpuid level	: 20
wp		: yes
flags		: fpu vme de pse tsc msr pae mce cx8 apic sep mtrr pge mca cmov pat pse36 clflush dts mmx fxsr sse sse2 ss ht syscall nx pdpe1gb rdtscp lm constant_tsc arch_perfmon pebs bts nopl xtopology tsc_reliable nonstop_tsc pni pclmulqdq ssse3 fma cx16 pcid sse4_1 sse4_2 x2apic movbe popcnt aes xsave avx f16c rdrand hypervisor lahf_lm 3dnowprefetch arat fsgsbase smep
bogomips	: 4799.99
clflush size	: 64
cache_alignment	: 64
address sizes	: 40 bits physical, 48 bits virtual
power management:

processor	: 1
vendor_id	: GenuineIntel
cpu family	: 6
model		: 79
model name	: Intel(R) Xeon(R) CPU E5-2680 v4 @ 2.40GHz
stepping	: 1
microcode	: 0xb00002a
cpu MHz		: 2399.648
cache size	: 35840 KB
physical id	: 0
siblings	: 2
core id		: 1
cpu cores	: 2
apicid		: 1
initial apicid	: 1
fpu		: yes
fpu_exception	: yes
cpuid level	: 20
wp		: yes
flags		: fpu vme de pse tsc msr pae mce cx8 apic sep mtrr pge mca cmov pat pse36 clflush dts mmx fxsr sse sse2 ss ht syscall nx pdpe1gb rdtscp lm constant_tsc arch_perfmon pebs bts nopl xtopology tsc_reliable nonstop_tsc pni pclmulqdq ssse3 fma cx16 pcid sse4_1 sse4_2 x2apic movbe popcnt aes xsave avx f16c rdrand hypervisor lahf_lm 3dnowprefetch arat fsgsbase smep
bogomips	: 4799.99
clflush size	: 64
cache_alignment	: 64
address sizes	: 40 bits physical, 48 bits virtual
power management:

processor	: 2
vendor_id	: GenuineIntel
cpu family	: 6
model		: 79
model name	: Intel(R) Xeon(R) CPU E5-2680 v4 @ 2.40GHz
stepping	: 1
microcode	: 0xb00002a
cpu MHz		: 2399.648
cache size	: 35840 KB
physical id	: 1
siblings	: 2
core id		: 0
cpu cores	: 2
apicid		: 2
initial apicid	: 2
fpu		: yes
fpu_exception	: yes
cpuid level	: 20
wp		: yes
flags		: fpu vme de pse tsc msr pae mce cx8 apic sep mtrr pge mca cmov pat pse36 clflush dts mmx fxsr sse sse2 ss ht syscall nx pdpe1gb rdtscp lm constant_tsc arch_perfmon pebs bts nopl xtopology tsc_reliable nonstop_tsc pni pclmulqdq ssse3 fma cx16 pcid sse4_1 sse4_2 x2apic movbe popcnt aes xsave avx f16c rdrand hypervisor lahf_lm 3dnowprefetch arat fsgsbase smep
bogomips	: 4799.99
clflush size	: 64
cache_alignment	: 64
address sizes	: 40 bits physical, 48 bits virtual
power management:

processor	: 3
vendor_id	: GenuineIntel
cpu family	: 6
model		: 79
model name	: Intel(R) Xeon(R) CPU E5-2680 v4 @ 2.40GHz
stepping	: 1
microcode	: 0xb00002a
cpu MHz		: 2399.648
cache size	: 35840 KB
physical id	: 1
siblings	: 2
core id		: 1
cpu cores	: 2
apicid		: 3
initial apicid	: 3
fpu		: yes
fpu_exception	: yes
cpuid level	: 20
wp		: yes
flags		: fpu vme de pse tsc msr pae mce cx8 apic sep mtrr pge mca cmov pat pse36 clflush dts mmx fxsr sse sse2 ss ht syscall nx pdpe1gb rdtscp lm constant_tsc arch_perfmon pebs bts nopl xtopology tsc_reliable nonstop_tsc pni pclmulqdq ssse3 fma cx16 pcid sse4_1 sse4_2 x2apic movbe popcnt aes xsave avx f16c rdrand hypervisor lahf_lm 3dnowprefetch arat fsgsbase smep
bogomips	: 4799.99
clflush size	: 64
cache_alignment	: 64
address sizes	: 40 bits physical, 48 bits virtual
power management:



Memory: 4k page, physical 8068372k(691848k free), swap 2097148k(1396396k free)

vm_info: OpenJDK 64-Bit Server VM (25.144-b01) for linux-amd64 JRE (1.8.0_144-b01), built on Sep  6 2017 14:53:02 by "mockbuild" with gcc 4.8.5 20150623 (Red Hat 4.8.5-16)

time: Tue Jan 15 13:26:12 2019
elapsed time: 15890 seconds (0d 4h 24m 50s)

