#
# A fatal error has been detected by the Java Runtime Environment:
#
#  SIGBUS (0x7) at pc=0x00007ff7a17fc2ed, pid=53895, tid=0x00007ff707bff700
#
# JRE version: OpenJDK Runtime Environment (8.0_144-b01) (build 1.8.0_144-b01)
# Java VM: OpenJDK 64-Bit Server VM (25.144-b01 mixed mode linux-amd64 compressed oops)
# Problematic frame:
# C  [libzip.so+0x52ed]
#
# Failed to write core dump. Core dumps have been disabled. To enable core dumping, try "ulimit -c unlimited" before starting Java again
#
# If you would like to submit a bug report, please visit:
#   http://bugreport.java.com/bugreport/crash.jsp
# The crash happened outside the Java Virtual Machine in native code.
# See problematic frame for where to report the bug.
#

---------------  T H R E A D  ---------------

Current thread (0x00007ff70843e800):  JavaThread "myScheduler-3" [_thread_in_native, id=54759, stack(0x00007ff707aff000,0x00007ff707c00000)]

siginfo: si_signo: 7 (SIGBUS), si_code: 2 (BUS_ADRERR), si_addr: 0x00007ff7a008aeba

Registers:
RAX=0x00007ff7340e2960, RBX=0x00007ff79c2ca700, RCX=0x00007ff7340e2950, RDX=0x00007ff7340e2960
RSP=0x00007ff707bfc800, RBP=0x00007ff707bfc860, RSI=0x00007ff734000038, RDI=0x00007ff7341399c0
R8 =0x0000000000000003, R9 =0x0000000000000048, R10=0x00007ff786e70098, R11=0x00007ff7a400a4a0
R12=0x00007ff79c2cb268, R13=0x00007ff7a008ae9d, R14=0x00007ff7340e2960, R15=0x00007ff79c2ca700
RIP=0x00007ff7a17fc2ed, EFLAGS=0x0000000000010202, CSGSFS=0x0000000000000033, ERR=0x0000000000000004
  TRAPNO=0x000000000000000e

Top of Stack: (sp=0x00007ff707bfc800)
0x00007ff707bfc800:   00007ff784450780 00007ff70843e800
0x00007ff707bfc810:   00007ff707bfce60 0000000086adc0da
0x00007ff707bfc820:   00007ff70843e800 00007ff7a37282be
0x00007ff707bfc830:   0000000000000016 00007ff79c2cb260
0x00007ff707bfc840:   000000000f9d8395 00007ff707bfc8e5
0x00007ff707bfc850:   00007ff738012260 00007ff79c2ca700
0x00007ff707bfc860:   00007ff707bfc8b0 00007ff7a17fd114
0x00007ff707bfc870:   00007ff707bfc8d0 0000001601abcb00
0x00007ff707bfc880:   00007ff707bfc8b0 0000000000000016
0x00007ff707bfc890:   00007ff70843ea58 00007ff707bfcd28
0x00007ff707bfc8a0:   00007ff707bfcd50 0000000000000001
0x00007ff707bfc8b0:   00007ff707bfcd10 00007ff7a17facfd
0x00007ff707bfc8c0:   00007ff707bfc8d0 00007ff79c2ca700
0x00007ff707bfc8d0:   464e492d4154454d 7473616d7365722f
0x00007ff707bfc8e0:   00006c6d782e7265 00007ff734014620
0x00007ff707bfc8f0:   ffffffffffffff70 0000000000000002
0x00007ff707bfc900:   0000000000000001 00007ff707bff670
0x00007ff707bfc910:   ffffffffffffff70 00007ff7a3f8d835
0x00007ff707bfc920:   00007ff707bfce90 0000000000000000
0x00007ff707bfc930:   0000000000000001 00007ff7a3f962c6
0x00007ff707bfc940:   00007ff707bff670 00007ff707bfce70
0x00007ff707bfc950:   000000f700000000 00007ff734139a04
0x00007ff707bfc960:   00007ff707bfce90 0000000000000400
0x00007ff707bfc970:   0000000207bfcba0 00007ff707bfca10
0x00007ff707bfc980:   00007ff707bfc9b0 00007ff707bfc9a0
0x00007ff707bfc990:   0000000000000000 00007ff734014620
0x00007ff707bfc9a0:   00007ff79c00b610 00007ff707bfd0d0
0x00007ff707bfc9b0:   00007ff7a1a03da0 00007ff7a395c33f
0x00007ff707bfc9c0:   00007ff734014620 0000000000000400
0x00007ff707bfc9d0:   00007ff707bfd070 00007ff707bfca10
0x00007ff707bfc9e0:   00007ff734139a04 00007ff707bfce70
0x00007ff707bfc9f0:   00007ff707bfce80 00007ff7a3f9fbb3 

Instructions: (pc=0x00007ff7a17fc2ed)
0x00007ff7a17fc2cd:   73 48 48 8b 7b 10 b9 a0 00 00 00 49 8b 14 24 e8
0x00007ff7a17fc2dd:   8f fe ff ff 49 89 c5 4d 85 ed 0f 84 e3 04 00 00
0x00007ff7a17fc2ed:   45 0f b6 55 1d 41 0f b6 45 1c 45 31 e4 41 0f b6
0x00007ff7a17fc2fd:   55 0d 41 0f b6 75 0e 45 0f b6 7d 1f 41 c1 e2 08 

Register to memory mapping:

RAX=0x00007ff7340e2960 is an unknown value
RBX=0x00007ff79c2ca700 is an unknown value
RCX=0x00007ff7340e2950 is an unknown value
RDX=0x00007ff7340e2960 is an unknown value
RSP=0x00007ff707bfc800 is pointing into the stack for thread: 0x00007ff70843e800
RBP=0x00007ff707bfc860 is pointing into the stack for thread: 0x00007ff70843e800
RSI=0x00007ff734000038 is an unknown value
RDI=0x00007ff7341399c0 is an unknown value
R8 =0x0000000000000003 is an unknown value
R9 =0x0000000000000048 is an unknown value
R10=0x00007ff786e70098 is at entry_point+88 in (nmethod*)0x00007ff786e6fed0
R11=0x00007ff7a400a4a0: <offset 0x18d4a0> in /lib64/libc.so.6 at 0x00007ff7a3e7d000
R12=0x00007ff79c2cb268 is an unknown value
R13=0x00007ff7a008ae9d is an unknown value
R14=0x00007ff7340e2960 is an unknown value
R15=0x00007ff79c2ca700 is an unknown value


Stack: [0x00007ff707aff000,0x00007ff707c00000],  sp=0x00007ff707bfc800,  free space=1014k
Native frames: (J=compiled Java code, j=interpreted, Vv=VM code, C=native code)
C  [libzip.so+0x52ed]
C  [libzip.so+0x6114]
C  [libzip.so+0x3cfd]  Java_java_util_zip_ZipFile_getEntry+0xfd
J 966  java.util.zip.ZipFile.getEntry(J[BZ)J (0 bytes) @ 0x00007ff786e7010e [0x00007ff786e70040+0xce]
J 4206 C2 sun.misc.URLClassPath.findResource(Ljava/lang/String;Z)Ljava/net/URL; (47 bytes) @ 0x00007ff7879fdb04 [0x00007ff7879fd480+0x684]
J 2571 C2 java.net.URLClassLoader$2.run()Ljava/lang/Object; (5 bytes) @ 0x00007ff786c20578 [0x00007ff786c20520+0x58]
v  ~StubRoutines::call_stub
V  [libjvm.so+0x66f77a]
V  [libjvm.so+0x6c0b3d]  JVM_DoPrivileged+0x55d
J 1106  java.security.AccessController.doPrivileged(Ljava/security/PrivilegedAction;Ljava/security/AccessControlContext;)Ljava/lang/Object; (0 bytes) @ 0x00007ff786ed2fd5 [0x00007ff786ed2f00+0xd5]
J 18300 C2 java.lang.ClassLoader.getResource(Ljava/lang/String;)Ljava/net/URL; (36 bytes) @ 0x00007ff78a147680 [0x00007ff78a1474c0+0x1c0]
J 5644 C1 java.net.URLClassLoader.getResourceAsStream(Ljava/lang/String;)Ljava/io/InputStream; (137 bytes) @ 0x00007ff787c38bdc [0x00007ff787c38ac0+0x11c]
J 2514 C1 org.springframework.core.io.ClassPathResource.getInputStream()Ljava/io/InputStream; (88 bytes) @ 0x00007ff786c46f5c [0x00007ff786c46400+0xb5c]
J 17847 C1 com.antruak.idm.batch.helper.ResourceDispatcher.readXml(Ljava/lang/Long;Ljava/lang/String;)Ljava/util/List; (532 bytes) @ 0x00007ff78a083884 [0x00007ff78a0834c0+0x3c4]
J 17448 C1 com.antruak.idm.batch.process.ResourceProcessorDb.createResources()V (234 bytes) @ 0x00007ff788383164 [0x00007ff788382140+0x1024]
J 14324 C1 com.antruak.idm.batch.process.ResourceProcessorDb$$FastClassBySpringCGLIB$$d17a90ac.invoke(ILjava/lang/Object;[Ljava/lang/Object;)Ljava/lang/Object; (157 bytes) @ 0x00007ff78950c14c [0x00007ff78950b900+0x84c]
J 19696 C2 org.springframework.cglib.proxy.MethodProxy.invoke(Ljava/lang/Object;[Ljava/lang/Object;)Ljava/lang/Object; (72 bytes) @ 0x00007ff78a673960 [0x00007ff78a6738e0+0x80]
J 15728 C2 org.springframework.aop.framework.ReflectiveMethodInvocation.proceed()Ljava/lang/Object; (107 bytes) @ 0x00007ff78891ae9c [0x00007ff78891adc0+0xdc]
J 13203 C1 org.springframework.transaction.interceptor.TransactionAspectSupport.invokeWithinTransaction(Ljava/lang/reflect/Method;Ljava/lang/Class;Lorg/springframework/transaction/interceptor/TransactionAspectSupport$InvocationCallback;)Ljava/lang/Object; (166 bytes) @ 0x00007ff78914d714 [0x00007ff78914d080+0x694]
J 13201 C1 org.springframework.transaction.interceptor.TransactionInterceptor.invoke(Lorg/aopalliance/intercept/MethodInvocation;)Ljava/lang/Object; (44 bytes) @ 0x00007ff786c00d9c [0x00007ff786c008c0+0x4dc]
J 19695 C2 org.springframework.aop.framework.CglibAopProxy$DynamicAdvisedInterceptor.intercept(Ljava/lang/Object;Ljava/lang/reflect/Method;[Ljava/lang/Object;Lorg/springframework/cglib/proxy/MethodProxy;)Ljava/lang/Object; (192 bytes) @ 0x00007ff78a67875c [0x00007ff78a678320+0x43c]
J 17515 C1 com.antruak.idm.batch.process.ResourceProcessorDb$$EnhancerBySpringCGLIB$$ed1d00a1.createResources()V (52 bytes) @ 0x00007ff788746cb4 [0x00007ff788746ae0+0x1d4]
J 18969 C1 com.antruak.banc.batch.tools.FrontEndBridgeImpl.scheduler()V (321 bytes) @ 0x00007ff7895cc6fc [0x00007ff7895ca240+0x24bc]
J 16704 C1 com.antruak.banc.batch.tools.FrontEndBridgeImpl$$FastClassBySpringCGLIB$$6c8c155.invoke(ILjava/lang/Object;[Ljava/lang/Object;)Ljava/lang/Object; (170 bytes) @ 0x00007ff7886a4514 [0x00007ff7886a36a0+0xe74]
J 19695 C2 org.springframework.aop.framework.CglibAopProxy$DynamicAdvisedInterceptor.intercept(Ljava/lang/Object;Ljava/lang/reflect/Method;[Ljava/lang/Object;Lorg/springframework/cglib/proxy/MethodProxy;)Ljava/lang/Object; (192 bytes) @ 0x00007ff78a6784a8 [0x00007ff78a678320+0x188]
J 19088 C1 com.antruak.banc.batch.tools.FrontEndBridgeImpl$$EnhancerBySpringCGLIB$$6912c43c.scheduler()V (52 bytes) @ 0x00007ff788dd69b4 [0x00007ff788dd67e0+0x1d4]
J 17840 C1 sun.reflect.GeneratedMethodAccessor147.invoke(Ljava/lang/Object;[Ljava/lang/Object;)Ljava/lang/Object; (62 bytes) @ 0x00007ff78a069ec4 [0x00007ff78a069c20+0x2a4]
J 8432 C2 java.lang.reflect.Method.invoke(Ljava/lang/Object;[Ljava/lang/Object;)Ljava/lang/Object; (62 bytes) @ 0x00007ff7881fe794 [0x00007ff7881fe6e0+0xb4]
J 17509 C1 org.springframework.scheduling.support.ScheduledMethodRunnable.run()V (48 bytes) @ 0x00007ff78924e414 [0x00007ff78924e260+0x1b4]
J 17508 C1 org.springframework.scheduling.support.DelegatingErrorHandlingRunnable.run()V (41 bytes) @ 0x00007ff7894898cc [0x00007ff7894897c0+0x10c]
J 13091 C1 java.util.concurrent.Executors$RunnableAdapter.call()Ljava/lang/Object; (14 bytes) @ 0x00007ff78865888c [0x00007ff788658780+0x10c]
J 13090 C1 java.util.concurrent.FutureTask.runAndReset()Z (128 bytes) @ 0x00007ff788bda12c [0x00007ff788bd9ec0+0x26c]
J 12359 C1 java.util.concurrent.ScheduledThreadPoolExecutor$ScheduledFutureTask.run()V (59 bytes) @ 0x00007ff788e24114 [0x00007ff788e23be0+0x534]
j  java.util.concurrent.ThreadPoolExecutor.runWorker(Ljava/util/concurrent/ThreadPoolExecutor$Worker;)V+95
j  java.util.concurrent.ThreadPoolExecutor$Worker.run()V+5
j  java.lang.Thread.run()V+11
v  ~StubRoutines::call_stub
V  [libjvm.so+0x66f77a]
V  [libjvm.so+0x66cc14]
V  [libjvm.so+0x66d229]
V  [libjvm.so+0x6b1f91]
V  [libjvm.so+0xa564b2]
V  [libjvm.so+0x8a9df2]
C  [libpthread.so.0+0x7e25]  start_thread+0xc5

Java frames: (J=compiled Java code, j=interpreted, Vv=VM code)
J 966  java.util.zip.ZipFile.getEntry(J[BZ)J (0 bytes) @ 0x00007ff786e70098 [0x00007ff786e70040+0x58]
J 4206 C2 sun.misc.URLClassPath.findResource(Ljava/lang/String;Z)Ljava/net/URL; (47 bytes) @ 0x00007ff7879fdb04 [0x00007ff7879fd480+0x684]
J 2571 C2 java.net.URLClassLoader$2.run()Ljava/lang/Object; (5 bytes) @ 0x00007ff786c20578 [0x00007ff786c20520+0x58]
v  ~StubRoutines::call_stub
J 1106  java.security.AccessController.doPrivileged(Ljava/security/PrivilegedAction;Ljava/security/AccessControlContext;)Ljava/lang/Object; (0 bytes) @ 0x00007ff786ed2f63 [0x00007ff786ed2f00+0x63]
J 18300 C2 java.lang.ClassLoader.getResource(Ljava/lang/String;)Ljava/net/URL; (36 bytes) @ 0x00007ff78a147680 [0x00007ff78a1474c0+0x1c0]
J 5644 C1 java.net.URLClassLoader.getResourceAsStream(Ljava/lang/String;)Ljava/io/InputStream; (137 bytes) @ 0x00007ff787c38bdc [0x00007ff787c38ac0+0x11c]
J 2514 C1 org.springframework.core.io.ClassPathResource.getInputStream()Ljava/io/InputStream; (88 bytes) @ 0x00007ff786c46f5c [0x00007ff786c46400+0xb5c]
J 17847 C1 com.antruak.idm.batch.helper.ResourceDispatcher.readXml(Ljava/lang/Long;Ljava/lang/String;)Ljava/util/List; (532 bytes) @ 0x00007ff78a083884 [0x00007ff78a0834c0+0x3c4]
J 17448 C1 com.antruak.idm.batch.process.ResourceProcessorDb.createResources()V (234 bytes) @ 0x00007ff788383164 [0x00007ff788382140+0x1024]
J 14324 C1 com.antruak.idm.batch.process.ResourceProcessorDb$$FastClassBySpringCGLIB$$d17a90ac.invoke(ILjava/lang/Object;[Ljava/lang/Object;)Ljava/lang/Object; (157 bytes) @ 0x00007ff78950c14c [0x00007ff78950b900+0x84c]
J 19696 C2 org.springframework.cglib.proxy.MethodProxy.invoke(Ljava/lang/Object;[Ljava/lang/Object;)Ljava/lang/Object; (72 bytes) @ 0x00007ff78a673960 [0x00007ff78a6738e0+0x80]
J 15728 C2 org.springframework.aop.framework.ReflectiveMethodInvocation.proceed()Ljava/lang/Object; (107 bytes) @ 0x00007ff78891ae9c [0x00007ff78891adc0+0xdc]
J 13203 C1 org.springframework.transaction.interceptor.TransactionAspectSupport.invokeWithinTransaction(Ljava/lang/reflect/Method;Ljava/lang/Class;Lorg/springframework/transaction/interceptor/TransactionAspectSupport$InvocationCallback;)Ljava/lang/Object; (166 bytes) @ 0x00007ff78914d714 [0x00007ff78914d080+0x694]
J 13201 C1 org.springframework.transaction.interceptor.TransactionInterceptor.invoke(Lorg/aopalliance/intercept/MethodInvocation;)Ljava/lang/Object; (44 bytes) @ 0x00007ff786c00d9c [0x00007ff786c008c0+0x4dc]
J 19695 C2 org.springframework.aop.framework.CglibAopProxy$DynamicAdvisedInterceptor.intercept(Ljava/lang/Object;Ljava/lang/reflect/Method;[Ljava/lang/Object;Lorg/springframework/cglib/proxy/MethodProxy;)Ljava/lang/Object; (192 bytes) @ 0x00007ff78a67875c [0x00007ff78a678320+0x43c]
J 17515 C1 com.antruak.idm.batch.process.ResourceProcessorDb$$EnhancerBySpringCGLIB$$ed1d00a1.createResources()V (52 bytes) @ 0x00007ff788746cb4 [0x00007ff788746ae0+0x1d4]
J 18969 C1 com.antruak.banc.batch.tools.FrontEndBridgeImpl.scheduler()V (321 bytes) @ 0x00007ff7895cc6fc [0x00007ff7895ca240+0x24bc]
J 16704 C1 com.antruak.banc.batch.tools.FrontEndBridgeImpl$$FastClassBySpringCGLIB$$6c8c155.invoke(ILjava/lang/Object;[Ljava/lang/Object;)Ljava/lang/Object; (170 bytes) @ 0x00007ff7886a4514 [0x00007ff7886a36a0+0xe74]
J 19695 C2 org.springframework.aop.framework.CglibAopProxy$DynamicAdvisedInterceptor.intercept(Ljava/lang/Object;Ljava/lang/reflect/Method;[Ljava/lang/Object;Lorg/springframework/cglib/proxy/MethodProxy;)Ljava/lang/Object; (192 bytes) @ 0x00007ff78a6784a8 [0x00007ff78a678320+0x188]
J 19088 C1 com.antruak.banc.batch.tools.FrontEndBridgeImpl$$EnhancerBySpringCGLIB$$6912c43c.scheduler()V (52 bytes) @ 0x00007ff788dd69b4 [0x00007ff788dd67e0+0x1d4]
J 17840 C1 sun.reflect.GeneratedMethodAccessor147.invoke(Ljava/lang/Object;[Ljava/lang/Object;)Ljava/lang/Object; (62 bytes) @ 0x00007ff78a069ec4 [0x00007ff78a069c20+0x2a4]
J 8432 C2 java.lang.reflect.Method.invoke(Ljava/lang/Object;[Ljava/lang/Object;)Ljava/lang/Object; (62 bytes) @ 0x00007ff7881fe794 [0x00007ff7881fe6e0+0xb4]
J 17509 C1 org.springframework.scheduling.support.ScheduledMethodRunnable.run()V (48 bytes) @ 0x00007ff78924e414 [0x00007ff78924e260+0x1b4]
J 17508 C1 org.springframework.scheduling.support.DelegatingErrorHandlingRunnable.run()V (41 bytes) @ 0x00007ff7894898cc [0x00007ff7894897c0+0x10c]
J 13091 C1 java.util.concurrent.Executors$RunnableAdapter.call()Ljava/lang/Object; (14 bytes) @ 0x00007ff78865888c [0x00007ff788658780+0x10c]
J 13090 C1 java.util.concurrent.FutureTask.runAndReset()Z (128 bytes) @ 0x00007ff788bda12c [0x00007ff788bd9ec0+0x26c]
J 12359 C1 java.util.concurrent.ScheduledThreadPoolExecutor$ScheduledFutureTask.run()V (59 bytes) @ 0x00007ff788e24114 [0x00007ff788e23be0+0x534]
j  java.util.concurrent.ThreadPoolExecutor.runWorker(Ljava/util/concurrent/ThreadPoolExecutor$Worker;)V+95
j  java.util.concurrent.ThreadPoolExecutor$Worker.run()V+5
j  java.lang.Thread.run()V+11
v  ~StubRoutines::call_stub

---------------  P R O C E S S  ---------------

Java Threads: ( => current thread )
  0x00007ff74001f000 JavaThread "http-nio-12004-exec-31" daemon [_thread_blocked, id=52868, stack(0x00007ff728b67000,0x00007ff728c68000)]
  0x00007ff734139000 JavaThread "http-nio-12004-exec-30" daemon [_thread_blocked, id=52857, stack(0x00007ff728460000,0x00007ff728561000)]
  0x00007ff738088000 JavaThread "http-nio-12004-exec-29" daemon [_thread_blocked, id=52855, stack(0x00007ff728d69000,0x00007ff728e6a000)]
  0x00007ff72c029000 JavaThread "http-nio-12004-exec-28" daemon [_thread_blocked, id=52852, stack(0x00007ff728561000,0x00007ff728662000)]
  0x00007ff7302ce800 JavaThread "http-nio-12004-exec-27" daemon [_thread_blocked, id=52824, stack(0x00007ff728864000,0x00007ff728965000)]
  0x00007ff724b8d800 JavaThread "http-nio-12004-exec-26" daemon [_thread_blocked, id=52688, stack(0x00007ff728662000,0x00007ff728763000)]
  0x00007ff720129800 JavaThread "http-nio-12004-exec-25" daemon [_thread_blocked, id=52679, stack(0x00007ff728a66000,0x00007ff728b67000)]
  0x00007ff718038000 JavaThread "http-nio-12004-exec-24" daemon [_thread_blocked, id=52666, stack(0x00007ff728c68000,0x00007ff728d69000)]
  0x00007ff724df6800 JavaThread "http-nio-12004-exec-23" daemon [_thread_blocked, id=52659, stack(0x00007ff728965000,0x00007ff728a66000)]
  0x00007ff71c45d800 JavaThread "http-nio-12004-exec-22" daemon [_thread_blocked, id=52658, stack(0x00007ff706af5000,0x00007ff706bf6000)]
  0x00007ff70823b000 JavaThread "ActiveMQ InactivityMonitor Worker" daemon [_thread_blocked, id=47299, stack(0x00007ff7077fc000,0x00007ff7078fd000)]
  0x00007ff71c031000 JavaThread "Thread-30" daemon [_thread_in_native, id=43245, stack(0x00007ff765db6000,0x00007ff765eb7000)]
  0x00007ff72c032000 JavaThread "Thread-19" daemon [_thread_in_native, id=14649, stack(0x00007ff706ef7000,0x00007ff706ff8000)]
  0x00007ff76c009000 JavaThread "myExecutor-5" [_thread_blocked, id=62526, stack(0x00007ff706bf6000,0x00007ff706cf7000)]
  0x00007ff71002e800 JavaThread "myExecutor-4" [_thread_blocked, id=58214, stack(0x00007ff706ff8000,0x00007ff7070f9000)]
  0x00007ff710036800 JavaThread "myExecutor-3" [_thread_blocked, id=58213, stack(0x00007ff7660b7000,0x00007ff7661b8000)]
  0x00007ff78007c800 JavaThread "myExecutor-2" [_thread_blocked, id=57428, stack(0x00007ff7071fa000,0x00007ff7072fb000)]
  0x00007ff78007d000 JavaThread "myExecutor-1" [_thread_blocked, id=57427, stack(0x00007ff7072fb000,0x00007ff7073fc000)]
  0x00007ff7081f6800 JavaThread "myScheduler-5" [_thread_blocked, id=54976, stack(0x00007ff7078fd000,0x00007ff7079fe000)]
  0x00007ff738002000 JavaThread "myScheduler-4" [_thread_blocked, id=54842, stack(0x00007ff7079fe000,0x00007ff707aff000)]
=>0x00007ff70843e800 JavaThread "myScheduler-3" [_thread_in_native, id=54759, stack(0x00007ff707aff000,0x00007ff707c00000)]
  0x00007ff708192000 JavaThread "myScheduler-2" [_thread_blocked, id=54713, stack(0x00007ff729c70000,0x00007ff729d71000)]
  0x00007ff79c00c800 JavaThread "DestroyJavaVM" [_thread_blocked, id=53897, stack(0x00007ff7a4b8c000,0x00007ff7a4c8c000)]
  0x00007ff79cadb800 JavaThread "http-nio-12004-AsyncTimeout" daemon [_thread_blocked, id=53964, stack(0x00007ff72805c000,0x00007ff72815d000)]
  0x00007ff79df79000 JavaThread "http-nio-12004-Acceptor-0" daemon [_thread_in_native, id=53963, stack(0x00007ff72815d000,0x00007ff72825e000)]
  0x00007ff79c867000 JavaThread "http-nio-12004-ClientPoller-1" daemon [_thread_in_native, id=53962, stack(0x00007ff72825e000,0x00007ff72835f000)]
  0x00007ff79cdda000 JavaThread "http-nio-12004-ClientPoller-0" daemon [_thread_in_native, id=53961, stack(0x00007ff72835f000,0x00007ff728460000)]
  0x00007ff79c9c5800 JavaThread "NioBlockingSelector.BlockPoller-1" daemon [_thread_in_native, id=53950, stack(0x00007ff728e6a000,0x00007ff728f6b000)]
  0x00007ff79d74d000 JavaThread "metrics-graphite-reporter-1-thread-1" daemon [_thread_blocked, id=53948, stack(0x00007ff728f6b000,0x00007ff72906c000)]
  0x00007ff79db4e000 JavaThread "myScheduler-1" [_thread_blocked, id=53940, stack(0x00007ff72906c000,0x00007ff72916d000)]
  0x00007ff79dac8800 JavaThread "CoreHeartBeat" [_thread_blocked, id=53939, stack(0x00007ff72956d000,0x00007ff72966e000)]
  0x00007ff79e777000 JavaThread "Thread-5" [_thread_in_native, id=53937, stack(0x00007ff72966e000,0x00007ff72976f000)]
  0x00007ff79d7fd800 JavaThread "Thread-4" [_thread_blocked, id=53936, stack(0x00007ff729b6f000,0x00007ff729c70000)]
  0x00007ff710010800 JavaThread "ActiveMQ InactivityMonitor WriteCheckTimer" daemon [_thread_blocked, id=53934, stack(0x00007ff729d71000,0x00007ff729e72000)]
  0x00007ff71000f800 JavaThread "ActiveMQ InactivityMonitor ReadCheckTimer" daemon [_thread_blocked, id=53933, stack(0x00007ff729e72000,0x00007ff729f73000)]
  0x00007ff79dac9800 JavaThread "ActiveMQ Transport: tcp:///10.45.40.2:12002@52194" [_thread_in_native, id=53930, stack(0x00007ff729f73000,0x00007ff72a074000)]
  0x00007ff79c330000 JavaThread "MySQL Statement Cancellation Timer" daemon [_thread_blocked, id=53929, stack(0x00007ff72ae74000,0x00007ff72af75000)]
  0x00007ff79ddd8000 JavaThread "container-0" [_thread_blocked, id=53928, stack(0x00007ff72b375000,0x00007ff72b476000)]
  0x00007ff79d753800 JavaThread "ContainerBackgroundProcessor[StandardEngine[Tomcat]]" daemon [_thread_blocked, id=53927, stack(0x00007ff72b476000,0x00007ff72b577000)]
  0x00007ff79d060000 JavaThread "Log4j2-Log4j2Scheduled-1" daemon [_thread_blocked, id=53922, stack(0x00007ff7665ba000,0x00007ff7666bb000)]
  0x00007ff79c392000 JavaThread "RMI TCP Accept-0" daemon [_thread_in_native, id=53920, stack(0x00007ff766dbc000,0x00007ff766ebd000)]
  0x00007ff79c369800 JavaThread "RMI TCP Accept-12007" daemon [_thread_in_native, id=53919, stack(0x00007ff766ebd000,0x00007ff766fbe000)]
  0x00007ff79c192000 JavaThread "Service Thread" daemon [_thread_blocked, id=53918, stack(0x00007ff7675f3000,0x00007ff7676f4000)]
  0x00007ff79c184800 JavaThread "C1 CompilerThread2" daemon [_thread_blocked, id=53917, stack(0x00007ff7676f5000,0x00007ff7677f5000)]
  0x00007ff79c182800 JavaThread "C2 CompilerThread1" daemon [_thread_blocked, id=53916, stack(0x00007ff7677f6000,0x00007ff7678f6000)]
  0x00007ff79c180000 JavaThread "C2 CompilerThread0" daemon [_thread_blocked, id=53915, stack(0x00007ff7678f7000,0x00007ff7679f7000)]
  0x00007ff79c17e000 JavaThread "JDWP Event Helper Thread" daemon [_thread_blocked, id=53914, stack(0x00007ff7679f7000,0x00007ff767af8000)]
  0x00007ff79c17a000 JavaThread "JDWP Transport Listener: dt_socket" daemon [_thread_in_native, id=53913, stack(0x00007ff767af8000,0x00007ff767bf9000)]
  0x00007ff79c163000 JavaThread "Signal Dispatcher" daemon [_thread_blocked, id=53912, stack(0x00007ff767dfe000,0x00007ff767eff000)]
  0x00007ff79c161000 JavaThread "Surrogate Locker Thread (Concurrent GC)" daemon [_thread_blocked, id=53911, stack(0x00007ff767eff000,0x00007ff768000000)]
  0x00007ff79c138000 JavaThread "Finalizer" daemon [_thread_blocked, id=53910, stack(0x00007ff7840d5000,0x00007ff7841d6000)]
  0x00007ff79c133800 JavaThread "Reference Handler" daemon [_thread_blocked, id=53909, stack(0x00007ff7841d6000,0x00007ff7842d7000)]

Other Threads:
  0x00007ff79c129800 VMThread [stack: 0x00007ff7a0091000,0x00007ff7a0191000] [id=53908]
  0x00007ff79c394800 WatcherThread [stack: 0x00007ff766cbc000,0x00007ff766dbc000] [id=53921]

VM state:not at safepoint (normal execution)

VM Mutex/Monitor currently owned by a thread: None

Heap:
 par new generation   total 38080K, used 16142K [0x00000000f0000000, 0x00000000f2950000, 0x00000000f5550000)
  eden space 33856K,  35% used [0x00000000f0000000, 0x00000000f0ba3af8, 0x00000000f2110000)
  from space 4224K, 100% used [0x00000000f2530000, 0x00000000f2950000, 0x00000000f2950000)
  to   space 4224K,   0% used [0x00000000f2110000, 0x00000000f2110000, 0x00000000f2530000)
 concurrent mark-sweep generation total 84672K, used 66947K [0x00000000f5550000, 0x00000000fa800000, 0x0000000100000000)
 Metaspace       used 88205K, capacity 89520K, committed 90084K, reserved 1128448K
  class space    used 9829K, capacity 10108K, committed 10260K, reserved 1048576K

Card table byte_map: [0x00007ff7a4b0a000,0x00007ff7a4b8b000] byte_map_base: 0x00007ff7a438a000

Marking Bits: (CMSBitMap*) 0x00007ff79c064b18
 Bits: [0x00007ff7a0984000, 0x00007ff7a0c2ec00)

Mod Union Table: (CMSBitMap*) 0x00007ff79c064bd8
 Bits: [0x00007ff7a4c9a000, 0x00007ff7a4ca4ab0)

Polling page: 0x00007ff7a4cae000

CodeCache: size=245760Kb used=64196Kb max_used=64270Kb free=181563Kb
 bounds [0x00007ff786ad7000, 0x00007ff78aa37000, 0x00007ff795ad7000]
 total_blobs=16494 nmethods=15833 adapters=581
 compilation: enabled

Compilation events (10 events):
Event: 23864.172 Thread 0x00007ff79c184800 20472       3       java.util.concurrent.ThreadPoolExecutor$Worker::run (9 bytes)
Event: 23864.172 Thread 0x00007ff79c184800 nmethod 20472 0x00007ff788c42950 code [0x00007ff788c42ac0, 0x00007ff788c42ce8]
Event: 23904.521 Thread 0x00007ff79c184800 20473       3       java.io.PrintWriter::ensureOpen (18 bytes)
Event: 23904.522 Thread 0x00007ff79c184800 nmethod 20473 0x00007ff787a67050 code [0x00007ff787a671e0, 0x00007ff787a67448]
Event: 23918.464 Thread 0x00007ff79c184800 20474       3       org.hibernate.engine.spi.ActionQueue::clearFromFlushNeededCheck (91 bytes)
Event: 23918.464 Thread 0x00007ff79c184800 nmethod 20474 0x00007ff789096b90 code [0x00007ff789096da0, 0x00007ff789097868]
Event: 23918.465 Thread 0x00007ff79c184800 20475       3       org.joda.time.field.PreciseDurationField::add (16 bytes)
Event: 23918.466 Thread 0x00007ff79c184800 nmethod 20475 0x00007ff7891baad0 code [0x00007ff7891bac40, 0x00007ff7891bade8]
Event: 23918.467 Thread 0x00007ff79c184800 20476       3       org.joda.time.field.FieldUtils::safeAdd (61 bytes)
Event: 23918.467 Thread 0x00007ff79c184800 nmethod 20476 0x00007ff7890299d0 code [0x00007ff789029be0, 0x00007ff78902a698]

GC Heap History (10 events):
Event: 23418.034 GC heap before
{Heap before GC invocations=548 (full 4):
 par new generation   total 38080K, used 36427K [0x00000000f0000000, 0x00000000f2950000, 0x00000000f5550000)
  eden space 33856K, 100% used [0x00000000f0000000, 0x00000000f2110000, 0x00000000f2110000)
  from space 4224K,  60% used [0x00000000f2110000, 0x00000000f2392c48, 0x00000000f2530000)
  to   space 4224K,   0% used [0x00000000f2530000, 0x00000000f2530000, 0x00000000f2950000)
 concurrent mark-sweep generation total 84672K, used 65300K [0x00000000f5550000, 0x00000000fa800000, 0x0000000100000000)
 Metaspace       used 88182K, capacity 89520K, committed 90084K, reserved 1128448K
  class space    used 9828K, capacity 10108K, committed 10260K, reserved 1048576K
Event: 23418.039 GC heap after
Heap after GC invocations=549 (full 4):
 par new generation   total 38080K, used 2311K [0x00000000f0000000, 0x00000000f2950000, 0x00000000f5550000)
  eden space 33856K,   0% used [0x00000000f0000000, 0x00000000f0000000, 0x00000000f2110000)
  from space 4224K,  54% used [0x00000000f2530000, 0x00000000f2771d98, 0x00000000f2950000)
  to   space 4224K,   0% used [0x00000000f2110000, 0x00000000f2110000, 0x00000000f2530000)
 concurrent mark-sweep generation total 84672K, used 65301K [0x00000000f5550000, 0x00000000fa800000, 0x0000000100000000)
 Metaspace       used 88182K, capacity 89520K, committed 90084K, reserved 1128448K
  class space    used 9828K, capacity 10108K, committed 10260K, reserved 1048576K
}
Event: 23509.319 GC heap before
{Heap before GC invocations=549 (full 4):
 par new generation   total 38080K, used 36167K [0x00000000f0000000, 0x00000000f2950000, 0x00000000f5550000)
  eden space 33856K, 100% used [0x00000000f0000000, 0x00000000f2110000, 0x00000000f2110000)
  from space 4224K,  54% used [0x00000000f2530000, 0x00000000f2771d98, 0x00000000f2950000)
  to   space 4224K,   0% used [0x00000000f2110000, 0x00000000f2110000, 0x00000000f2530000)
 concurrent mark-sweep generation total 84672K, used 65301K [0x00000000f5550000, 0x00000000fa800000, 0x0000000100000000)
 Metaspace       used 88182K, capacity 89520K, committed 90084K, reserved 1128448K
  class space    used 9828K, capacity 10108K, committed 10260K, reserved 1048576K
Event: 23509.327 GC heap after
Heap after GC invocations=550 (full 4):
 par new generation   total 38080K, used 3867K [0x00000000f0000000, 0x00000000f2950000, 0x00000000f5550000)
  eden space 33856K,   0% used [0x00000000f0000000, 0x00000000f0000000, 0x00000000f2110000)
  from space 4224K,  91% used [0x00000000f2110000, 0x00000000f24d6f68, 0x00000000f2530000)
  to   space 4224K,   0% used [0x00000000f2530000, 0x00000000f2530000, 0x00000000f2950000)
 concurrent mark-sweep generation total 84672K, used 65416K [0x00000000f5550000, 0x00000000fa800000, 0x0000000100000000)
 Metaspace       used 88182K, capacity 89520K, committed 90084K, reserved 1128448K
  class space    used 9828K, capacity 10108K, committed 10260K, reserved 1048576K
}
Event: 23584.802 GC heap before
{Heap before GC invocations=550 (full 4):
 par new generation   total 38080K, used 37723K [0x00000000f0000000, 0x00000000f2950000, 0x00000000f5550000)
  eden space 33856K, 100% used [0x00000000f0000000, 0x00000000f2110000, 0x00000000f2110000)
  from space 4224K,  91% used [0x00000000f2110000, 0x00000000f24d6f68, 0x00000000f2530000)
  to   space 4224K,   0% used [0x00000000f2530000, 0x00000000f2530000, 0x00000000f2950000)
 concurrent mark-sweep generation total 84672K, used 65416K [0x00000000f5550000, 0x00000000fa800000, 0x0000000100000000)
 Metaspace       used 88196K, capacity 89520K, committed 90084K, reserved 1128448K
  class space    used 9828K, capacity 10108K, committed 10260K, reserved 1048576K
Event: 23584.812 GC heap after
Heap after GC invocations=551 (full 4):
 par new generation   total 38080K, used 4019K [0x00000000f0000000, 0x00000000f2950000, 0x00000000f5550000)
  eden space 33856K,   0% used [0x00000000f0000000, 0x00000000f0000000, 0x00000000f2110000)
  from space 4224K,  95% used [0x00000000f2530000, 0x00000000f291cd70, 0x00000000f2950000)
  to   space 4224K,   0% used [0x00000000f2110000, 0x00000000f2110000, 0x00000000f2530000)
 concurrent mark-sweep generation total 84672K, used 65451K [0x00000000f5550000, 0x00000000fa800000, 0x0000000100000000)
 Metaspace       used 88196K, capacity 89520K, committed 90084K, reserved 1128448K
  class space    used 9828K, capacity 10108K, committed 10260K, reserved 1048576K
}
Event: 23697.916 GC heap before
{Heap before GC invocations=551 (full 4):
 par new generation   total 38080K, used 37875K [0x00000000f0000000, 0x00000000f2950000, 0x00000000f5550000)
  eden space 33856K, 100% used [0x00000000f0000000, 0x00000000f2110000, 0x00000000f2110000)
  from space 4224K,  95% used [0x00000000f2530000, 0x00000000f291cd70, 0x00000000f2950000)
  to   space 4224K,   0% used [0x00000000f2110000, 0x00000000f2110000, 0x00000000f2530000)
 concurrent mark-sweep generation total 84672K, used 65451K [0x00000000f5550000, 0x00000000fa800000, 0x0000000100000000)
 Metaspace       used 88196K, capacity 89520K, committed 90084K, reserved 1128448K
  class space    used 9828K, capacity 10108K, committed 10260K, reserved 1048576K
Event: 23697.924 GC heap after
Heap after GC invocations=552 (full 4):
 par new generation   total 38080K, used 3802K [0x00000000f0000000, 0x00000000f2950000, 0x00000000f5550000)
  eden space 33856K,   0% used [0x00000000f0000000, 0x00000000f0000000, 0x00000000f2110000)
  from space 4224K,  90% used [0x00000000f2110000, 0x00000000f24c68e0, 0x00000000f2530000)
  to   space 4224K,   0% used [0x00000000f2530000, 0x00000000f2530000, 0x00000000f2950000)
 concurrent mark-sweep generation total 84672K, used 65572K [0x00000000f5550000, 0x00000000fa800000, 0x0000000100000000)
 Metaspace       used 88196K, capacity 89520K, committed 90084K, reserved 1128448K
  class space    used 9828K, capacity 10108K, committed 10260K, reserved 1048576K
}
Event: 23884.145 GC heap before
{Heap before GC invocations=552 (full 4):
 par new generation   total 38080K, used 37658K [0x00000000f0000000, 0x00000000f2950000, 0x00000000f5550000)
  eden space 33856K, 100% used [0x00000000f0000000, 0x00000000f2110000, 0x00000000f2110000)
  from space 4224K,  90% used [0x00000000f2110000, 0x00000000f24c68e0, 0x00000000f2530000)
  to   space 4224K,   0% used [0x00000000f2530000, 0x00000000f2530000, 0x00000000f2950000)
 concurrent mark-sweep generation total 84672K, used 65572K [0x00000000f5550000, 0x00000000fa800000, 0x0000000100000000)
 Metaspace       used 88201K, capacity 89520K, committed 90084K, reserved 1128448K
  class space    used 9828K, capacity 10108K, committed 10260K, reserved 1048576K
Event: 23884.164 GC heap after
Heap after GC invocations=553 (full 4):
 par new generation   total 38080K, used 4224K [0x00000000f0000000, 0x00000000f2950000, 0x00000000f5550000)
  eden space 33856K,   0% used [0x00000000f0000000, 0x00000000f0000000, 0x00000000f2110000)
  from space 4224K, 100% used [0x00000000f2530000, 0x00000000f2950000, 0x00000000f2950000)
  to   space 4224K,   0% used [0x00000000f2110000, 0x00000000f2110000, 0x00000000f2530000)
 concurrent mark-sweep generation total 84672K, used 66947K [0x00000000f5550000, 0x00000000fa800000, 0x0000000100000000)
 Metaspace       used 88201K, capacity 89520K, committed 90084K, reserved 1128448K
  class space    used 9828K, capacity 10108K, committed 10260K, reserved 1048576K
}

Deoptimization events (10 events):
Event: 21335.200 Thread 0x00007ff79db4e000 Uncommon trap: reason=null_assert action=make_not_entrant pc=0x00007ff78a450e24 method=org.hibernate.engine.spi.ActionQueue.afterTransactionCompletion(Z)V @ 11
Event: 22914.795 Thread 0x00007ff79d74d000 Uncommon trap: reason=unstable_if action=reinterpret pc=0x00007ff78a28e690 method=sun.misc.FloatingDecimal$BinaryToASCIIBuffer.estimateDecExp(JI)I @ 117
Event: 22914.795 Thread 0x00007ff79d74d000 Uncommon trap: reason=unstable_if action=reinterpret pc=0x00007ff7892c0440 method=sun.misc.FormattedFloatingDecimal.applyPrecision(I[CII)I @ 12
Event: 22914.795 Thread 0x00007ff79d74d000 Uncommon trap: reason=unstable_if action=reinterpret pc=0x00007ff789359ca8 method=sun.misc.FormattedFloatingDecimal.fillDecimal(I[CIIZ)V @ 188
Event: 23702.117 Thread 0x00007ff79c3ec000 Uncommon trap: reason=unstable_if action=reinterpret pc=0x00007ff7887fb10c method=org.springframework.boot.loader.jar.Bytes.fill(Ljava/io/InputStream;[BII)Z @ 16
Event: 23702.119 Thread 0x00007ff79c3ec000 Uncommon trap: reason=unstable_if action=reinterpret pc=0x00007ff786f6e2f0 method=org.springframework.boot.loader.jar.Bytes.fill(Ljava/io/InputStream;[BII)Z @ 16
Event: 23702.124 Thread 0x00007ff79c3ec000 Uncommon trap: reason=unstable_if action=reinterpret pc=0x00007ff788ab7694 method=org.apache.logging.log4j.core.pattern.ThrowablePatternConverter.format(Lorg/apache/logging/log4j/core/LogEvent;Ljava/lang/StringBuilder;)V @ 24
Event: 23702.124 Thread 0x00007ff79c3ec000 Uncommon trap: reason=unstable_if action=reinterpret pc=0x00007ff7885e8690 method=org.apache.logging.log4j.core.impl.Log4jLogEvent.getThrownProxy()Lorg/apache/logging/log4j/core/impl/ThrowableProxy; @ 11
Event: 23919.294 Thread 0x00007ff70843e800 Uncommon trap: reason=unstable_if action=reinterpret pc=0x00007ff789675e40 method=org.apache.velocity.runtime.parser.VelocityCharStream.backup(I)V @ 21
Event: 23919.318 Thread 0x00007ff70843e800 Uncommon trap: reason=unstable_if action=reinterpret pc=0x00007ff788f890cc method=sun.nio.cs.StreamEncoder.write([CII)V @ 49

Internal exceptions (10 events):
Event: 23917.671 Thread 0x00007ff70843e800 Exception <a 'java/lang/NullPointerException'> (0x00000000f076d4e0) thrown at [/builddir/build/BUILD/java-1.8.0-openjdk-1.8.0.144-0.b01.el7_4.x86_64/openjdk/hotspot/src/share/vm/runtime/sharedRuntime.cpp, line 619]
Event: 23917.725 Thread 0x00007ff70843e800 Implicit null exception at 0x00007ff789f09f34 to 0x00007ff789f0a664
Event: 23917.725 Thread 0x00007ff70843e800 Exception <a 'java/lang/NullPointerException'> (0x00000000f07a0110) thrown at [/builddir/build/BUILD/java-1.8.0-openjdk-1.8.0.144-0.b01.el7_4.x86_64/openjdk/hotspot/src/share/vm/runtime/sharedRuntime.cpp, line 619]
Event: 23918.078 Thread 0x00007ff70843e800 Implicit null exception at 0x00007ff789f09f34 to 0x00007ff789f0a664
Event: 23918.078 Thread 0x00007ff70843e800 Exception <a 'java/lang/NullPointerException'> (0x00000000f089de90) thrown at [/builddir/build/BUILD/java-1.8.0-openjdk-1.8.0.144-0.b01.el7_4.x86_64/openjdk/hotspot/src/share/vm/runtime/sharedRuntime.cpp, line 619]
Event: 23918.257 Thread 0x00007ff70843e800 Implicit null exception at 0x00007ff789f09f34 to 0x00007ff789f0a664
Event: 23918.257 Thread 0x00007ff70843e800 Exception <a 'java/lang/NullPointerException'> (0x00000000f08e5de8) thrown at [/builddir/build/BUILD/java-1.8.0-openjdk-1.8.0.144-0.b01.el7_4.x86_64/openjdk/hotspot/src/share/vm/runtime/sharedRuntime.cpp, line 619]
Event: 23918.445 Thread 0x00007ff70843e800 Implicit null exception at 0x00007ff789f09f34 to 0x00007ff789f0a664
Event: 23918.445 Thread 0x00007ff70843e800 Exception <a 'java/lang/NullPointerException'> (0x00000000f093ba98) thrown at [/builddir/build/BUILD/java-1.8.0-openjdk-1.8.0.144-0.b01.el7_4.x86_64/openjdk/hotspot/src/share/vm/runtime/sharedRuntime.cpp, line 619]
Event: 23919.294 Thread 0x00007ff70843e800 Exception <a 'java/util/zip/DataFormatException': invalid stored block lengths> (0x00000000f0b522f8) thrown at [/builddir/build/BUILD/java-1.8.0-openjdk-1.8.0.144-0.b01.el7_4.x86_64/openjdk/hotspot/src/share/vm/prims/jni.cpp, line 736]

Events (10 events):
Event: 23919.294 Thread 0x00007ff70843e800 Uncommon trap: trap_request=0xffffff65 fr.pc=0x00007ff789675e40
Event: 23919.294 Thread 0x00007ff70843e800 DEOPT PACKING pc=0x00007ff789675e40 sp=0x00007ff707bfc3e0
Event: 23919.294 Thread 0x00007ff70843e800 DEOPT UNPACKING pc=0x00007ff786adbf69 sp=0x00007ff707bfc3a8 mode 2
Event: 23919.294 Thread 0x00007ff70843e800 DEOPT PACKING pc=0x00007ff789b72ca0 sp=0x00007ff707bfc490
Event: 23919.294 Thread 0x00007ff70843e800 DEOPT UNPACKING pc=0x00007ff786b1e373 sp=0x00007ff707bfc130 mode 1
Event: 23919.318 Thread 0x00007ff70843e800 Uncommon trap: trap_request=0xffffff65 fr.pc=0x00007ff788f890cc
Event: 23919.318 Executing VM operation: RevokeBias
Event: 23919.318 Executing VM operation: RevokeBias done
Event: 23919.318 Thread 0x00007ff70843e800 DEOPT PACKING pc=0x00007ff788f890cc sp=0x00007ff707bfd1f0
Event: 23919.318 Thread 0x00007ff70843e800 DEOPT UNPACKING pc=0x00007ff786adbf69 sp=0x00007ff707bfd218 mode 2


Dynamic libraries:
00400000-00401000 r-xp 00000000 fd:00 3314255                            /usr/lib/jvm/java-1.8.0-openjdk-1.8.0.144-0.b01.el7_4.x86_64/jre/bin/java
00600000-00601000 r--p 00000000 fd:00 3314255                            /usr/lib/jvm/java-1.8.0-openjdk-1.8.0.144-0.b01.el7_4.x86_64/jre/bin/java
00601000-00602000 rw-p 00001000 fd:00 3314255                            /usr/lib/jvm/java-1.8.0-openjdk-1.8.0.144-0.b01.el7_4.x86_64/jre/bin/java
02178000-0220c000 rw-p 00000000 00:00 0                                  [heap]
f0000000-f2950000 rw-p 00000000 00:00 0 
f2950000-f5550000 ---p 00000000 00:00 0 
f5550000-fa800000 rw-p 00000000 00:00 0 
fa800000-100000000 ---p 00000000 00:00 0 
100000000-100a05000 rw-p 00000000 00:00 0 
100a05000-140000000 ---p 00000000 00:00 0 
7ff6f4000000-7ff6f542b000 rw-p 00000000 00:00 0 
7ff6f542b000-7ff6f8000000 ---p 00000000 00:00 0 
7ff6fc000000-7ff6fee02000 rw-p 00000000 00:00 0 
7ff6fee02000-7ff700000000 ---p 00000000 00:00 0 
7ff700000000-7ff700045000 rw-p 00000000 00:00 0 
7ff700045000-7ff704000000 ---p 00000000 00:00 0 
7ff7064f3000-7ff7066f3000 rw-p 00000000 00:00 0 
7ff7066f3000-7ff7066f6000 ---p 00000000 00:00 0 
7ff7066f6000-7ff7067f4000 rw-p 00000000 00:00 0 
7ff7067f4000-7ff7067f7000 ---p 00000000 00:00 0 
7ff7067f7000-7ff706af5000 rw-p 00000000 00:00 0 
7ff706af5000-7ff706af8000 ---p 00000000 00:00 0 
7ff706af8000-7ff706bf6000 rw-p 00000000 00:00 0                          [stack:52658]
7ff706bf6000-7ff706bf9000 ---p 00000000 00:00 0 
7ff706bf9000-7ff706ef7000 rw-p 00000000 00:00 0                          [stack:62526]
7ff706ef7000-7ff706efa000 ---p 00000000 00:00 0 
7ff706efa000-7ff706ff8000 rw-p 00000000 00:00 0                          [stack:14649]
7ff706ff8000-7ff706ffb000 ---p 00000000 00:00 0 
7ff706ffb000-7ff7070f9000 rw-p 00000000 00:00 0                          [stack:58214]
7ff7070f9000-7ff7070fc000 ---p 00000000 00:00 0 
7ff7070fc000-7ff7071fa000 rw-p 00000000 00:00 0 
7ff7071fa000-7ff7071fd000 ---p 00000000 00:00 0 
7ff7071fd000-7ff7072fb000 rw-p 00000000 00:00 0                          [stack:57428]
7ff7072fb000-7ff7072fe000 ---p 00000000 00:00 0 
7ff7072fe000-7ff7075fc000 rw-p 00000000 00:00 0                          [stack:57427]
7ff7075fc000-7ff7077fc000 rw-p 00000000 00:00 0 
7ff7077fc000-7ff7077ff000 ---p 00000000 00:00 0 
7ff7077ff000-7ff7078fd000 rw-p 00000000 00:00 0                          [stack:47299]
7ff7078fd000-7ff707900000 ---p 00000000 00:00 0 
7ff707900000-7ff7079fe000 rw-p 00000000 00:00 0                          [stack:54976]
7ff7079fe000-7ff707a01000 ---p 00000000 00:00 0 
7ff707a01000-7ff707aff000 rw-p 00000000 00:00 0                          [stack:54842]
7ff707aff000-7ff707b02000 ---p 00000000 00:00 0 
7ff707b02000-7ff707e00000 rw-p 00000000 00:00 0                          [stack:54759]
7ff707e00000-7ff708000000 rw-p 00000000 00:00 0 
7ff708000000-7ff70862a000 rw-p 00000000 00:00 0 
7ff70862a000-7ff70c000000 ---p 00000000 00:00 0 
7ff70c000000-7ff70c06e000 rw-p 00000000 00:00 0 
7ff70c06e000-7ff710000000 ---p 00000000 00:00 0 
7ff710000000-7ff7100e6000 rw-p 00000000 00:00 0 
7ff7100e6000-7ff714000000 ---p 00000000 00:00 0 
7ff714000000-7ff714086000 rw-p 00000000 00:00 0 
7ff714086000-7ff718000000 ---p 00000000 00:00 0 
7ff718000000-7ff7180dd000 rw-p 00000000 00:00 0 
7ff7180dd000-7ff71c000000 ---p 00000000 00:00 0 
7ff71c000000-7ff71cc6b000 rw-p 00000000 00:00 0 
7ff71cc6b000-7ff720000000 ---p 00000000 00:00 0 
7ff720000000-7ff72057a000 rw-p 00000000 00:00 0 
7ff72057a000-7ff724000000 ---p 00000000 00:00 0 
7ff724000000-7ff725317000 rw-p 00000000 00:00 0 
7ff725317000-7ff728000000 ---p 00000000 00:00 0 
7ff72805c000-7ff72805f000 ---p 00000000 00:00 0 
7ff72805f000-7ff72815d000 rw-p 00000000 00:00 0                          [stack:53964]
7ff72815d000-7ff728160000 ---p 00000000 00:00 0 
7ff728160000-7ff72825e000 rw-p 00000000 00:00 0                          [stack:53963]
7ff72825e000-7ff728261000 ---p 00000000 00:00 0 
7ff728261000-7ff72835f000 rw-p 00000000 00:00 0                          [stack:53962]
7ff72835f000-7ff728362000 ---p 00000000 00:00 0 
7ff728362000-7ff728460000 rw-p 00000000 00:00 0                          [stack:53961]
7ff728460000-7ff728463000 ---p 00000000 00:00 0 
7ff728463000-7ff728561000 rw-p 00000000 00:00 0                          [stack:52857]
7ff728561000-7ff728564000 ---p 00000000 00:00 0 
7ff728564000-7ff728662000 rw-p 00000000 00:00 0                          [stack:52852]
7ff728662000-7ff728665000 ---p 00000000 00:00 0 
7ff728665000-7ff728763000 rw-p 00000000 00:00 0                          [stack:52688]
7ff728763000-7ff728766000 ---p 00000000 00:00 0 
7ff728766000-7ff728864000 rw-p 00000000 00:00 0 
7ff728864000-7ff728867000 ---p 00000000 00:00 0 
7ff728867000-7ff728965000 rw-p 00000000 00:00 0                          [stack:52824]
7ff728965000-7ff728968000 ---p 00000000 00:00 0 
7ff728968000-7ff728a66000 rw-p 00000000 00:00 0                          [stack:52659]
7ff728a66000-7ff728a69000 ---p 00000000 00:00 0 
7ff728a69000-7ff728b67000 rw-p 00000000 00:00 0                          [stack:52679]
7ff728b67000-7ff728b6a000 ---p 00000000 00:00 0 
7ff728b6a000-7ff728c68000 rw-p 00000000 00:00 0                          [stack:52868]
7ff728c68000-7ff728c6b000 ---p 00000000 00:00 0 
7ff728c6b000-7ff728d69000 rw-p 00000000 00:00 0                          [stack:52666]
7ff728d69000-7ff728d6c000 ---p 00000000 00:00 0 
7ff728d6c000-7ff728e6a000 rw-p 00000000 00:00 0                          [stack:52855]
7ff728e6a000-7ff728e6d000 ---p 00000000 00:00 0 
7ff728e6d000-7ff728f6b000 rw-p 00000000 00:00 0                          [stack:53950]
7ff728f6b000-7ff728f6e000 ---p 00000000 00:00 0 
7ff728f6e000-7ff72906c000 rw-p 00000000 00:00 0                          [stack:53948]
7ff72906c000-7ff72906f000 ---p 00000000 00:00 0 
7ff72906f000-7ff72936d000 rw-p 00000000 00:00 0                          [stack:53940]
7ff72936d000-7ff72956d000 rw-p 00000000 00:00 0 
7ff72956d000-7ff729570000 ---p 00000000 00:00 0 
7ff729570000-7ff72966e000 rw-p 00000000 00:00 0                          [stack:53939]
7ff72966e000-7ff729671000 ---p 00000000 00:00 0 
7ff729671000-7ff72996f000 rw-p 00000000 00:00 0                          [stack:53937]
7ff72996f000-7ff729b6f000 rw-p 00000000 00:00 0 
7ff729b6f000-7ff729b72000 ---p 00000000 00:00 0 
7ff729b72000-7ff729c70000 rw-p 00000000 00:00 0                          [stack:53936]
7ff729c70000-7ff729c73000 ---p 00000000 00:00 0 
7ff729c73000-7ff729d71000 rw-p 00000000 00:00 0                          [stack:54713]
7ff729d71000-7ff729d74000 ---p 00000000 00:00 0 
7ff729d74000-7ff729e72000 rw-p 00000000 00:00 0                          [stack:53934]
7ff729e72000-7ff729e75000 ---p 00000000 00:00 0 
7ff729e75000-7ff729f73000 rw-p 00000000 00:00 0                          [stack:53933]
7ff729f73000-7ff729f76000 ---p 00000000 00:00 0 
7ff729f76000-7ff72a26d000 rw-p 00000000 00:00 0                          [stack:53930]
7ff72a26d000-7ff72a274000 ---p 00000000 00:00 0 
7ff72a274000-7ff72a46f000 rw-p 00000000 00:00 0 
7ff72a46f000-7ff72a474000 ---p 00000000 00:00 0 
7ff72a474000-7ff72a674000 rw-p 00000000 00:00 0 
7ff72a674000-7ff72a874000 rw-p 00000000 00:00 0 
7ff72a874000-7ff72aa74000 rw-p 00000000 00:00 0 
7ff72aa74000-7ff72ac74000 rw-p 00000000 00:00 0 
7ff72ac74000-7ff72ae74000 rw-p 00000000 00:00 0 
7ff72ae74000-7ff72ae77000 ---p 00000000 00:00 0 
7ff72ae77000-7ff72b175000 rw-p 00000000 00:00 0                          [stack:53929]
7ff72b175000-7ff72b375000 rw-p 00000000 00:00 0 
7ff72b375000-7ff72b378000 ---p 00000000 00:00 0 
7ff72b378000-7ff72b476000 rw-p 00000000 00:00 0                          [stack:53928]
7ff72b476000-7ff72b479000 ---p 00000000 00:00 0 
7ff72b479000-7ff72b777000 rw-p 00000000 00:00 0                          [stack:53927]
7ff72b777000-7ff72b977000 rw-p 00000000 00:00 0 
7ff72b977000-7ff72bb77000 rw-p 00000000 00:00 0 
7ff72bb77000-7ff72bd77000 rw-p 00000000 00:00 0 
7ff72bd77000-7ff72bdfa000 r-xp 00000000 fd:00 1236790                    /usr/lib64/libfreeblpriv3.so
7ff72bdfa000-7ff72bff9000 ---p 00083000 fd:00 1236790                    /usr/lib64/libfreeblpriv3.so
7ff72bff9000-7ff72bffb000 r--p 00082000 fd:00 1236790                    /usr/lib64/libfreeblpriv3.so
7ff72bffb000-7ff72bffc000 rw-p 00084000 fd:00 1236790                    /usr/lib64/libfreeblpriv3.so
7ff72bffc000-7ff72c000000 rw-p 00000000 00:00 0 
7ff72c000000-7ff72c14e000 rw-p 00000000 00:00 0 
7ff72c14e000-7ff730000000 ---p 00000000 00:00 0 
7ff730000000-7ff730549000 rw-p 00000000 00:00 0 
7ff730549000-7ff734000000 ---p 00000000 00:00 0 
7ff734000000-7ff734382000 rw-p 00000000 00:00 0 
7ff734382000-7ff738000000 ---p 00000000 00:00 0 
7ff738000000-7ff7382de000 rw-p 00000000 00:00 0 
7ff7382de000-7ff73c000000 ---p 00000000 00:00 0 
7ff73c000000-7ff73c0d9000 rw-p 00000000 00:00 0 
7ff73c0d9000-7ff740000000 ---p 00000000 00:00 0 
7ff740000000-7ff74051b000 rw-p 00000000 00:00 0 
7ff74051b000-7ff744000000 ---p 00000000 00:00 0 
7ff744000000-7ff747ffb000 rw-p 00000000 00:00 0 
7ff747ffb000-7ff748000000 ---p 00000000 00:00 0 
7ff748000000-7ff74989d000 rw-p 00000000 00:00 0 
7ff74989d000-7ff74c000000 ---p 00000000 00:00 0 
7ff74c000000-7ff74c04d000 rw-p 00000000 00:00 0 
7ff74c04d000-7ff750000000 ---p 00000000 00:00 0 
7ff750000000-7ff753ffc000 rw-p 00000000 00:00 0 
7ff753ffc000-7ff754000000 ---p 00000000 00:00 0 
7ff754000000-7ff75406a000 rw-p 00000000 00:00 0 
7ff75406a000-7ff758000000 ---p 00000000 00:00 0 
7ff758000000-7ff758045000 rw-p 00000000 00:00 0 
7ff758045000-7ff75c000000 ---p 00000000 00:00 0 
7ff75c000000-7ff75c06b000 rw-p 00000000 00:00 0 
7ff75c06b000-7ff760000000 ---p 00000000 00:00 0 
7ff760000000-7ff76004e000 rw-p 00000000 00:00 0 
7ff76004e000-7ff764000000 ---p 00000000 00:00 0 
7ff764098000-7ff7640d2000 r-xp 00000000 fd:00 1236783                    /usr/lib64/libnspr4.so
7ff7640d2000-7ff7642d1000 ---p 0003a000 fd:00 1236783                    /usr/lib64/libnspr4.so
7ff7642d1000-7ff7642d2000 r--p 00039000 fd:00 1236783                    /usr/lib64/libnspr4.so
7ff7642d2000-7ff7642d4000 rw-p 0003a000 fd:00 1236783                    /usr/lib64/libnspr4.so
7ff7642d4000-7ff7642d6000 rw-p 00000000 00:00 0 
7ff7642d6000-7ff7642da000 r-xp 00000000 fd:00 1236784                    /usr/lib64/libplc4.so
7ff7642da000-7ff7644d9000 ---p 00004000 fd:00 1236784                    /usr/lib64/libplc4.so
7ff7644d9000-7ff7644da000 r--p 00003000 fd:00 1236784                    /usr/lib64/libplc4.so
7ff7644da000-7ff7644db000 rw-p 00004000 fd:00 1236784                    /usr/lib64/libplc4.so
7ff7644db000-7ff7644de000 r-xp 00000000 fd:00 1236785                    /usr/lib64/libplds4.so
7ff7644de000-7ff7646dd000 ---p 00003000 fd:00 1236785                    /usr/lib64/libplds4.so
7ff7646dd000-7ff7646de000 r--p 00002000 fd:00 1236785                    /usr/lib64/libplds4.so
7ff7646de000-7ff7646df000 rw-p 00003000 fd:00 1236785                    /usr/lib64/libplds4.so
7ff7646df000-7ff764707000 r-xp 00000000 fd:00 1236786                    /usr/lib64/libnssutil3.so
7ff764707000-7ff764906000 ---p 00028000 fd:00 1236786                    /usr/lib64/libnssutil3.so
7ff764906000-7ff76490d000 r--p 00027000 fd:00 1236786                    /usr/lib64/libnssutil3.so
7ff76490d000-7ff76490e000 rw-p 0002e000 fd:00 1236786                    /usr/lib64/libnssutil3.so
7ff76490e000-7ff764a2f000 r-xp 00000000 fd:00 97993                      /usr/lib64/libnss3.so
7ff764a2f000-7ff764c2f000 ---p 00121000 fd:00 97993                      /usr/lib64/libnss3.so
7ff764c2f000-7ff764c34000 r--p 00121000 fd:00 97993                      /usr/lib64/libnss3.so
7ff764c34000-7ff764c36000 rw-p 00126000 fd:00 97993                      /usr/lib64/libnss3.so
7ff764c36000-7ff764c38000 rw-p 00000000 00:00 0 
7ff764c38000-7ff764c5c000 r-xp 00000000 fd:00 599667                     /usr/lib64/libsmime3.so
7ff764c5c000-7ff764e5b000 ---p 00024000 fd:00 599667                     /usr/lib64/libsmime3.so
7ff764e5b000-7ff764e5e000 r--p 00023000 fd:00 599667                     /usr/lib64/libsmime3.so
7ff764e5e000-7ff764e5f000 rw-p 00026000 fd:00 599667                     /usr/lib64/libsmime3.so
7ff764e5f000-7ff764ea6000 r-xp 00000000 fd:00 599669                     /usr/lib64/libssl3.so
7ff764ea6000-7ff7650a5000 ---p 00047000 fd:00 599669                     /usr/lib64/libssl3.so
7ff7650a5000-7ff7650a9000 r--p 00046000 fd:00 599669                     /usr/lib64/libssl3.so
7ff7650a9000-7ff7650aa000 rw-p 0004a000 fd:00 599669                     /usr/lib64/libssl3.so
7ff7650aa000-7ff7650ab000 rw-p 00000000 00:00 0 
7ff7650ab000-7ff7650b7000 r-xp 00000000 fd:00 17350604                   /usr/lib/jvm/java-1.8.0-openjdk-1.8.0.144-0.b01.el7_4.x86_64/jre/lib/amd64/libsunec.so
7ff7650b7000-7ff7652b6000 ---p 0000c000 fd:00 17350604                   /usr/lib/jvm/java-1.8.0-openjdk-1.8.0.144-0.b01.el7_4.x86_64/jre/lib/amd64/libsunec.so
7ff7652b6000-7ff7652b7000 r--p 0000b000 fd:00 17350604                   /usr/lib/jvm/java-1.8.0-openjdk-1.8.0.144-0.b01.el7_4.x86_64/jre/lib/amd64/libsunec.so
7ff7652b7000-7ff7652b8000 rw-p 0000c000 fd:00 17350604                   /usr/lib/jvm/java-1.8.0-openjdk-1.8.0.144-0.b01.el7_4.x86_64/jre/lib/amd64/libsunec.so
7ff7652b8000-7ff7654b8000 rw-p 00000000 00:00 0 
7ff7654b8000-7ff7656b8000 rw-p 00000000 00:00 0 
7ff7657b6000-7ff7659b6000 rw-p 00000000 00:00 0 
7ff7659b6000-7ff765bb6000 rw-p 00000000 00:00 0 
7ff765bb6000-7ff765db6000 rw-p 00000000 00:00 0 
7ff765db6000-7ff765db9000 ---p 00000000 00:00 0 
7ff765db9000-7ff7660b7000 rw-p 00000000 00:00 0                          [stack:43245]
7ff7660b7000-7ff7660ba000 ---p 00000000 00:00 0 
7ff7660ba000-7ff7663b8000 rw-p 00000000 00:00 0                          [stack:58213]
7ff7663b8000-7ff7665b8000 rw-p 00000000 00:00 0 
7ff7665ba000-7ff7665bd000 ---p 00000000 00:00 0 
7ff7665bd000-7ff7668bb000 rw-p 00000000 00:00 0                          [stack:53922]
7ff7668bb000-7ff766abb000 rw-p 00000000 00:00 0 
7ff766abb000-7ff766cbb000 rw-p 00000000 00:00 0 
7ff766cbb000-7ff766cbc000 ---p 00000000 00:00 0 
7ff766cbc000-7ff766dbc000 rw-p 00000000 00:00 0                          [stack:53921]
7ff766dbc000-7ff766dbf000 ---p 00000000 00:00 0 
7ff766dbf000-7ff766ebd000 rw-p 00000000 00:00 0                          [stack:53920]
7ff766ebd000-7ff766ec0000 ---p 00000000 00:00 0 
7ff766ec0000-7ff766fbe000 rw-p 00000000 00:00 0                          [stack:53919]
7ff766fbe000-7ff766fd0000 r-xp 00000000 fd:00 17350600                   /usr/lib/jvm/java-1.8.0-openjdk-1.8.0.144-0.b01.el7_4.x86_64/jre/lib/amd64/libnio.so
7ff766fd0000-7ff7671cf000 ---p 00012000 fd:00 17350600                   /usr/lib/jvm/java-1.8.0-openjdk-1.8.0.144-0.b01.el7_4.x86_64/jre/lib/amd64/libnio.so
7ff7671cf000-7ff7671d0000 r--p 00011000 fd:00 17350600                   /usr/lib/jvm/java-1.8.0-openjdk-1.8.0.144-0.b01.el7_4.x86_64/jre/lib/amd64/libnio.so
7ff7671d0000-7ff7671d1000 rw-p 00012000 fd:00 17350600                   /usr/lib/jvm/java-1.8.0-openjdk-1.8.0.144-0.b01.el7_4.x86_64/jre/lib/amd64/libnio.so
7ff7671d1000-7ff7671e8000 r-xp 00000000 fd:00 17350599                   /usr/lib/jvm/java-1.8.0-openjdk-1.8.0.144-0.b01.el7_4.x86_64/jre/lib/amd64/libnet.so
7ff7671e8000-7ff7673e7000 ---p 00017000 fd:00 17350599                   /usr/lib/jvm/java-1.8.0-openjdk-1.8.0.144-0.b01.el7_4.x86_64/jre/lib/amd64/libnet.so
7ff7673e7000-7ff7673e8000 r--p 00016000 fd:00 17350599                   /usr/lib/jvm/java-1.8.0-openjdk-1.8.0.144-0.b01.el7_4.x86_64/jre/lib/amd64/libnet.so
7ff7673e8000-7ff7673e9000 rw-p 00017000 fd:00 17350599                   /usr/lib/jvm/java-1.8.0-openjdk-1.8.0.144-0.b01.el7_4.x86_64/jre/lib/amd64/libnet.so
7ff7673e9000-7ff7673f2000 r-xp 00000000 fd:00 17350597                   /usr/lib/jvm/java-1.8.0-openjdk-1.8.0.144-0.b01.el7_4.x86_64/jre/lib/amd64/libmanagement.so
7ff7673f2000-7ff7675f1000 ---p 00009000 fd:00 17350597                   /usr/lib/jvm/java-1.8.0-openjdk-1.8.0.144-0.b01.el7_4.x86_64/jre/lib/amd64/libmanagement.so
7ff7675f1000-7ff7675f2000 r--p 00008000 fd:00 17350597                   /usr/lib/jvm/java-1.8.0-openjdk-1.8.0.144-0.b01.el7_4.x86_64/jre/lib/amd64/libmanagement.so
7ff7675f2000-7ff7675f3000 rw-p 00009000 fd:00 17350597                   /usr/lib/jvm/java-1.8.0-openjdk-1.8.0.144-0.b01.el7_4.x86_64/jre/lib/amd64/libmanagement.so
7ff7675f3000-7ff7675f6000 ---p 00000000 00:00 0 
7ff7675f6000-7ff7676f4000 rw-p 00000000 00:00 0                          [stack:53918]
7ff7676f4000-7ff7676f8000 ---p 00000000 00:00 0 
7ff7676f8000-7ff7677f5000 rw-p 00000000 00:00 0                          [stack:53917]
7ff7677f5000-7ff7677f9000 ---p 00000000 00:00 0 
7ff7677f9000-7ff7678f6000 rw-p 00000000 00:00 0                          [stack:53916]
7ff7678f6000-7ff7678fa000 ---p 00000000 00:00 0 
7ff7678fa000-7ff7679f7000 rw-p 00000000 00:00 0                          [stack:53915]
7ff7679f7000-7ff7679fa000 ---p 00000000 00:00 0 
7ff7679fa000-7ff767af8000 rw-p 00000000 00:00 0                          [stack:53914]
7ff767af8000-7ff767afb000 ---p 00000000 00:00 0 
7ff767afb000-7ff767bf9000 rw-p 00000000 00:00 0                          [stack:53913]
7ff767bf9000-7ff767bfd000 r-xp 00000000 fd:00 17350581                   /usr/lib/jvm/java-1.8.0-openjdk-1.8.0.144-0.b01.el7_4.x86_64/jre/lib/amd64/libdt_socket.so
7ff767bfd000-7ff767dfc000 ---p 00004000 fd:00 17350581                   /usr/lib/jvm/java-1.8.0-openjdk-1.8.0.144-0.b01.el7_4.x86_64/jre/lib/amd64/libdt_socket.so
7ff767dfc000-7ff767dfd000 r--p 00003000 fd:00 17350581                   /usr/lib/jvm/java-1.8.0-openjdk-1.8.0.144-0.b01.el7_4.x86_64/jre/lib/amd64/libdt_socket.so
7ff767dfd000-7ff767dfe000 rw-p 00004000 fd:00 17350581                   /usr/lib/jvm/java-1.8.0-openjdk-1.8.0.144-0.b01.el7_4.x86_64/jre/lib/amd64/libdt_socket.so
7ff767dfe000-7ff767e01000 ---p 00000000 00:00 0 
7ff767e01000-7ff767eff000 rw-p 00000000 00:00 0                          [stack:53912]
7ff767eff000-7ff767f02000 ---p 00000000 00:00 0 
7ff767f02000-7ff768000000 rw-p 00000000 00:00 0                          [stack:53911]
7ff768000000-7ff7682fe000 rw-p 00000000 00:00 0 
7ff7682fe000-7ff76c000000 ---p 00000000 00:00 0 
7ff76c000000-7ff76c05d000 rw-p 00000000 00:00 0 
7ff76c05d000-7ff770000000 ---p 00000000 00:00 0 
7ff770000000-7ff770090000 rw-p 00000000 00:00 0 
7ff770090000-7ff774000000 ---p 00000000 00:00 0 
7ff774000000-7ff774041000 rw-p 00000000 00:00 0 
7ff774041000-7ff778000000 ---p 00000000 00:00 0 
7ff778000000-7ff778109000 rw-p 00000000 00:00 0 
7ff778109000-7ff77c000000 ---p 00000000 00:00 0 
7ff77c000000-7ff77c0e5000 rw-p 00000000 00:00 0 
7ff77c0e5000-7ff780000000 ---p 00000000 00:00 0 
7ff780000000-7ff7800b3000 rw-p 00000000 00:00 0 
7ff7800b3000-7ff784000000 ---p 00000000 00:00 0 
7ff7840d5000-7ff7840d8000 ---p 00000000 00:00 0 
7ff7840d8000-7ff7841d6000 rw-p 00000000 00:00 0                          [stack:53910]
7ff7841d6000-7ff7841d9000 ---p 00000000 00:00 0 
7ff7841d9000-7ff786ad7000 rw-p 00000000 00:00 0                          [stack:53909]
7ff786ad7000-7ff78aa37000 rwxp 00000000 00:00 0 
7ff78aa37000-7ff795ad7000 ---p 00000000 00:00 0 
7ff795ad7000-7ff79c000000 r--p 00000000 fd:00 16803011                   /usr/lib/locale/locale-archive
7ff79c000000-7ff79fd25000 rw-p 00000000 00:00 0 
7ff79fd25000-7ff7a0000000 ---p 00000000 00:00 0 
7ff7a0013000-7ff7a0014000 rw-p 00000000 00:00 0 
7ff7a0014000-7ff7a0025000 r--s 000cf000 fd:00 17471243                   /tmp/jar_cache1940031221101323351.tmp (deleted)
7ff7a0025000-7ff7a0043000 r--s 00231000 fd:00 17471242                   /tmp/jar_cache1973836142462242933.tmp (deleted)
7ff7a0043000-7ff7a004d000 r--s 0005c000 fd:00 16777335                   /tmp/jar_cache2694344368778498420.tmp (deleted)
7ff7a004d000-7ff7a0052000 r--s 00309000 fd:00 1230308                    /usr/lib/jvm/java-1.8.0-openjdk-1.8.0.144-0.b01.el7_4.x86_64/jre/lib/charsets.jar
7ff7a0052000-7ff7a0058000 r--s 00043000 fd:00 33837246                   /usr/lib/jvm/java-1.8.0-openjdk-1.8.0.144-0.b01.el7_4.x86_64/jre/lib/ext/sunjce_provider.jar
7ff7a0058000-7ff7a006b000 r--s 00346000 fd:00 2603554                    /usr/lib/jvm/java-1.8.0-openjdk-1.8.0.144-0.b01.el7_4.x86_64/jre/lib/resources.jar
7ff7a006b000-7ff7a0086000 r--s 001d6000 fd:00 33755071                   /usr/lib/jvm/java-1.8.0-openjdk-1.8.0.144-0.b01.el7_4.x86_64/jre/lib/ext/nashorn.jar
7ff7a0086000-7ff7a0090000 r--s 03d74000 fd:00 17995911                   /var/lib/cas/cashub/main-banc-dispacher-0.0.1-SNAPSHOT-spring-boot.jar
7ff7a0090000-7ff7a0091000 ---p 00000000 00:00 0 
7ff7a0091000-7ff7a01df000 rw-p 00000000 00:00 0                          [stack:53908]
7ff7a01df000-7ff7a03ae000 r--s 043f2000 fd:00 2603555                    /usr/lib/jvm/java-1.8.0-openjdk-1.8.0.144-0.b01.el7_4.x86_64/jre/lib/rt.jar
7ff7a03ae000-7ff7a047f000 rw-p 00000000 00:00 0 
7ff7a047f000-7ff7a0480000 ---p 00000000 00:00 0 
7ff7a0480000-7ff7a1033000 rw-p 00000000 00:00 0                          [stack:53905]
7ff7a1033000-7ff7a1034000 ---p 00000000 00:00 0 
7ff7a1034000-7ff7a1134000 rw-p 00000000 00:00 0                          [stack:53904]
7ff7a1134000-7ff7a1135000 ---p 00000000 00:00 0 
7ff7a1135000-7ff7a1235000 rw-p 00000000 00:00 0                          [stack:53903]
7ff7a1235000-7ff7a1236000 ---p 00000000 00:00 0 
7ff7a1236000-7ff7a1336000 rw-p 00000000 00:00 0                          [stack:53902]
7ff7a1336000-7ff7a1337000 ---p 00000000 00:00 0 
7ff7a1337000-7ff7a1535000 rw-p 00000000 00:00 0                          [stack:53901]
7ff7a1535000-7ff7a17f7000 ---p 00000000 00:00 0 
7ff7a17f7000-7ff7a17ff000 r-xp 00000000 fd:00 17350607                   /usr/lib/jvm/java-1.8.0-openjdk-1.8.0.144-0.b01.el7_4.x86_64/jre/lib/amd64/libzip.so
7ff7a17ff000-7ff7a19fe000 ---p 00008000 fd:00 17350607                   /usr/lib/jvm/java-1.8.0-openjdk-1.8.0.144-0.b01.el7_4.x86_64/jre/lib/amd64/libzip.so
7ff7a19fe000-7ff7a19ff000 r--p 00007000 fd:00 17350607                   /usr/lib/jvm/java-1.8.0-openjdk-1.8.0.144-0.b01.el7_4.x86_64/jre/lib/amd64/libzip.so
7ff7a19ff000-7ff7a1a00000 rw-p 00008000 fd:00 17350607                   /usr/lib/jvm/java-1.8.0-openjdk-1.8.0.144-0.b01.el7_4.x86_64/jre/lib/amd64/libzip.so
7ff7a1a00000-7ff7a1a0c000 r-xp 00000000 fd:00 1236736                    /usr/lib64/libnss_files-2.17.so
7ff7a1a0c000-7ff7a1c0b000 ---p 0000c000 fd:00 1236736                    /usr/lib64/libnss_files-2.17.so
7ff7a1c0b000-7ff7a1c0c000 r--p 0000b000 fd:00 1236736                    /usr/lib64/libnss_files-2.17.so
7ff7a1c0c000-7ff7a1c0d000 rw-p 0000c000 fd:00 1236736                    /usr/lib64/libnss_files-2.17.so
7ff7a1c0d000-7ff7a1c13000 rw-p 00000000 00:00 0 
7ff7a1c13000-7ff7a1c15000 r-xp 00000000 fd:00 17350601                   /usr/lib/jvm/java-1.8.0-openjdk-1.8.0.144-0.b01.el7_4.x86_64/jre/lib/amd64/libnpt.so
7ff7a1c15000-7ff7a1e15000 ---p 00002000 fd:00 17350601                   /usr/lib/jvm/java-1.8.0-openjdk-1.8.0.144-0.b01.el7_4.x86_64/jre/lib/amd64/libnpt.so
7ff7a1e15000-7ff7a1e16000 r--p 00002000 fd:00 17350601                   /usr/lib/jvm/java-1.8.0-openjdk-1.8.0.144-0.b01.el7_4.x86_64/jre/lib/amd64/libnpt.so
7ff7a1e16000-7ff7a1e17000 rw-p 00003000 fd:00 17350601                   /usr/lib/jvm/java-1.8.0-openjdk-1.8.0.144-0.b01.el7_4.x86_64/jre/lib/amd64/libnpt.so
7ff7a1e17000-7ff7a1e52000 r-xp 00000000 fd:00 17350592                   /usr/lib/jvm/java-1.8.0-openjdk-1.8.0.144-0.b01.el7_4.x86_64/jre/lib/amd64/libjdwp.so
7ff7a1e52000-7ff7a2052000 ---p 0003b000 fd:00 17350592                   /usr/lib/jvm/java-1.8.0-openjdk-1.8.0.144-0.b01.el7_4.x86_64/jre/lib/amd64/libjdwp.so
7ff7a2052000-7ff7a2053000 r--p 0003b000 fd:00 17350592                   /usr/lib/jvm/java-1.8.0-openjdk-1.8.0.144-0.b01.el7_4.x86_64/jre/lib/amd64/libjdwp.so
7ff7a2053000-7ff7a2054000 rw-p 0003c000 fd:00 17350592                   /usr/lib/jvm/java-1.8.0-openjdk-1.8.0.144-0.b01.el7_4.x86_64/jre/lib/amd64/libjdwp.so
7ff7a2054000-7ff7a2081000 r-xp 00000000 fd:00 17350589                   /usr/lib/jvm/java-1.8.0-openjdk-1.8.0.144-0.b01.el7_4.x86_64/jre/lib/amd64/libjava.so
7ff7a2081000-7ff7a2281000 ---p 0002d000 fd:00 17350589                   /usr/lib/jvm/java-1.8.0-openjdk-1.8.0.144-0.b01.el7_4.x86_64/jre/lib/amd64/libjava.so
7ff7a2281000-7ff7a2282000 r--p 0002d000 fd:00 17350589                   /usr/lib/jvm/java-1.8.0-openjdk-1.8.0.144-0.b01.el7_4.x86_64/jre/lib/amd64/libjava.so
7ff7a2282000-7ff7a2284000 rw-p 0002e000 fd:00 17350589                   /usr/lib/jvm/java-1.8.0-openjdk-1.8.0.144-0.b01.el7_4.x86_64/jre/lib/amd64/libjava.so
7ff7a2284000-7ff7a2291000 r-xp 00000000 fd:00 17350606                   /usr/lib/jvm/java-1.8.0-openjdk-1.8.0.144-0.b01.el7_4.x86_64/jre/lib/amd64/libverify.so
7ff7a2291000-7ff7a2490000 ---p 0000d000 fd:00 17350606                   /usr/lib/jvm/java-1.8.0-openjdk-1.8.0.144-0.b01.el7_4.x86_64/jre/lib/amd64/libverify.so
7ff7a2490000-7ff7a2492000 r--p 0000c000 fd:00 17350606                   /usr/lib/jvm/java-1.8.0-openjdk-1.8.0.144-0.b01.el7_4.x86_64/jre/lib/amd64/libverify.so
7ff7a2492000-7ff7a2493000 rw-p 0000e000 fd:00 17350606                   /usr/lib/jvm/java-1.8.0-openjdk-1.8.0.144-0.b01.el7_4.x86_64/jre/lib/amd64/libverify.so
7ff7a2493000-7ff7a249a000 r-xp 00000000 fd:00 1236742                    /usr/lib64/librt-2.17.so
7ff7a249a000-7ff7a2699000 ---p 00007000 fd:00 1236742                    /usr/lib64/librt-2.17.so
7ff7a2699000-7ff7a269a000 r--p 00006000 fd:00 1236742                    /usr/lib64/librt-2.17.so
7ff7a269a000-7ff7a269b000 rw-p 00007000 fd:00 1236742                    /usr/lib64/librt-2.17.so
7ff7a269b000-7ff7a26b0000 r-xp 00000000 fd:00 480939                     /usr/lib64/libgcc_s-4.8.5-20150702.so.1
7ff7a26b0000-7ff7a28af000 ---p 00015000 fd:00 480939                     /usr/lib64/libgcc_s-4.8.5-20150702.so.1
7ff7a28af000-7ff7a28b0000 r--p 00014000 fd:00 480939                     /usr/lib64/libgcc_s-4.8.5-20150702.so.1
7ff7a28b0000-7ff7a28b1000 rw-p 00015000 fd:00 480939                     /usr/lib64/libgcc_s-4.8.5-20150702.so.1
7ff7a28b1000-7ff7a29b2000 r-xp 00000000 fd:00 1235373                    /usr/lib64/libm-2.17.so
7ff7a29b2000-7ff7a2bb1000 ---p 00101000 fd:00 1235373                    /usr/lib64/libm-2.17.so
7ff7a2bb1000-7ff7a2bb2000 r--p 00100000 fd:00 1235373                    /usr/lib64/libm-2.17.so
7ff7a2bb2000-7ff7a2bb3000 rw-p 00101000 fd:00 1235373                    /usr/lib64/libm-2.17.so
7ff7a2bb3000-7ff7a2c9c000 r-xp 00000000 fd:00 219268                     /usr/lib64/libstdc++.so.6.0.19
7ff7a2c9c000-7ff7a2e9b000 ---p 000e9000 fd:00 219268                     /usr/lib64/libstdc++.so.6.0.19
7ff7a2e9b000-7ff7a2ea3000 r--p 000e8000 fd:00 219268                     /usr/lib64/libstdc++.so.6.0.19
7ff7a2ea3000-7ff7a2ea5000 rw-p 000f0000 fd:00 219268                     /usr/lib64/libstdc++.so.6.0.19
7ff7a2ea5000-7ff7a2eba000 rw-p 00000000 00:00 0 
7ff7a2eba000-7ff7a3b77000 r-xp 00000000 fd:00 2603529                    /usr/lib/jvm/java-1.8.0-openjdk-1.8.0.144-0.b01.el7_4.x86_64/jre/lib/amd64/server/libjvm.so
7ff7a3b77000-7ff7a3d76000 ---p 00cbd000 fd:00 2603529                    /usr/lib/jvm/java-1.8.0-openjdk-1.8.0.144-0.b01.el7_4.x86_64/jre/lib/amd64/server/libjvm.so
7ff7a3d76000-7ff7a3e21000 r--p 00cbc000 fd:00 2603529                    /usr/lib/jvm/java-1.8.0-openjdk-1.8.0.144-0.b01.el7_4.x86_64/jre/lib/amd64/server/libjvm.so
7ff7a3e21000-7ff7a3e4a000 rw-p 00d67000 fd:00 2603529                    /usr/lib/jvm/java-1.8.0-openjdk-1.8.0.144-0.b01.el7_4.x86_64/jre/lib/amd64/server/libjvm.so
7ff7a3e4a000-7ff7a3e7d000 rw-p 00000000 00:00 0 
7ff7a3e7d000-7ff7a4040000 r-xp 00000000 fd:00 59005                      /usr/lib64/libc-2.17.so
7ff7a4040000-7ff7a423f000 ---p 001c3000 fd:00 59005                      /usr/lib64/libc-2.17.so
7ff7a423f000-7ff7a4243000 r--p 001c2000 fd:00 59005                      /usr/lib64/libc-2.17.so
7ff7a4243000-7ff7a4245000 rw-p 001c6000 fd:00 59005                      /usr/lib64/libc-2.17.so
7ff7a4245000-7ff7a424a000 rw-p 00000000 00:00 0 
7ff7a424a000-7ff7a424c000 r-xp 00000000 fd:00 1235371                    /usr/lib64/libdl-2.17.so
7ff7a424c000-7ff7a444c000 ---p 00002000 fd:00 1235371                    /usr/lib64/libdl-2.17.so
7ff7a444c000-7ff7a444d000 r--p 00002000 fd:00 1235371                    /usr/lib64/libdl-2.17.so
7ff7a444d000-7ff7a444e000 rw-p 00003000 fd:00 1235371                    /usr/lib64/libdl-2.17.so
7ff7a444e000-7ff7a445c000 r-xp 00000000 fd:00 50583498                   /usr/lib/jvm/java-1.8.0-openjdk-1.8.0.144-0.b01.el7_4.x86_64/jre/lib/amd64/jli/libjli.so
7ff7a445c000-7ff7a465b000 ---p 0000e000 fd:00 50583498                   /usr/lib/jvm/java-1.8.0-openjdk-1.8.0.144-0.b01.el7_4.x86_64/jre/lib/amd64/jli/libjli.so
7ff7a465b000-7ff7a465c000 r--p 0000d000 fd:00 50583498                   /usr/lib/jvm/java-1.8.0-openjdk-1.8.0.144-0.b01.el7_4.x86_64/jre/lib/amd64/jli/libjli.so
7ff7a465c000-7ff7a465d000 rw-p 0000e000 fd:00 50583498                   /usr/lib/jvm/java-1.8.0-openjdk-1.8.0.144-0.b01.el7_4.x86_64/jre/lib/amd64/jli/libjli.so
7ff7a465d000-7ff7a4672000 r-xp 00000000 fd:00 81032                      /usr/lib64/libz.so.1.2.7
7ff7a4672000-7ff7a4871000 ---p 00015000 fd:00 81032                      /usr/lib64/libz.so.1.2.7
7ff7a4871000-7ff7a4872000 r--p 00014000 fd:00 81032                      /usr/lib64/libz.so.1.2.7
7ff7a4872000-7ff7a4873000 rw-p 00015000 fd:00 81032                      /usr/lib64/libz.so.1.2.7
7ff7a4873000-7ff7a488a000 r-xp 00000000 fd:00 59031                      /usr/lib64/libpthread-2.17.so
7ff7a488a000-7ff7a4a89000 ---p 00017000 fd:00 59031                      /usr/lib64/libpthread-2.17.so
7ff7a4a89000-7ff7a4a8a000 r--p 00016000 fd:00 59031                      /usr/lib64/libpthread-2.17.so
7ff7a4a8a000-7ff7a4a8b000 rw-p 00017000 fd:00 59031                      /usr/lib64/libpthread-2.17.so
7ff7a4a8b000-7ff7a4a8f000 rw-p 00000000 00:00 0 
7ff7a4a8f000-7ff7a4ab1000 r-xp 00000000 fd:00 735553                     /usr/lib64/ld-2.17.so
7ff7a4ab1000-7ff7a4ab3000 rw-p 00000000 00:00 0 
7ff7a4ab3000-7ff7a4ab4000 r--s 00007000 fd:00 33837245                   /usr/lib/jvm/java-1.8.0-openjdk-1.8.0.144-0.b01.el7_4.x86_64/jre/lib/ext/sunec.jar
7ff7a4ab4000-7ff7a4ade000 rw-p 00000000 00:00 0 
7ff7a4ade000-7ff7a4b0a000 ---p 00000000 00:00 0 
7ff7a4b0a000-7ff7a4b1f000 rw-p 00000000 00:00 0 
7ff7a4b1f000-7ff7a4b34000 ---p 00000000 00:00 0 
7ff7a4b34000-7ff7a4b5e000 rw-p 00000000 00:00 0 
7ff7a4b5e000-7ff7a4b8a000 ---p 00000000 00:00 0 
7ff7a4b8a000-7ff7a4b8b000 rw-p 00000000 00:00 0 
7ff7a4b8b000-7ff7a4b8f000 ---p 00000000 00:00 0 
7ff7a4b8f000-7ff7a4c91000 rw-p 00000000 00:00 0                          [stack:53897]
7ff7a4c91000-7ff7a4c94000 r--s 00018000 fd:00 2603544                    /usr/lib/jvm/java-1.8.0-openjdk-1.8.0.144-0.b01.el7_4.x86_64/jre/lib/jce.jar
7ff7a4c94000-7ff7a4c99000 r--s 000b3000 fd:00 2603546                    /usr/lib/jvm/java-1.8.0-openjdk-1.8.0.144-0.b01.el7_4.x86_64/jre/lib/jsse.jar
7ff7a4c99000-7ff7a4ca5000 rw-p 00000000 00:00 0 
7ff7a4ca5000-7ff7a4cad000 rw-s 00000000 fd:00 39531684                   /tmp/hsperfdata_casadmin/53895
7ff7a4cad000-7ff7a4cae000 rw-p 00000000 00:00 0 
7ff7a4cae000-7ff7a4caf000 r--p 00000000 00:00 0 
7ff7a4caf000-7ff7a4cb0000 rw-p 00000000 00:00 0 
7ff7a4cb0000-7ff7a4cb1000 r--p 00021000 fd:00 735553                     /usr/lib64/ld-2.17.so
7ff7a4cb1000-7ff7a4cb2000 rw-p 00022000 fd:00 735553                     /usr/lib64/ld-2.17.so
7ff7a4cb2000-7ff7a4cb3000 rw-p 00000000 00:00 0 
7ffe70ea0000-7ffe70ec1000 rw-p 00000000 00:00 0                          [stack]
7ffe70f6b000-7ffe70f6d000 r-xp 00000000 00:00 0                          [vdso]
ffffffffff600000-ffffffffff601000 r-xp 00000000 00:00 0                  [vsyscall]

VM Arguments:
jvm_args: -Djava.awt.headless=true -Xmx256m -XX:+UseConcMarkSweepGC -Djava.awt.headless=true -Xmx256m -XX:+UseConcMarkSweepGC -Dlogging.config=/etc/default/casconfig/cas-hub/log4j2.xml -Xdebug -Xrunjdwp:transport=dt_socket,address=12005,server=y,suspend=n -ea -Djava.net.preferIPv4Stack=true -Dcom.sun.management.jmxremote.authenticate=false -Dcom.sun.management.jmxremote.ssl=false -Dcom.sun.management.jmxremote=true -Dcom.sun.management.jmxremote.rmi.port=12007 -Dcom.sun.management.jmxremote.local.only=false -Djava.rmi.server.hostname=10.45.250.6 -Dcom.sun.management.jmxremote.port=12007 -Dcasmain.properties.filepath=file:/etc/default/casconfig/cas-gen/mq-base0.properties,file:/etc/default/casconfig/cas-gen/db-base0.properties,file:/etc/default/casconfig/cas-hub/hub-base0.properties -Dport=12004 -ea 
java_command: main-banc-dispacher-0.0.1-SNAPSHOT-spring-boot.jar
java_class_path (initial): main-banc-dispacher-0.0.1-SNAPSHOT-spring-boot.jar
Launcher Type: SUN_STANDARD

Environment Variables:
PATH=/usr/local/sbin:/usr/local/bin:/usr/sbin:/usr/bin
SHELL=/bin/bash

Signal Handlers:
SIGSEGV: [libjvm.so+0xaada50], sa_mask[0]=11111111011111111101111111111110, sa_flags=SA_RESTART|SA_SIGINFO
SIGBUS: [libjvm.so+0xaada50], sa_mask[0]=11111111011111111101111111111110, sa_flags=SA_RESTART|SA_SIGINFO
SIGFPE: [libjvm.so+0x8a8280], sa_mask[0]=11111111011111111101111111111110, sa_flags=SA_RESTART|SA_SIGINFO
SIGPIPE: SIG_IGN, sa_mask[0]=00000000000000000000000000000000, sa_flags=none
SIGXFSZ: [libjvm.so+0x8a8280], sa_mask[0]=11111111011111111101111111111110, sa_flags=SA_RESTART|SA_SIGINFO
SIGILL: [libjvm.so+0x8a8280], sa_mask[0]=11111111011111111101111111111110, sa_flags=SA_RESTART|SA_SIGINFO
SIGUSR1: SIG_DFL, sa_mask[0]=00000000000000000000000000000000, sa_flags=none
SIGUSR2: [libjvm.so+0x8a8130], sa_mask[0]=00000000000000000000000000000000, sa_flags=SA_RESTART|SA_SIGINFO
SIGHUP: [libjvm.so+0x8a8340], sa_mask[0]=11111111011111111101111111111110, sa_flags=SA_RESTART|SA_SIGINFO
SIGINT: [libjvm.so+0x8a8340], sa_mask[0]=11111111011111111101111111111110, sa_flags=SA_RESTART|SA_SIGINFO
SIGTERM: [libjvm.so+0x8a8340], sa_mask[0]=11111111011111111101111111111110, sa_flags=SA_RESTART|SA_SIGINFO
SIGQUIT: [libjvm.so+0x8a8340], sa_mask[0]=11111111011111111101111111111110, sa_flags=SA_RESTART|SA_SIGINFO


---------------  S Y S T E M  ---------------

OS:CentOS Linux release 7.3.1611 (Core) 

uname:Linux 3.10.0-514.el7.x86_64 #1 SMP Tue Nov 22 16:42:41 UTC 2016 x86_64
libc:glibc 2.17 NPTL 2.17 
rlimit: STACK 8192k, CORE 0k, NPROC 15012, NOFILE 4096, AS infinity
load average:0.02 0.03 0.05

/proc/meminfo:
MemTotal:        8068372 kB
MemFree:          509476 kB
MemAvailable:    5433392 kB
Buffers:               0 kB
Cached:          3802344 kB
SwapCached:        31064 kB
Active:          4058676 kB
Inactive:        1656844 kB
Active(anon):    1574320 kB
Inactive(anon):   525456 kB
Active(file):    2484356 kB
Inactive(file):  1131388 kB
Unevictable:           0 kB
Mlocked:               0 kB
SwapTotal:       2097148 kB
SwapFree:        1824200 kB
Dirty:               464 kB
Writeback:             4 kB
AnonPages:       1883952 kB
Mapped:           128032 kB
Shmem:            186600 kB
Slab:            1561908 kB
SReclaimable:    1389596 kB
SUnreclaim:       172312 kB
KernelStack:       12096 kB
PageTables:        26772 kB
NFS_Unstable:          0 kB
Bounce:                0 kB
WritebackTmp:          0 kB
CommitLimit:     6131332 kB
Committed_AS:    3411400 kB
VmallocTotal:   34359738367 kB
VmallocUsed:      171184 kB
VmallocChunk:   34359326716 kB
HardwareCorrupted:     0 kB
AnonHugePages:   1521664 kB
HugePages_Total:       0
HugePages_Free:        0
HugePages_Rsvd:        0
HugePages_Surp:        0
Hugepagesize:       2048 kB
DirectMap4k:      169856 kB
DirectMap2M:     5072896 kB
DirectMap1G:     5242880 kB


CPU:total 4 (initial active 4) (2 cores per cpu, 1 threads per core) family 6 model 79 stepping 1, cmov, cx8, fxsr, mmx, sse, sse2, sse3, ssse3, sse4.1, sse4.2, popcnt, avx, aes, clmul, erms, 3dnowpref, tsc, tscinvbit

/proc/cpuinfo:
processor	: 0
vendor_id	: GenuineIntel
cpu family	: 6
model		: 79
model name	: Intel(R) Xeon(R) CPU E5-2680 v4 @ 2.40GHz
stepping	: 1
microcode	: 0xb00002a
cpu MHz		: 2399.648
cache size	: 35840 KB
physical id	: 0
siblings	: 2
core id		: 0
cpu cores	: 2
apicid		: 0
initial apicid	: 0
fpu		: yes
fpu_exception	: yes
cpuid level	: 20
wp		: yes
flags		: fpu vme de pse tsc msr pae mce cx8 apic sep mtrr pge mca cmov pat pse36 clflush dts mmx fxsr sse sse2 ss ht syscall nx pdpe1gb rdtscp lm constant_tsc arch_perfmon pebs bts nopl xtopology tsc_reliable nonstop_tsc pni pclmulqdq ssse3 fma cx16 pcid sse4_1 sse4_2 x2apic movbe popcnt aes xsave avx f16c rdrand hypervisor lahf_lm 3dnowprefetch arat fsgsbase smep
bogomips	: 4799.99
clflush size	: 64
cache_alignment	: 64
address sizes	: 40 bits physical, 48 bits virtual
power management:

processor	: 1
vendor_id	: GenuineIntel
cpu family	: 6
model		: 79
model name	: Intel(R) Xeon(R) CPU E5-2680 v4 @ 2.40GHz
stepping	: 1
microcode	: 0xb00002a
cpu MHz		: 2399.648
cache size	: 35840 KB
physical id	: 0
siblings	: 2
core id		: 1
cpu cores	: 2
apicid		: 1
initial apicid	: 1
fpu		: yes
fpu_exception	: yes
cpuid level	: 20
wp		: yes
flags		: fpu vme de pse tsc msr pae mce cx8 apic sep mtrr pge mca cmov pat pse36 clflush dts mmx fxsr sse sse2 ss ht syscall nx pdpe1gb rdtscp lm constant_tsc arch_perfmon pebs bts nopl xtopology tsc_reliable nonstop_tsc pni pclmulqdq ssse3 fma cx16 pcid sse4_1 sse4_2 x2apic movbe popcnt aes xsave avx f16c rdrand hypervisor lahf_lm 3dnowprefetch arat fsgsbase smep
bogomips	: 4799.99
clflush size	: 64
cache_alignment	: 64
address sizes	: 40 bits physical, 48 bits virtual
power management:

processor	: 2
vendor_id	: GenuineIntel
cpu family	: 6
model		: 79
model name	: Intel(R) Xeon(R) CPU E5-2680 v4 @ 2.40GHz
stepping	: 1
microcode	: 0xb00002a
cpu MHz		: 2399.648
cache size	: 35840 KB
physical id	: 1
siblings	: 2
core id		: 0
cpu cores	: 2
apicid		: 2
initial apicid	: 2
fpu		: yes
fpu_exception	: yes
cpuid level	: 20
wp		: yes
flags		: fpu vme de pse tsc msr pae mce cx8 apic sep mtrr pge mca cmov pat pse36 clflush dts mmx fxsr sse sse2 ss ht syscall nx pdpe1gb rdtscp lm constant_tsc arch_perfmon pebs bts nopl xtopology tsc_reliable nonstop_tsc pni pclmulqdq ssse3 fma cx16 pcid sse4_1 sse4_2 x2apic movbe popcnt aes xsave avx f16c rdrand hypervisor lahf_lm 3dnowprefetch arat fsgsbase smep
bogomips	: 4799.99
clflush size	: 64
cache_alignment	: 64
address sizes	: 40 bits physical, 48 bits virtual
power management:

processor	: 3
vendor_id	: GenuineIntel
cpu family	: 6
model		: 79
model name	: Intel(R) Xeon(R) CPU E5-2680 v4 @ 2.40GHz
stepping	: 1
microcode	: 0xb00002a
cpu MHz		: 2399.648
cache size	: 35840 KB
physical id	: 1
siblings	: 2
core id		: 1
cpu cores	: 2
apicid		: 3
initial apicid	: 3
fpu		: yes
fpu_exception	: yes
cpuid level	: 20
wp		: yes
flags		: fpu vme de pse tsc msr pae mce cx8 apic sep mtrr pge mca cmov pat pse36 clflush dts mmx fxsr sse sse2 ss ht syscall nx pdpe1gb rdtscp lm constant_tsc arch_perfmon pebs bts nopl xtopology tsc_reliable nonstop_tsc pni pclmulqdq ssse3 fma cx16 pcid sse4_1 sse4_2 x2apic movbe popcnt aes xsave avx f16c rdrand hypervisor lahf_lm 3dnowprefetch arat fsgsbase smep
bogomips	: 4799.99
clflush size	: 64
cache_alignment	: 64
address sizes	: 40 bits physical, 48 bits virtual
power management:



Memory: 4k page, physical 8068372k(509228k free), swap 2097148k(1824200k free)

vm_info: OpenJDK 64-Bit Server VM (25.144-b01) for linux-amd64 JRE (1.8.0_144-b01), built on Sep  6 2017 14:53:02 by "mockbuild" with gcc 4.8.5 20150623 (Red Hat 4.8.5-16)

time: Fri Oct 11 12:38:41 2019
elapsed time: 23919 seconds (0d 6h 38m 39s)

